<?xml version="1.0" encoding="UTF-8"?>
<robot generator="Robot 7.3.2 (Python 3.12.3 on linux)" generated="2025-09-01T13:12:03.213016" rpa="false" schemaversion="5">
<suite id="s1" name="Caminho Triste" source="/home/rafael/Documentos/Compass/PB-Quality-Engineering/Teste API com Robot/caminho_triste.robot">
<test id="s1-t1" name="Cenário: POST | Fazer Login" line="16">
<kw name="Criar Sessao">
<kw name="Create Session" owner="RequestsLibrary">
<msg time="2025-09-01T13:12:03.390823" level="INFO">Creating Session using : alias=Booker, url=https://restful-booker.herokuapp.com, headers={},                     cookies={}, auth=None, timeout=None, proxies=None, verify=False,                     debug=0 </msg>
<arg>alias=Booker</arg>
<arg>url=https://restful-booker.herokuapp.com</arg>
<doc>Create Session: create a HTTP session to a server</doc>
<status status="PASS" start="2025-09-01T13:12:03.390249" elapsed="0.005468"/>
</kw>
<status status="PASS" start="2025-09-01T13:12:03.388384" elapsed="0.007817"/>
</kw>
<kw name="POST Endpoint /auth" owner="login_keywords">
<kw name="Create Dictionary" owner="BuiltIn">
<msg time="2025-09-01T13:12:03.401159" level="INFO">${payload} = {'username': 'admin', 'password': 'password123'}</msg>
<var>${payload}</var>
<arg>username=${username}</arg>
<arg>password=${password}</arg>
<doc>Creates and returns a dictionary based on the given ``items``.</doc>
<status status="PASS" start="2025-09-01T13:12:03.399951" elapsed="0.002027"/>
</kw>
<kw name="POST On Session" owner="RequestsLibrary">
<msg time="2025-09-01T13:12:04.213740" level="INFO">POST Request : url=https://restful-booker.herokuapp.com/auth 
 path_url=/auth 
 headers={'User-Agent': 'python-requests/2.32.5', 'Accept-Encoding': 'gzip, deflate', 'Accept': '*/*', 'Connection': 'keep-alive', 'Content-Length': '48', 'Content-Type': 'application/json'} 
 body=b'{"username": "admin", "password": "password123"}' 
 </msg>
<msg time="2025-09-01T13:12:04.214340" level="INFO">POST Response : url=https://restful-booker.herokuapp.com/auth 
 status=200, reason=OK 
 headers={'Content-Length': '27', 'Content-Type': 'application/json; charset=utf-8', 'Date': 'Mon, 01 Sep 2025 16:12:04 GMT', 'Etag': 'W/"1b-4SY55hM1K1hXecPJ9Xi91fd8Wjs"', 'Nel': '{"report_to":"heroku-nel","response_headers":["Via"],"max_age":3600,"success_fraction":0.01,"failure_fraction":0.1}', 'Report-To': '{"group":"heroku-nel","endpoints":[{"url":"https://nel.heroku.com/reports?s=LHj2e2nXLMLX6ro3IlbLF3dKFW4iLUzJ5wG3xkLIkmI%3D\\u0026sid=c46efe9b-d3d2-4a0c-8c76-bfafa16c5add\\u0026ts=1756743124"}],"max_age":3600}', 'Reporting-Endpoints': 'heroku-nel="https://nel.heroku.com/reports?s=LHj2e2nXLMLX6ro3IlbLF3dKFW4iLUzJ5wG3xkLIkmI%3D&amp;sid=c46efe9b-d3d2-4a0c-8c76-bfafa16c5add&amp;ts=1756743124"', 'Server': 'Heroku', 'Via': '1.1 heroku-router', 'X-Powered-By': 'Express'} 
 body={"token":"9af8287fdefc806"} 
 </msg>
<msg time="2025-09-01T13:12:04.214770" level="INFO">/home/rafael/default/lib/python3.12/site-packages/urllib3/connectionpool.py:1097: InsecureRequestWarning: Unverified HTTPS request is being made to host 'restful-booker.herokuapp.com'. Adding certificate verification is strongly advised. See: https://urllib3.readthedocs.io/en/latest/advanced-usage.html#tls-warnings
  warnings.warn(</msg>
<msg time="2025-09-01T13:12:04.216838" level="INFO">${response} = &lt;Response [200]&gt;</msg>
<var>${response}</var>
<arg>alias=Booker</arg>
<arg>url=/auth</arg>
<arg>json=${payload}</arg>
<doc>Sends a POST request on a previously created HTTP Session.</doc>
<status status="PASS" start="2025-09-01T13:12:03.402461" elapsed="0.814667"/>
</kw>
<kw name="Set Variable" owner="BuiltIn">
<msg time="2025-09-01T13:12:04.219066" level="INFO">${token} = 9af8287fdefc806</msg>
<var>${token}</var>
<arg>${response.json()['token']}</arg>
<doc>Returns the given values which can then be assigned to a variables.</doc>
<status status="PASS" start="2025-09-01T13:12:04.217663" elapsed="0.003066"/>
</kw>
<kw name="Log To Console" owner="BuiltIn">
<arg>Token obtido: ${token}</arg>
<doc>Logs the given message to the console.</doc>
<status status="PASS" start="2025-09-01T13:12:04.221201" elapsed="0.007607"/>
</kw>
<kw name="Set Global Variable" owner="BuiltIn">
<msg time="2025-09-01T13:12:04.230453" level="INFO">${response} = &lt;Response [200]&gt;</msg>
<arg>${response}</arg>
<doc>Makes a variable available globally in all tests and suites.</doc>
<status status="PASS" start="2025-09-01T13:12:04.229609" elapsed="0.001282"/>
</kw>
<kw name="Set Suite Variable" owner="BuiltIn">
<msg time="2025-09-01T13:12:04.233388" level="INFO">${token_auth} = 9af8287fdefc806</msg>
<arg>${token_auth}</arg>
<arg>${token}</arg>
<doc>Makes a variable available everywhere within the scope of the current suite.</doc>
<status status="PASS" start="2025-09-01T13:12:04.231492" elapsed="0.002315"/>
</kw>
<return>
<value>${token}</value>
<status status="PASS" start="2025-09-01T13:12:04.234087" elapsed="0.000536"/>
</return>
<status status="PASS" start="2025-09-01T13:12:03.397874" elapsed="0.837240"/>
</kw>
<kw name="Validar Status Code &quot;200&quot;" source_name="Validar Status Code &quot;${statuscode}&quot;">
<kw name="Should Be True" owner="BuiltIn">
<arg>${response.status_code} == ${statuscode}</arg>
<doc>Fails if the given condition is not true.</doc>
<status status="PASS" start="2025-09-01T13:12:04.236593" elapsed="0.002171"/>
</kw>
<status status="PASS" start="2025-09-01T13:12:04.235734" elapsed="0.003704"/>
</kw>
<doc>Verifica se é possível fazer login</doc>
<tag>Login</tag>
<tag>POST</tag>
<status status="PASS" start="2025-09-01T13:12:03.386574" elapsed="0.853335"/>
</test>
<test id="s1-t2" name="Cenário: POST | Criar uma Reserva Inválida" line="23">
<kw name="Criar Sessao">
<kw name="Create Session" owner="RequestsLibrary">
<msg time="2025-09-01T13:12:04.243076" level="INFO">Creating Session using : alias=Booker, url=https://restful-booker.herokuapp.com, headers={},                     cookies={}, auth=None, timeout=None, proxies=None, verify=False,                     debug=0 </msg>
<arg>alias=Booker</arg>
<arg>url=https://restful-booker.herokuapp.com</arg>
<doc>Create Session: create a HTTP session to a server</doc>
<status status="PASS" start="2025-09-01T13:12:04.242682" elapsed="0.000949"/>
</kw>
<status status="PASS" start="2025-09-01T13:12:04.241967" elapsed="0.001936"/>
</kw>
<kw name="POST Endpoint /booking" owner="nova_reserva_keywords">
<kw name="Create Dictionary" owner="BuiltIn">
<msg time="2025-09-01T13:12:04.248330" level="INFO">&amp;{header} = { Content-Type=application/json | Cookie=token=9af8287fdefc806 }</msg>
<var>&amp;{header}</var>
<arg>Content-Type=application/json</arg>
<arg>Cookie=token=${token_auth}</arg>
<doc>Creates and returns a dictionary based on the given ``items``.</doc>
<status status="PASS" start="2025-09-01T13:12:04.247297" elapsed="0.001566"/>
</kw>
<kw name="Create Dictionary" owner="BuiltIn">
<msg time="2025-09-01T13:12:04.250353" level="INFO">${bookingdates} = {'checkin': '2025-08-25', 'checkout': '2025-08-28'}</msg>
<var>${bookingdates}</var>
<arg>checkin=${checkin}</arg>
<arg>checkout=${checkout}</arg>
<doc>Creates and returns a dictionary based on the given ``items``.</doc>
<status status="PASS" start="2025-09-01T13:12:04.249406" elapsed="0.001255"/>
</kw>
<kw name="Create Dictionary" owner="BuiltIn">
<msg time="2025-09-01T13:12:04.252452" level="INFO">${payload} = {'firstname': '', 'lastname': '', 'totalprice': '150', 'depositpaid': 'True', 'bookingdates': {'checkin': '2025-08-25', 'checkout': '2025-08-28'}, 'additionalneeds': 'Breakfast'}</msg>
<var>${payload}</var>
<arg>firstname=${firstname}</arg>
<arg>lastname=${lastname}</arg>
<arg>totalprice=${totalprice}</arg>
<arg>depositpaid=${depositpaid}</arg>
<arg>bookingdates=${bookingdates}</arg>
<arg>additionalneeds=${needs}</arg>
<doc>Creates and returns a dictionary based on the given ``items``.</doc>
<status status="PASS" start="2025-09-01T13:12:04.251098" elapsed="0.001665"/>
</kw>
<kw name="POST On Session" owner="RequestsLibrary">
<msg time="2025-09-01T13:12:05.020216" level="INFO">POST Request : url=https://restful-booker.herokuapp.com/booking 
 path_url=/booking 
 headers={'User-Agent': 'python-requests/2.32.5', 'Accept-Encoding': 'gzip, deflate', 'Accept': '*/*', 'Connection': 'keep-alive', 'Content-Type': 'application/json', 'Cookie': 'token=9af8287fdefc806', 'Content-Length': '178'} 
 body=b'{"firstname": "", "lastname": "", "totalprice": "150", "depositpaid": "True", "bookingdates": {"checkin": "2025-08-25", "checkout": "2025-08-28"}, "additionalneeds": "Breakfast"}' 
 </msg>
<msg time="2025-09-01T13:12:05.020796" level="INFO">POST Response : url=https://restful-booker.herokuapp.com/booking 
 status=200, reason=OK 
 headers={'Content-Length': '188', 'Content-Type': 'application/json; charset=utf-8', 'Date': 'Mon, 01 Sep 2025 16:12:04 GMT', 'Etag': 'W/"bc-NQ6FjAtLxEvPqJKM5h+WEddAKGU"', 'Nel': '{"report_to":"heroku-nel","response_headers":["Via"],"max_age":3600,"success_fraction":0.01,"failure_fraction":0.1}', 'Report-To': '{"group":"heroku-nel","endpoints":[{"url":"https://nel.heroku.com/reports?s=LHj2e2nXLMLX6ro3IlbLF3dKFW4iLUzJ5wG3xkLIkmI%3D\\u0026sid=c46efe9b-d3d2-4a0c-8c76-bfafa16c5add\\u0026ts=1756743124"}],"max_age":3600}', 'Reporting-Endpoints': 'heroku-nel="https://nel.heroku.com/reports?s=LHj2e2nXLMLX6ro3IlbLF3dKFW4iLUzJ5wG3xkLIkmI%3D&amp;sid=c46efe9b-d3d2-4a0c-8c76-bfafa16c5add&amp;ts=1756743124"', 'Server': 'Heroku', 'Via': '1.1 heroku-router', 'X-Powered-By': 'Express'} 
 body={"bookingid":690,"booking":{"firstname":"","lastname":"","totalprice":150,"depositpaid":true,"bookingdates":{"checkin":"2025-08-25","checkout":"2025-08-28"},"additionalneeds":"Breakfast"}} 
 </msg>
<msg time="2025-09-01T13:12:05.021149" level="INFO">/home/rafael/default/lib/python3.12/site-packages/urllib3/connectionpool.py:1097: InsecureRequestWarning: Unverified HTTPS request is being made to host 'restful-booker.herokuapp.com'. Adding certificate verification is strongly advised. See: https://urllib3.readthedocs.io/en/latest/advanced-usage.html#tls-warnings
  warnings.warn(</msg>
<msg time="2025-09-01T13:12:05.021562" level="INFO">${response} = &lt;Response [200]&gt;</msg>
<var>${response}</var>
<arg>Booker</arg>
<arg>/booking</arg>
<arg>headers=${header}</arg>
<arg>json=${payload}</arg>
<arg>expected_status=any</arg>
<doc>Sends a POST request on a previously created HTTP Session.</doc>
<status status="PASS" start="2025-09-01T13:12:04.253268" elapsed="0.768510"/>
</kw>
<kw name="Log To Console" owner="BuiltIn">
<arg>Response: ${response.status_code}</arg>
<doc>Logs the given message to the console.</doc>
<status status="PASS" start="2025-09-01T13:12:05.022303" elapsed="0.004243"/>
</kw>
<kw name="Log To Console" owner="BuiltIn">
<arg>Response body: ${response.content}</arg>
<doc>Logs the given message to the console.</doc>
<status status="PASS" start="2025-09-01T13:12:05.027043" elapsed="0.003838"/>
</kw>
<kw name="Evaluate" owner="BuiltIn">
<msg time="2025-09-01T13:12:05.035971" level="INFO">${body} = {
  "bookingid": 690,
  "booking": {
    "firstname": "",
    "lastname": "",
    "totalprice": 150,
    "depositpaid": true,
    "bookingdates": {
      "checkin": "2025-08-25",
      "checkout": "20...</msg>
<var>${body}</var>
<arg>json.dumps(${response.json()}, indent=2)</arg>
<arg>json</arg>
<doc>Evaluates the given expression in Python and returns the result.</doc>
<status status="PASS" start="2025-09-01T13:12:05.031432" elapsed="0.004930"/>
</kw>
<kw name="Log" owner="BuiltIn">
<msg time="2025-09-01T13:12:05.040061" level="INFO">{
  "bookingid": 690,
  "booking": {
    "firstname": "",
    "lastname": "",
    "totalprice": 150,
    "depositpaid": true,
    "bookingdates": {
      "checkin": "2025-08-25",
      "checkout": "2025-08-28"
    },
    "additionalneeds": "Breakfast"
  }
}</msg>
<arg>${body}</arg>
<doc>Logs the given message with the given level.</doc>
<status status="PASS" start="2025-09-01T13:12:05.039533" elapsed="0.001705"/>
</kw>
<kw name="Set Variable" owner="BuiltIn">
<msg time="2025-09-01T13:12:05.042960" level="INFO">${id} = 690</msg>
<var>${id}</var>
<arg>${response.json()['bookingid']}</arg>
<doc>Returns the given values which can then be assigned to a variables.</doc>
<status status="PASS" start="2025-09-01T13:12:05.041656" elapsed="0.001569"/>
</kw>
<kw name="Set Suite Variable" owner="BuiltIn">
<msg time="2025-09-01T13:12:05.053156" level="INFO">${id_reserva} = 690</msg>
<arg>${id_reserva}</arg>
<arg>${id}</arg>
<doc>Makes a variable available everywhere within the scope of the current suite.</doc>
<status status="PASS" start="2025-09-01T13:12:05.043646" elapsed="0.009978"/>
</kw>
<kw name="Set Global Variable" owner="BuiltIn">
<msg time="2025-09-01T13:12:05.054537" level="INFO">${response} = &lt;Response [200]&gt;</msg>
<arg>${response}</arg>
<doc>Makes a variable available globally in all tests and suites.</doc>
<status status="PASS" start="2025-09-01T13:12:05.054135" elapsed="0.000572"/>
</kw>
<arg>${EMPTY}</arg>
<arg>${EMPTY}</arg>
<arg>150</arg>
<arg>True</arg>
<arg>2025-08-25</arg>
<arg>2025-08-28</arg>
<arg>Breakfast</arg>
<status status="PASS" start="2025-09-01T13:12:04.244695" elapsed="0.810178"/>
</kw>
<kw name="Validar Status Code &quot;400&quot;" source_name="Validar Status Code &quot;${statuscode}&quot;">
<kw name="Should Be True" owner="BuiltIn">
<msg time="2025-09-01T13:12:05.059600" level="FAIL">'200 == 400' should be true.</msg>
<arg>${response.status_code} == ${statuscode}</arg>
<doc>Fails if the given condition is not true.</doc>
<status status="FAIL" start="2025-09-01T13:12:05.057447" elapsed="0.005143">'200 == 400' should be true.</status>
</kw>
<status status="FAIL" start="2025-09-01T13:12:05.056573" elapsed="0.006547">'200 == 400' should be true.</status>
</kw>
<doc>Criar uma reserva onde há campos obrigatórios vazios</doc>
<tag>POST</tag>
<status status="FAIL" start="2025-09-01T13:12:04.240646" elapsed="0.824627">'200 == 400' should be true.</status>
</test>
<test id="s1-t3" name="Cenário: GET | Obter uma reserva pelo ID Inválido" line="30">
<kw name="Criar Sessao">
<kw name="Create Session" owner="RequestsLibrary">
<msg time="2025-09-01T13:12:05.070297" level="INFO">Creating Session using : alias=Booker, url=https://restful-booker.herokuapp.com, headers={},                     cookies={}, auth=None, timeout=None, proxies=None, verify=False,                     debug=0 </msg>
<arg>alias=Booker</arg>
<arg>url=https://restful-booker.herokuapp.com</arg>
<doc>Create Session: create a HTTP session to a server</doc>
<status status="PASS" start="2025-09-01T13:12:05.069476" elapsed="0.001313"/>
</kw>
<status status="PASS" start="2025-09-01T13:12:05.068762" elapsed="0.002310"/>
</kw>
<kw name="GET Endpoint /booking/:id" owner="buscar_uma_reserva_keywords">
<kw name="GET On Session" owner="RequestsLibrary">
<msg time="2025-09-01T13:12:05.850256" level="INFO">GET Request : url=https://restful-booker.herokuapp.com/booking/99999999999 
 path_url=/booking/99999999999 
 headers={'User-Agent': 'python-requests/2.32.5', 'Accept-Encoding': 'gzip, deflate', 'Accept': '*/*', 'Connection': 'keep-alive'} 
 body=None 
 </msg>
<msg time="2025-09-01T13:12:05.851936" level="INFO">GET Response : url=https://restful-booker.herokuapp.com/booking/99999999999 
 status=404, reason=Not Found 
 headers={'Content-Length': '9', 'Content-Type': 'text/plain; charset=utf-8', 'Date': 'Mon, 01 Sep 2025 16:12:05 GMT', 'Etag': 'W/"9-0gXL1ngzMqISxa6S1zx3F4wtLyg"', 'Nel': '{"report_to":"heroku-nel","response_headers":["Via"],"max_age":3600,"success_fraction":0.01,"failure_fraction":0.1}', 'Report-To': '{"group":"heroku-nel","endpoints":[{"url":"https://nel.heroku.com/reports?s=TqbT2U%2F0Z4M9zPC6sBvbXvI591PxvVI7%2FguxGNA2T5E%3D\\u0026sid=c46efe9b-d3d2-4a0c-8c76-bfafa16c5add\\u0026ts=1756743125"}],"max_age":3600}', 'Reporting-Endpoints': 'heroku-nel="https://nel.heroku.com/reports?s=TqbT2U%2F0Z4M9zPC6sBvbXvI591PxvVI7%2FguxGNA2T5E%3D&amp;sid=c46efe9b-d3d2-4a0c-8c76-bfafa16c5add&amp;ts=1756743125"', 'Server': 'Heroku', 'Via': '1.1 heroku-router', 'X-Powered-By': 'Express'} 
 body=Not Found 
 </msg>
<msg time="2025-09-01T13:12:05.852938" level="INFO">/home/rafael/default/lib/python3.12/site-packages/urllib3/connectionpool.py:1097: InsecureRequestWarning: Unverified HTTPS request is being made to host 'restful-booker.herokuapp.com'. Adding certificate verification is strongly advised. See: https://urllib3.readthedocs.io/en/latest/advanced-usage.html#tls-warnings
  warnings.warn(</msg>
<msg time="2025-09-01T13:12:05.854424" level="INFO">${response} = &lt;Response [404]&gt;</msg>
<var>${response}</var>
<arg>alias=Booker</arg>
<arg>url=/booking/${id_reserva}</arg>
<arg>expected_status=any</arg>
<doc>Sends a GET request on a previously created HTTP Session.</doc>
<status status="PASS" start="2025-09-01T13:12:05.073857" elapsed="0.781476"/>
</kw>
<kw name="Log To Console" owner="BuiltIn">
<arg>message= ${response.content}</arg>
<doc>Logs the given message to the console.</doc>
<status status="PASS" start="2025-09-01T13:12:05.856441" elapsed="0.004202"/>
</kw>
<kw name="Set Global Variable" owner="BuiltIn">
<msg time="2025-09-01T13:12:05.864359" level="INFO">${response} = &lt;Response [404]&gt;</msg>
<arg>${response}</arg>
<doc>Makes a variable available globally in all tests and suites.</doc>
<status status="PASS" start="2025-09-01T13:12:05.861687" elapsed="0.003435"/>
</kw>
<return>
<value>${response}</value>
<status status="PASS" start="2025-09-01T13:12:05.866516" elapsed="0.000908"/>
</return>
<arg>99999999999</arg>
<status status="PASS" start="2025-09-01T13:12:05.073067" elapsed="0.795628"/>
</kw>
<kw name="Validar Status Code &quot;404&quot;" source_name="Validar Status Code &quot;${statuscode}&quot;">
<kw name="Should Be True" owner="BuiltIn">
<arg>${response.status_code} == ${statuscode}</arg>
<doc>Fails if the given condition is not true.</doc>
<status status="PASS" start="2025-09-01T13:12:05.872746" elapsed="0.006181"/>
</kw>
<status status="PASS" start="2025-09-01T13:12:05.870477" elapsed="0.010174"/>
</kw>
<doc>Solicitar uma reserva inexistente</doc>
<tag>GET</tag>
<status status="PASS" start="2025-09-01T13:12:05.067811" elapsed="0.817032"/>
</test>
<test id="s1-t4" name="Cenário: DELETE | Deletar uma Reserva Inválida" line="37">
<kw name="Criar Sessao">
<kw name="Create Session" owner="RequestsLibrary">
<msg time="2025-09-01T13:12:05.888655" level="INFO">Creating Session using : alias=Booker, url=https://restful-booker.herokuapp.com, headers={},                     cookies={}, auth=None, timeout=None, proxies=None, verify=False,                     debug=0 </msg>
<arg>alias=Booker</arg>
<arg>url=https://restful-booker.herokuapp.com</arg>
<doc>Create Session: create a HTTP session to a server</doc>
<status status="PASS" start="2025-09-01T13:12:05.888224" elapsed="0.001006"/>
</kw>
<status status="PASS" start="2025-09-01T13:12:05.887447" elapsed="0.002159"/>
</kw>
<kw name="DELETE Endpoint /booking/:id" owner="deletar_reserva_keywords">
<kw name="Create Dictionary" owner="BuiltIn">
<msg time="2025-09-01T13:12:05.892765" level="INFO">&amp;{header} = { Content-Type=application/json | Cookie=token=9af8287fdefc806 }</msg>
<var>&amp;{header}</var>
<arg>Content-Type=application/json</arg>
<arg>Cookie=token=${token_auth}</arg>
<doc>Creates and returns a dictionary based on the given ``items``.</doc>
<status status="PASS" start="2025-09-01T13:12:05.891837" elapsed="0.002982"/>
</kw>
<kw name="DELETE On Session" owner="RequestsLibrary">
<msg time="2025-09-01T13:12:06.666452" level="INFO">DELETE Request : url=https://restful-booker.herokuapp.com/booking/99999990 
 path_url=/booking/99999990 
 headers={'User-Agent': 'python-requests/2.32.5', 'Accept-Encoding': 'gzip, deflate', 'Accept': '*/*', 'Connection': 'keep-alive', 'Content-Type': 'application/json', 'Cookie': 'token=9af8287fdefc806', 'Content-Length': '0'} 
 body=None 
 </msg>
<msg time="2025-09-01T13:12:06.666920" level="INFO">DELETE Response : url=https://restful-booker.herokuapp.com/booking/99999990 
 status=405, reason=Method Not Allowed 
 headers={'Content-Length': '18', 'Content-Type': 'text/plain; charset=utf-8', 'Date': 'Mon, 01 Sep 2025 16:12:06 GMT', 'Etag': 'W/"12-UGJMK66P4abaBlq0vKHJaCKuGCA"', 'Nel': '{"report_to":"heroku-nel","response_headers":["Via"],"max_age":3600,"success_fraction":0.01,"failure_fraction":0.1}', 'Report-To': '{"group":"heroku-nel","endpoints":[{"url":"https://nel.heroku.com/reports?s=LVucK8zXFfd1DcBjMg7D16%2F4NcHcCR0Vzy%2BZUdGNGTg%3D\\u0026sid=c46efe9b-d3d2-4a0c-8c76-bfafa16c5add\\u0026ts=1756743126"}],"max_age":3600}', 'Reporting-Endpoints': 'heroku-nel="https://nel.heroku.com/reports?s=LVucK8zXFfd1DcBjMg7D16%2F4NcHcCR0Vzy%2BZUdGNGTg%3D&amp;sid=c46efe9b-d3d2-4a0c-8c76-bfafa16c5add&amp;ts=1756743126"', 'Server': 'Heroku', 'Via': '1.1 heroku-router', 'X-Powered-By': 'Express'} 
 body=Method Not Allowed 
 </msg>
<msg time="2025-09-01T13:12:06.667240" level="INFO">/home/rafael/default/lib/python3.12/site-packages/urllib3/connectionpool.py:1097: InsecureRequestWarning: Unverified HTTPS request is being made to host 'restful-booker.herokuapp.com'. Adding certificate verification is strongly advised. See: https://urllib3.readthedocs.io/en/latest/advanced-usage.html#tls-warnings
  warnings.warn(</msg>
<msg time="2025-09-01T13:12:06.667644" level="INFO">${response} = &lt;Response [405]&gt;</msg>
<var>${response}</var>
<arg>alias=Booker</arg>
<arg>url=/booking/${id_reserva}</arg>
<arg>headers=&amp;{header}</arg>
<arg>expected_status=any</arg>
<doc>Sends a DELETE request on a previously created HTTP Session.</doc>
<status status="PASS" start="2025-09-01T13:12:05.895458" elapsed="0.772398"/>
</kw>
<kw name="Log To Console" owner="BuiltIn">
<arg>message= ${response.content}</arg>
<doc>Logs the given message to the console.</doc>
<status status="PASS" start="2025-09-01T13:12:06.668306" elapsed="0.001250"/>
</kw>
<kw name="Set Global Variable" owner="BuiltIn">
<msg time="2025-09-01T13:12:06.670548" level="INFO">${response} = &lt;Response [405]&gt;</msg>
<arg>${response}</arg>
<doc>Makes a variable available globally in all tests and suites.</doc>
<status status="PASS" start="2025-09-01T13:12:06.669985" elapsed="0.000809"/>
</kw>
<arg>99999990</arg>
<status status="PASS" start="2025-09-01T13:12:05.890820" elapsed="0.780209"/>
</kw>
<kw name="Validar Status Code &quot;405&quot;" source_name="Validar Status Code &quot;${statuscode}&quot;">
<kw name="Should Be True" owner="BuiltIn">
<arg>${response.status_code} == ${statuscode}</arg>
<doc>Fails if the given condition is not true.</doc>
<status status="PASS" start="2025-09-01T13:12:06.672233" elapsed="0.001802"/>
</kw>
<status status="PASS" start="2025-09-01T13:12:06.671542" elapsed="0.003452"/>
</kw>
<doc>Deletar uma reserva inexistente</doc>
<tag>DELETE</tag>
<status status="PASS" start="2025-09-01T13:12:05.886018" elapsed="0.789546"/>
</test>
<doc>Requisições HTTP para a API Restful-Booker</doc>
<status status="FAIL" start="2025-09-01T13:12:03.218947" elapsed="3.458700"/>
</suite>
<statistics>
<total>
<stat pass="3" fail="1" skip="0">All Tests</stat>
</total>
<tag>
<stat pass="1" fail="0" skip="0">DELETE</stat>
<stat pass="1" fail="0" skip="0">GET</stat>
<stat pass="1" fail="0" skip="0">Login</stat>
<stat pass="1" fail="1" skip="0">POST</stat>
</tag>
<suite>
<stat name="Caminho Triste" id="s1" pass="3" fail="1" skip="0">Caminho Triste</stat>
</suite>
</statistics>
<errors>
<msg time="2025-09-01T13:12:03.365069" level="WARN">Error in file '/home/rafael/Documentos/Compass/PB-Quality-Engineering/Teste API com Robot/resources/login_keywords.robot' on line 17: The '[Return]' setting is deprecated. Use the 'RETURN' statement instead.</msg>
<msg time="2025-09-01T13:12:03.381390" level="WARN">Error in file '/home/rafael/Documentos/Compass/PB-Quality-Engineering/Teste API com Robot/resources/buscar_uma_reserva_keywords.robot' on line 12: The '[Return]' setting is deprecated. Use the 'RETURN' statement instead.</msg>
</errors>
</robot>
