<?xml version="1.0" encoding="UTF-8"?>
<robot generator="Robot 7.3.2 (Python 3.12.3 on linux)" generated="2025-10-02T17:06:58.634713" rpa="false" schemaversion="5">
<suite id="s1" name="Auth Tests" source="/home/rafael/Documentos/Compass/AtualizadoPC/PB-Quality-Engineering/Documentos/Semana 15 - Challenge Final/cinemaApp-tests/api/tests/auth_tests.robot">
<kw name="Criar Sessao" owner="base" type="SETUP">
<kw name="Create Session" owner="RequestsLibrary">
<msg time="2025-10-02T17:06:59.009754" level="INFO">Creating Session using : alias=CinemaApp, url=http://localhost:3000/api/v1, headers={},                     cookies={}, auth=None, timeout=None, proxies=None, verify=False,                     debug=0 </msg>
<arg>CinemaApp</arg>
<arg>url=${BASE_URL}</arg>
<doc>Create Session: create a HTTP session to a server</doc>
<status status="PASS" start="2025-10-02T17:06:59.009099" elapsed="0.002979"/>
</kw>
<status status="PASS" start="2025-10-02T17:06:59.008227" elapsed="0.004221"/>
</kw>
<test id="s1-t1" name="CT002.001 - Fazer Login com dados válidos" line="22">
<kw name="Create Dictionary" owner="BuiltIn">
<msg time="2025-10-02T17:06:59.015569" level="INFO">${customer_user} = {'name': 'Kurt Cobain', 'email': 'kurt@nirvana.com', 'password': 'pwd12345'}</msg>
<var>${customer_user}</var>
<arg>name=Kurt Cobain</arg>
<arg>email=kurt@nirvana.com</arg>
<arg>password=pwd12345</arg>
<doc>Creates and returns a dictionary based on the given ``items``.</doc>
<status status="PASS" start="2025-10-02T17:06:59.014445" elapsed="0.002073"/>
</kw>
<kw name="Clean user from database" owner="database">
<msg time="2025-10-02T17:06:59.021658" level="INFO">Removed user with email: kurt@nirvana.com</msg>
<arg>${customer_user}[email]</arg>
<status status="PASS" start="2025-10-02T17:06:59.017297" elapsed="0.004698"/>
</kw>
<kw name="Criar Cliente Valido" owner="cadastrar_usuario">
<kw name="POST Endpoint /auth/register" owner="cadastrar_usuario">
<kw name="Create Dictionary" owner="BuiltIn">
<msg time="2025-10-02T17:06:59.024553" level="INFO">&amp;{header} = { Content-Type=application/json }</msg>
<var>&amp;{header}</var>
<arg>Content-Type=application/json</arg>
<doc>Creates and returns a dictionary based on the given ``items``.</doc>
<status status="PASS" start="2025-10-02T17:06:59.023958" elapsed="0.002236"/>
</kw>
<kw name="Create Dictionary" owner="BuiltIn">
<msg time="2025-10-02T17:06:59.027849" level="INFO">${payload} = {'name': 'Kurt Cobain', 'email': 'kurt@nirvana.com', 'password': 'pwd12345'}</msg>
<var>${payload}</var>
<arg>name=${name}</arg>
<arg>email=${email}</arg>
<arg>password=${password}</arg>
<doc>Creates and returns a dictionary based on the given ``items``.</doc>
<status status="PASS" start="2025-10-02T17:06:59.026774" elapsed="0.001391"/>
</kw>
<kw name="POST On Session" owner="RequestsLibrary">
<msg time="2025-10-02T17:06:59.211746" level="INFO">POST Request : url=http://localhost:3000/api/v1/auth/register 
 path_url=/api/v1/auth/register 
 headers={'User-Agent': 'python-requests/2.32.5', 'Accept-Encoding': 'gzip, deflate', 'Accept': '*/*', 'Connection': 'keep-alive', 'Content-Type': 'application/json', 'Content-Length': '76'} 
 body=b'{"name": "Kurt Cobain", "email": "kurt@nirvana.com", "password": "pwd12345"}' 
 </msg>
<msg time="2025-10-02T17:06:59.213598" level="INFO">POST Response : url=http://localhost:3000/api/v1/auth/register 
 status=201, reason=Created 
 headers={'X-Powered-By': 'Express', 'Access-Control-Allow-Origin': '*', 'Content-Type': 'application/json; charset=utf-8', 'Content-Length': '302', 'ETag': 'W/"12e-jmrNgJSDcQV1l1oVcB66yZCtoTI"', 'Date': 'Thu, 02 Oct 2025 20:06:59 GMT', 'Connection': 'keep-alive', 'Keep-Alive': 'timeout=5'} 
 body={"success":true,"data":{"_id":"68dedb63eeb8b3a29f9266a4","name":"Kurt Cobain","email":"kurt@nirvana.com","role":"user","token":"eyJhbGciOiJIUzI1NiIsInR5cCI6IkpXVCJ9.eyJpZCI6IjY4ZGVkYjYzZWViOGIzYTI5ZjkyNjZhNCIsImlhdCI6MTc1OTQzNTYxOSwiZXhwIjoxNzU5NTIyMDE5fQ.lcEiVz3KzeQk6EJCUkml2d12SV0Nm5eIP7rqrGxmSNk"}} 
 </msg>
<msg time="2025-10-02T17:06:59.214758" level="INFO">${response} = &lt;Response [201]&gt;</msg>
<var>${response}</var>
<arg>CinemaApp</arg>
<arg>url=/auth/register</arg>
<arg>json=${payload}</arg>
<arg>headers=${header}</arg>
<arg>expected_status=any</arg>
<doc>Sends a POST request on a previously created HTTP Session.</doc>
<status status="PASS" start="2025-10-02T17:06:59.028648" elapsed="0.186358"/>
</kw>
<kw name="Set Global Variable" owner="BuiltIn">
<msg time="2025-10-02T17:06:59.219324" level="INFO">${response} = &lt;Response [201]&gt;</msg>
<arg>${response}</arg>
<doc>Makes a variable available globally in all tests and suites.</doc>
<status status="PASS" start="2025-10-02T17:06:59.216328" elapsed="0.003403"/>
</kw>
<kw name="Log" owner="BuiltIn">
<msg time="2025-10-02T17:06:59.224657" level="INFO">{"success":true,"data":{"_id":"68dedb63eeb8b3a29f9266a4","name":"Kurt Cobain","email":"kurt@nirvana.com","role":"user","token":"eyJhbGciOiJIUzI1NiIsInR5cCI6IkpXVCJ9.eyJpZCI6IjY4ZGVkYjYzZWViOGIzYTI5ZjkyNjZhNCIsImlhdCI6MTc1OTQzNTYxOSwiZXhwIjoxNzU5NTIyMDE5fQ.lcEiVz3KzeQk6EJCUkml2d12SV0Nm5eIP7rqrGxmSNk"}}</msg>
<arg>${response.content}</arg>
<doc>Logs the given message with the given level.</doc>
<status status="PASS" start="2025-10-02T17:06:59.221475" elapsed="0.005297"/>
</kw>
<kw name="Log" owner="BuiltIn">
<msg time="2025-10-02T17:06:59.228597" level="INFO">201</msg>
<arg>${response.status_code}</arg>
<doc>Logs the given message with the given level.</doc>
<status status="PASS" start="2025-10-02T17:06:59.227397" elapsed="0.001573"/>
</kw>
<arg>${customer_user}[name]</arg>
<arg>${customer_user}[email]</arg>
<arg>${customer_user}[password]</arg>
<status status="PASS" start="2025-10-02T17:06:59.023257" elapsed="0.208685"/>
</kw>
<arg>${customer_user}</arg>
<status status="PASS" start="2025-10-02T17:06:59.022568" elapsed="0.209716"/>
</kw>
<kw name="Fazer Login" owner="fazerLoginKeywords">
<kw name="POST Endpoint /auth/login" owner="fazerLoginKeywords">
<kw name="Create Dictionary" owner="BuiltIn">
<msg time="2025-10-02T17:06:59.237153" level="INFO">${payload} = {'email': 'kurt@nirvana.com', 'password': 'pwd12345'}</msg>
<var>${payload}</var>
<arg>email=${email}</arg>
<arg>password=${password}</arg>
<doc>Creates and returns a dictionary based on the given ``items``.</doc>
<status status="PASS" start="2025-10-02T17:06:59.236130" elapsed="0.001878"/>
</kw>
<kw name="POST On Session" owner="RequestsLibrary">
<msg time="2025-10-02T17:06:59.415806" level="INFO">POST Request : url=http://localhost:3000/api/v1/auth/login 
 path_url=/api/v1/auth/login 
 headers={'User-Agent': 'python-requests/2.32.5', 'Accept-Encoding': 'gzip, deflate', 'Accept': '*/*', 'Connection': 'keep-alive', 'Content-Length': '53', 'Content-Type': 'application/json'} 
 body=b'{"email": "kurt@nirvana.com", "password": "pwd12345"}' 
 </msg>
<msg time="2025-10-02T17:06:59.416258" level="INFO">POST Response : url=http://localhost:3000/api/v1/auth/login 
 status=200, reason=OK 
 headers={'X-Powered-By': 'Express', 'Access-Control-Allow-Origin': '*', 'Content-Type': 'application/json; charset=utf-8', 'Content-Length': '302', 'ETag': 'W/"12e-jmrNgJSDcQV1l1oVcB66yZCtoTI"', 'Date': 'Thu, 02 Oct 2025 20:06:59 GMT', 'Connection': 'keep-alive', 'Keep-Alive': 'timeout=5'} 
 body={"success":true,"data":{"_id":"68dedb63eeb8b3a29f9266a4","name":"Kurt Cobain","email":"kurt@nirvana.com","role":"user","token":"eyJhbGciOiJIUzI1NiIsInR5cCI6IkpXVCJ9.eyJpZCI6IjY4ZGVkYjYzZWViOGIzYTI5ZjkyNjZhNCIsImlhdCI6MTc1OTQzNTYxOSwiZXhwIjoxNzU5NTIyMDE5fQ.lcEiVz3KzeQk6EJCUkml2d12SV0Nm5eIP7rqrGxmSNk"}} 
 </msg>
<msg time="2025-10-02T17:06:59.416692" level="INFO">${response} = &lt;Response [200]&gt;</msg>
<var>${response}</var>
<arg>alias=CinemaApp</arg>
<arg>url=/auth/login</arg>
<arg>json=${payload}</arg>
<arg>expected_status=any</arg>
<doc>Sends a POST request on a previously created HTTP Session.</doc>
<status status="PASS" start="2025-10-02T17:06:59.238587" elapsed="0.178329"/>
</kw>
<kw name="Set Global Variable" owner="BuiltIn">
<msg time="2025-10-02T17:06:59.418156" level="INFO">${response} = &lt;Response [200]&gt;</msg>
<arg>${response}</arg>
<doc>Makes a variable available globally in all tests and suites.</doc>
<status status="PASS" start="2025-10-02T17:06:59.417455" elapsed="0.000952"/>
</kw>
<kw name="Run Keyword If" owner="BuiltIn">
<kw name="Extract JWT" owner="fazerLoginKeywords">
<kw name="Set Variable" owner="BuiltIn">
<msg time="2025-10-02T17:06:59.431204" level="INFO">${token} = eyJhbGciOiJIUzI1NiIsInR5cCI6IkpXVCJ9.eyJpZCI6IjY4ZGVkYjYzZWViOGIzYTI5ZjkyNjZhNCIsImlhdCI6MTc1OTQzNTYxOSwiZXhwIjoxNzU5NTIyMDE5fQ.lcEiVz3KzeQk6EJCUkml2d12SV0Nm5eIP7rqrGxmSNk</msg>
<var>${token}</var>
<arg>${response.json()['data']['token']}</arg>
<doc>Returns the given values which can then be assigned to a variables.</doc>
<status status="PASS" start="2025-10-02T17:06:59.430000" elapsed="0.001500"/>
</kw>
<kw name="Log" owner="BuiltIn">
<msg time="2025-10-02T17:06:59.434840" level="INFO">Token obtido: eyJhbGciOiJIUzI1NiIsInR5cCI6IkpXVCJ9.eyJpZCI6IjY4ZGVkYjYzZWViOGIzYTI5ZjkyNjZhNCIsImlhdCI6MTc1OTQzNTYxOSwiZXhwIjoxNzU5NTIyMDE5fQ.lcEiVz3KzeQk6EJCUkml2d12SV0Nm5eIP7rqrGxmSNk</msg>
<arg>Token obtido: ${token}</arg>
<doc>Logs the given message with the given level.</doc>
<status status="PASS" start="2025-10-02T17:06:59.431947" elapsed="0.003252"/>
</kw>
<kw name="Set Global Variable" owner="BuiltIn">
<msg time="2025-10-02T17:06:59.436587" level="INFO">${token} = eyJhbGciOiJIUzI1NiIsInR5cCI6IkpXVCJ9.eyJpZCI6IjY4ZGVkYjYzZWViOGIzYTI5ZjkyNjZhNCIsImlhdCI6MTc1OTQzNTYxOSwiZXhwIjoxNzU5NTIyMDE5fQ.lcEiVz3KzeQk6EJCUkml2d12SV0Nm5eIP7rqrGxmSNk</msg>
<arg>${token}</arg>
<doc>Makes a variable available globally in all tests and suites.</doc>
<status status="PASS" start="2025-10-02T17:06:59.435674" elapsed="0.001269"/>
</kw>
<status status="PASS" start="2025-10-02T17:06:59.428382" elapsed="0.008858"/>
</kw>
<arg>${response.status_code} == 200</arg>
<arg>Extract JWT</arg>
<doc>Runs the given keyword with the given arguments, if ``condition`` is true.</doc>
<status status="PASS" start="2025-10-02T17:06:59.419886" elapsed="0.017598"/>
</kw>
<kw name="Log" owner="BuiltIn">
<msg time="2025-10-02T17:06:59.445350" level="INFO">{"success":true,"data":{"_id":"68dedb63eeb8b3a29f9266a4","name":"Kurt Cobain","email":"kurt@nirvana.com","role":"user","token":"eyJhbGciOiJIUzI1NiIsInR5cCI6IkpXVCJ9.eyJpZCI6IjY4ZGVkYjYzZWViOGIzYTI5ZjkyNjZhNCIsImlhdCI6MTc1OTQzNTYxOSwiZXhwIjoxNzU5NTIyMDE5fQ.lcEiVz3KzeQk6EJCUkml2d12SV0Nm5eIP7rqrGxmSNk"}}</msg>
<arg>${response.content}</arg>
<doc>Logs the given message with the given level.</doc>
<status status="PASS" start="2025-10-02T17:06:59.441571" elapsed="0.004183"/>
</kw>
<arg>${user}[email]</arg>
<arg>${user}[password]</arg>
<status status="PASS" start="2025-10-02T17:06:59.234692" elapsed="0.211356"/>
</kw>
<arg>${customer_user}</arg>
<status status="PASS" start="2025-10-02T17:06:59.233586" elapsed="0.212745"/>
</kw>
<kw name="Validar Status Code &quot;200&quot;" owner="common" source_name="Validar Status Code &quot;${statuscode}&quot;">
<kw name="Variable Should Exist" owner="BuiltIn">
<arg>${response}</arg>
<arg>response não foi definida. Verifique se a requisição</arg>
<doc>Fails unless the given variable exists within the current scope.</doc>
<status status="PASS" start="2025-10-02T17:06:59.450616" elapsed="0.002824"/>
</kw>
<kw name="Should Be True" owner="BuiltIn">
<arg>${response.status_code} == ${statuscode}</arg>
<doc>Fails if the given condition is not true.</doc>
<status status="PASS" start="2025-10-02T17:06:59.454019" elapsed="0.008726"/>
</kw>
<status status="PASS" start="2025-10-02T17:06:59.449116" elapsed="0.014023"/>
</kw>
<kw name="Validar Success" owner="common">
<kw name="Variable Should Exist" owner="BuiltIn">
<arg>${response}</arg>
<arg>response não foi definida. Verifique se a requisição</arg>
<doc>Fails unless the given variable exists within the current scope.</doc>
<status status="PASS" start="2025-10-02T17:06:59.466148" elapsed="0.000589"/>
</kw>
<kw name="Set Variable" owner="BuiltIn">
<msg time="2025-10-02T17:06:59.469881" level="INFO">${response_success} = True</msg>
<var>${response_success}</var>
<arg>${response.json()['success']}</arg>
<doc>Returns the given values which can then be assigned to a variables.</doc>
<status status="PASS" start="2025-10-02T17:06:59.468078" elapsed="0.004538"/>
</kw>
<kw name="Should Be Equal" owner="BuiltIn">
<arg>${response_success}</arg>
<arg>${expected_success}</arg>
<arg>msg=Campo success inesperado. Esperado: ${expected_success}, Obtido: ${response_success}</arg>
<doc>Fails if the given objects are unequal.</doc>
<status status="PASS" start="2025-10-02T17:06:59.473187" elapsed="0.000754"/>
</kw>
<arg>${True}</arg>
<status status="PASS" start="2025-10-02T17:06:59.465204" elapsed="0.009151"/>
</kw>
<tag>CT002-auth</tag>
<status status="PASS" start="2025-10-02T17:06:59.012774" elapsed="0.463746"/>
</test>
<doc>Testes para o endpoint /auth</doc>
<status status="PASS" start="2025-10-02T17:06:58.640310" elapsed="0.839120"/>
</suite>
<statistics>
<total>
<stat pass="1" fail="0" skip="0">All Tests</stat>
</total>
<tag>
<stat pass="1" fail="0" skip="0">CT002-auth</stat>
</tag>
<suite>
<stat name="Auth Tests" id="s1" pass="1" fail="0" skip="0">Auth Tests</stat>
</suite>
</statistics>
<errors>
</errors>
</robot>
