<?xml version="1.0" encoding="UTF-8"?>
<robot generator="Robot 7.3.2 (Python 3.12.3 on linux)" generated="2025-10-03T16:19:05.752622" rpa="false" schemaversion="5">
<suite id="s1" name="Reservations Tests" source="/home/rafael/Documentos/Compass/AtualizadoPC/PB-Quality-Engineering/Documentos/Semana 15 - Challenge Final/cinemaApp-tests/api/tests/reservations_tests.robot">
<kw name="Criar Sessao" owner="base" type="SETUP">
<kw name="Create Session" owner="RequestsLibrary">
<msg time="2025-10-03T16:19:06.334128" level="INFO">Creating Session using : alias=CinemaApp, url=http://localhost:3000/api/v1, headers={},                     cookies={}, auth=None, timeout=None, proxies=None, verify=False,                     debug=0 </msg>
<arg>CinemaApp</arg>
<arg>url=${BASE_URL}</arg>
<doc>Create Session: create a HTTP session to a server</doc>
<status status="PASS" start="2025-10-03T16:19:06.333578" elapsed="0.002489"/>
</kw>
<status status="PASS" start="2025-10-03T16:19:06.331756" elapsed="0.004802"/>
</kw>
<test id="s1-t1" name="CT006.003 Deletar uma reserva" line="61">
<kw name="Fill with Reservation" owner="common">
<kw name="Read JSON File" owner="common">
<kw name="Load Json From File" owner="JSONLibrary">
<msg time="2025-10-03T16:19:06.341947" level="INFO">${json} = {'reservation1': {'movieIndex': 4, 'theaterIndex': 1, 'session': {'datetime': '2025-10-02T17:32:36.261Z', 'fullPrice': 15, 'halfPrice': 7.5}, 'row': 'A', 'number': 1, 'type': 'full', 'paymentMethod': ...</msg>
<var>${json}</var>
<arg>${EXECDIR}/support/fixtures/${file}</arg>
<doc>Load JSON from file.</doc>
<status status="PASS" start="2025-10-03T16:19:06.340601" elapsed="0.002045"/>
</kw>
<return>
<value>${json}</value>
<status status="PASS" start="2025-10-03T16:19:06.342968" elapsed="0.000335"/>
</return>
<msg time="2025-10-03T16:19:06.344204" level="INFO">${reservations_json} = {'reservation1': {'movieIndex': 4, 'theaterIndex': 1, 'session': {'datetime': '2025-10-02T17:32:36.261Z', 'fullPrice': 15, 'halfPrice': 7.5}, 'row': 'A', 'number': 1, 'type': 'full', 'paymentMethod': ...</msg>
<var>${reservations_json}</var>
<arg>reservations.json</arg>
<status status="PASS" start="2025-10-03T16:19:06.339380" elapsed="0.005161"/>
</kw>
<kw name="Set Variable" owner="BuiltIn">
<msg time="2025-10-03T16:19:06.345843" level="INFO">${reservation_data} = {'movieIndex': 6, 'theaterIndex': 5, 'session': {'datetime': '2025-10-02T18:32:36.261Z', 'fullPrice': 20, 'halfPrice': 10}, 'row': 'B', 'number': 5, 'type': 'half', 'paymentMethod': 'pix'}</msg>
<var>${reservation_data}</var>
<arg>${reservations_json}[reservation${index}]</arg>
<doc>Returns the given values which can then be assigned to a variables.</doc>
<status status="PASS" start="2025-10-03T16:19:06.345049" elapsed="0.001118"/>
</kw>
<kw name="Fill with movie" owner="common">
<kw name="Read JSON File" owner="common">
<kw name="Load Json From File" owner="JSONLibrary">
<msg time="2025-10-03T16:19:06.351388" level="INFO">${json} = {'movie1': {'title': 'Manchester à Beira-Mar', 'synopsis': 'Em Manchester à Beira-Mar, Lee Chandler é forçado a retornar para sua cidade natal com o objetivo de tomar conta de seu sobrinho adolescente...</msg>
<var>${json}</var>
<arg>${EXECDIR}/support/fixtures/${file}</arg>
<doc>Load JSON from file.</doc>
<status status="PASS" start="2025-10-03T16:19:06.348836" elapsed="0.002889"/>
</kw>
<return>
<value>${json}</value>
<status status="PASS" start="2025-10-03T16:19:06.351981" elapsed="0.000231"/>
</return>
<msg time="2025-10-03T16:19:06.352767" level="INFO">${movies_json} = {'movie1': {'title': 'Manchester à Beira-Mar', 'synopsis': 'Em Manchester à Beira-Mar, Lee Chandler é forçado a retornar para sua cidade natal com o objetivo de tomar conta de seu sobrinho adolescente...</msg>
<var>${movies_json}</var>
<arg>movies.json</arg>
<status status="PASS" start="2025-10-03T16:19:06.347906" elapsed="0.005142"/>
</kw>
<kw name="Set Variable" owner="BuiltIn">
<msg time="2025-10-03T16:19:06.354601" level="INFO">${movie} = {'title': 'O Poderoso Chefão', 'synopsis': 'O enredo da história de uma família mafiosa londrina, dirigida pelo líder Vito Corleone, que controla a máfia desde 1920.', 'director': 'Francis Ford Coppol...</msg>
<var>${movie}</var>
<arg>${movies_json}[movie${index}]</arg>
<doc>Returns the given values which can then be assigned to a variables.</doc>
<status status="PASS" start="2025-10-03T16:19:06.353632" elapsed="0.001292"/>
</kw>
<kw name="Clean Movie from Database" owner="database">
<msg time="2025-10-03T16:19:06.370425" level="INFO">Searching for movie with title: O Poderoso Chefão
Movie found: {'_id': ObjectId('68e02190c0b485c13e7b4d8c'), 'title': 'O Poderoso Chefão', 'synopsis': 'O enredo da história de uma família mafiosa londrina, dirigida pelo líder Vito Corleone, que controla a máfia desde 1920.', 'director': 'Francis Ford Coppola', 'genres': ['Drama', 'Crime'], 'duration': 175, 'classification': '+14', 'poster': 'poderoso.jpg', 'releaseDate': datetime.datetime(1972, 3, 15, 0, 0), 'createdAt': datetime.datetime(2025, 10, 3, 19, 18, 40, 840000), 'updatedAt': datetime.datetime(2025, 10, 3, 19, 18, 40, 840000), '__v': 0}
Movies with title 'O Poderoso Chefão' deleted. Count: 1</msg>
<arg>${movie}[title]</arg>
<status status="PASS" start="2025-10-03T16:19:06.355551" elapsed="0.015299"/>
</kw>
<kw name="Criar filme" owner="createMovieKeywords">
<kw name="Utilizar Token de Administrador" owner="common">
<kw name="Create Dictionary" owner="BuiltIn">
<msg time="2025-10-03T16:19:06.386320" level="INFO">${admin_user} = {'name': ' Lex Luthr', 'email': 'lex.luthor@lexcorp.com', 'password': 'pwd12345'}</msg>
<var>${admin_user}</var>
<arg>name= Lex Luthr</arg>
<arg>email=lex.luthor@lexcorp.com</arg>
<arg>password=pwd12345</arg>
<doc>Creates and returns a dictionary based on the given ``items``.</doc>
<status status="PASS" start="2025-10-03T16:19:06.372922" elapsed="0.013697"/>
</kw>
<kw name="POST Endpoint /auth/register" owner="cadastrar_usuario">
<kw name="Create Dictionary" owner="BuiltIn">
<msg time="2025-10-03T16:19:06.389430" level="INFO">&amp;{header} = { Content-Type=application/json }</msg>
<var>&amp;{header}</var>
<arg>Content-Type=application/json</arg>
<doc>Creates and returns a dictionary based on the given ``items``.</doc>
<status status="PASS" start="2025-10-03T16:19:06.388587" elapsed="0.002759"/>
</kw>
<kw name="Create Dictionary" owner="BuiltIn">
<msg time="2025-10-03T16:19:06.400299" level="INFO">${payload} = {'name': ' Lex Luthr', 'email': 'lex.luthor@lexcorp.com', 'password': 'pwd12345'}</msg>
<var>${payload}</var>
<arg>name=${name}</arg>
<arg>email=${email}</arg>
<arg>password=${password}</arg>
<doc>Creates and returns a dictionary based on the given ``items``.</doc>
<status status="PASS" start="2025-10-03T16:19:06.398947" elapsed="0.001737"/>
</kw>
<kw name="POST On Session" owner="RequestsLibrary">
<msg time="2025-10-03T16:19:06.415986" level="INFO">POST Request : url=http://localhost:3000/api/v1/auth/register 
 path_url=/api/v1/auth/register 
 headers={'User-Agent': 'python-requests/2.32.5', 'Accept-Encoding': 'gzip, deflate', 'Accept': '*/*', 'Connection': 'keep-alive', 'Content-Type': 'application/json', 'Content-Length': '81'} 
 body=b'{"name": " Lex Luthr", "email": "lex.luthor@lexcorp.com", "password": "pwd12345"}' 
 </msg>
<msg time="2025-10-03T16:19:06.416551" level="INFO">POST Response : url=http://localhost:3000/api/v1/auth/register 
 status=400, reason=Bad Request 
 headers={'X-Powered-By': 'Express', 'Access-Control-Allow-Origin': '*', 'Content-Type': 'application/json; charset=utf-8', 'Content-Length': '49', 'ETag': 'W/"31-WKEMg8zALB1Ko0WjUHi/6RBGHVc"', 'Date': 'Fri, 03 Oct 2025 19:19:06 GMT', 'Connection': 'keep-alive', 'Keep-Alive': 'timeout=5'} 
 body={"success":false,"message":"User already exists"} 
 </msg>
<msg time="2025-10-03T16:19:06.416962" level="INFO">${response} = &lt;Response [400]&gt;</msg>
<var>${response}</var>
<arg>CinemaApp</arg>
<arg>url=/auth/register</arg>
<arg>json=${payload}</arg>
<arg>headers=${header}</arg>
<arg>expected_status=any</arg>
<doc>Sends a POST request on a previously created HTTP Session.</doc>
<status status="PASS" start="2025-10-03T16:19:06.401148" elapsed="0.016212"/>
</kw>
<kw name="Set Global Variable" owner="BuiltIn">
<msg time="2025-10-03T16:19:06.419034" level="INFO">${response} = &lt;Response [400]&gt;</msg>
<arg>${response}</arg>
<doc>Makes a variable available globally in all tests and suites.</doc>
<status status="PASS" start="2025-10-03T16:19:06.418082" elapsed="0.001272"/>
</kw>
<kw name="Log" owner="BuiltIn">
<msg time="2025-10-03T16:19:06.421238" level="INFO">{"success":false,"message":"User already exists"}</msg>
<arg>${response.content}</arg>
<doc>Logs the given message with the given level.</doc>
<status status="PASS" start="2025-10-03T16:19:06.419802" elapsed="0.001760"/>
</kw>
<kw name="Log" owner="BuiltIn">
<msg time="2025-10-03T16:19:06.423062" level="INFO">400</msg>
<arg>${response.status_code}</arg>
<doc>Logs the given message with the given level.</doc>
<status status="PASS" start="2025-10-03T16:19:06.422022" elapsed="0.002438"/>
</kw>
<arg>${admin_user}[name]</arg>
<arg>${admin_user}[email]</arg>
<arg>${admin_user}[password]</arg>
<status status="PASS" start="2025-10-03T16:19:06.387228" elapsed="0.037539"/>
</kw>
<kw name="POST Endpoint /auth/login" owner="fazerLoginKeywords">
<kw name="Create Dictionary" owner="BuiltIn">
<msg time="2025-10-03T16:19:06.428060" level="INFO">${payload} = {'email': 'lex.luthor@lexcorp.com', 'password': 'pwd12345'}</msg>
<var>${payload}</var>
<arg>email=${email}</arg>
<arg>password=${password}</arg>
<doc>Creates and returns a dictionary based on the given ``items``.</doc>
<status status="PASS" start="2025-10-03T16:19:06.427055" elapsed="0.002314"/>
</kw>
<kw name="POST On Session" owner="RequestsLibrary">
<msg time="2025-10-03T16:19:06.589927" level="INFO">POST Request : url=http://localhost:3000/api/v1/auth/login 
 path_url=/api/v1/auth/login 
 headers={'User-Agent': 'python-requests/2.32.5', 'Accept-Encoding': 'gzip, deflate', 'Accept': '*/*', 'Connection': 'keep-alive', 'Content-Length': '59', 'Content-Type': 'application/json'} 
 body=b'{"email": "lex.luthor@lexcorp.com", "password": "pwd12345"}' 
 </msg>
<msg time="2025-10-03T16:19:06.590386" level="INFO">POST Response : url=http://localhost:3000/api/v1/auth/login 
 status=200, reason=OK 
 headers={'X-Powered-By': 'Express', 'Access-Control-Allow-Origin': '*', 'Content-Type': 'application/json; charset=utf-8', 'Content-Length': '308', 'ETag': 'W/"134-Z0T6qMsGanuZL8VRg/2glX8M3lY"', 'Date': 'Fri, 03 Oct 2025 19:19:06 GMT', 'Connection': 'keep-alive', 'Keep-Alive': 'timeout=5'} 
 body={"success":true,"data":{"_id":"68dd5eeb21ab0711adb801cc","name":"Lex Luthor","email":"lex.luthor@lexcorp.com","role":"admin","token":"eyJhbGciOiJIUzI1NiIsInR5cCI6IkpXVCJ9.eyJpZCI6IjY4ZGQ1ZWViMjFhYjA3MTFhZGI4MDFjYyIsImlhdCI6MTc1OTUxOTE0NiwiZXhwIjoxNzU5NjA1NTQ2fQ.PXfrx6p0miFY8j9h4VYa9tBvd6qIn6cSrG-eQQL6QJg"}} 
 </msg>
<msg time="2025-10-03T16:19:06.591011" level="INFO">${response} = &lt;Response [200]&gt;</msg>
<var>${response}</var>
<arg>alias=CinemaApp</arg>
<arg>url=/auth/login</arg>
<arg>json=${payload}</arg>
<arg>expected_status=any</arg>
<doc>Sends a POST request on a previously created HTTP Session.</doc>
<status status="PASS" start="2025-10-03T16:19:06.429918" elapsed="0.161403"/>
</kw>
<kw name="Set Global Variable" owner="BuiltIn">
<msg time="2025-10-03T16:19:06.592786" level="INFO">${response} = &lt;Response [200]&gt;</msg>
<arg>${response}</arg>
<doc>Makes a variable available globally in all tests and suites.</doc>
<status status="PASS" start="2025-10-03T16:19:06.591862" elapsed="0.001350"/>
</kw>
<kw name="Run Keyword If" owner="BuiltIn">
<kw name="Extract JWT" owner="fazerLoginKeywords">
<kw name="Set Variable" owner="BuiltIn">
<msg time="2025-10-03T16:19:06.600285" level="INFO">${token} = eyJhbGciOiJIUzI1NiIsInR5cCI6IkpXVCJ9.eyJpZCI6IjY4ZGQ1ZWViMjFhYjA3MTFhZGI4MDFjYyIsImlhdCI6MTc1OTUxOTE0NiwiZXhwIjoxNzU5NjA1NTQ2fQ.PXfrx6p0miFY8j9h4VYa9tBvd6qIn6cSrG-eQQL6QJg</msg>
<var>${token}</var>
<arg>${response.json()['data']['token']}</arg>
<doc>Returns the given values which can then be assigned to a variables.</doc>
<status status="PASS" start="2025-10-03T16:19:06.598276" elapsed="0.002779"/>
</kw>
<kw name="Log" owner="BuiltIn">
<msg time="2025-10-03T16:19:06.603289" level="INFO">Token obtido: eyJhbGciOiJIUzI1NiIsInR5cCI6IkpXVCJ9.eyJpZCI6IjY4ZGQ1ZWViMjFhYjA3MTFhZGI4MDFjYyIsImlhdCI6MTc1OTUxOTE0NiwiZXhwIjoxNzU5NjA1NTQ2fQ.PXfrx6p0miFY8j9h4VYa9tBvd6qIn6cSrG-eQQL6QJg</msg>
<arg>Token obtido: ${token}</arg>
<doc>Logs the given message with the given level.</doc>
<status status="PASS" start="2025-10-03T16:19:06.602691" elapsed="0.000920"/>
</kw>
<kw name="Set Global Variable" owner="BuiltIn">
<msg time="2025-10-03T16:19:06.604728" level="INFO">${token} = eyJhbGciOiJIUzI1NiIsInR5cCI6IkpXVCJ9.eyJpZCI6IjY4ZGQ1ZWViMjFhYjA3MTFhZGI4MDFjYyIsImlhdCI6MTc1OTUxOTE0NiwiZXhwIjoxNzU5NjA1NTQ2fQ.PXfrx6p0miFY8j9h4VYa9tBvd6qIn6cSrG-eQQL6QJg</msg>
<arg>${token}</arg>
<doc>Makes a variable available globally in all tests and suites.</doc>
<status status="PASS" start="2025-10-03T16:19:06.604016" elapsed="0.001040"/>
</kw>
<status status="PASS" start="2025-10-03T16:19:06.596297" elapsed="0.009067"/>
</kw>
<arg>${response.status_code} == 200</arg>
<arg>Extract JWT</arg>
<doc>Runs the given keyword with the given arguments, if ``condition`` is true.</doc>
<status status="PASS" start="2025-10-03T16:19:06.593782" elapsed="0.011826"/>
</kw>
<kw name="Log" owner="BuiltIn">
<msg time="2025-10-03T16:19:06.609487" level="INFO">{"success":true,"data":{"_id":"68dd5eeb21ab0711adb801cc","name":"Lex Luthor","email":"lex.luthor@lexcorp.com","role":"admin","token":"eyJhbGciOiJIUzI1NiIsInR5cCI6IkpXVCJ9.eyJpZCI6IjY4ZGQ1ZWViMjFhYjA3MTFhZGI4MDFjYyIsImlhdCI6MTc1OTUxOTE0NiwiZXhwIjoxNzU5NjA1NTQ2fQ.PXfrx6p0miFY8j9h4VYa9tBvd6qIn6cSrG-eQQL6QJg"}}</msg>
<arg>${response.content}</arg>
<doc>Logs the given message with the given level.</doc>
<status status="PASS" start="2025-10-03T16:19:06.608136" elapsed="0.001764"/>
</kw>
<arg>${admin_user}[email]</arg>
<arg>${admin_user}[password]</arg>
<status status="PASS" start="2025-10-03T16:19:06.425431" elapsed="0.184786"/>
</kw>
<kw name="Set Global Variable" owner="BuiltIn">
<msg time="2025-10-03T16:19:06.611947" level="INFO">${admin_user} = {'name': ' Lex Luthr', 'email': 'lex.luthor@lexcorp.com', 'password': 'pwd12345'}</msg>
<arg>${admin_user}</arg>
<doc>Makes a variable available globally in all tests and suites.</doc>
<status status="PASS" start="2025-10-03T16:19:06.610974" elapsed="0.001429"/>
</kw>
<status status="PASS" start="2025-10-03T16:19:06.372280" elapsed="0.240460"/>
</kw>
<kw name="POST Endpoint /movies" owner="createMovieKeywords">
<kw name="Create Dictionary" owner="BuiltIn">
<msg time="2025-10-03T16:19:06.616037" level="INFO">&amp;{header} = { Content-Type=application/json | Authorization=Bearer eyJhbGciOiJIUzI1NiIsInR5cCI6IkpXVCJ9.eyJpZCI6IjY4ZGQ1ZWViMjFhYjA3MTFhZGI4MDFjYyIsImlhdCI6MTc1OTUxOTE0NiwiZXhwIjoxNzU5NjA1NTQ2fQ.PXfrx6p0miFY8j9h4...</msg>
<var>&amp;{header}</var>
<arg>Content-Type=application/json</arg>
<arg>Authorization=Bearer ${token}</arg>
<doc>Creates and returns a dictionary based on the given ``items``.</doc>
<status status="PASS" start="2025-10-03T16:19:06.615435" elapsed="0.002508"/>
</kw>
<kw name="Create Dictionary" owner="BuiltIn">
<msg time="2025-10-03T16:19:06.621243" level="INFO">${payload} = {'title': 'O Poderoso Chefão', 'synopsis': 'O enredo da história de uma família mafiosa londrina, dirigida pelo líder Vito Corleone, que controla a máfia desde 1920.', 'director': 'Francis Ford Coppol...</msg>
<var>${payload}</var>
<arg>title=${title}</arg>
<arg>synopsis=${synopsis}</arg>
<arg>director=${director}</arg>
<arg>genres=${genres}</arg>
<arg>duration=${duration}</arg>
<arg>classification=${classification}</arg>
<arg>poster=${poster}</arg>
<arg>releaseDate=${releaseDate}</arg>
<doc>Creates and returns a dictionary based on the given ``items``.</doc>
<status status="PASS" start="2025-10-03T16:19:06.618575" elapsed="0.003007"/>
</kw>
<kw name="POST On Session" owner="RequestsLibrary">
<msg time="2025-10-03T16:19:06.636365" level="INFO">POST Request : url=http://localhost:3000/api/v1/movies 
 path_url=/api/v1/movies 
 headers={'User-Agent': 'python-requests/2.32.5', 'Accept-Encoding': 'gzip, deflate', 'Accept': '*/*', 'Connection': 'keep-alive', 'Content-Type': 'application/json', 'Authorization': 'Bearer eyJhbGciOiJIUzI1NiIsInR5cCI6IkpXVCJ9.eyJpZCI6IjY4ZGQ1ZWViMjFhYjA3MTFhZGI4MDFjYyIsImlhdCI6MTc1OTUxOTE0NiwiZXhwIjoxNzU5NjA1NTQ2fQ.PXfrx6p0miFY8j9h4VYa9tBvd6qIn6cSrG-eQQL6QJg', 'Content-Length': '355'} 
 body=b'{"title": "O Poderoso Chef\\u00e3o", "synopsis": "O enredo da hist\\u00f3ria de uma fam\\u00edlia mafiosa londrina, dirigida pelo l\\u00edder Vito Corleone, que controla a m\\u00e1fia desde 1920.", "director": "Francis Ford Coppola", "genres": ["Drama", "Crime"], "duration": 175, "classification": "+14", "poster": "poderoso.jpg", "releaseDate": "1972-03-15"}' 
 </msg>
<msg time="2025-10-03T16:19:06.636998" level="INFO">POST Response : url=http://localhost:3000/api/v1/movies 
 status=201, reason=Created 
 headers={'X-Powered-By': 'Express', 'Access-Control-Allow-Origin': '*', 'Content-Type': 'application/json; charset=utf-8', 'Content-Length': '508', 'ETag': 'W/"1fc-JcsVoLV4x5PZKYefC7BQwYOxl2o"', 'Date': 'Fri, 03 Oct 2025 19:19:06 GMT', 'Connection': 'keep-alive', 'Keep-Alive': 'timeout=5'} 
 body={"success":true,"data":{"title":"O Poderoso Chefão","synopsis":"O enredo da história de uma família mafiosa londrina, dirigida pelo líder Vito Corleone, que controla a máfia desde 1920.","director":"Francis Ford Coppola","genres":["Drama","Crime"],"duration":175,"classification":"+14","poster":"poderoso.jpg","releaseDate":"1972-03-15T00:00:00.000Z","_id":"68e021aac0b485c13e7b4dab","createdAt":"2025-10-03T19:19:06.631Z","updatedAt":"2025-10-03T19:19:06.631Z","__v":0,"id":"68e021aac0b485c13e7b4dab"}} 
 </msg>
<msg time="2025-10-03T16:19:06.637538" level="INFO">${response} = &lt;Response [201]&gt;</msg>
<var>${response}</var>
<arg>alias=CinemaApp</arg>
<arg>url=/movies</arg>
<arg>json=${payload}</arg>
<arg>headers=${header}</arg>
<arg>expected_status=any</arg>
<doc>Sends a POST request on a previously created HTTP Session.</doc>
<status status="PASS" start="2025-10-03T16:19:06.622155" elapsed="0.015669"/>
</kw>
<kw name="Set Global Variable" owner="BuiltIn">
<msg time="2025-10-03T16:19:06.639251" level="INFO">${response} = &lt;Response [201]&gt;</msg>
<arg>${response}</arg>
<doc>Makes a variable available globally in all tests and suites.</doc>
<status status="PASS" start="2025-10-03T16:19:06.638439" elapsed="0.001187"/>
</kw>
<kw name="Log" owner="BuiltIn">
<msg time="2025-10-03T16:19:06.642218" level="INFO">{"success":true,"data":{"title":"O Poderoso ChefÃ£o","synopsis":"O enredo da histÃ³ria de uma famÃ­lia mafiosa londrina, dirigida pelo lÃ­der Vito Corleone, que controla a mÃ¡fia desde 1920.","director":"Francis Ford Coppola","genres":["Drama","Crime"],"duration":175,"classification":"+14","poster":"poderoso.jpg","releaseDate":"1972-03-15T00:00:00.000Z","_id":"68e021aac0b485c13e7b4dab","createdAt":"2025-10-03T19:19:06.631Z","updatedAt":"2025-10-03T19:19:06.631Z","__v":0,"id":"68e021aac0b485c13e7b4dab"}}</msg>
<arg>${response.content}</arg>
<doc>Logs the given message with the given level.</doc>
<status status="PASS" start="2025-10-03T16:19:06.640177" elapsed="0.002485"/>
</kw>
<arg>${movie}[title]</arg>
<arg>${movie}[synopsis]</arg>
<arg>${movie}[director]</arg>
<arg>${movie}[genres]</arg>
<arg>${movie}[duration]</arg>
<arg>${movie}[classification]</arg>
<arg>${movie}[poster]</arg>
<arg>${movie}[releaseDate]</arg>
<status status="PASS" start="2025-10-03T16:19:06.613317" elapsed="0.029682"/>
</kw>
<arg>${movie}</arg>
<status status="PASS" start="2025-10-03T16:19:06.371389" elapsed="0.273492"/>
</kw>
<kw name="Pegar ID de um filme" owner="common">
<kw name="Get movie by title" owner="database">
<msg time="2025-10-03T16:19:06.648793" level="INFO">${movie_data} = {'_id': '68e021aac0b485c13e7b4dab', 'title': 'O Poderoso Chefão', 'synopsis': 'O enredo da história de uma família mafiosa londrina, dirigida pelo líder Vito Corleone, que controla a máfia desde 1920....</msg>
<var>${movie_data}</var>
<arg>${movie}[title]</arg>
<status status="PASS" start="2025-10-03T16:19:06.646463" elapsed="0.002856"/>
</kw>
<kw name="Set Variable" owner="BuiltIn">
<msg time="2025-10-03T16:19:06.650568" level="INFO">${movie_id} = 68e021aac0b485c13e7b4dab</msg>
<var>${movie_id}</var>
<arg>${movie_data}[_id]</arg>
<doc>Returns the given values which can then be assigned to a variables.</doc>
<status status="PASS" start="2025-10-03T16:19:06.649876" elapsed="0.000978"/>
</kw>
<kw name="Set Global Variable" owner="BuiltIn">
<msg time="2025-10-03T16:19:06.652084" level="INFO">${movie_id} = 68e021aac0b485c13e7b4dab</msg>
<arg>${movie_id}</arg>
<doc>Makes a variable available globally in all tests and suites.</doc>
<status status="PASS" start="2025-10-03T16:19:06.651362" elapsed="0.001031"/>
</kw>
<arg>${movie}</arg>
<status status="PASS" start="2025-10-03T16:19:06.645522" elapsed="0.007163"/>
</kw>
<kw name="Log" owner="BuiltIn">
<msg time="2025-10-03T16:19:06.653642" level="INFO">Movie ID: 68e021aac0b485c13e7b4dab</msg>
<arg>Movie ID: ${movie_id}</arg>
<doc>Logs the given message with the given level.</doc>
<status status="PASS" start="2025-10-03T16:19:06.653158" elapsed="0.000803"/>
</kw>
<return>
<value>${movie}</value>
<status status="PASS" start="2025-10-03T16:19:06.654221" elapsed="0.001692"/>
</return>
<msg time="2025-10-03T16:19:06.656444" level="INFO">${movie} = {'title': 'O Poderoso Chefão', 'synopsis': 'O enredo da história de uma família mafiosa londrina, dirigida pelo líder Vito Corleone, que controla a máfia desde 1920.', 'director': 'Francis Ford Coppol...</msg>
<var>${movie}</var>
<arg>${reservation_data}[movieIndex]</arg>
<status status="PASS" start="2025-10-03T16:19:06.346828" elapsed="0.309874"/>
</kw>
<kw name="Fill with Theater" owner="common">
<kw name="Read JSON File" owner="common">
<kw name="Load Json From File" owner="JSONLibrary">
<msg time="2025-10-03T16:19:06.662745" level="INFO">${json} = {'theater1': {'name': 'Sala - 001', 'capacity': 50, 'type': 'IMAX'}, 'theater2': {'name': 'Sala - 002', 'capacity': 60, 'type': 'standard'}, 'theater3': {'name': 'Sala - 003', 'capacity': 70, 'type': ...</msg>
<var>${json}</var>
<arg>${EXECDIR}/support/fixtures/${file}</arg>
<doc>Load JSON from file.</doc>
<status status="PASS" start="2025-10-03T16:19:06.659942" elapsed="0.003127"/>
</kw>
<return>
<value>${json}</value>
<status status="PASS" start="2025-10-03T16:19:06.663346" elapsed="0.000213"/>
</return>
<msg time="2025-10-03T16:19:06.664033" level="INFO">${theater_json} = {'theater1': {'name': 'Sala - 001', 'capacity': 50, 'type': 'IMAX'}, 'theater2': {'name': 'Sala - 002', 'capacity': 60, 'type': 'standard'}, 'theater3': {'name': 'Sala - 003', 'capacity': 70, 'type': ...</msg>
<var>${theater_json}</var>
<arg>theaters.json</arg>
<status status="PASS" start="2025-10-03T16:19:06.658823" elapsed="0.005502"/>
</kw>
<kw name="Set Variable" owner="BuiltIn">
<msg time="2025-10-03T16:19:06.665548" level="INFO">${theater} = {'name': 'Sala - 005', 'capacity': 90, 'type': 'IMAX'}</msg>
<var>${theater}</var>
<arg>${theater_json}[theater${index}]</arg>
<doc>Returns the given values which can then be assigned to a variables.</doc>
<status status="PASS" start="2025-10-03T16:19:06.664833" elapsed="0.001321"/>
</kw>
<kw name="Remove Theater From Database" owner="database">
<arg>${theater}[name]</arg>
<status status="PASS" start="2025-10-03T16:19:06.666656" elapsed="0.001892"/>
</kw>
<kw name="Criar um Sala de Cinema" owner="createTheaterKeywords">
<kw name="Utilizar Token de Administrador" owner="common">
<kw name="Create Dictionary" owner="BuiltIn">
<msg time="2025-10-03T16:19:06.671568" level="INFO">${admin_user} = {'name': ' Lex Luthr', 'email': 'lex.luthor@lexcorp.com', 'password': 'pwd12345'}</msg>
<var>${admin_user}</var>
<arg>name= Lex Luthr</arg>
<arg>email=lex.luthor@lexcorp.com</arg>
<arg>password=pwd12345</arg>
<doc>Creates and returns a dictionary based on the given ``items``.</doc>
<status status="PASS" start="2025-10-03T16:19:06.670920" elapsed="0.000917"/>
</kw>
<kw name="POST Endpoint /auth/register" owner="cadastrar_usuario">
<kw name="Create Dictionary" owner="BuiltIn">
<msg time="2025-10-03T16:19:06.676500" level="INFO">&amp;{header} = { Content-Type=application/json }</msg>
<var>&amp;{header}</var>
<arg>Content-Type=application/json</arg>
<doc>Creates and returns a dictionary based on the given ``items``.</doc>
<status status="PASS" start="2025-10-03T16:19:06.675654" elapsed="0.001138"/>
</kw>
<kw name="Create Dictionary" owner="BuiltIn">
<msg time="2025-10-03T16:19:06.681191" level="INFO">${payload} = {'name': ' Lex Luthr', 'email': 'lex.luthor@lexcorp.com', 'password': 'pwd12345'}</msg>
<var>${payload}</var>
<arg>name=${name}</arg>
<arg>email=${email}</arg>
<arg>password=${password}</arg>
<doc>Creates and returns a dictionary based on the given ``items``.</doc>
<status status="PASS" start="2025-10-03T16:19:06.680309" elapsed="0.002263"/>
</kw>
<kw name="POST On Session" owner="RequestsLibrary">
<msg time="2025-10-03T16:19:06.692898" level="INFO">POST Request : url=http://localhost:3000/api/v1/auth/register 
 path_url=/api/v1/auth/register 
 headers={'User-Agent': 'python-requests/2.32.5', 'Accept-Encoding': 'gzip, deflate', 'Accept': '*/*', 'Connection': 'keep-alive', 'Content-Type': 'application/json', 'Content-Length': '81'} 
 body=b'{"name": " Lex Luthr", "email": "lex.luthor@lexcorp.com", "password": "pwd12345"}' 
 </msg>
<msg time="2025-10-03T16:19:06.695452" level="INFO">POST Response : url=http://localhost:3000/api/v1/auth/register 
 status=400, reason=Bad Request 
 headers={'X-Powered-By': 'Express', 'Access-Control-Allow-Origin': '*', 'Content-Type': 'application/json; charset=utf-8', 'Content-Length': '49', 'ETag': 'W/"31-WKEMg8zALB1Ko0WjUHi/6RBGHVc"', 'Date': 'Fri, 03 Oct 2025 19:19:06 GMT', 'Connection': 'keep-alive', 'Keep-Alive': 'timeout=5'} 
 body={"success":false,"message":"User already exists"} 
 </msg>
<msg time="2025-10-03T16:19:06.695841" level="INFO">${response} = &lt;Response [400]&gt;</msg>
<var>${response}</var>
<arg>CinemaApp</arg>
<arg>url=/auth/register</arg>
<arg>json=${payload}</arg>
<arg>headers=${header}</arg>
<arg>expected_status=any</arg>
<doc>Sends a POST request on a previously created HTTP Session.</doc>
<status status="PASS" start="2025-10-03T16:19:06.683046" elapsed="0.012995"/>
</kw>
<kw name="Set Global Variable" owner="BuiltIn">
<msg time="2025-10-03T16:19:06.697307" level="INFO">${response} = &lt;Response [400]&gt;</msg>
<arg>${response}</arg>
<doc>Makes a variable available globally in all tests and suites.</doc>
<status status="PASS" start="2025-10-03T16:19:06.696565" elapsed="0.000981"/>
</kw>
<kw name="Log" owner="BuiltIn">
<msg time="2025-10-03T16:19:06.700008" level="INFO">{"success":false,"message":"User already exists"}</msg>
<arg>${response.content}</arg>
<doc>Logs the given message with the given level.</doc>
<status status="PASS" start="2025-10-03T16:19:06.697935" elapsed="0.002385"/>
</kw>
<kw name="Log" owner="BuiltIn">
<msg time="2025-10-03T16:19:06.703174" level="INFO">400</msg>
<arg>${response.status_code}</arg>
<doc>Logs the given message with the given level.</doc>
<status status="PASS" start="2025-10-03T16:19:06.700783" elapsed="0.002721"/>
</kw>
<arg>${admin_user}[name]</arg>
<arg>${admin_user}[email]</arg>
<arg>${admin_user}[password]</arg>
<status status="PASS" start="2025-10-03T16:19:06.672377" elapsed="0.031420"/>
</kw>
<kw name="POST Endpoint /auth/login" owner="fazerLoginKeywords">
<kw name="Create Dictionary" owner="BuiltIn">
<msg time="2025-10-03T16:19:06.714295" level="INFO">${payload} = {'email': 'lex.luthor@lexcorp.com', 'password': 'pwd12345'}</msg>
<var>${payload}</var>
<arg>email=${email}</arg>
<arg>password=${password}</arg>
<doc>Creates and returns a dictionary based on the given ``items``.</doc>
<status status="PASS" start="2025-10-03T16:19:06.713413" elapsed="0.001158"/>
</kw>
<kw name="POST On Session" owner="RequestsLibrary">
<msg time="2025-10-03T16:19:06.874978" level="INFO">POST Request : url=http://localhost:3000/api/v1/auth/login 
 path_url=/api/v1/auth/login 
 headers={'User-Agent': 'python-requests/2.32.5', 'Accept-Encoding': 'gzip, deflate', 'Accept': '*/*', 'Connection': 'keep-alive', 'Content-Length': '59', 'Content-Type': 'application/json'} 
 body=b'{"email": "lex.luthor@lexcorp.com", "password": "pwd12345"}' 
 </msg>
<msg time="2025-10-03T16:19:06.875458" level="INFO">POST Response : url=http://localhost:3000/api/v1/auth/login 
 status=200, reason=OK 
 headers={'X-Powered-By': 'Express', 'Access-Control-Allow-Origin': '*', 'Content-Type': 'application/json; charset=utf-8', 'Content-Length': '308', 'ETag': 'W/"134-Z0T6qMsGanuZL8VRg/2glX8M3lY"', 'Date': 'Fri, 03 Oct 2025 19:19:06 GMT', 'Connection': 'keep-alive', 'Keep-Alive': 'timeout=5'} 
 body={"success":true,"data":{"_id":"68dd5eeb21ab0711adb801cc","name":"Lex Luthor","email":"lex.luthor@lexcorp.com","role":"admin","token":"eyJhbGciOiJIUzI1NiIsInR5cCI6IkpXVCJ9.eyJpZCI6IjY4ZGQ1ZWViMjFhYjA3MTFhZGI4MDFjYyIsImlhdCI6MTc1OTUxOTE0NiwiZXhwIjoxNzU5NjA1NTQ2fQ.PXfrx6p0miFY8j9h4VYa9tBvd6qIn6cSrG-eQQL6QJg"}} 
 </msg>
<msg time="2025-10-03T16:19:06.875890" level="INFO">${response} = &lt;Response [200]&gt;</msg>
<var>${response}</var>
<arg>alias=CinemaApp</arg>
<arg>url=/auth/login</arg>
<arg>json=${payload}</arg>
<arg>expected_status=any</arg>
<doc>Sends a POST request on a previously created HTTP Session.</doc>
<status status="PASS" start="2025-10-03T16:19:06.715042" elapsed="0.161096"/>
</kw>
<kw name="Set Global Variable" owner="BuiltIn">
<msg time="2025-10-03T16:19:06.883554" level="INFO">${response} = &lt;Response [200]&gt;</msg>
<arg>${response}</arg>
<doc>Makes a variable available globally in all tests and suites.</doc>
<status status="PASS" start="2025-10-03T16:19:06.876723" elapsed="0.007308"/>
</kw>
<kw name="Run Keyword If" owner="BuiltIn">
<kw name="Extract JWT" owner="fazerLoginKeywords">
<kw name="Set Variable" owner="BuiltIn">
<msg time="2025-10-03T16:19:06.902180" level="INFO">${token} = eyJhbGciOiJIUzI1NiIsInR5cCI6IkpXVCJ9.eyJpZCI6IjY4ZGQ1ZWViMjFhYjA3MTFhZGI4MDFjYyIsImlhdCI6MTc1OTUxOTE0NiwiZXhwIjoxNzU5NjA1NTQ2fQ.PXfrx6p0miFY8j9h4VYa9tBvd6qIn6cSrG-eQQL6QJg</msg>
<var>${token}</var>
<arg>${response.json()['data']['token']}</arg>
<doc>Returns the given values which can then be assigned to a variables.</doc>
<status status="PASS" start="2025-10-03T16:19:06.894339" elapsed="0.008220"/>
</kw>
<kw name="Log" owner="BuiltIn">
<msg time="2025-10-03T16:19:06.903588" level="INFO">Token obtido: eyJhbGciOiJIUzI1NiIsInR5cCI6IkpXVCJ9.eyJpZCI6IjY4ZGQ1ZWViMjFhYjA3MTFhZGI4MDFjYyIsImlhdCI6MTc1OTUxOTE0NiwiZXhwIjoxNzU5NjA1NTQ2fQ.PXfrx6p0miFY8j9h4VYa9tBvd6qIn6cSrG-eQQL6QJg</msg>
<arg>Token obtido: ${token}</arg>
<doc>Logs the given message with the given level.</doc>
<status status="PASS" start="2025-10-03T16:19:06.903093" elapsed="0.000836"/>
</kw>
<kw name="Set Global Variable" owner="BuiltIn">
<msg time="2025-10-03T16:19:06.905286" level="INFO">${token} = eyJhbGciOiJIUzI1NiIsInR5cCI6IkpXVCJ9.eyJpZCI6IjY4ZGQ1ZWViMjFhYjA3MTFhZGI4MDFjYyIsImlhdCI6MTc1OTUxOTE0NiwiZXhwIjoxNzU5NjA1NTQ2fQ.PXfrx6p0miFY8j9h4VYa9tBvd6qIn6cSrG-eQQL6QJg</msg>
<arg>${token}</arg>
<doc>Makes a variable available globally in all tests and suites.</doc>
<status status="PASS" start="2025-10-03T16:19:06.904457" elapsed="0.001149"/>
</kw>
<status status="PASS" start="2025-10-03T16:19:06.893331" elapsed="0.012573"/>
</kw>
<arg>${response.status_code} == 200</arg>
<arg>Extract JWT</arg>
<doc>Runs the given keyword with the given arguments, if ``condition`` is true.</doc>
<status status="PASS" start="2025-10-03T16:19:06.884770" elapsed="0.021394"/>
</kw>
<kw name="Log" owner="BuiltIn">
<msg time="2025-10-03T16:19:06.910961" level="INFO">{"success":true,"data":{"_id":"68dd5eeb21ab0711adb801cc","name":"Lex Luthor","email":"lex.luthor@lexcorp.com","role":"admin","token":"eyJhbGciOiJIUzI1NiIsInR5cCI6IkpXVCJ9.eyJpZCI6IjY4ZGQ1ZWViMjFhYjA3MTFhZGI4MDFjYyIsImlhdCI6MTc1OTUxOTE0NiwiZXhwIjoxNzU5NjA1NTQ2fQ.PXfrx6p0miFY8j9h4VYa9tBvd6qIn6cSrG-eQQL6QJg"}}</msg>
<arg>${response.content}</arg>
<doc>Logs the given message with the given level.</doc>
<status status="PASS" start="2025-10-03T16:19:06.906635" elapsed="0.004752"/>
</kw>
<arg>${admin_user}[email]</arg>
<arg>${admin_user}[password]</arg>
<status status="PASS" start="2025-10-03T16:19:06.710241" elapsed="0.201589"/>
</kw>
<kw name="Set Global Variable" owner="BuiltIn">
<msg time="2025-10-03T16:19:06.914329" level="INFO">${admin_user} = {'name': ' Lex Luthr', 'email': 'lex.luthor@lexcorp.com', 'password': 'pwd12345'}</msg>
<arg>${admin_user}</arg>
<doc>Makes a variable available globally in all tests and suites.</doc>
<status status="PASS" start="2025-10-03T16:19:06.913318" elapsed="0.001453"/>
</kw>
<status status="PASS" start="2025-10-03T16:19:06.670169" elapsed="0.244978"/>
</kw>
<kw name="POST Endpoint /theaters" owner="createTheaterKeywords">
<kw name="Create Dictionary" owner="BuiltIn">
<msg time="2025-10-03T16:19:06.918077" level="INFO">&amp;{header} = { Content-Type=application/json | Authorization=Bearer eyJhbGciOiJIUzI1NiIsInR5cCI6IkpXVCJ9.eyJpZCI6IjY4ZGQ1ZWViMjFhYjA3MTFhZGI4MDFjYyIsImlhdCI6MTc1OTUxOTE0NiwiZXhwIjoxNzU5NjA1NTQ2fQ.PXfrx6p0miFY8j9h4...</msg>
<var>&amp;{header}</var>
<arg>Content-Type=application/json</arg>
<arg>Authorization=Bearer ${token}</arg>
<doc>Creates and returns a dictionary based on the given ``items``.</doc>
<status status="PASS" start="2025-10-03T16:19:06.917119" elapsed="0.002328"/>
</kw>
<kw name="Create Dictionary" owner="BuiltIn">
<msg time="2025-10-03T16:19:06.920931" level="INFO">${payload} = {'name': 'Sala - 005', 'capacity': 90, 'type': 'IMAX'}</msg>
<var>${payload}</var>
<arg>name=${name}</arg>
<arg>capacity=${capacity}</arg>
<arg>type=${type}</arg>
<doc>Creates and returns a dictionary based on the given ``items``.</doc>
<status status="PASS" start="2025-10-03T16:19:06.919995" elapsed="0.001203"/>
</kw>
<kw name="POST On Session" owner="RequestsLibrary">
<msg time="2025-10-03T16:19:06.936847" level="INFO">POST Request : url=http://localhost:3000/api/v1/theaters 
 path_url=/api/v1/theaters 
 headers={'User-Agent': 'python-requests/2.32.5', 'Accept-Encoding': 'gzip, deflate', 'Accept': '*/*', 'Connection': 'keep-alive', 'Content-Type': 'application/json', 'Authorization': 'Bearer eyJhbGciOiJIUzI1NiIsInR5cCI6IkpXVCJ9.eyJpZCI6IjY4ZGQ1ZWViMjFhYjA3MTFhZGI4MDFjYyIsImlhdCI6MTc1OTUxOTE0NiwiZXhwIjoxNzU5NjA1NTQ2fQ.PXfrx6p0miFY8j9h4VYa9tBvd6qIn6cSrG-eQQL6QJg', 'Content-Length': '54'} 
 body=b'{"name": "Sala - 005", "capacity": 90, "type": "IMAX"}' 
 </msg>
<msg time="2025-10-03T16:19:06.937299" level="INFO">POST Response : url=http://localhost:3000/api/v1/theaters 
 status=201, reason=Created 
 headers={'X-Powered-By': 'Express', 'Access-Control-Allow-Origin': '*', 'Content-Type': 'application/json; charset=utf-8', 'Content-Length': '224', 'ETag': 'W/"e0-bFvlcRiRuaFfO+zaRD/jWTyuZQA"', 'Date': 'Fri, 03 Oct 2025 19:19:06 GMT', 'Connection': 'keep-alive', 'Keep-Alive': 'timeout=5'} 
 body={"success":true,"data":{"name":"Sala - 005","capacity":90,"type":"IMAX","_id":"68e021aac0b485c13e7b4db0","createdAt":"2025-10-03T19:19:06.933Z","updatedAt":"2025-10-03T19:19:06.933Z","__v":0,"id":"68e021aac0b485c13e7b4db0"}} 
 </msg>
<msg time="2025-10-03T16:19:06.937752" level="INFO">${response} = &lt;Response [201]&gt;</msg>
<var>${response}</var>
<arg>CinemaApp</arg>
<arg>url=/theaters</arg>
<arg>json=${payload}</arg>
<arg>headers=${header}</arg>
<arg>expected_status=any</arg>
<doc>Sends a POST request on a previously created HTTP Session.</doc>
<status status="PASS" start="2025-10-03T16:19:06.921640" elapsed="0.016310"/>
</kw>
<kw name="Log" owner="BuiltIn">
<msg time="2025-10-03T16:19:06.940615" level="INFO">{"success":true,"data":{"name":"Sala - 005","capacity":90,"type":"IMAX","_id":"68e021aac0b485c13e7b4db0","createdAt":"2025-10-03T19:19:06.933Z","updatedAt":"2025-10-03T19:19:06.933Z","__v":0,"id":"68e021aac0b485c13e7b4db0"}}</msg>
<arg>${response.content}</arg>
<doc>Logs the given message with the given level.</doc>
<status status="PASS" start="2025-10-03T16:19:06.938468" elapsed="0.003512"/>
</kw>
<arg>${theater}[name]</arg>
<arg>${theater}[capacity]</arg>
<arg>${theater}[type]</arg>
<status status="PASS" start="2025-10-03T16:19:06.915742" elapsed="0.026593"/>
</kw>
<arg>${theater}</arg>
<status status="PASS" start="2025-10-03T16:19:06.669203" elapsed="0.275039"/>
</kw>
<kw name="Pegar ID de uma Sala" owner="common">
<kw name="Get Theater by Name" owner="database">
<msg time="2025-10-03T16:19:06.953298" level="INFO">${theater_data} = {'_id': '68e021aac0b485c13e7b4db0', 'name': 'Sala - 005', 'capacity': 90, 'type': 'IMAX', 'createdAt': datetime.datetime(2025, 10, 3, 19, 19, 6, 933000), 'updatedAt': datetime.datetime(2025, 10, 3, 19...</msg>
<var>${theater_data}</var>
<arg>${theater}[name]</arg>
<status status="PASS" start="2025-10-03T16:19:06.948627" elapsed="0.005067"/>
</kw>
<kw name="Should Not Be Equal" owner="BuiltIn">
<msg time="2025-10-03T16:19:06.955691" level="INFO">Argument types are:
&lt;class 'dict'&gt;
&lt;class 'NoneType'&gt;</msg>
<arg>${theater_data}</arg>
<arg>${None}</arg>
<arg>Theater not found in database</arg>
<doc>Fails if the given objects are equal.</doc>
<status status="PASS" start="2025-10-03T16:19:06.954887" elapsed="0.001159"/>
</kw>
<kw name="Set Variable" owner="BuiltIn">
<msg time="2025-10-03T16:19:06.957007" level="INFO">${theater_id} = 68e021aac0b485c13e7b4db0</msg>
<var>${theater_id}</var>
<arg>${theater_data}[_id]</arg>
<doc>Returns the given values which can then be assigned to a variables.</doc>
<status status="PASS" start="2025-10-03T16:19:06.956527" elapsed="0.000684"/>
</kw>
<kw name="Set Global Variable" owner="BuiltIn">
<msg time="2025-10-03T16:19:06.957909" level="INFO">${theater_id} = 68e021aac0b485c13e7b4db0</msg>
<arg>${theater_id}</arg>
<doc>Makes a variable available globally in all tests and suites.</doc>
<status status="PASS" start="2025-10-03T16:19:06.957514" elapsed="0.000554"/>
</kw>
<arg>${theater}</arg>
<status status="PASS" start="2025-10-03T16:19:06.944881" elapsed="0.013364"/>
</kw>
<kw name="Log" owner="BuiltIn">
<msg time="2025-10-03T16:19:06.960665" level="INFO">Theater ID: 68e021aac0b485c13e7b4db0</msg>
<arg>Theater ID: ${theater_id}</arg>
<doc>Logs the given message with the given level.</doc>
<status status="PASS" start="2025-10-03T16:19:06.960183" elapsed="0.000779"/>
</kw>
<return>
<value>${theater}</value>
<status status="PASS" start="2025-10-03T16:19:06.961202" elapsed="0.000204"/>
</return>
<msg time="2025-10-03T16:19:06.961834" level="INFO">${theater} = {'name': 'Sala - 005', 'capacity': 90, 'type': 'IMAX'}</msg>
<var>${theater}</var>
<arg>${reservation_data}[theaterIndex]</arg>
<status status="PASS" start="2025-10-03T16:19:06.657348" elapsed="0.304633"/>
</kw>
<kw name="Create Dictionary" owner="BuiltIn">
<msg time="2025-10-03T16:19:06.963044" level="INFO">${session} = {'movie': '68e021aac0b485c13e7b4dab', 'theater': '68e021aac0b485c13e7b4db0', 'datetime': '2025-10-02T18:32:36.261Z', 'fullPrice': 20, 'halfPrice': 10}</msg>
<var>${session}</var>
<arg>movie=${movie_id}</arg>
<arg>theater=${theater_id}</arg>
<arg>datetime=${reservation_data}[session][datetime]</arg>
<arg>fullPrice=${reservation_data}[session][fullPrice]</arg>
<arg>halfPrice=${reservation_data}[session][halfPrice]</arg>
<doc>Creates and returns a dictionary based on the given ``items``.</doc>
<status status="PASS" start="2025-10-03T16:19:06.962285" elapsed="0.000925"/>
</kw>
<kw name="Remove Session By Theater And Date" owner="database">
<msg time="2025-10-03T16:19:06.975535" level="INFO">Searching for sessions to delete with theater_id: 68e021aac0b485c13e7b4db0 and datetime: 2025-10-02T18:32:36.261Z
Sessions found to delete: 0
No sessions found with theater_id: 68e021aac0b485c13e7b4db0 and datetime: 2025-10-02T18:32:36.261Z
Existing sessions: [{'_id': ObjectId('68dab7c8732acebb54566cbb'), 'theater': ObjectId('68dab7c8732acebb54566cb7'), 'datetime': datetime.datetime(2025, 9, 29, 15, 0)}, {'_id': ObjectId('68dab7c8732acebb54566cbc'), 'theater': ObjectId('68dab7c8732acebb54566cb7'), 'datetime': datetime.datetime(2025, 9, 29, 19, 0)}, {'_id': ObjectId('68dab7c8732acebb54566cbd'), 'theater': ObjectId('68dab7c8732acebb54566cb8'), 'datetime': datetime.datetime(2025, 9, 29, 15, 0)}, {'_id': ObjectId('68dab7c8732acebb54566cbe'), 'theater': ObjectId('68dab7c8732acebb54566cb8'), 'datetime': datetime.datetime(2025, 9, 29, 19, 0)}, {'_id': ObjectId('68dab7c8732acebb54566cbf'), 'theater': ObjectId('68dab7c8732acebb54566cb8'), 'datetime': datetime.datetime(2025, 9, 29, 23, 0)}, {'_id': ObjectId('68dab7c8732acebb54566cc0'), 'theater': ObjectId('68dab7c8732acebb54566cb9'), 'datetime': datetime.datetime(2025, 9, 29, 15, 0)}, {'_id': ObjectId('68dab7c8732acebb54566cc1'), 'theater': ObjectId('68dab7c8732acebb54566cb9'), 'datetime': datetime.datetime(2025, 9, 29, 19, 0)}, {'_id': ObjectId('68dab7c8732acebb54566cc2'), 'theater': ObjectId('68dab7c8732acebb54566cb7'), 'datetime': datetime.datetime(2025, 9, 29, 15, 0)}, {'_id': ObjectId('68dab7c8732acebb54566cc3'), 'theater': ObjectId('68dab7c8732acebb54566cb7'), 'datetime': datetime.datetime(2025, 9, 29, 19, 0)}, {'_id': ObjectId('68dab7c8732acebb54566cc4'), 'theater': ObjectId('68dab7c8732acebb54566cb7'), 'datetime': datetime.datetime(2025, 9, 29, 23, 0)}, {'_id': ObjectId('68dab7c8732acebb54566cc5'), 'theater': ObjectId('68dab7c8732acebb54566cb8'), 'datetime': datetime.datetime(2025, 9, 29, 15, 0)}, {'_id': ObjectId('68dab7c8732acebb54566cc6'), 'theater': ObjectId('68dab7c8732acebb54566cb8'), 'datetime': datetime.datetime(2025, 9, 29, 19, 0)}, {'_id': ObjectId('68dab7c8732acebb54566cc7'), 'theater': ObjectId('68dab7c8732acebb54566cb9'), 'datetime': datetime.datetime(2025, 9, 29, 15, 0)}, {'_id': ObjectId('68dab7c8732acebb54566cc8'), 'theater': ObjectId('68dab7c8732acebb54566cb9'), 'datetime': datetime.datetime(2025, 9, 29, 19, 0)}, {'_id': ObjectId('68dab7c8732acebb54566cc9'), 'theater': ObjectId('68dab7c8732acebb54566cb9'), 'datetime': datetime.datetime(2025, 9, 29, 23, 0)}, {'_id': ObjectId('68dab7c8732acebb54566cca'), 'theater': ObjectId('68dab7c8732acebb54566cb7'), 'datetime': datetime.datetime(2025, 9, 29, 15, 0)}, {'_id': ObjectId('68dab7c8732acebb54566ccb'), 'theater': ObjectId('68dab7c8732acebb54566cb7'), 'datetime': datetime.datetime(2025, 9, 29, 19, 0)}, {'_id': ObjectId('68dab7c8732acebb54566ccc'), 'theater': ObjectId('68dab7c8732acebb54566cb7'), 'datetime': datetime.datetime(2025, 9, 29, 23, 0)}, {'_id': ObjectId('68dab7c8732acebb54566ccd'), 'theater': ObjectId('68dab7c8732acebb54566cb8'), 'datetime': datetime.datetime(2025, 9, 29, 15, 0)}, {'_id': ObjectId('68dab7c8732acebb54566cce'), 'theater': ObjectId('68dab7c8732acebb54566cb8'), 'datetime': datetime.datetime(2025, 9, 29, 19, 0)}, {'_id': ObjectId('68dab7c8732acebb54566ccf'), 'theater': ObjectId('68dab7c8732acebb54566cb9'), 'datetime': datetime.datetime(2025, 9, 29, 15, 0)}, {'_id': ObjectId('68dab7c8732acebb54566cd0'), 'theater': ObjectId('68dab7c8732acebb54566cb9'), 'datetime': datetime.datetime(2025, 9, 29, 19, 0)}, {'_id': ObjectId('68dab7c8732acebb54566cd1'), 'theater': ObjectId('68dab7c8732acebb54566cb9'), 'datetime': datetime.datetime(2025, 9, 29, 23, 0)}, {'_id': ObjectId('68dab7c8732acebb54566cd2'), 'theater': ObjectId('68dab7c8732acebb54566cb7'), 'datetime': datetime.datetime(2025, 9, 30, 15, 0)}, {'_id': ObjectId('68dab7c8732acebb54566cd3'), 'theater': ObjectId('68dab7c8732acebb54566cb7'), 'datetime': datetime.datetime(2025, 9, 30, 19, 0)}, {'_id': ObjectId('68dab7c8732acebb54566cd4'), 'theater': ObjectId('68dab7c8732acebb54566cb8'), 'datetime': datetime.datetime(2025, 9, 30, 15, 0)}, {'_id': ObjectId('68dab7c8732acebb54566cd5'), 'theater': ObjectId('68dab7c8732acebb54566cb8'), 'datetime': datetime.datetime(2025, 9, 30, 19, 0)}, {'_id': ObjectId('68dab7c8732acebb54566cd6'), 'theater': ObjectId('68dab7c8732acebb54566cb8'), 'datetime': datetime.datetime(2025, 9, 30, 23, 0)}, {'_id': ObjectId('68dab7c8732acebb54566cd7'), 'theater': ObjectId('68dab7c8732acebb54566cb9'), 'datetime': datetime.datetime(2025, 9, 30, 15, 0)}, {'_id': ObjectId('68dab7c8732acebb54566cd8'), 'theater': ObjectId('68dab7c8732acebb54566cb9'), 'datetime': datetime.datetime(2025, 9, 30, 19, 0)}, {'_id': ObjectId('68dab7c8732acebb54566cd9'), 'theater': ObjectId('68dab7c8732acebb54566cb9'), 'datetime': datetime.datetime(2025, 9, 30, 23, 0)}, {'_id': ObjectId('68dab7c8732acebb54566cda'), 'theater': ObjectId('68dab7c8732acebb54566cb7'), 'datetime': datetime.datetime(2025, 9, 30, 15, 0)}, {'_id': ObjectId('68dab7c8732acebb54566cdb'), 'theater': ObjectId('68dab7c8732acebb54566cb7'), 'datetime': datetime.datetime(2025, 9, 30, 19, 0)}, {'_id': ObjectId('68dab7c8732acebb54566cdc'), 'theater': ObjectId('68dab7c8732acebb54566cb7'), 'datetime': datetime.datetime(2025, 9, 30, 23, 0)}, {'_id': ObjectId('68dab7c8732acebb54566cdd'), 'theater': ObjectId('68dab7c8732acebb54566cb8'), 'datetime': datetime.datetime(2025, 9, 30, 15, 0)}, {'_id': ObjectId('68dab7c8732acebb54566cde'), 'theater': ObjectId('68dab7c8732acebb54566cb8'), 'datetime': datetime.datetime(2025, 9, 30, 19, 0)}, {'_id': ObjectId('68dab7c8732acebb54566cdf'), 'theater': ObjectId('68dab7c8732acebb54566cb9'), 'datetime': datetime.datetime(2025, 9, 30, 15, 0)}, {'_id': ObjectId('68dab7c8732acebb54566ce0'), 'theater': ObjectId('68dab7c8732acebb54566cb9'), 'datetime': datetime.datetime(2025, 9, 30, 19, 0)}, {'_id': ObjectId('68dab7c8732acebb54566ce1'), 'theater': ObjectId('68dab7c8732acebb54566cb9'), 'datetime': datetime.datetime(2025, 9, 30, 23, 0)}, {'_id': ObjectId('68dab7c8732acebb54566ce2'), 'theater': ObjectId('68dab7c8732acebb54566cb7'), 'datetime': datetime.datetime(2025, 9, 30, 15, 0)}, {'_id': ObjectId('68dab7c8732acebb54566ce3'), 'theater': ObjectId('68dab7c8732acebb54566cb7'), 'datetime': datetime.datetime(2025, 9, 30, 19, 0)}, {'_id': ObjectId('68dab7c8732acebb54566ce4'), 'theater': ObjectId('68dab7c8732acebb54566cb8'), 'datetime': datetime.datetime(2025, 9, 30, 15, 0)}, {'_id': ObjectId('68dab7c8732acebb54566ce5'), 'theater': ObjectId('68dab7c8732acebb54566cb8'), 'datetime': datetime.datetime(2025, 9, 30, 19, 0)}, {'_id': ObjectId('68dab7c8732acebb54566ce6'), 'theater': ObjectId('68dab7c8732acebb54566cb8'), 'datetime': datetime.datetime(2025, 9, 30, 23, 0)}, {'_id': ObjectId('68dab7c8732acebb54566ce7'), 'theater': ObjectId('68dab7c8732acebb54566cb9'), 'datetime': datetime.datetime(2025, 9, 30, 15, 0)}, {'_id': ObjectId('68dab7c8732acebb54566ce8'), 'theater': ObjectId('68dab7c8732acebb54566cb9'), 'datetime': datetime.datetime(2025, 9, 30, 19, 0)}, {'_id': ObjectId('68dab7c8732acebb54566ce9'), 'theater': ObjectId('68dab7c8732acebb54566cb7'), 'datetime': datetime.datetime(2025, 10, 1, 15, 0)}, {'_id': ObjectId('68dab7c8732acebb54566cea'), 'theater': ObjectId('68dab7c8732acebb54566cb7'), 'datetime': datetime.datetime(2025, 10, 1, 19, 0)}, {'_id': ObjectId('68dab7c8732acebb54566ceb'), 'theater': ObjectId('68dab7c8732acebb54566cb8'), 'datetime': datetime.datetime(2025, 10, 1, 15, 0)}, {'_id': ObjectId('68dab7c8732acebb54566cec'), 'theater': ObjectId('68dab7c8732acebb54566cb8'), 'datetime': datetime.datetime(2025, 10, 1, 19, 0)}, {'_id': ObjectId('68dab7c8732acebb54566ced'), 'theater': ObjectId('68dab7c8732acebb54566cb9'), 'datetime': datetime.datetime(2025, 10, 1, 15, 0)}, {'_id': ObjectId('68dab7c8732acebb54566cee'), 'theater': ObjectId('68dab7c8732acebb54566cb9'), 'datetime': datetime.datetime(2025, 10, 1, 19, 0)}, {'_id': ObjectId('68dab7c8732acebb54566cef'), 'theater': ObjectId('68dab7c8732acebb54566cb7'), 'datetime': datetime.datetime(2025, 10, 1, 15, 0)}, {'_id': ObjectId('68dab7c8732acebb54566cf0'), 'theater': ObjectId('68dab7c8732acebb54566cb7'), 'datetime': datetime.datetime(2025, 10, 1, 19, 0)}, {'_id': ObjectId('68dab7c8732acebb54566cf1'), 'theater': ObjectId('68dab7c8732acebb54566cb7'), 'datetime': datetime.datetime(2025, 10, 1, 23, 0)}, {'_id': ObjectId('68dab7c8732acebb54566cf2'), 'theater': ObjectId('68dab7c8732acebb54566cb8'), 'datetime': datetime.datetime(2025, 10, 1, 15, 0)}, {'_id': ObjectId('68dab7c8732acebb54566cf3'), 'theater': ObjectId('68dab7c8732acebb54566cb8'), 'datetime': datetime.datetime(2025, 10, 1, 19, 0)}, {'_id': ObjectId('68dab7c8732acebb54566cf4'), 'theater': ObjectId('68dab7c8732acebb54566cb8'), 'datetime': datetime.datetime(2025, 10, 1, 23, 0)}, {'_id': ObjectId('68dab7c8732acebb54566cf5'), 'theater': ObjectId('68dab7c8732acebb54566cb9'), 'datetime': datetime.datetime(2025, 10, 1, 15, 0)}, {'_id': ObjectId('68dab7c8732acebb54566cf6'), 'theater': ObjectId('68dab7c8732acebb54566cb9'), 'datetime': datetime.datetime(2025, 10, 1, 19, 0)}, {'_id': ObjectId('68dab7c8732acebb54566cf7'), 'theater': ObjectId('68dab7c8732acebb54566cb9'), 'datetime': datetime.datetime(2025, 10, 1, 23, 0)}, {'_id': ObjectId('68dab7c8732acebb54566cf8'), 'theater': ObjectId('68dab7c8732acebb54566cb7'), 'datetime': datetime.datetime(2025, 10, 1, 15, 0)}, {'_id': ObjectId('68dab7c8732acebb54566cf9'), 'theater': ObjectId('68dab7c8732acebb54566cb7'), 'datetime': datetime.datetime(2025, 10, 1, 19, 0)}, {'_id': ObjectId('68dab7c8732acebb54566cfa'), 'theater': ObjectId('68dab7c8732acebb54566cb7'), 'datetime': datetime.datetime(2025, 10, 1, 23, 0)}, {'_id': ObjectId('68dab7c8732acebb54566cfb'), 'theater': ObjectId('68dab7c8732acebb54566cb8'), 'datetime': datetime.datetime(2025, 10, 1, 15, 0)}, {'_id': ObjectId('68dab7c8732acebb54566cfc'), 'theater': ObjectId('68dab7c8732acebb54566cb8'), 'datetime': datetime.datetime(2025, 10, 1, 19, 0)}, {'_id': ObjectId('68dab7c8732acebb54566cfd'), 'theater': ObjectId('68dab7c8732acebb54566cb8'), 'datetime': datetime.datetime(2025, 10, 1, 23, 0)}, {'_id': ObjectId('68dab7c8732acebb54566cfe'), 'theater': ObjectId('68dab7c8732acebb54566cb9'), 'datetime': datetime.datetime(2025, 10, 1, 15, 0)}, {'_id': ObjectId('68dab7c8732acebb54566cff'), 'theater': ObjectId('68dab7c8732acebb54566cb9'), 'datetime': datetime.datetime(2025, 10, 1, 19, 0)}, {'_id': ObjectId('68dab7c8732acebb54566d00'), 'theater': ObjectId('68dab7c8732acebb54566cb9'), 'datetime': datetime.datetime(2025, 10, 1, 23, 0)}, {'_id': ObjectId('68dab7c8732acebb54566d01'), 'theater': ObjectId('68dab7c8732acebb54566cb7'), 'datetime': datetime.datetime(2025, 10, 2, 15, 0)}, {'_id': ObjectId('68dab7c8732acebb54566d02'), 'theater': ObjectId('68dab7c8732acebb54566cb7'), 'datetime': datetime.datetime(2025, 10, 2, 19, 0)}, {'_id': ObjectId('68dab7c8732acebb54566d03'), 'theater': ObjectId('68dab7c8732acebb54566cb8'), 'datetime': datetime.datetime(2025, 10, 2, 15, 0)}, {'_id': ObjectId('68dab7c8732acebb54566d04'), 'theater': ObjectId('68dab7c8732acebb54566cb8'), 'datetime': datetime.datetime(2025, 10, 2, 19, 0)}, {'_id': ObjectId('68dab7c8732acebb54566d05'), 'theater': ObjectId('68dab7c8732acebb54566cb9'), 'datetime': datetime.datetime(2025, 10, 2, 15, 0)}, {'_id': ObjectId('68dab7c8732acebb54566d06'), 'theater': ObjectId('68dab7c8732acebb54566cb9'), 'datetime': datetime.datetime(2025, 10, 2, 19, 0)}, {'_id': ObjectId('68dab7c8732acebb54566d07'), 'theater': ObjectId('68dab7c8732acebb54566cb7'), 'datetime': datetime.datetime(2025, 10, 2, 15, 0)}, {'_id': ObjectId('68dab7c8732acebb54566d08'), 'theater': ObjectId('68dab7c8732acebb54566cb7'), 'datetime': datetime.datetime(2025, 10, 2, 19, 0)}, {'_id': ObjectId('68dab7c8732acebb54566d09'), 'theater': ObjectId('68dab7c8732acebb54566cb8'), 'datetime': datetime.datetime(2025, 10, 2, 15, 0)}, {'_id': ObjectId('68dab7c8732acebb54566d0a'), 'theater': ObjectId('68dab7c8732acebb54566cb8'), 'datetime': datetime.datetime(2025, 10, 2, 19, 0)}, {'_id': ObjectId('68dab7c8732acebb54566d0b'), 'theater': ObjectId('68dab7c8732acebb54566cb8'), 'datetime': datetime.datetime(2025, 10, 2, 23, 0)}, {'_id': ObjectId('68dab7c8732acebb54566d0c'), 'theater': ObjectId('68dab7c8732acebb54566cb9'), 'datetime': datetime.datetime(2025, 10, 2, 15, 0)}, {'_id': ObjectId('68dab7c8732acebb54566d0d'), 'theater': ObjectId('68dab7c8732acebb54566cb9'), 'datetime': datetime.datetime(2025, 10, 2, 19, 0)}, {'_id': ObjectId('68dab7c8732acebb54566d0e'), 'theater': ObjectId('68dab7c8732acebb54566cb7'), 'datetime': datetime.datetime(2025, 10, 2, 15, 0)}, {'_id': ObjectId('68dab7c8732acebb54566d0f'), 'theater': ObjectId('68dab7c8732acebb54566cb7'), 'datetime': datetime.datetime(2025, 10, 2, 19, 0)}, {'_id': ObjectId('68dab7c8732acebb54566d10'), 'theater': ObjectId('68dab7c8732acebb54566cb7'), 'datetime': datetime.datetime(2025, 10, 2, 23, 0)}, {'_id': ObjectId('68dab7c8732acebb54566d11'), 'theater': ObjectId('68dab7c8732acebb54566cb8'), 'datetime': datetime.datetime(2025, 10, 2, 15, 0)}, {'_id': ObjectId('68dab7c8732acebb54566d12'), 'theater': ObjectId('68dab7c8732acebb54566cb8'), 'datetime': datetime.datetime(2025, 10, 2, 19, 0)}, {'_id': ObjectId('68dab7c8732acebb54566d13'), 'theater': ObjectId('68dab7c8732acebb54566cb9'), 'datetime': datetime.datetime(2025, 10, 2, 15, 0)}, {'_id': ObjectId('68dab7c8732acebb54566d14'), 'theater': ObjectId('68dab7c8732acebb54566cb9'), 'datetime': datetime.datetime(2025, 10, 2, 19, 0)}, {'_id': ObjectId('68dab7c8732acebb54566d15'), 'theater': ObjectId('68dab7c8732acebb54566cb7'), 'datetime': datetime.datetime(2025, 10, 3, 15, 0)}, {'_id': ObjectId('68dab7c8732acebb54566d16'), 'theater': ObjectId('68dab7c8732acebb54566cb7'), 'datetime': datetime.datetime(2025, 10, 3, 19, 0)}, {'_id': ObjectId('68dab7c8732acebb54566d17'), 'theater': ObjectId('68dab7c8732acebb54566cb7'), 'datetime': datetime.datetime(2025, 10, 3, 23, 0)}, {'_id': ObjectId('68dab7c8732acebb54566d18'), 'theater': ObjectId('68dab7c8732acebb54566cb8'), 'datetime': datetime.datetime(2025, 10, 3, 15, 0)}, {'_id': ObjectId('68dab7c8732acebb54566d19'), 'theater': ObjectId('68dab7c8732acebb54566cb8'), 'datetime': datetime.datetime(2025, 10, 3, 19, 0)}, {'_id': ObjectId('68dab7c8732acebb54566d1a'), 'theater': ObjectId('68dab7c8732acebb54566cb9'), 'datetime': datetime.datetime(2025, 10, 3, 15, 0)}, {'_id': ObjectId('68dab7c8732acebb54566d1b'), 'theater': ObjectId('68dab7c8732acebb54566cb9'), 'datetime': datetime.datetime(2025, 10, 3, 19, 0)}, {'_id': ObjectId('68dab7c8732acebb54566d1c'), 'theater': ObjectId('68dab7c8732acebb54566cb7'), 'datetime': datetime.datetime(2025, 10, 3, 15, 0)}, {'_id': ObjectId('68dab7c8732acebb54566d1d'), 'theater': ObjectId('68dab7c8732acebb54566cb7'), 'datetime': datetime.datetime(2025, 10, 3, 19, 0)}, {'_id': ObjectId('68dab7c8732acebb54566d1e'), 'theater': ObjectId('68dab7c8732acebb54566cb8'), 'datetime': datetime.datetime(2025, 10, 3, 15, 0)}, {'_id': ObjectId('68dab7c8732acebb54566d1f'), 'theater': ObjectId('68dab7c8732acebb54566cb8'), 'datetime': datetime.datetime(2025, 10, 3, 19, 0)}, {'_id': ObjectId('68dab7c8732acebb54566d20'), 'theater': ObjectId('68dab7c8732acebb54566cb8'), 'datetime': datetime.datetime(2025, 10, 3, 23, 0)}, {'_id': ObjectId('68dab7c8732acebb54566d21'), 'theater': ObjectId('68dab7c8732acebb54566cb9'), 'datetime': datetime.datetime(2025, 10, 3, 15, 0)}, {'_id': ObjectId('68dab7c8732acebb54566d22'), 'theater': ObjectId('68dab7c8732acebb54566cb9'), 'datetime': datetime.datetime(2025, 10, 3, 19, 0)}, {'_id': ObjectId('68dab7c8732acebb54566d23'), 'theater': ObjectId('68dab7c8732acebb54566cb7'), 'datetime': datetime.datetime(2025, 10, 3, 15, 0)}, {'_id': ObjectId('68dab7c8732acebb54566d24'), 'theater': ObjectId('68dab7c8732acebb54566cb7'), 'datetime': datetime.datetime(2025, 10, 3, 19, 0)}, {'_id': ObjectId('68dab7c8732acebb54566d25'), 'theater': ObjectId('68dab7c8732acebb54566cb7'), 'datetime': datetime.datetime(2025, 10, 3, 23, 0)}, {'_id': ObjectId('68dab7c8732acebb54566d26'), 'theater': ObjectId('68dab7c8732acebb54566cb8'), 'datetime': datetime.datetime(2025, 10, 3, 15, 0)}, {'_id': ObjectId('68dab7c8732acebb54566d27'), 'theater': ObjectId('68dab7c8732acebb54566cb8'), 'datetime': datetime.datetime(2025, 10, 3, 19, 0)}, {'_id': ObjectId('68dab7c8732acebb54566d28'), 'theater': ObjectId('68dab7c8732acebb54566cb8'), 'datetime': datetime.datetime(2025, 10, 3, 23, 0)}, {'_id': ObjectId('68dab7c8732acebb54566d29'), 'theater': ObjectId('68dab7c8732acebb54566cb9'), 'datetime': datetime.datetime(2025, 10, 3, 15, 0)}, {'_id': ObjectId('68dab7c8732acebb54566d2a'), 'theater': ObjectId('68dab7c8732acebb54566cb9'), 'datetime': datetime.datetime(2025, 10, 3, 19, 0)}, {'_id': ObjectId('68dab7c8732acebb54566d2b'), 'theater': ObjectId('68dab7c8732acebb54566cb9'), 'datetime': datetime.datetime(2025, 10, 3, 23, 0)}, {'_id': ObjectId('68dab7c8732acebb54566d2c'), 'theater': ObjectId('68dab7c8732acebb54566cb7'), 'datetime': datetime.datetime(2025, 10, 4, 15, 0)}, {'_id': ObjectId('68dab7c8732acebb54566d2d'), 'theater': ObjectId('68dab7c8732acebb54566cb7'), 'datetime': datetime.datetime(2025, 10, 4, 19, 0)}, {'_id': ObjectId('68dab7c8732acebb54566d2e'), 'theater': ObjectId('68dab7c8732acebb54566cb7'), 'datetime': datetime.datetime(2025, 10, 4, 23, 0)}, {'_id': ObjectId('68dab7c8732acebb54566d2f'), 'theater': ObjectId('68dab7c8732acebb54566cb8'), 'datetime': datetime.datetime(2025, 10, 4, 15, 0)}, {'_id': ObjectId('68dab7c8732acebb54566d30'), 'theater': ObjectId('68dab7c8732acebb54566cb8'), 'datetime': datetime.datetime(2025, 10, 4, 19, 0)}, {'_id': ObjectId('68dab7c8732acebb54566d31'), 'theater': ObjectId('68dab7c8732acebb54566cb8'), 'datetime': datetime.datetime(2025, 10, 4, 23, 0)}, {'_id': ObjectId('68dab7c8732acebb54566d32'), 'theater': ObjectId('68dab7c8732acebb54566cb9'), 'datetime': datetime.datetime(2025, 10, 4, 15, 0)}, {'_id': ObjectId('68dab7c8732acebb54566d33'), 'theater': ObjectId('68dab7c8732acebb54566cb9'), 'datetime': datetime.datetime(2025, 10, 4, 19, 0)}, {'_id': ObjectId('68dab7c8732acebb54566d34'), 'theater': ObjectId('68dab7c8732acebb54566cb9'), 'datetime': datetime.datetime(2025, 10, 4, 23, 0)}, {'_id': ObjectId('68dab7c8732acebb54566d35'), 'theater': ObjectId('68dab7c8732acebb54566cb7'), 'datetime': datetime.datetime(2025, 10, 4, 15, 0)}, {'_id': ObjectId('68dab7c8732acebb54566d36'), 'theater': ObjectId('68dab7c8732acebb54566cb7'), 'datetime': datetime.datetime(2025, 10, 4, 19, 0)}, {'_id': ObjectId('68dab7c8732acebb54566d37'), 'theater': ObjectId('68dab7c8732acebb54566cb8'), 'datetime': datetime.datetime(2025, 10, 4, 15, 0)}, {'_id': ObjectId('68dab7c8732acebb54566d38'), 'theater': ObjectId('68dab7c8732acebb54566cb8'), 'datetime': datetime.datetime(2025, 10, 4, 19, 0)}, {'_id': ObjectId('68dab7c8732acebb54566d39'), 'theater': ObjectId('68dab7c8732acebb54566cb9'), 'datetime': datetime.datetime(2025, 10, 4, 15, 0)}, {'_id': ObjectId('68dab7c8732acebb54566d3a'), 'theater': ObjectId('68dab7c8732acebb54566cb9'), 'datetime': datetime.datetime(2025, 10, 4, 19, 0)}, {'_id': ObjectId('68dab7c8732acebb54566d3b'), 'theater': ObjectId('68dab7c8732acebb54566cb7'), 'datetime': datetime.datetime(2025, 10, 4, 15, 0)}, {'_id': ObjectId('68dab7c8732acebb54566d3c'), 'theater': ObjectId('68dab7c8732acebb54566cb7'), 'datetime': datetime.datetime(2025, 10, 4, 19, 0)}, {'_id': ObjectId('68dab7c8732acebb54566d3d'), 'theater': ObjectId('68dab7c8732acebb54566cb8'), 'datetime': datetime.datetime(2025, 10, 4, 15, 0)}, {'_id': ObjectId('68dab7c8732acebb54566d3e'), 'theater': ObjectId('68dab7c8732acebb54566cb8'), 'datetime': datetime.datetime(2025, 10, 4, 19, 0)}, {'_id': ObjectId('68dab7c8732acebb54566d3f'), 'theater': ObjectId('68dab7c8732acebb54566cb8'), 'datetime': datetime.datetime(2025, 10, 4, 23, 0)}, {'_id': ObjectId('68dab7c8732acebb54566d40'), 'theater': ObjectId('68dab7c8732acebb54566cb9'), 'datetime': datetime.datetime(2025, 10, 4, 15, 0)}, {'_id': ObjectId('68dab7c8732acebb54566d41'), 'theater': ObjectId('68dab7c8732acebb54566cb9'), 'datetime': datetime.datetime(2025, 10, 4, 19, 0)}, {'_id': ObjectId('68dab7c8732acebb54566d42'), 'theater': ObjectId('68dab7c8732acebb54566cb7'), 'datetime': datetime.datetime(2025, 10, 5, 15, 0)}, {'_id': ObjectId('68dab7c8732acebb54566d43'), 'theater': ObjectId('68dab7c8732acebb54566cb7'), 'datetime': datetime.datetime(2025, 10, 5, 19, 0)}, {'_id': ObjectId('68dab7c8732acebb54566d44'), 'theater': ObjectId('68dab7c8732acebb54566cb8'), 'datetime': datetime.datetime(2025, 10, 5, 15, 0)}, {'_id': ObjectId('68dab7c8732acebb54566d45'), 'theater': ObjectId('68dab7c8732acebb54566cb8'), 'datetime': datetime.datetime(2025, 10, 5, 19, 0)}, {'_id': ObjectId('68dab7c8732acebb54566d46'), 'theater': ObjectId('68dab7c8732acebb54566cb8'), 'datetime': datetime.datetime(2025, 10, 5, 23, 0)}, {'_id': ObjectId('68dab7c8732acebb54566d47'), 'theater': ObjectId('68dab7c8732acebb54566cb9'), 'datetime': datetime.datetime(2025, 10, 5, 15, 0)}, {'_id': ObjectId('68dab7c8732acebb54566d48'), 'theater': ObjectId('68dab7c8732acebb54566cb9'), 'datetime': datetime.datetime(2025, 10, 5, 19, 0)}, {'_id': ObjectId('68dab7c8732acebb54566d49'), 'theater': ObjectId('68dab7c8732acebb54566cb7'), 'datetime': datetime.datetime(2025, 10, 5, 15, 0)}, {'_id': ObjectId('68dab7c8732acebb54566d4a'), 'theater': ObjectId('68dab7c8732acebb54566cb7'), 'datetime': datetime.datetime(2025, 10, 5, 19, 0)}, {'_id': ObjectId('68dab7c8732acebb54566d4b'), 'theater': ObjectId('68dab7c8732acebb54566cb8'), 'datetime': datetime.datetime(2025, 10, 5, 15, 0)}, {'_id': ObjectId('68dab7c8732acebb54566d4c'), 'theater': ObjectId('68dab7c8732acebb54566cb8'), 'datetime': datetime.datetime(2025, 10, 5, 19, 0)}, {'_id': ObjectId('68dab7c8732acebb54566d4d'), 'theater': ObjectId('68dab7c8732acebb54566cb9'), 'datetime': datetime.datetime(2025, 10, 5, 15, 0)}, {'_id': ObjectId('68dab7c8732acebb54566d4e'), 'theater': ObjectId('68dab7c8732acebb54566cb9'), 'datetime': datetime.datetime(2025, 10, 5, 19, 0)}, {'_id': ObjectId('68dab7c8732acebb54566d4f'), 'theater': ObjectId('68dab7c8732acebb54566cb9'), 'datetime': datetime.datetime(2025, 10, 5, 23, 0)}, {'_id': ObjectId('68dab7c8732acebb54566d50'), 'theater': ObjectId('68dab7c8732acebb54566cb7'), 'datetime': datetime.datetime(2025, 10, 5, 15, 0)}, {'_id': ObjectId('68dab7c8732acebb54566d51'), 'theater': ObjectId('68dab7c8732acebb54566cb7'), 'datetime': datetime.datetime(2025, 10, 5, 19, 0)}, {'_id': ObjectId('68dab7c8732acebb54566d52'), 'theater': ObjectId('68dab7c8732acebb54566cb7'), 'datetime': datetime.datetime(2025, 10, 5, 23, 0)}, {'_id': ObjectId('68dab7c8732acebb54566d53'), 'theater': ObjectId('68dab7c8732acebb54566cb8'), 'datetime': datetime.datetime(2025, 10, 5, 15, 0)}, {'_id': ObjectId('68dab7c8732acebb54566d54'), 'theater': ObjectId('68dab7c8732acebb54566cb8'), 'datetime': datetime.datetime(2025, 10, 5, 19, 0)}, {'_id': ObjectId('68dab7c8732acebb54566d55'), 'theater': ObjectId('68dab7c8732acebb54566cb8'), 'datetime': datetime.datetime(2025, 10, 5, 23, 0)}, {'_id': ObjectId('68dab7c8732acebb54566d56'), 'theater': ObjectId('68dab7c8732acebb54566cb9'), 'datetime': datetime.datetime(2025, 10, 5, 15, 0)}, {'_id': ObjectId('68dab7c8732acebb54566d57'), 'theater': ObjectId('68dab7c8732acebb54566cb9'), 'datetime': datetime.datetime(2025, 10, 5, 19, 0)}, {'_id': ObjectId('68debf82eeb8b3a29f9264dc'), 'theater': ObjectId('68debf82eeb8b3a29f9264d6'), 'datetime': datetime.datetime(2025, 10, 2, 17, 32, 36, 261000)}, {'_id': ObjectId('68dec09beeb8b3a29f926506'), 'theater': ObjectId('68dec09beeb8b3a29f926500'), 'datetime': datetime.datetime(2025, 10, 2, 17, 32, 36, 261000)}, {'_id': ObjectId('68dec852eeb8b3a29f926566'), 'theater': ObjectId('68dec852eeb8b3a29f926560'), 'datetime': datetime.datetime(2025, 10, 2, 17, 32, 36, 261000)}, {'_id': ObjectId('68dec910eeb8b3a29f926574'), 'theater': ObjectId('68dec90feeb8b3a29f92656e'), 'datetime': datetime.datetime(2025, 10, 2, 17, 32, 36, 261000)}, {'_id': ObjectId('68decc33eeb8b3a29f9265ef'), 'theater': ObjectId('68decc33eeb8b3a29f9265e9'), 'datetime': datetime.datetime(2025, 10, 2, 17, 32, 36, 261000)}, {'_id': ObjectId('68decd2deeb8b3a29f926616'), 'theater': ObjectId('68decd2ceeb8b3a29f926610'), 'datetime': datetime.datetime(2025, 10, 2, 17, 32, 36, 261000)}, {'_id': ObjectId('68decd55eeb8b3a29f926627'), 'theater': ObjectId('68decd55eeb8b3a29f926621'), 'datetime': datetime.datetime(2025, 10, 2, 17, 32, 36, 261000)}, {'_id': ObjectId('68dedf67eeb8b3a29f9266b6'), 'theater': ObjectId('68dedf67eeb8b3a29f9266af'), 'datetime': datetime.datetime(2025, 10, 2, 17, 32, 36, 261000)}, {'_id': ObjectId('68dedfc9eeb8b3a29f9266c7'), 'theater': ObjectId('68dedfc9eeb8b3a29f9266c0'), 'datetime': datetime.datetime(2025, 10, 2, 17, 32, 36, 261000)}, {'_id': ObjectId('68dfcc9e8e953d7b9ccaaeea'), 'theater': ObjectId('68dfcc9e8e953d7b9ccaaee3'), 'datetime': datetime.datetime(2025, 10, 2, 17, 32, 36, 261000)}, {'_id': ObjectId('68dfd5658e953d7b9ccaaf16'), 'theater': ObjectId('68dfd5658e953d7b9ccaaf0f'), 'datetime': datetime.datetime(2025, 10, 2, 17, 32, 36, 261000)}, {'_id': ObjectId('68dfd5dd8e953d7b9ccaaf2a'), 'theater': ObjectId('68dfd5dd8e953d7b9ccaaf23'), 'datetime': datetime.datetime(2025, 10, 2, 17, 32, 36, 261000)}, {'_id': ObjectId('68dfd6d48e953d7b9ccaaf3e'), 'theater': ObjectId('68dfd6d38e953d7b9ccaaf37'), 'datetime': datetime.datetime(2025, 11, 2, 17, 32, 36, 261000)}, {'_id': ObjectId('68dfda628e953d7b9ccaafea'), 'theater': ObjectId('68dfda628e953d7b9ccaafe3'), 'datetime': datetime.datetime(2025, 10, 2, 17, 32, 36, 261000)}, {'_id': ObjectId('68dfda638e953d7b9ccab005'), 'theater': ObjectId('68dfda638e953d7b9ccaaffe'), 'datetime': datetime.datetime(2025, 10, 2, 17, 32, 36, 261000)}, {'_id': ObjectId('68dfda648e953d7b9ccab016'), 'theater': ObjectId('68dfda648e953d7b9ccab00f'), 'datetime': datetime.datetime(2025, 11, 2, 17, 32, 36, 261000)}, {'_id': ObjectId('68dfdb048e953d7b9ccab059'), 'theater': ObjectId('68dfdb048e953d7b9ccab052'), 'datetime': datetime.datetime(2025, 10, 2, 17, 32, 36, 261000)}, {'_id': ObjectId('68dfdb058e953d7b9ccab074'), 'theater': ObjectId('68dfdb048e953d7b9ccab06d'), 'datetime': datetime.datetime(2025, 10, 2, 17, 32, 36, 261000)}, {'_id': ObjectId('68dfdb058e953d7b9ccab085'), 'theater': ObjectId('68dfdb058e953d7b9ccab07e'), 'datetime': datetime.datetime(2025, 11, 2, 17, 32, 36, 261000)}, {'_id': ObjectId('68dfdb7b8e953d7b9ccab0c8'), 'theater': ObjectId('68dfdb7b8e953d7b9ccab0c1'), 'datetime': datetime.datetime(2025, 10, 2, 17, 32, 36, 261000)}, {'_id': ObjectId('68dfdb7c8e953d7b9ccab0e3'), 'theater': ObjectId('68dfdb7c8e953d7b9ccab0dc'), 'datetime': datetime.datetime(2025, 10, 2, 17, 32, 36, 261000)}, {'_id': ObjectId('68dfdb7d8e953d7b9ccab0f4'), 'theater': ObjectId('68dfdb7d8e953d7b9ccab0ed'), 'datetime': datetime.datetime(2025, 11, 2, 17, 32, 36, 261000)}, {'_id': ObjectId('68dfde218e953d7b9ccab137'), 'theater': ObjectId('68dfde218e953d7b9ccab130'), 'datetime': datetime.datetime(2025, 10, 2, 17, 32, 36, 261000)}, {'_id': ObjectId('68dfde228e953d7b9ccab152'), 'theater': ObjectId('68dfde218e953d7b9ccab14b'), 'datetime': datetime.datetime(2025, 10, 2, 17, 32, 36, 261000)}, {'_id': ObjectId('68dfde228e953d7b9ccab163'), 'theater': ObjectId('68dfde228e953d7b9ccab15c'), 'datetime': datetime.datetime(2025, 11, 2, 17, 32, 36, 261000)}, {'_id': ObjectId('68e00751c0b485c13e7b48de'), 'theater': ObjectId('68e00750c0b485c13e7b48d7'), 'datetime': datetime.datetime(2025, 10, 2, 17, 32, 36, 261000)}, {'_id': ObjectId('68e008e6c0b485c13e7b4925'), 'theater': ObjectId('68e008e5c0b485c13e7b491e'), 'datetime': datetime.datetime(2025, 10, 2, 18, 32, 36, 261000)}, {'_id': ObjectId('68e0096dc0b485c13e7b4938'), 'theater': ObjectId('68e0096dc0b485c13e7b4931'), 'datetime': datetime.datetime(2025, 10, 2, 18, 32, 36, 261000)}, {'_id': ObjectId('68e009a4c0b485c13e7b494b'), 'theater': ObjectId('68e009a3c0b485c13e7b4944'), 'datetime': datetime.datetime(2025, 10, 2, 18, 32, 36, 261000)}, {'_id': ObjectId('68e00a04c0b485c13e7b495e'), 'theater': ObjectId('68e00a04c0b485c13e7b4957'), 'datetime': datetime.datetime(2025, 10, 2, 18, 32, 36, 261000)}, {'_id': ObjectId('68e00a6bc0b485c13e7b497e'), 'theater': ObjectId('68e00a6bc0b485c13e7b4977'), 'datetime': datetime.datetime(2025, 10, 2, 18, 32, 36, 261000)}, {'_id': ObjectId('68e00ae5c0b485c13e7b499e'), 'theater': ObjectId('68e00ae4c0b485c13e7b4997'), 'datetime': datetime.datetime(2025, 10, 2, 18, 32, 36, 261000)}, {'_id': ObjectId('68e00b39c0b485c13e7b49be'), 'theater': ObjectId('68e00b38c0b485c13e7b49b7'), 'datetime': datetime.datetime(2025, 10, 2, 18, 32, 36, 261000)}, {'_id': ObjectId('68e00e17c0b485c13e7b4a04'), 'theater': ObjectId('68e00e17c0b485c13e7b49fd'), 'datetime': datetime.datetime(2025, 10, 2, 18, 32, 36, 261000)}, {'_id': ObjectId('68e00ed1c0b485c13e7b4a52'), 'theater': ObjectId('68e00ed1c0b485c13e7b4a4b'), 'datetime': datetime.datetime(2025, 10, 2, 18, 32, 36, 261000)}, {'_id': ObjectId('68e00f8ac0b485c13e7b4a72'), 'theater': ObjectId('68e00f8ac0b485c13e7b4a6b'), 'datetime': datetime.datetime(2025, 10, 2, 18, 32, 36, 261000)}, {'_id': ObjectId('68e0104ac0b485c13e7b4a83'), 'theater': ObjectId('68e01049c0b485c13e7b4a7c'), 'datetime': datetime.datetime(2025, 10, 2, 18, 32, 36, 261000)}, {'_id': ObjectId('68e01076c0b485c13e7b4a94'), 'theater': ObjectId('68e01076c0b485c13e7b4a8d'), 'datetime': datetime.datetime(2025, 10, 2, 18, 32, 36, 261000)}, {'_id': ObjectId('68e010a1c0b485c13e7b4ab5'), 'theater': ObjectId('68e010a1c0b485c13e7b4aae'), 'datetime': datetime.datetime(2025, 10, 2, 17, 32, 36, 261000)}, {'_id': ObjectId('68e010c0c0b485c13e7b4ad0'), 'theater': ObjectId('68e010c0c0b485c13e7b4ac9'), 'datetime': datetime.datetime(2025, 10, 2, 18, 32, 36, 261000)}, {'_id': ObjectId('68e0111dc0b485c13e7b4af1'), 'theater': ObjectId('68e0111dc0b485c13e7b4aea'), 'datetime': datetime.datetime(2025, 10, 2, 18, 32, 36, 261000)}, {'_id': ObjectId('68e0114cc0b485c13e7b4b02'), 'theater': ObjectId('68e0114cc0b485c13e7b4afb'), 'datetime': datetime.datetime(2025, 10, 2, 18, 32, 36, 261000)}, {'_id': ObjectId('68e01187c0b485c13e7b4b13'), 'theater': ObjectId('68e01186c0b485c13e7b4b0c'), 'datetime': datetime.datetime(2025, 10, 2, 18, 32, 36, 261000)}, {'_id': ObjectId('68e01268c0b485c13e7b4b24'), 'theater': ObjectId('68e01268c0b485c13e7b4b1d'), 'datetime': datetime.datetime(2025, 10, 2, 18, 32, 36, 261000)}, {'_id': ObjectId('68e0129dc0b485c13e7b4b38'), 'theater': ObjectId('68e0129dc0b485c13e7b4b31'), 'datetime': datetime.datetime(2025, 10, 2, 18, 32, 36, 261000)}, {'_id': ObjectId('68e012e6c0b485c13e7b4b5b'), 'theater': ObjectId('68e012e5c0b485c13e7b4b54'), 'datetime': datetime.datetime(2025, 10, 2, 18, 32, 36, 261000)}, {'_id': ObjectId('68e019dcc0b485c13e7b4b85'), 'theater': ObjectId('68e019dcc0b485c13e7b4b7e'), 'datetime': datetime.datetime(2025, 10, 2, 18, 32, 36, 261000)}, {'_id': ObjectId('68e01a3ec0b485c13e7b4ba8'), 'theater': ObjectId('68e01a3ec0b485c13e7b4ba1'), 'datetime': datetime.datetime(2025, 10, 2, 18, 32, 36, 261000)}, {'_id': ObjectId('68e01a86c0b485c13e7b4bcb'), 'theater': ObjectId('68e01a86c0b485c13e7b4bc4'), 'datetime': datetime.datetime(2025, 10, 2, 18, 32, 36, 261000)}, {'_id': ObjectId('68e01aebc0b485c13e7b4bee'), 'theater': ObjectId('68e01aeac0b485c13e7b4be7'), 'datetime': datetime.datetime(2025, 10, 2, 18, 32, 36, 261000)}, {'_id': ObjectId('68e01b33c0b485c13e7b4c11'), 'theater': ObjectId('68e01b33c0b485c13e7b4c0a'), 'datetime': datetime.datetime(2025, 10, 2, 18, 32, 36, 261000)}, {'_id': ObjectId('68e01bc4c0b485c13e7b4c34'), 'theater': ObjectId('68e01bc3c0b485c13e7b4c2d'), 'datetime': datetime.datetime(2025, 10, 2, 18, 32, 36, 261000)}, {'_id': ObjectId('68e01c38c0b485c13e7b4c57'), 'theater': ObjectId('68e01c38c0b485c13e7b4c50'), 'datetime': datetime.datetime(2025, 10, 2, 18, 32, 36, 261000)}, {'_id': ObjectId('68e01c4cc0b485c13e7b4c7a'), 'theater': ObjectId('68e01c4cc0b485c13e7b4c73'), 'datetime': datetime.datetime(2025, 10, 2, 18, 32, 36, 261000)}, {'_id': ObjectId('68e01c98c0b485c13e7b4c9d'), 'theater': ObjectId('68e01c98c0b485c13e7b4c96'), 'datetime': datetime.datetime(2025, 10, 2, 18, 32, 36, 261000)}, {'_id': ObjectId('68e01cd4c0b485c13e7b4cc0'), 'theater': ObjectId('68e01cd4c0b485c13e7b4cb9'), 'datetime': datetime.datetime(2025, 10, 2, 18, 32, 36, 261000)}, {'_id': ObjectId('68e01d0cc0b485c13e7b4ce3'), 'theater': ObjectId('68e01d0cc0b485c13e7b4cdc'), 'datetime': datetime.datetime(2025, 10, 2, 18, 32, 36, 261000)}, {'_id': ObjectId('68e01fcfc0b485c13e7b4d26'), 'theater': ObjectId('68e01fcfc0b485c13e7b4d1f'), 'datetime': datetime.datetime(2025, 10, 2, 17, 32, 36, 261000)}, {'_id': ObjectId('68e01fd0c0b485c13e7b4d41'), 'theater': ObjectId('68e01fd0c0b485c13e7b4d3a'), 'datetime': datetime.datetime(2025, 10, 2, 18, 32, 36, 261000)}, {'_id': ObjectId('68e01fd1c0b485c13e7b4d64'), 'theater': ObjectId('68e01fd1c0b485c13e7b4d5d'), 'datetime': datetime.datetime(2025, 10, 2, 17, 32, 36, 261000)}, {'_id': ObjectId('68e01fd2c0b485c13e7b4d75'), 'theater': ObjectId('68e01fd1c0b485c13e7b4d6e'), 'datetime': datetime.datetime(2025, 11, 2, 17, 32, 36, 261000)}, {'_id': ObjectId('68e02191c0b485c13e7b4d98'), 'theater': ObjectId('68e02191c0b485c13e7b4d91'), 'datetime': datetime.datetime(2025, 10, 2, 18, 32, 36, 261000)}]
Sessions deleted. Count: 0</msg>
<arg>${theater_id}</arg>
<arg>${session}[datetime]</arg>
<status status="PASS" start="2025-10-03T16:19:06.963640" elapsed="0.014900"/>
</kw>
<kw name="Criar uma sessão" owner="createSessionkeywords">
<kw name="Utilizar Token de Administrador" owner="common">
<kw name="Create Dictionary" owner="BuiltIn">
<msg time="2025-10-03T16:19:06.982035" level="INFO">${admin_user} = {'name': ' Lex Luthr', 'email': 'lex.luthor@lexcorp.com', 'password': 'pwd12345'}</msg>
<var>${admin_user}</var>
<arg>name= Lex Luthr</arg>
<arg>email=lex.luthor@lexcorp.com</arg>
<arg>password=pwd12345</arg>
<doc>Creates and returns a dictionary based on the given ``items``.</doc>
<status status="PASS" start="2025-10-03T16:19:06.981362" elapsed="0.000987"/>
</kw>
<kw name="POST Endpoint /auth/register" owner="cadastrar_usuario">
<kw name="Create Dictionary" owner="BuiltIn">
<msg time="2025-10-03T16:19:06.985641" level="INFO">&amp;{header} = { Content-Type=application/json }</msg>
<var>&amp;{header}</var>
<arg>Content-Type=application/json</arg>
<doc>Creates and returns a dictionary based on the given ``items``.</doc>
<status status="PASS" start="2025-10-03T16:19:06.985063" elapsed="0.000779"/>
</kw>
<kw name="Create Dictionary" owner="BuiltIn">
<msg time="2025-10-03T16:19:06.987587" level="INFO">${payload} = {'name': ' Lex Luthr', 'email': 'lex.luthor@lexcorp.com', 'password': 'pwd12345'}</msg>
<var>${payload}</var>
<arg>name=${name}</arg>
<arg>email=${email}</arg>
<arg>password=${password}</arg>
<doc>Creates and returns a dictionary based on the given ``items``.</doc>
<status status="PASS" start="2025-10-03T16:19:06.986906" elapsed="0.000861"/>
</kw>
<kw name="POST On Session" owner="RequestsLibrary">
<msg time="2025-10-03T16:19:06.996851" level="INFO">POST Request : url=http://localhost:3000/api/v1/auth/register 
 path_url=/api/v1/auth/register 
 headers={'User-Agent': 'python-requests/2.32.5', 'Accept-Encoding': 'gzip, deflate', 'Accept': '*/*', 'Connection': 'keep-alive', 'Content-Type': 'application/json', 'Content-Length': '81'} 
 body=b'{"name": " Lex Luthr", "email": "lex.luthor@lexcorp.com", "password": "pwd12345"}' 
 </msg>
<msg time="2025-10-03T16:19:06.997283" level="INFO">POST Response : url=http://localhost:3000/api/v1/auth/register 
 status=400, reason=Bad Request 
 headers={'X-Powered-By': 'Express', 'Access-Control-Allow-Origin': '*', 'Content-Type': 'application/json; charset=utf-8', 'Content-Length': '49', 'ETag': 'W/"31-WKEMg8zALB1Ko0WjUHi/6RBGHVc"', 'Date': 'Fri, 03 Oct 2025 19:19:06 GMT', 'Connection': 'keep-alive', 'Keep-Alive': 'timeout=5'} 
 body={"success":false,"message":"User already exists"} 
 </msg>
<msg time="2025-10-03T16:19:06.997709" level="INFO">${response} = &lt;Response [400]&gt;</msg>
<var>${response}</var>
<arg>CinemaApp</arg>
<arg>url=/auth/register</arg>
<arg>json=${payload}</arg>
<arg>headers=${header}</arg>
<arg>expected_status=any</arg>
<doc>Sends a POST request on a previously created HTTP Session.</doc>
<status status="PASS" start="2025-10-03T16:19:06.988098" elapsed="0.009818"/>
</kw>
<kw name="Set Global Variable" owner="BuiltIn">
<msg time="2025-10-03T16:19:06.999815" level="INFO">${response} = &lt;Response [400]&gt;</msg>
<arg>${response}</arg>
<doc>Makes a variable available globally in all tests and suites.</doc>
<status status="PASS" start="2025-10-03T16:19:06.998723" elapsed="0.001663"/>
</kw>
<kw name="Log" owner="BuiltIn">
<msg time="2025-10-03T16:19:07.006724" level="INFO">{"success":false,"message":"User already exists"}</msg>
<arg>${response.content}</arg>
<doc>Logs the given message with the given level.</doc>
<status status="PASS" start="2025-10-03T16:19:07.001895" elapsed="0.005272"/>
</kw>
<kw name="Log" owner="BuiltIn">
<msg time="2025-10-03T16:19:07.008886" level="INFO">400</msg>
<arg>${response.status_code}</arg>
<doc>Logs the given message with the given level.</doc>
<status status="PASS" start="2025-10-03T16:19:07.007670" elapsed="0.006763"/>
</kw>
<arg>${admin_user}[name]</arg>
<arg>${admin_user}[email]</arg>
<arg>${admin_user}[password]</arg>
<status status="PASS" start="2025-10-03T16:19:06.983136" elapsed="0.031661"/>
</kw>
<kw name="POST Endpoint /auth/login" owner="fazerLoginKeywords">
<kw name="Create Dictionary" owner="BuiltIn">
<msg time="2025-10-03T16:19:07.022136" level="INFO">${payload} = {'email': 'lex.luthor@lexcorp.com', 'password': 'pwd12345'}</msg>
<var>${payload}</var>
<arg>email=${email}</arg>
<arg>password=${password}</arg>
<doc>Creates and returns a dictionary based on the given ``items``.</doc>
<status status="PASS" start="2025-10-03T16:19:07.016581" elapsed="0.006808"/>
</kw>
<kw name="POST On Session" owner="RequestsLibrary">
<msg time="2025-10-03T16:19:07.211627" level="INFO">POST Request : url=http://localhost:3000/api/v1/auth/login 
 path_url=/api/v1/auth/login 
 headers={'User-Agent': 'python-requests/2.32.5', 'Accept-Encoding': 'gzip, deflate', 'Accept': '*/*', 'Connection': 'keep-alive', 'Content-Length': '59', 'Content-Type': 'application/json'} 
 body=b'{"email": "lex.luthor@lexcorp.com", "password": "pwd12345"}' 
 </msg>
<msg time="2025-10-03T16:19:07.212063" level="INFO">POST Response : url=http://localhost:3000/api/v1/auth/login 
 status=200, reason=OK 
 headers={'X-Powered-By': 'Express', 'Access-Control-Allow-Origin': '*', 'Content-Type': 'application/json; charset=utf-8', 'Content-Length': '308', 'ETag': 'W/"134-NznuKRboscalWg5y64HQ+Srnvl0"', 'Date': 'Fri, 03 Oct 2025 19:19:07 GMT', 'Connection': 'keep-alive', 'Keep-Alive': 'timeout=5'} 
 body={"success":true,"data":{"_id":"68dd5eeb21ab0711adb801cc","name":"Lex Luthor","email":"lex.luthor@lexcorp.com","role":"admin","token":"eyJhbGciOiJIUzI1NiIsInR5cCI6IkpXVCJ9.eyJpZCI6IjY4ZGQ1ZWViMjFhYjA3MTFhZGI4MDFjYyIsImlhdCI6MTc1OTUxOTE0NywiZXhwIjoxNzU5NjA1NTQ3fQ.vo2E6yGeOM9aGgj6ihyFBcJVLHN1ncW-Cd3nqdH41dw"}} 
 </msg>
<msg time="2025-10-03T16:19:07.212539" level="INFO">${response} = &lt;Response [200]&gt;</msg>
<var>${response}</var>
<arg>alias=CinemaApp</arg>
<arg>url=/auth/login</arg>
<arg>json=${payload}</arg>
<arg>expected_status=any</arg>
<doc>Sends a POST request on a previously created HTTP Session.</doc>
<status status="PASS" start="2025-10-03T16:19:07.024243" elapsed="0.188499"/>
</kw>
<kw name="Set Global Variable" owner="BuiltIn">
<msg time="2025-10-03T16:19:07.213551" level="INFO">${response} = &lt;Response [200]&gt;</msg>
<arg>${response}</arg>
<doc>Makes a variable available globally in all tests and suites.</doc>
<status status="PASS" start="2025-10-03T16:19:07.213089" elapsed="0.000635"/>
</kw>
<kw name="Run Keyword If" owner="BuiltIn">
<kw name="Extract JWT" owner="fazerLoginKeywords">
[...]
row":"D","number":11,"status":"available"},{"row":"D","number":12,"status":"available"},{"row":"E","number":1,"status":"available"},{"row":"E","number":2,"status":"available"},{"row":"E","number":3,"status":"available"},{"row":"E","number":4,"status":"available"},{"row":"E","number":5,"status":"available"},{"row":"E","number":6,"status":"available"},{"row":"E","number":7,"status":"available"},{"row":"E","number":8,"status":"available"},{"row":"E","number":9,"status":"available"},{"row":"E","number":10,"status":"available"},{"row":"E","number":11,"status":"available"},{"row":"E","number":12,"status":"available"},{"row":"F","number":1,"status":"available"},{"row":"F","number":2,"status":"available"},{"row":"F","number":3,"status":"available"},{"row":"F","number":4,"status":"available"},{"row":"F","number":5,"status":"available"},{"row":"F","number":6,"status":"available"},{"row":"F","number":7,"status":"available"},{"row":"F","number":8,"status":"available"},{"row":"F","number":9,"status":"available"},{"row":"F","number":10,"status":"available"},{"row":"F","number":11,"status":"available"},{"row":"F","number":12,"status":"available"},{"row":"G","number":1,"status":"available"},{"row":"G","number":2,"status":"available"},{"row":"G","number":3,"status":"available"},{"row":"G","number":4,"status":"available"},{"row":"G","number":5,"status":"available"},{"row":"G","number":6,"status":"available"},{"row":"G","number":7,"status":"available"},{"row":"G","number":8,"status":"available"},{"row":"G","number":9,"status":"available"},{"row":"G","number":10,"status":"available"},{"row":"G","number":11,"status":"available"},{"row":"G","number":12,"status":"available"},{"row":"H","number":1,"status":"available"},{"row":"H","number":2,"status":"available"},{"row":"H","number":3,"status":"available"},{"row":"H","number":4,"status":"available"},{"row":"H","number":5,"status":"available"},{"row":"H","number":6,"status":"available"}],"createdAt":"2025-10-03T19:19:07.272Z","updatedAt":"2025-10-03T19:19:07.922Z","__v":0,"id":"68e021abc0b485c13e7b4db7"},"seats":[{"row":"B","number":5,"type":"half"}],"totalPrice":10,"status":"confirmed","paymentStatus":"completed","paymentMethod":"pix","paymentDate":"2025-10-03T19:19:07.880Z","_id":"68e021abc0b485c13e7b4dbf","createdAt":"2025-10-03T19:19:07.881Z","updatedAt":"2025-10-03T19:19:07.881Z","__v":0}}</msg>
<arg>${response.content}</arg>
<doc>Logs the given message with the given level.</doc>
<status status="PASS" start="2025-10-03T16:19:07.959686" elapsed="0.003780"/>
</kw>
<arg>${reservations}[session]</arg>
<arg>${seats}</arg>
<arg>${reservations}[paymentMethod]</arg>
<status status="PASS" start="2025-10-03T16:19:07.850384" elapsed="0.113404"/>
</kw>
<arg>${reservation}</arg>
<status status="PASS" start="2025-10-03T16:19:07.576154" elapsed="0.387920"/>
</kw>
<kw name="Deletar reserva" owner="deleteReservation">
<kw name="Utilizar Token de Administrador" owner="common">
<kw name="Create Dictionary" owner="BuiltIn">
<msg time="2025-10-03T16:19:07.973746" level="INFO">${admin_user} = {'name': ' Lex Luthr', 'email': 'lex.luthor@lexcorp.com', 'password': 'pwd12345'}</msg>
<var>${admin_user}</var>
<arg>name= Lex Luthr</arg>
<arg>email=lex.luthor@lexcorp.com</arg>
<arg>password=pwd12345</arg>
<doc>Creates and returns a dictionary based on the given ``items``.</doc>
<status status="PASS" start="2025-10-03T16:19:07.972343" elapsed="0.001703"/>
</kw>
<kw name="POST Endpoint /auth/register" owner="cadastrar_usuario">
<kw name="Create Dictionary" owner="BuiltIn">
<msg time="2025-10-03T16:19:07.981280" level="INFO">&amp;{header} = { Content-Type=application/json }</msg>
<var>&amp;{header}</var>
<arg>Content-Type=application/json</arg>
<doc>Creates and returns a dictionary based on the given ``items``.</doc>
<status status="PASS" start="2025-10-03T16:19:07.979969" elapsed="0.001605"/>
</kw>
<kw name="Create Dictionary" owner="BuiltIn">
<msg time="2025-10-03T16:19:07.983947" level="INFO">${payload} = {'name': ' Lex Luthr', 'email': 'lex.luthor@lexcorp.com', 'password': 'pwd12345'}</msg>
<var>${payload}</var>
<arg>name=${name}</arg>
<arg>email=${email}</arg>
<arg>password=${password}</arg>
<doc>Creates and returns a dictionary based on the given ``items``.</doc>
<status status="PASS" start="2025-10-03T16:19:07.982630" elapsed="0.005919"/>
</kw>
<kw name="POST On Session" owner="RequestsLibrary">
<msg time="2025-10-03T16:19:08.013798" level="INFO">POST Request : url=http://localhost:3000/api/v1/auth/register 
 path_url=/api/v1/auth/register 
 headers={'User-Agent': 'python-requests/2.32.5', 'Accept-Encoding': 'gzip, deflate', 'Accept': '*/*', 'Connection': 'keep-alive', 'Content-Type': 'application/json', 'Content-Length': '81'} 
 body=b'{"name": " Lex Luthr", "email": "lex.luthor@lexcorp.com", "password": "pwd12345"}' 
 </msg>
<msg time="2025-10-03T16:19:08.014324" level="INFO">POST Response : url=http://localhost:3000/api/v1/auth/register 
 status=400, reason=Bad Request 
 headers={'X-Powered-By': 'Express', 'Access-Control-Allow-Origin': '*', 'Content-Type': 'application/json; charset=utf-8', 'Content-Length': '49', 'ETag': 'W/"31-WKEMg8zALB1Ko0WjUHi/6RBGHVc"', 'Date': 'Fri, 03 Oct 2025 19:19:08 GMT', 'Connection': 'keep-alive', 'Keep-Alive': 'timeout=5'} 
 body={"success":false,"message":"User already exists"} 
 </msg>
<msg time="2025-10-03T16:19:08.014786" level="INFO">${response} = &lt;Response [400]&gt;</msg>
<var>${response}</var>
<arg>CinemaApp</arg>
<arg>url=/auth/register</arg>
<arg>json=${payload}</arg>
<arg>headers=${header}</arg>
<arg>expected_status=any</arg>
<doc>Sends a POST request on a previously created HTTP Session.</doc>
<status status="PASS" start="2025-10-03T16:19:07.991885" elapsed="0.023136"/>
</kw>
<kw name="Set Global Variable" owner="BuiltIn">
<msg time="2025-10-03T16:19:08.016587" level="INFO">${response} = &lt;Response [400]&gt;</msg>
<arg>${response}</arg>
<doc>Makes a variable available globally in all tests and suites.</doc>
<status status="PASS" start="2025-10-03T16:19:08.015610" elapsed="0.001437"/>
</kw>
<kw name="Log" owner="BuiltIn">
<msg time="2025-10-03T16:19:08.022518" level="INFO">{"success":false,"message":"User already exists"}</msg>
<arg>${response.content}</arg>
<doc>Logs the given message with the given level.</doc>
<status status="PASS" start="2025-10-03T16:19:08.017690" elapsed="0.005215"/>
</kw>
<kw name="Log" owner="BuiltIn">
<msg time="2025-10-03T16:19:08.033650" level="INFO">400</msg>
<arg>${response.status_code}</arg>
<doc>Logs the given message with the given level.</doc>
<status status="PASS" start="2025-10-03T16:19:08.023440" elapsed="0.011108"/>
</kw>
<arg>${admin_user}[name]</arg>
<arg>${admin_user}[email]</arg>
<arg>${admin_user}[password]</arg>
<status status="PASS" start="2025-10-03T16:19:07.975489" elapsed="0.060386"/>
</kw>
<kw name="POST Endpoint /auth/login" owner="fazerLoginKeywords">
<kw name="Create Dictionary" owner="BuiltIn">
<msg time="2025-10-03T16:19:08.046021" level="INFO">${payload} = {'email': 'lex.luthor@lexcorp.com', 'password': 'pwd12345'}</msg>
<var>${payload}</var>
<arg>email=${email}</arg>
<arg>password=${password}</arg>
<doc>Creates and returns a dictionary based on the given ``items``.</doc>
<status status="PASS" start="2025-10-03T16:19:08.043734" elapsed="0.002639"/>
</kw>
<kw name="POST On Session" owner="RequestsLibrary">
<msg time="2025-10-03T16:19:08.202627" level="INFO">POST Request : url=http://localhost:3000/api/v1/auth/login 
 path_url=/api/v1/auth/login 
 headers={'User-Agent': 'python-requests/2.32.5', 'Accept-Encoding': 'gzip, deflate', 'Accept': '*/*', 'Connection': 'keep-alive', 'Content-Length': '59', 'Content-Type': 'application/json'} 
 body=b'{"email": "lex.luthor@lexcorp.com", "password": "pwd12345"}' 
 </msg>
<msg time="2025-10-03T16:19:08.202917" level="INFO">POST Response : url=http://localhost:3000/api/v1/auth/login 
 status=200, reason=OK 
 headers={'X-Powered-By': 'Express', 'Access-Control-Allow-Origin': '*', 'Content-Type': 'application/json; charset=utf-8', 'Content-Length': '308', 'ETag': 'W/"134-o/AVChPUsvXZp9vXr37wjW7FYi4"', 'Date': 'Fri, 03 Oct 2025 19:19:08 GMT', 'Connection': 'keep-alive', 'Keep-Alive': 'timeout=5'} 
 body={"success":true,"data":{"_id":"68dd5eeb21ab0711adb801cc","name":"Lex Luthor","email":"lex.luthor@lexcorp.com","role":"admin","token":"eyJhbGciOiJIUzI1NiIsInR5cCI6IkpXVCJ9.eyJpZCI6IjY4ZGQ1ZWViMjFhYjA3MTFhZGI4MDFjYyIsImlhdCI6MTc1OTUxOTE0OCwiZXhwIjoxNzU5NjA1NTQ4fQ.oFrdWiz6r8mEAsfeVetJvfB-b61VhYZ3aoG1ELYOP2s"}} 
 </msg>
<msg time="2025-10-03T16:19:08.203226" level="INFO">${response} = &lt;Response [200]&gt;</msg>
<var>${response}</var>
<arg>alias=CinemaApp</arg>
<arg>url=/auth/login</arg>
<arg>json=${payload}</arg>
<arg>expected_status=any</arg>
<doc>Sends a POST request on a previously created HTTP Session.</doc>
<status status="PASS" start="2025-10-03T16:19:08.047019" elapsed="0.156359"/>
</kw>
<kw name="Set Global Variable" owner="BuiltIn">
<msg time="2025-10-03T16:19:08.204144" level="INFO">${response} = &lt;Response [200]&gt;</msg>
<arg>${response}</arg>
<doc>Makes a variable available globally in all tests and suites.</doc>
<status status="PASS" start="2025-10-03T16:19:08.203711" elapsed="0.000598"/>
</kw>
<kw name="Run Keyword If" owner="BuiltIn">
<kw name="Extract JWT" owner="fazerLoginKeywords">
<kw name="Set Variable" owner="BuiltIn">
<msg time="2025-10-03T16:19:08.206993" level="INFO">${token} = eyJhbGciOiJIUzI1NiIsInR5cCI6IkpXVCJ9.eyJpZCI6IjY4ZGQ1ZWViMjFhYjA3MTFhZGI4MDFjYyIsImlhdCI6MTc1OTUxOTE0OCwiZXhwIjoxNzU5NjA1NTQ4fQ.oFrdWiz6r8mEAsfeVetJvfB-b61VhYZ3aoG1ELYOP2s</msg>
<var>${token}</var>
<arg>${response.json()['data']['token']}</arg>
<doc>Returns the given values which can then be assigned to a variables.</doc>
<status status="PASS" start="2025-10-03T16:19:08.205855" elapsed="0.001399"/>
</kw>
<kw name="Log" owner="BuiltIn">
<msg time="2025-10-03T16:19:08.207868" level="INFO">Token obtido: eyJhbGciOiJIUzI1NiIsInR5cCI6IkpXVCJ9.eyJpZCI6IjY4ZGQ1ZWViMjFhYjA3MTFhZGI4MDFjYyIsImlhdCI6MTc1OTUxOTE0OCwiZXhwIjoxNzU5NjA1NTQ4fQ.oFrdWiz6r8mEAsfeVetJvfB-b61VhYZ3aoG1ELYOP2s</msg>
<arg>Token obtido: ${token}</arg>
<doc>Logs the given message with the given level.</doc>
<status status="PASS" start="2025-10-03T16:19:08.207563" elapsed="0.000510"/>
</kw>
<kw name="Set Global Variable" owner="BuiltIn">
<msg time="2025-10-03T16:19:08.209150" level="INFO">${token} = eyJhbGciOiJIUzI1NiIsInR5cCI6IkpXVCJ9.eyJpZCI6IjY4ZGQ1ZWViMjFhYjA3MTFhZGI4MDFjYyIsImlhdCI6MTc1OTUxOTE0OCwiZXhwIjoxNzU5NjA1NTQ4fQ.oFrdWiz6r8mEAsfeVetJvfB-b61VhYZ3aoG1ELYOP2s</msg>
<arg>${token}</arg>
<doc>Makes a variable available globally in all tests and suites.</doc>
<status status="PASS" start="2025-10-03T16:19:08.208620" elapsed="0.000736"/>
</kw>
<status status="PASS" start="2025-10-03T16:19:08.205438" elapsed="0.004094"/>
</kw>
<arg>${response.status_code} == 200</arg>
<arg>Extract JWT</arg>
<doc>Runs the given keyword with the given arguments, if ``condition`` is true.</doc>
<status status="PASS" start="2025-10-03T16:19:08.204568" elapsed="0.005103"/>
</kw>
<kw name="Log" owner="BuiltIn">
<msg time="2025-10-03T16:19:08.210830" level="INFO">{"success":true,"data":{"_id":"68dd5eeb21ab0711adb801cc","name":"Lex Luthor","email":"lex.luthor@lexcorp.com","role":"admin","token":"eyJhbGciOiJIUzI1NiIsInR5cCI6IkpXVCJ9.eyJpZCI6IjY4ZGQ1ZWViMjFhYjA3MTFhZGI4MDFjYyIsImlhdCI6MTc1OTUxOTE0OCwiZXhwIjoxNzU5NjA1NTQ4fQ.oFrdWiz6r8mEAsfeVetJvfB-b61VhYZ3aoG1ELYOP2s"}}</msg>
<arg>${response.content}</arg>
<doc>Logs the given message with the given level.</doc>
<status status="PASS" start="2025-10-03T16:19:08.209953" elapsed="0.001192"/>
</kw>
<arg>${admin_user}[email]</arg>
<arg>${admin_user}[password]</arg>
<status status="PASS" start="2025-10-03T16:19:08.036544" elapsed="0.174797"/>
</kw>
<kw name="Set Global Variable" owner="BuiltIn">
<msg time="2025-10-03T16:19:08.212100" level="INFO">${admin_user} = {'name': ' Lex Luthr', 'email': 'lex.luthor@lexcorp.com', 'password': 'pwd12345'}</msg>
<arg>${admin_user}</arg>
<doc>Makes a variable available globally in all tests and suites.</doc>
<status status="PASS" start="2025-10-03T16:19:08.211652" elapsed="0.000798"/>
</kw>
<status status="PASS" start="2025-10-03T16:19:07.970530" elapsed="0.242096"/>
</kw>
<kw name="Get ID from Reservations" owner="common">
<kw name="Get Reservation by Session" owner="database">
<msg time="2025-10-03T16:19:08.217390" level="INFO">Searching for reservation with session_id: 68e021abc0b485c13e7b4db7
Reservation found: {'_id': ObjectId('68e021abc0b485c13e7b4dbf'), 'user': ObjectId('68dfcc9e8e953d7b9ccaaeed'), 'session': ObjectId('68e021abc0b485c13e7b4db7'), 'seats': [{'row': 'B', 'number': 5, 'type': 'half'}], 'totalPrice': 10, 'status': 'confirmed', 'paymentStatus': 'completed', 'paymentMethod': 'pix', 'paymentDate': datetime.datetime(2025, 10, 3, 19, 19, 7, 880000), 'createdAt': datetime.datetime(2025, 10, 3, 19, 19, 7, 881000), 'updatedAt': datetime.datetime(2025, 10, 3, 19, 19, 7, 881000), '__v': 0}
Reservation ID: 68e021abc0b485c13e7b4dbf</msg>
<msg time="2025-10-03T16:19:08.218035" level="INFO">${reservation_data} = {'_id': '68e021abc0b485c13e7b4dbf', 'user': ObjectId('68dfcc9e8e953d7b9ccaaeed'), 'session': ObjectId('68e021abc0b485c13e7b4db7'), 'seats': [{'row': 'B', 'number': 5, 'type': 'half'}], 'totalPrice': 1...</msg>
<var>${reservation_data}</var>
<arg>${reservation}[session]</arg>
<status status="PASS" start="2025-10-03T16:19:08.214722" elapsed="0.003610"/>
</kw>
<kw name="Should Not Be Equal" owner="BuiltIn">
<msg time="2025-10-03T16:19:08.219651" level="INFO">Argument types are:
&lt;class 'dict'&gt;
&lt;class 'NoneType'&gt;</msg>
<arg>${reservation_data}</arg>
<arg>${None}</arg>
<arg>Reservation not found in database</arg>
<doc>Fails if the given objects are equal.</doc>
<status status="PASS" start="2025-10-03T16:19:08.218947" elapsed="0.001069"/>
</kw>
<kw name="Set Variable" owner="BuiltIn">
<msg time="2025-10-03T16:19:08.221426" level="INFO">${reservation_id} = 68e021abc0b485c13e7b4dbf</msg>
<var>${reservation_id}</var>
<arg>${reservation_data}[_id]</arg>
<doc>Returns the given values which can then be assigned to a variables.</doc>
<status status="PASS" start="2025-10-03T16:19:08.220655" elapsed="0.002759"/>
</kw>
<kw name="Set Global Variable" owner="BuiltIn">
<msg time="2025-10-03T16:19:08.227746" level="INFO">${reservation_id} = 68e021abc0b485c13e7b4dbf</msg>
<arg>${reservation_id}</arg>
<doc>Makes a variable available globally in all tests and suites.</doc>
<status status="PASS" start="2025-10-03T16:19:08.226848" elapsed="0.001571"/>
</kw>
<return>
<value>${reservation_id}</value>
<status status="PASS" start="2025-10-03T16:19:08.228745" elapsed="0.000254"/>
</return>
<msg time="2025-10-03T16:19:08.230162" level="INFO">${id} = 68e021abc0b485c13e7b4dbf</msg>
<var>${id}</var>
<arg>${reservation}</arg>
<status status="PASS" start="2025-10-03T16:19:08.212975" elapsed="0.020021"/>
</kw>
<kw name="DELETE Endpoint /users/_id" owner="deleteUserKeywords">
<kw name="Create Dictionary" owner="BuiltIn">
<msg time="2025-10-03T16:19:08.235800" level="INFO">&amp;{header} = { Content-Type=application/json | Authorization=Bearer eyJhbGciOiJIUzI1NiIsInR5cCI6IkpXVCJ9.eyJpZCI6IjY4ZGQ1ZWViMjFhYjA3MTFhZGI4MDFjYyIsImlhdCI6MTc1OTUxOTE0OCwiZXhwIjoxNzU5NjA1NTQ4fQ.oFrdWiz6r8mEAsfeV...</msg>
<var>&amp;{header}</var>
<arg>Content-Type=application/json</arg>
<arg>Authorization=Bearer ${token}</arg>
<doc>Creates and returns a dictionary based on the given ``items``.</doc>
<status status="PASS" start="2025-10-03T16:19:08.235032" elapsed="0.003528"/>
</kw>
<kw name="DELETE On Session" owner="RequestsLibrary">
<msg time="2025-10-03T16:19:08.251560" level="INFO">DELETE Request : url=http://localhost:3000/api/v1/users/68e021abc0b485c13e7b4dbf 
 path_url=/api/v1/users/68e021abc0b485c13e7b4dbf 
 headers={'User-Agent': 'python-requests/2.32.5', 'Accept-Encoding': 'gzip, deflate', 'Accept': '*/*', 'Connection': 'keep-alive', 'Content-Type': 'application/json', 'Authorization': 'Bearer eyJhbGciOiJIUzI1NiIsInR5cCI6IkpXVCJ9.eyJpZCI6IjY4ZGQ1ZWViMjFhYjA3MTFhZGI4MDFjYyIsImlhdCI6MTc1OTUxOTE0OCwiZXhwIjoxNzU5NjA1NTQ4fQ.oFrdWiz6r8mEAsfeVetJvfB-b61VhYZ3aoG1ELYOP2s', 'Content-Length': '0'} 
 body=None 
 </msg>
<msg time="2025-10-03T16:19:08.252026" level="INFO">DELETE Response : url=http://localhost:3000/api/v1/users/68e021abc0b485c13e7b4dbf 
 status=404, reason=Not Found 
 headers={'X-Powered-By': 'Express', 'Access-Control-Allow-Origin': '*', 'Content-Type': 'application/json; charset=utf-8', 'Content-Length': '44', 'ETag': 'W/"2c-EAnCIFy1uGovyo/FU6KYwnjLgrc"', 'Date': 'Fri, 03 Oct 2025 19:19:08 GMT', 'Connection': 'keep-alive', 'Keep-Alive': 'timeout=5'} 
 body={"success":false,"message":"User not found"} 
 </msg>
<msg time="2025-10-03T16:19:08.252503" level="INFO">${response} = &lt;Response [404]&gt;</msg>
<var>${response}</var>
<arg>alias=CinemaApp</arg>
<arg>url=/users/${id}</arg>
<arg>headers=${header}</arg>
<arg>expected_status=any</arg>
<doc>Sends a DELETE request on a previously created HTTP Session.</doc>
<status status="PASS" start="2025-10-03T16:19:08.239219" elapsed="0.013541"/>
</kw>
<kw name="Log" owner="BuiltIn">
<msg time="2025-10-03T16:19:08.254462" level="INFO">{"success":false,"message":"User not found"}</msg>
<arg>${response.content}</arg>
<doc>Logs the given message with the given level.</doc>
<status status="PASS" start="2025-10-03T16:19:08.253311" elapsed="0.001503"/>
</kw>
<arg>${id}</arg>
<status status="PASS" start="2025-10-03T16:19:08.234238" elapsed="0.020846"/>
</kw>
<arg>${reservation}</arg>
<status status="PASS" start="2025-10-03T16:19:07.968793" elapsed="0.286553"/>
</kw>
<kw name="Validar Status Code &quot;200&quot;" owner="common" source_name="Validar Status Code &quot;${statuscode}&quot;">
<kw name="Variable Should Exist" owner="BuiltIn">
<arg>${response}</arg>
<arg>response não foi definida. Verifique a requisição</arg>
<doc>Fails unless the given variable exists within the current scope.</doc>
<status status="PASS" start="2025-10-03T16:19:08.257976" elapsed="0.000633"/>
</kw>
<kw name="Should Be True" owner="BuiltIn">
<arg>${response.status_code} == ${statuscode}</arg>
<doc>Fails if the given condition is not true.</doc>
<status status="PASS" start="2025-10-03T16:19:08.259093" elapsed="0.012638"/>
</kw>
<status status="PASS" start="2025-10-03T16:19:08.257101" elapsed="0.015032"/>
</kw>
<kw name="Validar Success" owner="common">
<kw name="Variable Should Exist" owner="BuiltIn">
<arg>${response}</arg>
<arg>response não foi definida. Verifique a requisição</arg>
<doc>Fails unless the given variable exists within the current scope.</doc>
<status status="PASS" start="2025-10-03T16:19:08.275046" elapsed="0.000610"/>
</kw>
<kw name="Set Variable" owner="BuiltIn">
<msg time="2025-10-03T16:19:08.280626" level="INFO">${response_success} = True</msg>
<var>${response_success}</var>
<arg>${response.json()['success']}</arg>
<doc>Returns the given values which can then be assigned to a variables.</doc>
<status status="PASS" start="2025-10-03T16:19:08.278735" elapsed="0.002225"/>
</kw>
<kw name="Should Be Equal" owner="BuiltIn">
<arg>${response_success}</arg>
<arg>${expected_success}</arg>
<arg>msg=Campo success inesperado. Esperado: ${expected_success}, Obtido: ${response_success}</arg>
<doc>Fails if the given objects are unequal.</doc>
<status status="PASS" start="2025-10-03T16:19:08.281492" elapsed="0.000970"/>
</kw>
<arg>${True}</arg>
<status status="PASS" start="2025-10-03T16:19:08.274009" elapsed="0.011245"/>
</kw>
<status status="PASS" start="2025-10-03T16:19:06.336870" elapsed="1.950795"/>
</test>
<doc>Testes para o endpoint /reservations</doc>
<status status="PASS" start="2025-10-03T16:19:05.763173" elapsed="2.530260"/>
</suite>
<statistics>
<total>
<stat pass="1" fail="0" skip="0">All Tests</stat>
</total>
<tag>
</tag>
<suite>
<stat name="Reservations Tests" id="s1" pass="1" fail="0" skip="0">Reservations Tests</stat>
</suite>
</statistics>
<errors>
</errors>
</robot>
