<?xml version="1.0" encoding="UTF-8"?>
<robot generator="Robot 7.3.2 (Python 3.12.3 on linux)" generated="2025-10-02T14:32:08.171402" rpa="false" schemaversion="5">
<suite id="s1" name="Theaters Tests" source="/home/rafael/Documentos/Compass/AtualizadoPC/PB-Quality-Engineering/Documentos/Semana 15 - Challenge Final/cinemaApp-tests/api/tests/theaters_tests.robot">
<kw name="Criar Sessao" owner="base" type="SETUP">
<kw name="Create Session" owner="RequestsLibrary">
<msg time="2025-10-02T14:32:08.701568" level="INFO">Creating Session using : alias=CinemaApp, url=http://localhost:3000/api/v1, headers={},                     cookies={}, auth=None, timeout=None, proxies=None, verify=False,                     debug=0 </msg>
<arg>CinemaApp</arg>
<arg>url=${BASE_URL}</arg>
<doc>Create Session: create a HTTP session to a server</doc>
<status status="PASS" start="2025-10-02T14:32:08.700887" elapsed="0.005646"/>
</kw>
<status status="PASS" start="2025-10-02T14:32:08.699735" elapsed="0.007460"/>
</kw>
<test id="s1-t1" name="CT007.001 - Criar uma Sala de Cinema com Sucesso" line="11">
<kw name="Create Dictionary" owner="BuiltIn">
<msg time="2025-10-02T14:32:08.711758" level="INFO">${theater} = {'name': 'Sala - 1', 'capacity': ' 60', 'type': 'standard'}</msg>
<var>${theater}</var>
<arg>name=Sala - 1</arg>
<arg>capacity= 60</arg>
<arg>type=standard</arg>
<doc>Creates and returns a dictionary based on the given ``items``.</doc>
<status status="PASS" start="2025-10-02T14:32:08.709830" elapsed="0.004593"/>
</kw>
<kw name="Remove Theater From Database" owner="database">
<arg>${theater}[name]</arg>
<status status="PASS" start="2025-10-02T14:32:08.716603" elapsed="0.005050"/>
</kw>
<kw name="Criar um Sala de Cinema" owner="createTheaterKeywords">
<kw name="Utilizar Token de Administrador" owner="common">
<kw name="Create Dictionary" owner="BuiltIn">
<msg time="2025-10-02T14:32:08.725372" level="INFO">${admin_user} = {'email': 'lex.luthor@lexcorp.com', 'password': 'pwd12345'}</msg>
<var>${admin_user}</var>
<arg>email=lex.luthor@lexcorp.com</arg>
<arg>password=pwd12345</arg>
<doc>Creates and returns a dictionary based on the given ``items``.</doc>
<status status="PASS" start="2025-10-02T14:32:08.724643" elapsed="0.002172"/>
</kw>
<kw name="Criar Sessao" owner="base">
<kw name="Create Session" owner="RequestsLibrary">
<msg time="2025-10-02T14:32:08.728851" level="INFO">Creating Session using : alias=CinemaApp, url=http://localhost:3000/api/v1, headers={},                     cookies={}, auth=None, timeout=None, proxies=None, verify=False,                     debug=0 </msg>
<arg>CinemaApp</arg>
<arg>url=${BASE_URL}</arg>
<doc>Create Session: create a HTTP session to a server</doc>
<status status="PASS" start="2025-10-02T14:32:08.728217" elapsed="0.002250"/>
</kw>
<status status="PASS" start="2025-10-02T14:32:08.727432" elapsed="0.003396"/>
</kw>
<kw name="Fazer Login" owner="fazerLoginKeywords">
<kw name="POST Endpoint /auth/login" owner="fazerLoginKeywords">
<kw name="Create Dictionary" owner="BuiltIn">
<msg time="2025-10-02T14:32:08.736273" level="INFO">${payload} = {'email': 'lex.luthor@lexcorp.com', 'password': 'pwd12345'}</msg>
<var>${payload}</var>
<arg>email=${email}</arg>
<arg>password=${password}</arg>
<doc>Creates and returns a dictionary based on the given ``items``.</doc>
<status status="PASS" start="2025-10-02T14:32:08.733680" elapsed="0.004002"/>
</kw>
<kw name="POST On Session" owner="RequestsLibrary">
<msg time="2025-10-02T14:32:08.981719" level="INFO">POST Request : url=http://localhost:3000/api/v1/auth/login 
 path_url=/api/v1/auth/login 
 headers={'User-Agent': 'python-requests/2.32.5', 'Accept-Encoding': 'gzip, deflate', 'Accept': '*/*', 'Connection': 'keep-alive', 'Content-Length': '59', 'Content-Type': 'application/json'} 
 body=b'{"email": "lex.luthor@lexcorp.com", "password": "pwd12345"}' 
 </msg>
<msg time="2025-10-02T14:32:08.982303" level="INFO">POST Response : url=http://localhost:3000/api/v1/auth/login 
 status=200, reason=OK 
 headers={'X-Powered-By': 'Express', 'Access-Control-Allow-Origin': '*', 'Content-Type': 'application/json; charset=utf-8', 'Content-Length': '308', 'ETag': 'W/"134-cGoZXsL89qEbkjxr8XJlwoqN18o"', 'Date': 'Thu, 02 Oct 2025 17:32:08 GMT', 'Connection': 'keep-alive', 'Keep-Alive': 'timeout=5'} 
 body={"success":true,"data":{"_id":"68dd5eeb21ab0711adb801cc","name":"Lex Luthor","email":"lex.luthor@lexcorp.com","role":"admin","token":"eyJhbGciOiJIUzI1NiIsInR5cCI6IkpXVCJ9.eyJpZCI6IjY4ZGQ1ZWViMjFhYjA3MTFhZGI4MDFjYyIsImlhdCI6MTc1OTQyNjMyOCwiZXhwIjoxNzU5NTEyNzI4fQ.PKXPN2KGaM44XFoAh7jVzN9HBLXflmh1JBJ32t_g5Sk"}} 
 </msg>
<msg time="2025-10-02T14:32:08.982765" level="INFO">${response} = &lt;Response [200]&gt;</msg>
<var>${response}</var>
<arg>alias=CinemaApp</arg>
<arg>url=/auth/login</arg>
<arg>json=${payload}</arg>
<arg>expected_status=any</arg>
<doc>Sends a POST request on a previously created HTTP Session.</doc>
<status status="PASS" start="2025-10-02T14:32:08.738304" elapsed="0.244951"/>
</kw>
<kw name="Set Global Variable" owner="BuiltIn">
<msg time="2025-10-02T14:32:08.984964" level="INFO">${response} = &lt;Response [200]&gt;</msg>
<arg>${response}</arg>
<doc>Makes a variable available globally in all tests and suites.</doc>
<status status="PASS" start="2025-10-02T14:32:08.983768" elapsed="0.001555"/>
</kw>
<kw name="Run Keyword If" owner="BuiltIn">
<kw name="Extract JWT" owner="fazerLoginKeywords">
<kw name="Set Variable" owner="BuiltIn">
<msg time="2025-10-02T14:32:08.991720" level="INFO">${token} = eyJhbGciOiJIUzI1NiIsInR5cCI6IkpXVCJ9.eyJpZCI6IjY4ZGQ1ZWViMjFhYjA3MTFhZGI4MDFjYyIsImlhdCI6MTc1OTQyNjMyOCwiZXhwIjoxNzU5NTEyNzI4fQ.PKXPN2KGaM44XFoAh7jVzN9HBLXflmh1JBJ32t_g5Sk</msg>
<var>${token}</var>
<arg>${response.json()['data']['token']}</arg>
<doc>Returns the given values which can then be assigned to a variables.</doc>
<status status="PASS" start="2025-10-02T14:32:08.989757" elapsed="0.002358"/>
</kw>
<kw name="Log" owner="BuiltIn">
<msg time="2025-10-02T14:32:08.993205" level="INFO">Token obtido: eyJhbGciOiJIUzI1NiIsInR5cCI6IkpXVCJ9.eyJpZCI6IjY4ZGQ1ZWViMjFhYjA3MTFhZGI4MDFjYyIsImlhdCI6MTc1OTQyNjMyOCwiZXhwIjoxNzU5NTEyNzI4fQ.PKXPN2KGaM44XFoAh7jVzN9HBLXflmh1JBJ32t_g5Sk</msg>
<arg>Token obtido: ${token}</arg>
<doc>Logs the given message with the given level.</doc>
<status status="PASS" start="2025-10-02T14:32:08.992605" elapsed="0.000998"/>
</kw>
<kw name="Set Global Variable" owner="BuiltIn">
<msg time="2025-10-02T14:32:08.994980" level="INFO">${token} = eyJhbGciOiJIUzI1NiIsInR5cCI6IkpXVCJ9.eyJpZCI6IjY4ZGQ1ZWViMjFhYjA3MTFhZGI4MDFjYyIsImlhdCI6MTc1OTQyNjMyOCwiZXhwIjoxNzU5NTEyNzI4fQ.PKXPN2KGaM44XFoAh7jVzN9HBLXflmh1JBJ32t_g5Sk</msg>
<arg>${token}</arg>
<doc>Makes a variable available globally in all tests and suites.</doc>
<status status="PASS" start="2025-10-02T14:32:08.994114" elapsed="0.001892"/>
</kw>
<status status="PASS" start="2025-10-02T14:32:08.988627" elapsed="0.007740"/>
</kw>
<arg>${response.status_code} == 200</arg>
<arg>Extract JWT</arg>
<doc>Runs the given keyword with the given arguments, if ``condition`` is true.</doc>
<status status="PASS" start="2025-10-02T14:32:08.985786" elapsed="0.010837"/>
</kw>
<kw name="Log" owner="BuiltIn">
<msg time="2025-10-02T14:32:08.998309" level="INFO">{"success":true,"data":{"_id":"68dd5eeb21ab0711adb801cc","name":"Lex Luthor","email":"lex.luthor@lexcorp.com","role":"admin","token":"eyJhbGciOiJIUzI1NiIsInR5cCI6IkpXVCJ9.eyJpZCI6IjY4ZGQ1ZWViMjFhYjA3MTFhZGI4MDFjYyIsImlhdCI6MTc1OTQyNjMyOCwiZXhwIjoxNzU5NTEyNzI4fQ.PKXPN2KGaM44XFoAh7jVzN9HBLXflmh1JBJ32t_g5Sk"}}</msg>
<arg>${response.content}</arg>
<doc>Logs the given message with the given level.</doc>
<status status="PASS" start="2025-10-02T14:32:08.997077" elapsed="0.001628"/>
</kw>
<arg>${user}[email]</arg>
<arg>${user}[password]</arg>
<status status="PASS" start="2025-10-02T14:32:08.732527" elapsed="0.266476"/>
</kw>
<arg>${admin_user}</arg>
<status status="PASS" start="2025-10-02T14:32:08.731314" elapsed="0.267999"/>
</kw>
<status status="PASS" start="2025-10-02T14:32:08.723765" elapsed="0.275812"/>
</kw>
<kw name="POST Endpoint /theaters" owner="createTheaterKeywords">
<kw name="Create Dictionary" owner="BuiltIn">
<msg time="2025-10-02T14:32:09.009255" level="INFO">&amp;{header} = { Content-Type=application/json | Authorization=Bearer eyJhbGciOiJIUzI1NiIsInR5cCI6IkpXVCJ9.eyJpZCI6IjY4ZGQ1ZWViMjFhYjA3MTFhZGI4MDFjYyIsImlhdCI6MTc1OTQyNjMyOCwiZXhwIjoxNzU5NTEyNzI4fQ.PKXPN2KGaM44XFoAh...</msg>
<var>&amp;{header}</var>
<arg>Content-Type=application/json</arg>
<arg>Authorization=Bearer ${token}</arg>
<doc>Creates and returns a dictionary based on the given ``items``.</doc>
<status status="PASS" start="2025-10-02T14:32:09.008064" elapsed="0.005215"/>
</kw>
<kw name="Create Dictionary" owner="BuiltIn">
<msg time="2025-10-02T14:32:09.016312" level="INFO">${payload} = {'name': 'Sala - 1', 'capacity': ' 60', 'type': 'standard'}</msg>
<var>${payload}</var>
<arg>name=${name}</arg>
<arg>capacity=${capacity}</arg>
<arg>type=${type}</arg>
<doc>Creates and returns a dictionary based on the given ``items``.</doc>
<status status="PASS" start="2025-10-02T14:32:09.015204" elapsed="0.001413"/>
</kw>
<kw name="POST On Session" owner="RequestsLibrary">
<msg time="2025-10-02T14:32:09.053737" level="INFO">POST Request : url=http://localhost:3000/api/v1/theaters 
 path_url=/api/v1/theaters 
 headers={'User-Agent': 'python-requests/2.32.5', 'Accept-Encoding': 'gzip, deflate', 'Accept': '*/*', 'Connection': 'keep-alive', 'Content-Type': 'application/json', 'Authorization': 'Bearer eyJhbGciOiJIUzI1NiIsInR5cCI6IkpXVCJ9.eyJpZCI6IjY4ZGQ1ZWViMjFhYjA3MTFhZGI4MDFjYyIsImlhdCI6MTc1OTQyNjMyOCwiZXhwIjoxNzU5NTEyNzI4fQ.PKXPN2KGaM44XFoAh7jVzN9HBLXflmh1JBJ32t_g5Sk', 'Content-Length': '59'} 
 body=b'{"name": "Sala - 1", "capacity": " 60", "type": "standard"}' 
 </msg>
<msg time="2025-10-02T14:32:09.054884" level="INFO">POST Response : url=http://localhost:3000/api/v1/theaters 
 status=201, reason=Created 
 headers={'X-Powered-By': 'Express', 'Access-Control-Allow-Origin': '*', 'Content-Type': 'application/json; charset=utf-8', 'Content-Length': '226', 'ETag': 'W/"e2-ZuCak0vAMTQsXxgPtx0Dssn+ccI"', 'Date': 'Thu, 02 Oct 2025 17:32:09 GMT', 'Connection': 'keep-alive', 'Keep-Alive': 'timeout=5'} 
 body={"success":true,"data":{"name":"Sala - 1","capacity":60,"type":"standard","_id":"68deb719eeb8b3a29f92646a","createdAt":"2025-10-02T17:32:09.036Z","updatedAt":"2025-10-02T17:32:09.036Z","__v":0,"id":"68deb719eeb8b3a29f92646a"}} 
 </msg>
<msg time="2025-10-02T14:32:09.055661" level="INFO">${response} = &lt;Response [201]&gt;</msg>
<var>${response}</var>
<arg>CinemaApp</arg>
<arg>url=/theaters</arg>
<arg>json=${payload}</arg>
<arg>headers=${header}</arg>
<arg>expected_status=any</arg>
<doc>Sends a POST request on a previously created HTTP Session.</doc>
<status status="PASS" start="2025-10-02T14:32:09.019283" elapsed="0.036838"/>
</kw>
<kw name="Log" owner="BuiltIn">
<msg time="2025-10-02T14:32:09.058866" level="INFO">{"success":true,"data":{"name":"Sala - 1","capacity":60,"type":"standard","_id":"68deb719eeb8b3a29f92646a","createdAt":"2025-10-02T17:32:09.036Z","updatedAt":"2025-10-02T17:32:09.036Z","__v":0,"id":"68deb719eeb8b3a29f92646a"}}</msg>
<arg>${response.content}</arg>
<doc>Logs the given message with the given level.</doc>
<status status="PASS" start="2025-10-02T14:32:09.056901" elapsed="0.003372"/>
</kw>
<arg>${theater}[name]</arg>
<arg>${theater}[capacity]</arg>
<arg>${theater}[type]</arg>
<status status="PASS" start="2025-10-02T14:32:09.000160" elapsed="0.060456"/>
</kw>
<arg>${theater}</arg>
<status status="PASS" start="2025-10-02T14:32:08.722504" elapsed="0.338410"/>
</kw>
<status status="PASS" start="2025-10-02T14:32:08.707564" elapsed="0.353875"/>
</test>
<doc>Testes para endpoint /theaters</doc>
<status status="PASS" start="2025-10-02T14:32:08.217398" elapsed="0.847158"/>
</suite>
<statistics>
<total>
<stat pass="1" fail="0" skip="0">All Tests</stat>
</total>
<tag>
</tag>
<suite>
<stat name="Theaters Tests" id="s1" pass="1" fail="0" skip="0">Theaters Tests</stat>
</suite>
</statistics>
<errors>
</errors>
</robot>
