<?xml version="1.0" encoding="UTF-8"?>
<robot generator="Robot 7.3.2 (Python 3.12.3 on linux)" generated="2025-10-02T15:12:42.446814" rpa="false" schemaversion="5">
<suite id="s1" name="Sessions Tests" source="/home/rafael/Documentos/Compass/AtualizadoPC/PB-Quality-Engineering/Documentos/Semana 15 - Challenge Final/cinemaApp-tests/api/tests/sessions_tests.robot">
<kw name="Criar Sessao" owner="base" type="SETUP">
<kw name="Create Session" owner="RequestsLibrary">
<msg time="2025-10-02T15:12:42.720244" level="INFO">Creating Session using : alias=CinemaApp, url=http://localhost:3000/api/v1, headers={},                     cookies={}, auth=None, timeout=None, proxies=None, verify=False,                     debug=0 </msg>
<arg>CinemaApp</arg>
<arg>url=${BASE_URL}</arg>
<doc>Create Session: create a HTTP session to a server</doc>
<status status="PASS" start="2025-10-02T15:12:42.719795" elapsed="0.002680"/>
</kw>
<status status="PASS" start="2025-10-02T15:12:42.718961" elapsed="0.003964"/>
</kw>
<test id="s1-t1" name="CT005.001 - Criar uma nova sessão" line="12">
<kw name="Create List" owner="BuiltIn">
<msg time="2025-10-02T15:12:42.725269" level="INFO">${genres} = ['Ação', 'Crime']</msg>
<var>${genres}</var>
<arg>Ação</arg>
<arg>Crime</arg>
<doc>Returns a list containing given items.</doc>
<status status="PASS" start="2025-10-02T15:12:42.724501" elapsed="0.001416"/>
</kw>
<kw name="Create Dictionary" owner="BuiltIn">
<msg time="2025-10-02T15:12:42.727892" level="INFO">${movie} = {'title': 'The Batman', 'synopsis': 'Após dois anos espreitando as ruas como Batman, Bruce Wayne se encontra nas profundezas mais sombrias de Gotham City. Com poucos aliados confiáveis, o vigilante so...</msg>
<var>${movie}</var>
<arg>title=The Batman</arg>
<arg>synopsis=Após dois anos espreitando as ruas como Batman, Bruce Wayne se encontra nas profundezas mais sombrias de Gotham City. Com poucos aliados confiáveis, o vigilante solitário se estabelece como a personificação da vingança para a população.</arg>
<arg>director=Matt Reeves</arg>
<arg>genres=${genres}</arg>
<arg>duration=176</arg>
<arg>classification=+14</arg>
<arg>poster=batman.jpg</arg>
<arg>releaseDate=2022-03-03</arg>
<doc>Creates and returns a dictionary based on the given ``items``.</doc>
<status status="PASS" start="2025-10-02T15:12:42.726582" elapsed="0.001565"/>
</kw>
<kw name="Clean Movie from Database" owner="database">
<msg time="2025-10-02T15:12:42.733657" level="INFO">Searching for movie with title: The Batman
Movie found: {'_id': ObjectId('68debf82eeb8b3a29f9264cf'), 'title': 'The Batman', 'synopsis': 'Após dois anos espreitando as ruas como Batman, Bruce Wayne se encontra nas profundezas mais sombrias de Gotham City. Com poucos aliados confiáveis, o vigilante solitário se estabelece como a personificação da vingança para a população.', 'director': 'Matt Reeves', 'genres': ['Ação', 'Crime'], 'duration': 176, 'classification': '+14', 'poster': 'batman.jpg', 'releaseDate': datetime.datetime(2022, 3, 3, 0, 0), 'createdAt': datetime.datetime(2025, 10, 2, 18, 8, 2, 232000), 'updatedAt': datetime.datetime(2025, 10, 2, 18, 8, 2, 232000), '__v': 0}
Movies with title 'The Batman' deleted. Count: 1</msg>
<arg>${movie}[title]</arg>
<status status="PASS" start="2025-10-02T15:12:42.728806" elapsed="0.005319"/>
</kw>
<kw name="Criar Sessao" owner="base">
<kw name="Create Session" owner="RequestsLibrary">
<msg time="2025-10-02T15:12:42.735936" level="INFO">Creating Session using : alias=CinemaApp, url=http://localhost:3000/api/v1, headers={},                     cookies={}, auth=None, timeout=None, proxies=None, verify=False,                     debug=0 </msg>
<arg>CinemaApp</arg>
<arg>url=${BASE_URL}</arg>
<doc>Create Session: create a HTTP session to a server</doc>
<status status="PASS" start="2025-10-02T15:12:42.735583" elapsed="0.000730"/>
</kw>
<status status="PASS" start="2025-10-02T15:12:42.734911" elapsed="0.001586"/>
</kw>
<kw name="Criar filme" owner="createMovieKeywords">
<kw name="Utilizar Token de Administrador" owner="common">
<kw name="Create Dictionary" owner="BuiltIn">
<msg time="2025-10-02T15:12:42.739077" level="INFO">${admin_user} = {'email': 'lex.luthor@lexcorp.com', 'password': 'pwd12345'}</msg>
<var>${admin_user}</var>
<arg>email=lex.luthor@lexcorp.com</arg>
<arg>password=pwd12345</arg>
<doc>Creates and returns a dictionary based on the given ``items``.</doc>
<status status="PASS" start="2025-10-02T15:12:42.738674" elapsed="0.001023"/>
</kw>
<kw name="Criar Sessao" owner="base">
<kw name="Create Session" owner="RequestsLibrary">
<msg time="2025-10-02T15:12:42.741164" level="INFO">Creating Session using : alias=CinemaApp, url=http://localhost:3000/api/v1, headers={},                     cookies={}, auth=None, timeout=None, proxies=None, verify=False,                     debug=0 </msg>
<arg>CinemaApp</arg>
<arg>url=${BASE_URL}</arg>
<doc>Create Session: create a HTTP session to a server</doc>
<status status="PASS" start="2025-10-02T15:12:42.740744" elapsed="0.000762"/>
</kw>
<status status="PASS" start="2025-10-02T15:12:42.740234" elapsed="0.001445"/>
</kw>
<kw name="Fazer Login" owner="fazerLoginKeywords">
<kw name="POST Endpoint /auth/login" owner="fazerLoginKeywords">
<kw name="Create Dictionary" owner="BuiltIn">
<msg time="2025-10-02T15:12:42.743882" level="INFO">${payload} = {'email': 'lex.luthor@lexcorp.com', 'password': 'pwd12345'}</msg>
<var>${payload}</var>
<arg>email=${email}</arg>
<arg>password=${password}</arg>
<doc>Creates and returns a dictionary based on the given ``items``.</doc>
<status status="PASS" start="2025-10-02T15:12:42.743349" elapsed="0.005356"/>
</kw>
<kw name="POST On Session" owner="RequestsLibrary">
<msg time="2025-10-02T15:12:42.925863" level="INFO">POST Request : url=http://localhost:3000/api/v1/auth/login 
 path_url=/api/v1/auth/login 
 headers={'User-Agent': 'python-requests/2.32.5', 'Accept-Encoding': 'gzip, deflate', 'Accept': '*/*', 'Connection': 'keep-alive', 'Content-Length': '59', 'Content-Type': 'application/json'} 
 body=b'{"email": "lex.luthor@lexcorp.com", "password": "pwd12345"}' 
 </msg>
<msg time="2025-10-02T15:12:42.926276" level="INFO">POST Response : url=http://localhost:3000/api/v1/auth/login 
 status=200, reason=OK 
 headers={'X-Powered-By': 'Express', 'Access-Control-Allow-Origin': '*', 'Content-Type': 'application/json; charset=utf-8', 'Content-Length': '308', 'ETag': 'W/"134-7xiGJqSGl+j5raY+JVK++cKe/jM"', 'Date': 'Thu, 02 Oct 2025 18:12:42 GMT', 'Connection': 'keep-alive', 'Keep-Alive': 'timeout=5'} 
 body={"success":true,"data":{"_id":"68dd5eeb21ab0711adb801cc","name":"Lex Luthor","email":"lex.luthor@lexcorp.com","role":"admin","token":"eyJhbGciOiJIUzI1NiIsInR5cCI6IkpXVCJ9.eyJpZCI6IjY4ZGQ1ZWViMjFhYjA3MTFhZGI4MDFjYyIsImlhdCI6MTc1OTQyODc2MiwiZXhwIjoxNzU5NTE1MTYyfQ.W0AwALzRbCmE9GypcMaTWvVAKX-fNOmN9JcnEcKePOI"}} 
 </msg>
<msg time="2025-10-02T15:12:42.926623" level="INFO">${response} = &lt;Response [200]&gt;</msg>
<var>${response}</var>
<arg>alias=CinemaApp</arg>
<arg>url=/auth/login</arg>
<arg>json=${payload}</arg>
<arg>expected_status=any</arg>
<doc>Sends a POST request on a previously created HTTP Session.</doc>
<status status="PASS" start="2025-10-02T15:12:42.749551" elapsed="0.177266"/>
</kw>
<kw name="Set Global Variable" owner="BuiltIn">
<msg time="2025-10-02T15:12:42.927728" level="INFO">${response} = &lt;Response [200]&gt;</msg>
<arg>${response}</arg>
<doc>Makes a variable available globally in all tests and suites.</doc>
<status status="PASS" start="2025-10-02T15:12:42.927170" elapsed="0.000762"/>
</kw>
<kw name="Run Keyword If" owner="BuiltIn">
<kw name="Extract JWT" owner="fazerLoginKeywords">
<kw name="Set Variable" owner="BuiltIn">
<msg time="2025-10-02T15:12:42.932019" level="INFO">${token} = eyJhbGciOiJIUzI1NiIsInR5cCI6IkpXVCJ9.eyJpZCI6IjY4ZGQ1ZWViMjFhYjA3MTFhZGI4MDFjYyIsImlhdCI6MTc1OTQyODc2MiwiZXhwIjoxNzU5NTE1MTYyfQ.W0AwALzRbCmE9GypcMaTWvVAKX-fNOmN9JcnEcKePOI</msg>
<var>${token}</var>
<arg>${response.json()['data']['token']}</arg>
<doc>Returns the given values which can then be assigned to a variables.</doc>
<status status="PASS" start="2025-10-02T15:12:42.930581" elapsed="0.001823"/>
</kw>
<kw name="Log" owner="BuiltIn">
<msg time="2025-10-02T15:12:42.933605" level="INFO">Token obtido: eyJhbGciOiJIUzI1NiIsInR5cCI6IkpXVCJ9.eyJpZCI6IjY4ZGQ1ZWViMjFhYjA3MTFhZGI4MDFjYyIsImlhdCI6MTc1OTQyODc2MiwiZXhwIjoxNzU5NTE1MTYyfQ.W0AwALzRbCmE9GypcMaTWvVAKX-fNOmN9JcnEcKePOI</msg>
<arg>Token obtido: ${token}</arg>
<doc>Logs the given message with the given level.</doc>
<status status="PASS" start="2025-10-02T15:12:42.932849" elapsed="0.001147"/>
</kw>
<kw name="Set Global Variable" owner="BuiltIn">
<msg time="2025-10-02T15:12:42.935337" level="INFO">${token} = eyJhbGciOiJIUzI1NiIsInR5cCI6IkpXVCJ9.eyJpZCI6IjY4ZGQ1ZWViMjFhYjA3MTFhZGI4MDFjYyIsImlhdCI6MTc1OTQyODc2MiwiZXhwIjoxNzU5NTE1MTYyfQ.W0AwALzRbCmE9GypcMaTWvVAKX-fNOmN9JcnEcKePOI</msg>
<arg>${token}</arg>
<doc>Makes a variable available globally in all tests and suites.</doc>
<status status="PASS" start="2025-10-02T15:12:42.934518" elapsed="0.001178"/>
</kw>
<status status="PASS" start="2025-10-02T15:12:42.929733" elapsed="0.006263"/>
</kw>
<arg>${response.status_code} == 200</arg>
<arg>Extract JWT</arg>
<doc>Runs the given keyword with the given arguments, if ``condition`` is true.</doc>
<status status="PASS" start="2025-10-02T15:12:42.928233" elapsed="0.008027"/>
</kw>
<kw name="Log" owner="BuiltIn">
<msg time="2025-10-02T15:12:42.937971" level="INFO">{"success":true,"data":{"_id":"68dd5eeb21ab0711adb801cc","name":"Lex Luthor","email":"lex.luthor@lexcorp.com","role":"admin","token":"eyJhbGciOiJIUzI1NiIsInR5cCI6IkpXVCJ9.eyJpZCI6IjY4ZGQ1ZWViMjFhYjA3MTFhZGI4MDFjYyIsImlhdCI6MTc1OTQyODc2MiwiZXhwIjoxNzU5NTE1MTYyfQ.W0AwALzRbCmE9GypcMaTWvVAKX-fNOmN9JcnEcKePOI"}}</msg>
<arg>${response.content}</arg>
<doc>Logs the given message with the given level.</doc>
<status status="PASS" start="2025-10-02T15:12:42.936706" elapsed="0.001727"/>
</kw>
<arg>${user}[email]</arg>
<arg>${user}[password]</arg>
<status status="PASS" start="2025-10-02T15:12:42.742632" elapsed="0.196123"/>
</kw>
<arg>${admin_user}</arg>
<status status="PASS" start="2025-10-02T15:12:42.741947" elapsed="0.197090"/>
</kw>
<status status="PASS" start="2025-10-02T15:12:42.738216" elapsed="0.201093"/>
</kw>
<kw name="POST Endpoint /movies" owner="createMovieKeywords">
<kw name="Create Dictionary" owner="BuiltIn">
<msg time="2025-10-02T15:12:42.947135" level="INFO">&amp;{header} = { Content-Type=application/json | Authorization=Bearer eyJhbGciOiJIUzI1NiIsInR5cCI6IkpXVCJ9.eyJpZCI6IjY4ZGQ1ZWViMjFhYjA3MTFhZGI4MDFjYyIsImlhdCI6MTc1OTQyODc2MiwiZXhwIjoxNzU5NTE1MTYyfQ.W0AwALzRbCmE9Gypc...</msg>
<var>&amp;{header}</var>
<arg>Content-Type=application/json</arg>
<arg>Authorization=Bearer ${token}</arg>
<doc>Creates and returns a dictionary based on the given ``items``.</doc>
<status status="PASS" start="2025-10-02T15:12:42.945185" elapsed="0.004343"/>
</kw>
<kw name="Create Dictionary" owner="BuiltIn">
<msg time="2025-10-02T15:12:42.951892" level="INFO">${payload} = {'title': 'The Batman', 'synopsis': 'Após dois anos espreitando as ruas como Batman, Bruce Wayne se encontra nas profundezas mais sombrias de Gotham City. Com poucos aliados confiáveis, o vigilante so...</msg>
<var>${payload}</var>
<arg>title=${title}</arg>
<arg>synopsis=${synopsis}</arg>
<arg>director=${director}</arg>
<arg>genres=${genres}</arg>
<arg>duration=${duration}</arg>
<arg>classification=${classification}</arg>
<arg>poster=${poster}</arg>
<arg>releaseDate=${releaseDate}</arg>
<doc>Creates and returns a dictionary based on the given ``items``.</doc>
<status status="PASS" start="2025-10-02T15:12:42.950107" elapsed="0.002141"/>
</kw>
<kw name="POST On Session" owner="RequestsLibrary">
<msg time="2025-10-02T15:12:42.972402" level="INFO">POST Request : url=http://localhost:3000/api/v1/movies 
 path_url=/api/v1/movies 
 headers={'User-Agent': 'python-requests/2.32.5', 'Accept-Encoding': 'gzip, deflate', 'Accept': '*/*', 'Connection': 'keep-alive', 'Content-Type': 'application/json', 'Authorization': 'Bearer eyJhbGciOiJIUzI1NiIsInR5cCI6IkpXVCJ9.eyJpZCI6IjY4ZGQ1ZWViMjFhYjA3MTFhZGI4MDFjYyIsImlhdCI6MTc1OTQyODc2MiwiZXhwIjoxNzU5NTE1MTYyfQ.W0AwALzRbCmE9GypcMaTWvVAKX-fNOmN9JcnEcKePOI', 'Content-Length': '478'} 
 body=b'{"title": "The Batman", "synopsis": "Ap\\u00f3s dois anos espreitando as ruas como Batman, Bruce Wayne se encontra nas profundezas mais sombrias de Gotham City. Com poucos aliados confi\\u00e1veis, o vigilante solit\\u00e1rio se estabelece como a personifica\\u00e7\\u00e3o da vingan\\u00e7a para a popula\\u00e7\\u00e3o.", "director": "Matt Reeves", "genres": ["A\\u00e7\\u00e3o", "Crime"], "duration": "176", "classification": "+14", "poster": "batman.jpg", "releaseDate": "2022-03-03"}' 
 </msg>
<msg time="2025-10-02T15:12:42.972935" level="INFO">POST Response : url=http://localhost:3000/api/v1/movies 
 status=201, reason=Created 
 headers={'X-Powered-By': 'Express', 'Access-Control-Allow-Origin': '*', 'Content-Type': 'application/json; charset=utf-8', 'Content-Length': '609', 'ETag': 'W/"261-CV2M5iBLOsOCiYUthIXl4IQBlcg"', 'Date': 'Thu, 02 Oct 2025 18:12:42 GMT', 'Connection': 'keep-alive', 'Keep-Alive': 'timeout=5'} 
 body={"success":true,"data":{"title":"The Batman","synopsis":"Após dois anos espreitando as ruas como Batman, Bruce Wayne se encontra nas profundezas mais sombrias de Gotham City. Com poucos aliados confiáveis, o vigilante solitário se estabelece como a personificação da vingança para a população.","director":"Matt Reeves","genres":["Ação","Crime"],"duration":176,"classification":"+14","poster":"batman.jpg","releaseDate":"2022-03-03T00:00:00.000Z","_id":"68dec09aeeb8b3a29f9264fc","createdAt":"2025-10-02T18:12:42.965Z","updatedAt":"2025-10-02T18:12:42.965Z","__v":0,"id":"68dec09aeeb8b3a29f9264fc"}} 
 </msg>
<msg time="2025-10-02T15:12:42.973474" level="INFO">${response} = &lt;Response [201]&gt;</msg>
<var>${response}</var>
<arg>alias=CinemaApp</arg>
<arg>url=/movies</arg>
<arg>json=${payload}</arg>
<arg>headers=${header}</arg>
<arg>expected_status=any</arg>
<doc>Sends a POST request on a previously created HTTP Session.</doc>
<status status="PASS" start="2025-10-02T15:12:42.952778" elapsed="0.020959"/>
</kw>
<kw name="Set Global Variable" owner="BuiltIn">
<msg time="2025-10-02T15:12:42.975028" level="INFO">${response} = &lt;Response [201]&gt;</msg>
<arg>${response}</arg>
<doc>Makes a variable available globally in all tests and suites.</doc>
<status status="PASS" start="2025-10-02T15:12:42.974302" elapsed="0.001185"/>
</kw>
<kw name="Log" owner="BuiltIn">
<msg time="2025-10-02T15:12:42.977293" level="INFO">{"success":true,"data":{"title":"The Batman","synopsis":"ApÃ³s dois anos espreitando as ruas como Batman, Bruce Wayne se encontra nas profundezas mais sombrias de Gotham City. Com poucos aliados confiÃ¡veis, o vigilante solitÃ¡rio se estabelece como a personificaÃ§Ã£o da vinganÃ§a para a populaÃ§Ã£o.","director":"Matt Reeves","genres":["AÃ§Ã£o","Crime"],"duration":176,"classification":"+14","poster":"batman.jpg","releaseDate":"2022-03-03T00:00:00.000Z","_id":"68dec09aeeb8b3a29f9264fc","createdAt":"2025-10-02T18:12:42.965Z","updatedAt":"2025-10-02T18:12:42.965Z","__v":0,"id":"68dec09aeeb8b3a29f9264fc"}}</msg>
<arg>${response.content}</arg>
<doc>Logs the given message with the given level.</doc>
<status status="PASS" start="2025-10-02T15:12:42.975969" elapsed="0.001723"/>
</kw>
<arg>${movie}[title]</arg>
<arg>${movie}[synopsis]</arg>
<arg>${movie}[director]</arg>
<arg>${movie}[genres]</arg>
<arg>${movie}[duration]</arg>
<arg>${movie}[classification]</arg>
<arg>${movie}[poster]</arg>
<arg>${movie}[releaseDate]</arg>
<status status="PASS" start="2025-10-02T15:12:42.939829" elapsed="0.038170"/>
</kw>
<arg>${movie}</arg>
<status status="PASS" start="2025-10-02T15:12:42.737437" elapsed="0.242289"/>
</kw>
<kw name="Pegar ID de um filme" owner="common">
<kw name="Get movie by title" owner="database">
<msg time="2025-10-02T15:12:42.985038" level="INFO">${movie_data} = {'_id': '68dec09aeeb8b3a29f9264fc', 'title': 'The Batman', 'synopsis': 'Após dois anos espreitando as ruas como Batman, Bruce Wayne se encontra nas profundezas mais sombrias de Gotham City. Com poucos...</msg>
<var>${movie_data}</var>
<arg>${movie}[title]</arg>
<status status="PASS" start="2025-10-02T15:12:42.982378" elapsed="0.003040"/>
</kw>
<kw name="Set Variable" owner="BuiltIn">
<msg time="2025-10-02T15:12:42.989458" level="INFO">${movie_id} = 68dec09aeeb8b3a29f9264fc</msg>
<var>${movie_id}</var>
<arg>${movie_data}[_id]</arg>
<doc>Returns the given values which can then be assigned to a variables.</doc>
<status status="PASS" start="2025-10-02T15:12:42.986004" elapsed="0.003792"/>
</kw>
<kw name="Set Global Variable" owner="BuiltIn">
<msg time="2025-10-02T15:12:42.991849" level="INFO">${movie_id} = 68dec09aeeb8b3a29f9264fc</msg>
<arg>${movie_id}</arg>
<doc>Makes a variable available globally in all tests and suites.</doc>
<status status="PASS" start="2025-10-02T15:12:42.990674" elapsed="0.001532"/>
</kw>
<arg>${movie}</arg>
<status status="PASS" start="2025-10-02T15:12:42.981248" elapsed="0.011331"/>
</kw>
<kw name="Log" owner="BuiltIn">
<msg time="2025-10-02T15:12:42.993722" level="INFO">Movie ID: 68dec09aeeb8b3a29f9264fc</msg>
<arg>Movie ID: ${movie_id}</arg>
<doc>Logs the given message with the given level.</doc>
<status status="PASS" start="2025-10-02T15:12:42.993151" elapsed="0.001581"/>
</kw>
<kw name="Create Dictionary" owner="BuiltIn">
<msg time="2025-10-02T15:12:42.998450" level="INFO">${theater} = {'name': 'Sala - 007', 'capacity': ' 70', 'type': 'IMAX'}</msg>
<var>${theater}</var>
<arg>name=Sala - 007</arg>
<arg>capacity= 70</arg>
<arg>type=IMAX</arg>
<doc>Creates and returns a dictionary based on the given ``items``.</doc>
<status status="PASS" start="2025-10-02T15:12:42.997589" elapsed="0.001172"/>
</kw>
<kw name="Remove Theater From Database" owner="database">
<arg>${theater}[name]</arg>
<status status="PASS" start="2025-10-02T15:12:43.002697" elapsed="0.004851"/>
</kw>
<kw name="Criar um Sala de Cinema" owner="createTheaterKeywords">
<kw name="Utilizar Token de Administrador" owner="common">
<kw name="Create Dictionary" owner="BuiltIn">
<msg time="2025-10-02T15:12:43.011989" level="INFO">${admin_user} = {'email': 'lex.luthor@lexcorp.com', 'password': 'pwd12345'}</msg>
<var>${admin_user}</var>
<arg>email=lex.luthor@lexcorp.com</arg>
<arg>password=pwd12345</arg>
<doc>Creates and returns a dictionary based on the given ``items``.</doc>
<status status="PASS" start="2025-10-02T15:12:43.011308" elapsed="0.000974"/>
</kw>
<kw name="Criar Sessao" owner="base">
<kw name="Create Session" owner="RequestsLibrary">
<msg time="2025-10-02T15:12:43.015486" level="INFO">Creating Session using : alias=CinemaApp, url=http://localhost:3000/api/v1, headers={},                     cookies={}, auth=None, timeout=None, proxies=None, verify=False,                     debug=0 </msg>
<arg>CinemaApp</arg>
<arg>url=${BASE_URL}</arg>
<doc>Create Session: create a HTTP session to a server</doc>
<status status="PASS" start="2025-10-02T15:12:43.014840" elapsed="0.001171"/>
</kw>
<status status="PASS" start="2025-10-02T15:12:43.012845" elapsed="0.003482"/>
</kw>
<kw name="Fazer Login" owner="fazerLoginKeywords">
<kw name="POST Endpoint /auth/login" owner="fazerLoginKeywords">
<kw name="Create Dictionary" owner="BuiltIn">
<msg time="2025-10-02T15:12:43.028882" level="INFO">${payload} = {'email': 'lex.luthor@lexcorp.com', 'password': 'pwd12345'}</msg>
<var>${payload}</var>
<arg>email=${email}</arg>
<arg>password=${password}</arg>
<doc>Creates and returns a dictionary based on the given ``items``.</doc>
<status status="PASS" start="2025-10-02T15:12:43.025430" elapsed="0.003765"/>
</kw>
<kw name="POST On Session" owner="RequestsLibrary">
<msg time="2025-10-02T15:12:43.185527" level="INFO">POST Request : url=http://localhost:3000/api/v1/auth/login 
 path_url=/api/v1/auth/login 
 headers={'User-Agent': 'python-requests/2.32.5', 'Accept-Encoding': 'gzip, deflate', 'Accept': '*/*', 'Connection': 'keep-alive', 'Content-Length': '59', 'Content-Type': 'application/json'} 
 body=b'{"email": "lex.luthor@lexcorp.com", "password": "pwd12345"}' 
 </msg>
<msg time="2025-10-02T15:12:43.185960" level="INFO">POST Response : url=http://localhost:3000/api/v1/auth/login 
 status=200, reason=OK 
 headers={'X-Powered-By': 'Express', 'Access-Control-Allow-Origin': '*', 'Content-Type': 'application/json; charset=utf-8', 'Content-Length': '308', 'ETag': 'W/"134-aJjcBMox7BI7BPiG4nQd7vYWDFA"', 'Date': 'Thu, 02 Oct 2025 18:12:43 GMT', 'Connection': 'keep-alive', 'Keep-Alive': 'timeout=5'} 
 body={"success":true,"data":{"_id":"68dd5eeb21ab0711adb801cc","name":"Lex Luthor","email":"lex.luthor@lexcorp.com","role":"admin","token":"eyJhbGciOiJIUzI1NiIsInR5cCI6IkpXVCJ9.eyJpZCI6IjY4ZGQ1ZWViMjFhYjA3MTFhZGI4MDFjYyIsImlhdCI6MTc1OTQyODc2MywiZXhwIjoxNzU5NTE1MTYzfQ.SEY332uXYz07Zixynht_yJp198f6h83VH77JMGHm2vU"}} 
 </msg>
<msg time="2025-10-02T15:12:43.186415" level="INFO">${response} = &lt;Response [200]&gt;</msg>
<var>${response}</var>
<arg>alias=CinemaApp</arg>
<arg>url=/auth/login</arg>
<arg>json=${payload}</arg>
<arg>expected_status=any</arg>
<doc>Sends a POST request on a previously created HTTP Session.</doc>
<status status="PASS" start="2025-10-02T15:12:43.029659" elapsed="0.156976"/>
</kw>
<kw name="Set Global Variable" owner="BuiltIn">
<msg time="2025-10-02T15:12:43.188204" level="INFO">${response} = &lt;Response [200]&gt;</msg>
<arg>${response}</arg>
<doc>Makes a variable available globally in all tests and suites.</doc>
<status status="PASS" start="2025-10-02T15:12:43.187412" elapsed="0.001112"/>
</kw>
<kw name="Run Keyword If" owner="BuiltIn">
<kw name="Extract JWT" owner="fazerLoginKeywords">
<kw name="Set Variable" owner="BuiltIn">
<msg time="2025-10-02T15:12:43.192362" level="INFO">${token} = eyJhbGciOiJIUzI1NiIsInR5cCI6IkpXVCJ9.eyJpZCI6IjY4ZGQ1ZWViMjFhYjA3MTFhZGI4MDFjYyIsImlhdCI6MTc1OTQyODc2MywiZXhwIjoxNzU5NTE1MTYzfQ.SEY332uXYz07Zixynht_yJp198f6h83VH77JMGHm2vU</msg>
<var>${token}</var>
<arg>${response.json()['data']['token']}</arg>
<doc>Returns the given values which can then be assigned to a variables.</doc>
<status status="PASS" start="2025-10-02T15:12:43.191181" elapsed="0.005076"/>
</kw>
<kw name="Log" owner="BuiltIn">
<msg time="2025-10-02T15:12:43.197296" level="INFO">Token obtido: eyJhbGciOiJIUzI1NiIsInR5cCI6IkpXVCJ9.eyJpZCI6IjY4ZGQ1ZWViMjFhYjA3MTFhZGI4MDFjYyIsImlhdCI6MTc1OTQyODc2MywiZXhwIjoxNzU5NTE1MTYzfQ.SEY332uXYz07Zixynht_yJp198f6h83VH77JMGHm2vU</msg>
<arg>Token obtido: ${token}</arg>
<doc>Logs the given message with the given level.</doc>
<status status="PASS" start="2025-10-02T15:12:43.196772" elapsed="0.000834"/>
</kw>
<kw name="Set Global Variable" owner="BuiltIn">
<msg time="2025-10-02T15:12:43.198734" level="INFO">${token} = eyJhbGciOiJIUzI1NiIsInR5cCI6IkpXVCJ9.eyJpZCI6IjY4ZGQ1ZWViMjFhYjA3MTFhZGI4MDFjYyIsImlhdCI6MTc1OTQyODc2MywiZXhwIjoxNzU5NTE1MTYzfQ.SEY332uXYz07Zixynht_yJp198f6h83VH77JMGHm2vU</msg>
<arg>${token}</arg>
<doc>Makes a variable available globally in all tests and suites.</doc>
<status status="PASS" start="2025-10-02T15:12:43.198004" elapsed="0.001024"/>
</kw>
<status status="PASS" start="2025-10-02T15:12:43.190433" elapsed="0.008894"/>
</kw>
<arg>${response.status_code} == 200</arg>
<arg>Extract JWT</arg>
<doc>Runs the given keyword with the given arguments, if ``condition`` is true.</doc>
<status status="PASS" start="2025-10-02T15:12:43.188966" elapsed="0.010597"/>
</kw>
<kw name="Log" owner="BuiltIn">
<msg time="2025-10-02T15:12:43.201015" level="INFO">{"success":true,"data":{"_id":"68dd5eeb21ab0711adb801cc","name":"Lex Luthor","email":"lex.luthor@lexcorp.com","role":"admin","token":"eyJhbGciOiJIUzI1NiIsInR5cCI6IkpXVCJ9.eyJpZCI6IjY4ZGQ1ZWViMjFhYjA3MTFhZGI4MDFjYyIsImlhdCI6MTc1OTQyODc2MywiZXhwIjoxNzU5NTE1MTYzfQ.SEY332uXYz07Zixynht_yJp198f6h83VH77JMGHm2vU"}}</msg>
<arg>${response.content}</arg>
<doc>Logs the given message with the given level.</doc>
<status status="PASS" start="2025-10-02T15:12:43.199968" elapsed="0.001385"/>
</kw>
<arg>${user}[email]</arg>
<arg>${user}[password]</arg>
<status status="PASS" start="2025-10-02T15:12:43.020868" elapsed="0.180760"/>
</kw>
<arg>${admin_user}</arg>
<status status="PASS" start="2025-10-02T15:12:43.016793" elapsed="0.185090"/>
</kw>
<status status="PASS" start="2025-10-02T15:12:43.010060" elapsed="0.192077"/>
</kw>
<kw name="POST Endpoint /theaters" owner="createTheaterKeywords">
<kw name="Create Dictionary" owner="BuiltIn">
<msg time="2025-10-02T15:12:43.209791" level="INFO">&amp;{header} = { Content-Type=application/json | Authorization=Bearer eyJhbGciOiJIUzI1NiIsInR5cCI6IkpXVCJ9.eyJpZCI6IjY4ZGQ1ZWViMjFhYjA3MTFhZGI4MDFjYyIsImlhdCI6MTc1OTQyODc2MywiZXhwIjoxNzU5NTE1MTYzfQ.SEY332uXYz07Zixyn...</msg>
<var>&amp;{header}</var>
<arg>Content-Type=application/json</arg>
<arg>Authorization=Bearer ${token}</arg>
<doc>Creates and returns a dictionary based on the given ``items``.</doc>
<status status="PASS" start="2025-10-02T15:12:43.207431" elapsed="0.005012"/>
</kw>
<kw name="Create Dictionary" owner="BuiltIn">
<msg time="2025-10-02T15:12:43.213964" level="INFO">${payload} = {'name': 'Sala - 007', 'capacity': ' 70', 'type': 'IMAX'}</msg>
<var>${payload}</var>
<arg>name=${name}</arg>
<arg>capacity=${capacity}</arg>
<arg>type=${type}</arg>
<doc>Creates and returns a dictionary based on the given ``items``.</doc>
<status status="PASS" start="2025-10-02T15:12:43.212982" elapsed="0.001281"/>
</kw>
<kw name="POST On Session" owner="RequestsLibrary">
<msg time="2025-10-02T15:12:43.232595" level="INFO">POST Request : url=http://localhost:3000/api/v1/theaters 
 path_url=/api/v1/theaters 
 headers={'User-Agent': 'python-requests/2.32.5', 'Accept-Encoding': 'gzip, deflate', 'Accept': '*/*', 'Connection': 'keep-alive', 'Content-Type': 'application/json', 'Authorization': 'Bearer eyJhbGciOiJIUzI1NiIsInR5cCI6IkpXVCJ9.eyJpZCI6IjY4ZGQ1ZWViMjFhYjA3MTFhZGI4MDFjYyIsImlhdCI6MTc1OTQyODc2MywiZXhwIjoxNzU5NTE1MTYzfQ.SEY332uXYz07Zixynht_yJp198f6h83VH77JMGHm2vU', 'Content-Length': '57'} 
 body=b'{"name": "Sala - 007", "capacity": " 70", "type": "IMAX"}' 
 </msg>
<msg time="2025-10-02T15:12:43.233140" level="INFO">POST Response : url=http://localhost:3000/api/v1/theaters 
 status=201, reason=Created 
 headers={'X-Powered-By': 'Express', 'Access-Control-Allow-Origin': '*', 'Content-Type': 'application/json; charset=utf-8', 'Content-Length': '224', 'ETag': 'W/"e0-k18tzUjEEbVRJNA4bLSjhjRC4zg"', 'Date': 'Thu, 02 Oct 2025 18:12:43 GMT', 'Connection': 'keep-alive', 'Keep-Alive': 'timeout=5'} 
 body={"success":true,"data":{"name":"Sala - 007","capacity":70,"type":"IMAX","_id":"68dec09beeb8b3a29f926500","createdAt":"2025-10-02T18:12:43.228Z","updatedAt":"2025-10-02T18:12:43.228Z","__v":0,"id":"68dec09beeb8b3a29f926500"}} 
 </msg>
<msg time="2025-10-02T15:12:43.233640" level="INFO">${response} = &lt;Response [201]&gt;</msg>
<var>${response}</var>
<arg>CinemaApp</arg>
<arg>url=/theaters</arg>
<arg>json=${payload}</arg>
<arg>headers=${header}</arg>
<arg>expected_status=any</arg>
<doc>Sends a POST request on a previously created HTTP Session.</doc>
<status status="PASS" start="2025-10-02T15:12:43.214705" elapsed="0.019178"/>
</kw>
<kw name="Log" owner="BuiltIn">
<msg time="2025-10-02T15:12:43.235632" level="INFO">{"success":true,"data":{"name":"Sala - 007","capacity":70,"type":"IMAX","_id":"68dec09beeb8b3a29f926500","createdAt":"2025-10-02T18:12:43.228Z","updatedAt":"2025-10-02T18:12:43.228Z","__v":0,"id":"68dec09beeb8b3a29f926500"}}</msg>
<arg>${response.content}</arg>
<doc>Logs the given message with the given level.</doc>
<status status="PASS" start="2025-10-02T15:12:43.234413" elapsed="0.001592"/>
</kw>
<arg>${theater}[name]</arg>
<arg>${theater}[capacity]</arg>
<arg>${theater}[type]</arg>
<status status="PASS" start="2025-10-02T15:12:43.206049" elapsed="0.030285"/>
</kw>
<arg>${theater}</arg>
<status status="PASS" start="2025-10-02T15:12:43.008708" elapsed="0.227914"/>
</kw>
<kw name="Pegar ID de uma Sala" owner="common">
<kw name="Get Theater by Name" owner="database">
<msg time="2025-10-02T15:12:43.240556" level="INFO">${theater_data} = {'_id': '68dec09beeb8b3a29f926500', 'name': 'Sala - 007', 'capacity': 70, 'type': 'IMAX', 'createdAt': datetime.datetime(2025, 10, 2, 18, 12, 43, 228000), 'updatedAt': datetime.datetime(2025, 10, 2, 1...</msg>
<var>${theater_data}</var>
<arg>${theater}[name]</arg>
<status status="PASS" start="2025-10-02T15:12:43.238676" elapsed="0.002193"/>
</kw>
<kw name="Should Not Be Equal" owner="BuiltIn">
<msg time="2025-10-02T15:12:43.241948" level="INFO">Argument types are:
&lt;class 'dict'&gt;
&lt;class 'NoneType'&gt;</msg>
<arg>${theater_data}</arg>
<arg>${None}</arg>
<arg>Theater not found in database</arg>
<doc>Fails if the given objects are equal.</doc>
<status status="PASS" start="2025-10-02T15:12:43.241235" elapsed="0.001067"/>
</kw>
<kw name="Set Variable" owner="BuiltIn">
<msg time="2025-10-02T15:12:43.243495" level="INFO">${theater_id} = 68dec09beeb8b3a29f926500</msg>
<var>${theater_id}</var>
<arg>${theater_data}[_id]</arg>
<doc>Returns the given values which can then be assigned to a variables.</doc>
<status status="PASS" start="2025-10-02T15:12:43.242781" elapsed="0.001004"/>
</kw>
<kw name="Set Global Variable" owner="BuiltIn">
<msg time="2025-10-02T15:12:43.244796" level="INFO">${theater_id} = 68dec09beeb8b3a29f926500</msg>
<arg>${theater_id}</arg>
<doc>Makes a variable available globally in all tests and suites.</doc>
<status status="PASS" start="2025-10-02T15:12:43.244213" elapsed="0.001151"/>
</kw>
<arg>${theater}</arg>
<status status="PASS" start="2025-10-02T15:12:43.237657" elapsed="0.009043"/>
</kw>
<kw name="Log" owner="BuiltIn">
<msg time="2025-10-02T15:12:43.247809" level="INFO">Theater ID: 68dec09beeb8b3a29f926500</msg>
<arg>Theater ID: ${theater_id}</arg>
<doc>Logs the given message with the given level.</doc>
<status status="PASS" start="2025-10-02T15:12:43.247265" elapsed="0.000895"/>
</kw>
<kw name="Create Dictionary" owner="BuiltIn">
<msg time="2025-10-02T15:12:43.252015" level="INFO">${session} = {'movie': '68dec09aeeb8b3a29f9264fc', 'theater': '68dec09beeb8b3a29f926500', 'datetime': '2025-10-02T17:32:36.261Z', 'fullPrice': '15', 'halfPrice': '7.5'}</msg>
<var>${session}</var>
<arg>movie=${movie_id}</arg>
<arg>theater=${theater_id}</arg>
<arg>datetime=2025-10-02T17:32:36.261Z</arg>
<arg>fullPrice=15</arg>
<arg>halfPrice=7.5</arg>
<doc>Creates and returns a dictionary based on the given ``items``.</doc>
<status status="PASS" start="2025-10-02T15:12:43.250906" elapsed="0.001443"/>
</kw>
<kw name="Log" owner="BuiltIn">
<msg time="2025-10-02T15:12:43.253541" level="INFO">Session data: {'movie': '68dec09aeeb8b3a29f9264fc', 'theater': '68dec09beeb8b3a29f926500', 'datetime': '2025-10-02T17:32:36.261Z', 'fullPrice': '15', 'halfPrice': '7.5'}</msg>
<arg>Session data: ${session}</arg>
<doc>Logs the given message with the given level.</doc>
<status status="PASS" start="2025-10-02T15:12:43.252961" elapsed="0.000909"/>
</kw>
<kw name="Remove Session From Database" owner="database">
<arg>${session}[datetime]</arg>
<status status="PASS" start="2025-10-02T15:12:43.255519" elapsed="0.002188"/>
</kw>
<kw name="Criar uma sessão" owner="createSessionkeywords">
<kw name="Utilizar Token de Administrador" owner="common">
<kw name="Create Dictionary" owner="BuiltIn">
<msg time="2025-10-02T15:12:43.260170" level="INFO">${admin_user} = {'email': 'lex.luthor@lexcorp.com', 'password': 'pwd12345'}</msg>
<var>${admin_user}</var>
<arg>email=lex.luthor@lexcorp.com</arg>
<arg>password=pwd12345</arg>
<doc>Creates and returns a dictionary based on the given ``items``.</doc>
<status status="PASS" start="2025-10-02T15:12:43.259646" elapsed="0.000816"/>
</kw>
<kw name="Criar Sessao" owner="base">
<kw name="Create Session" owner="RequestsLibrary">
<msg time="2025-10-02T15:12:43.262514" level="INFO">Creating Session using : alias=CinemaApp, url=http://localhost:3000/api/v1, headers={},                     cookies={}, auth=None, timeout=None, proxies=None, verify=False,                     debug=0 </msg>
<arg>CinemaApp</arg>
<arg>url=${BASE_URL}</arg>
<doc>Create Session: create a HTTP session to a server</doc>
<status status="PASS" start="2025-10-02T15:12:43.261999" elapsed="0.001018"/>
</kw>
<status status="PASS" start="2025-10-02T15:12:43.261272" elapsed="0.002132"/>
</kw>
<kw name="Fazer Login" owner="fazerLoginKeywords">
<kw name="POST Endpoint /auth/login" owner="fazerLoginKeywords">
<kw name="Create Dictionary" owner="BuiltIn">
<msg time="2025-10-02T15:12:43.268797" level="INFO">${payload} = {'email': 'lex.luthor@lexcorp.com', 'password': 'pwd12345'}</msg>
<var>${payload}</var>
<arg>email=${email}</arg>
<arg>password=${password}</arg>
<doc>Creates and returns a dictionary based on the given ``items``.</doc>
<status status="PASS" start="2025-10-02T15:12:43.267883" elapsed="0.001340"/>
</kw>
<kw name="POST On Session" owner="RequestsLibrary">
<msg time="2025-10-02T15:12:43.441591" level="INFO">POST Request : url=http://localhost:3000/api/v1/auth/login 
 path_url=/api/v1/auth/login 
 headers={'User-Agent': 'python-requests/2.32.5', 'Accept-Encoding': 'gzip, deflate', 'Accept': '*/*', 'Connection': 'keep-alive', 'Content-Length': '59', 'Content-Type': 'application/json'} 
 body=b'{"email": "lex.luthor@lexcorp.com", "password": "pwd12345"}' 
 </msg>
<msg time="2025-10-02T15:12:43.442018" level="INFO">POST Response : url=http://localhost:3000/api/v1/auth/login 
 status=200, reason=OK 
 headers={'X-Powered-By': 'Express', 'Access-Control-Allow-Origin': '*', 'Content-Type': 'application/json; charset=utf-8', 'Content-Length': '308', 'ETag': 'W/"134-aJjcBMox7BI7BPiG4nQd7vYWDFA"', 'Date': 'Thu, 02 Oct 2025 18:12:43 GMT', 'Connection': 'keep-alive', 'Keep-Alive': 'timeout=5'} 
 body={"success":true,"data":{"_id":"68dd5eeb21ab0711adb801cc","name":"Lex Luthor","email":"lex.luthor@lexcorp.com","role":"admin","token":"eyJhbGciOiJIUzI1NiIsInR5cCI6IkpXVCJ9.eyJpZCI6IjY4ZGQ1ZWViMjFhYjA3MTFhZGI4MDFjYyIsImlhdCI6MTc1OTQyODc2MywiZXhwIjoxNzU5NTE1MTYzfQ.SEY332uXYz07Zixynht_yJp198f6h83VH77JMGHm2vU"}} 
 </msg>
<msg time="2025-10-02T15:12:43.442469" level="INFO">${response} = &lt;Response [200]&gt;</msg>
<var>${response}</var>
<arg>alias=CinemaApp</arg>
<arg>url=/auth/login</arg>
<arg>json=${payload}</arg>
<arg>expected_status=any</arg>
<doc>Sends a POST request on a previously created HTTP Session.</doc>
<status status="PASS" start="2025-10-02T15:12:43.269703" elapsed="0.172986"/>
</kw>
<kw name="Set Global Variable" owner="BuiltIn">
<msg time="2025-10-02T15:12:43.444299" level="INFO">${response} = &lt;Response [200]&gt;</msg>
<arg>${response}</arg>
<doc>Makes a variable available globally in all tests and suites.</doc>
<status status="PASS" start="2025-10-02T15:12:43.443500" elapsed="0.001112"/>
</kw>
<kw name="Run Keyword If" owner="BuiltIn">
<kw name="Extract JWT" owner="fazerLoginKeywords">
<kw name="Set Variable" owner="BuiltIn">
<msg time="2025-10-02T15:12:43.448376" level="INFO">${token} = eyJhbGciOiJIUzI1NiIsInR5cCI6IkpXVCJ9.eyJpZCI6IjY4ZGQ1ZWViMjFhYjA3MTFhZGI4MDFjYyIsImlhdCI6MTc1OTQyODc2MywiZXhwIjoxNzU5NTE1MTYzfQ.SEY332uXYz07Zixynht_yJp198f6h83VH77JMGHm2vU</msg>
<var>${token}</var>
<arg>${response.json()['data']['token']}</arg>
<doc>Returns the given values which can then be assigned to a variables.</doc>
<status status="PASS" start="2025-10-02T15:12:43.447147" elapsed="0.004923"/>
</kw>
<kw name="Log" owner="BuiltIn">
<msg time="2025-10-02T15:12:43.453014" level="INFO">Token obtido: eyJhbGciOiJIUzI1NiIsInR5cCI6IkpXVCJ9.eyJpZCI6IjY4ZGQ1ZWViMjFhYjA3MTFhZGI4MDFjYyIsImlhdCI6MTc1OTQyODc2MywiZXhwIjoxNzU5NTE1MTYzfQ.SEY332uXYz07Zixynht_yJp198f6h83VH77JMGHm2vU</msg>
<arg>Token obtido: ${token}</arg>
<doc>Logs the given message with the given level.</doc>
<status status="PASS" start="2025-10-02T15:12:43.452551" elapsed="0.000761"/>
</kw>
<kw name="Set Global Variable" owner="BuiltIn">
<msg time="2025-10-02T15:12:43.457517" level="INFO">${token} = eyJhbGciOiJIUzI1NiIsInR5cCI6IkpXVCJ9.eyJpZCI6IjY4ZGQ1ZWViMjFhYjA3MTFhZGI4MDFjYyIsImlhdCI6MTc1OTQyODc2MywiZXhwIjoxNzU5NTE1MTYzfQ.SEY332uXYz07Zixynht_yJp198f6h83VH77JMGHm2vU</msg>
<arg>${token}</arg>
<doc>Makes a variable available globally in all tests and suites.</doc>
<status status="PASS" start="2025-10-02T15:12:43.453704" elapsed="0.004200"/>
</kw>
<status status="PASS" start="2025-10-02T15:12:43.446465" elapsed="0.011755"/>
</kw>
<arg>${response.status_code} == 200</arg>
<arg>Extract JWT</arg>
<doc>Runs the given keyword with the given arguments, if ``condition`` is true.</doc>
<status status="PASS" start="2025-10-02T15:12:43.445064" elapsed="0.013403"/>
</kw>
<kw name="Log" owner="BuiltIn">
<msg time="2025-10-02T15:12:43.460027" level="INFO">{"success":true,"data":{"_id":"68dd5eeb21ab0711adb801cc","name":"Lex Luthor","email":"lex.luthor@lexcorp.com","role":"admin","token":"eyJhbGciOiJIUzI1NiIsInR5cCI6IkpXVCJ9.eyJpZCI6IjY4ZGQ1ZWViMjFhYjA3MTFhZGI4MDFjYyIsImlhdCI6MTc1OTQyODc2MywiZXhwIjoxNzU5NTE1MTYzfQ.SEY332uXYz07Zixynht_yJp198f6h83VH77JMGHm2vU"}}</msg>
<arg>${response.content}</arg>
<doc>Logs the given message with the given level.</doc>
<status status="PASS" start="2025-10-02T15:12:43.458896" elapsed="0.002425"/>
</kw>
<arg>${user}[email]</arg>
<arg>${user}[password]</arg>
<status status="PASS" start="2025-10-02T15:12:43.265895" elapsed="0.195729"/>
</kw>
<arg>${admin_user}</arg>
<status status="PASS" start="2025-10-02T15:12:43.264880" elapsed="0.196955"/>
</kw>
<status status="PASS" start="2025-10-02T15:12:43.259180" elapsed="0.202811"/>
</kw>
<kw name="POST Endpoint /sessions" owner="createSessionkeywords">
<kw name="Create Dictionary" owner="BuiltIn">
<msg time="2025-10-02T15:12:43.464565" level="INFO">&amp;{header} = { Content-Type=application/json | Authorization=Bearer eyJhbGciOiJIUzI1NiIsInR5cCI6IkpXVCJ9.eyJpZCI6IjY4ZGQ1ZWViMjFhYjA3MTFhZGI4MDFjYyIsImlhdCI6MTc1OTQyODc2MywiZXhwIjoxNzU5NTE1MTYzfQ.SEY332uXYz07Zixyn...</msg>
<var>&amp;{header}</var>
<arg>Content-Type=application/json</arg>
<arg>Authorization=Bearer ${token}</arg>
<doc>Creates and returns a dictionary based on the given ``items``.</doc>
<status status="PASS" start="2025-10-02T15:12:43.463920" elapsed="0.002914"/>
</kw>
<kw name="Create Dictionary" owner="BuiltIn">
<msg time="2025-10-02T15:12:43.468789" level="INFO">${payload} = {'movie': '68dec09aeeb8b3a29f9264fc', 'theater': '68dec09beeb8b3a29f926500', 'datetime': '2025-10-02T17:32:36.261Z', 'fullPrice': '15', 'halfPrice': '7.5'}</msg>
<var>${payload}</var>
<arg>movie=${movie}</arg>
<arg>theater=${theater}</arg>
<arg>datetime=${datetime}</arg>
<arg>fullPrice=${fullPrice}</arg>
<arg>halfPrice=${halfPrice}</arg>
<doc>Creates and returns a dictionary based on the given ``items``.</doc>
<status status="PASS" start="2025-10-02T15:12:43.467410" elapsed="0.002010"/>
</kw>
<kw name="POST On Session" owner="RequestsLibrary">
<msg time="2025-10-02T15:12:43.517201" level="INFO">POST Request : url=http://localhost:3000/api/v1/sessions 
 path_url=/api/v1/sessions 
 headers={'User-Agent': 'python-requests/2.32.5', 'Accept-Encoding': 'gzip, deflate', 'Accept': '*/*', 'Connection': 'keep-alive', 'Content-Type': 'application/json', 'Authorization': 'Bearer eyJhbGciOiJIUzI1NiIsInR5cCI6IkpXVCJ9.eyJpZCI6IjY4ZGQ1ZWViMjFhYjA3MTFhZGI4MDFjYyIsImlhdCI6MTc1OTQyODc2MywiZXhwIjoxNzU5NTE1MTYzfQ.SEY332uXYz07Zixynht_yJp198f6h83VH77JMGHm2vU', 'Content-Length': '155'} 
 body=b'{"movie": "68dec09aeeb8b3a29f9264fc", "theater": "68dec09beeb8b3a29f926500", "datetime": "2025-10-02T17:32:36.261Z", "fullPrice": "15", "halfPrice": "7.5"}' 
 </msg>
<msg time="2025-10-02T15:12:43.517665" level="INFO">POST Response : url=http://localhost:3000/api/v1/sessions 
 status=201, reason=Created 
 headers={'X-Powered-By': 'Express', 'Access-Control-Allow-Origin': '*', 'Content-Type': 'application/json; charset=utf-8', 'Content-Length': '3407', 'ETag': 'W/"d4f-bPpkzFEexMpqO0PCVjjavgk6kVY"', 'Date': 'Thu, 02 Oct 2025 18:12:43 GMT', 'Connection': 'keep-alive', 'Keep-Alive': 'timeout=5'} 
 body={"success":true,"data":{"movie":"68dec09aeeb8b3a29f9264fc","theater":"68dec09beeb8b3a29f926500","datetime":"2025-10-02T17:32:36.261Z","fullPrice":15,"halfPrice":7.5,"seats":[{"row":"A","number":1,"status":"available"},{"row":"A","number":2,"status":"available"},{"row":"A","number":3,"status":"available"},{"row":"A","number":4,"status":"available"},{"row":"A","number":5,"status":"available"},{"row":"A","number":6,"status":"available"},{"row":"A","number":7,"status":"available"},{"row":"A","number":8,"status":"available"},{"row":"A","number":9,"status":"available"},{"row":"B","number":1,"status":"available"},{"row":"B","number":2,"status":"available"},{"row":"B","number":3,"status":"available"},{"row":"B","number":4,"status":"available"},{"row":"B","number":5,"status":"available"},{"row":"B","number":6,"status":"available"},{"row":"B","number":7,"status":"available"},{"row":"B","number":8,"status":"available"},{"row":"B","number":9,"status":"available"},{"row":"C","number":1,"status":"available"},{"row":"C","number":2,"status":"available"},{"row":"C","number":3,"status":"available"},{"row":"C","number":4,"status":"available"},{"row":"C","number":5,"status":"available"},{"row":"C","number":6,"status":"available"},{"row":"C","number":7,"status":"available"},{"row":"C","number":8,"status":"available"},{"row":"C","number":9,"status":"available"},{"row":"D","number":1,"status":"available"},{"row":"D","number":2,"status":"available"},{"row":"D","number":3,"status":"available"},{"row":"D","number":4,"status":"available"},{"row":"D","number":5,"status":"available"},{"row":"D","number":6,"status":"available"},{"row":"D","number":7,"status":"available"},{"row":"D","number":8,"status":"available"},{"row":"D","number":9,"status":"available"},{"row":"E","number":1,"status":"available"},{"row":"E","number":2,"status":"available"},{"row":"E","number":3,"status":"available"},{"row":"E","number":4,"status":"available"},{"row":"E","number":5,"status":"available"},{"row":"E","number":6,"status":"available"},{"row":"E","number":7,"status":"available"},{"row":"E","number":8,"status":"available"},{"row":"E","number":9,"status":"available"},{"row":"F","number":1,"status":"available"},{"row":"F","number":2,"status":"available"},{"row":"F","number":3,"status":"available"},{"row":"F","number":4,"status":"available"},{"row":"F","number":5,"status":"available"},{"row":"F","number":6,"status":"available"},{"row":"F","number":7,"status":"available"},{"row":"F","number":8,"status":"available"},{"row":"F","number":9,"status":"available"},{"row":"G","number":1,"status":"available"},{"row":"G","number":2,"status":"available"},{"row":"G","number":3,"status":"available"},{"row":"G","number":4,"status":"available"},{"row":"G","number":5,"status":"available"},{"row":"G","number":6,"status":"available"},{"row":"G","number":7,"status":"available"},{"row":"G","number":8,"status":"available"},{"row":"G","number":9,"status":"available"},{"row":"H","number":1,"status":"available"},{"row":"H","number":2,"status":"available"},{"row":"H","number":3,"status":"available"},{"row":"H","number":4,"status":"available"},{"row":"H","number":5,"status":"available"},{"row":"H","number":6,"status":"available"},{"row":"H","number":7,"status":"available"}],"_id":"68dec09beeb8b3a29f926506","createdAt":"2025-10-02T18:12:43.495Z","updatedAt":"2025-10-02T18:12:43.495Z","__v":0,"id":"68dec09beeb8b3a29f926506"}} 
 </msg>
<msg time="2025-10-02T15:12:43.518358" level="INFO">${response} = &lt;Response [201]&gt;</msg>
<var>${response}</var>
<arg>CinemaApp</arg>
<arg>url=/sessions</arg>
<arg>json=${payload}</arg>
<arg>headers=${header}</arg>
<arg>expected_status=any</arg>
<doc>Sends a POST request on a previously created HTTP Session.</doc>
<status status="PASS" start="2025-10-02T15:12:43.469946" elapsed="0.048664"/>
</kw>
<kw name="Log" owner="BuiltIn">
<msg time="2025-10-02T15:12:43.520918" level="INFO">{"success":true,"data":{"movie":"68dec09aeeb8b3a29f9264fc","theater":"68dec09beeb8b3a29f926500","datetime":"2025-10-02T17:32:36.261Z","fullPrice":15,"halfPrice":7.5,"seats":[{"row":"A","number":1,"status":"available"},{"row":"A","number":2,"status":"available"},{"row":"A","number":3,"status":"available"},{"row":"A","number":4,"status":"available"},{"row":"A","number":5,"status":"available"},{"row":"A","number":6,"status":"available"},{"row":"A","number":7,"status":"available"},{"row":"A","number":8,"status":"available"},{"row":"A","number":9,"status":"available"},{"row":"B","number":1,"status":"available"},{"row":"B","number":2,"status":"available"},{"row":"B","number":3,"status":"available"},{"row":"B","number":4,"status":"available"},{"row":"B","number":5,"status":"available"},{"row":"B","number":6,"status":"available"},{"row":"B","number":7,"status":"available"},{"row":"B","number":8,"status":"available"},{"row":"B","number":9,"status":"available"},{"row":"C","number":1,"status":"available"},{"row":"C","number":2,"status":"available"},{"row":"C","number":3,"status":"available"},{"row":"C","number":4,"status":"available"},{"row":"C","number":5,"status":"available"},{"row":"C","number":6,"status":"available"},{"row":"C","number":7,"status":"available"},{"row":"C","number":8,"status":"available"},{"row":"C","number":9,"status":"available"},{"row":"D","number":1,"status":"available"},{"row":"D","number":2,"status":"available"},{"row":"D","number":3,"status":"available"},{"row":"D","number":4,"status":"available"},{"row":"D","number":5,"status":"available"},{"row":"D","number":6,"status":"available"},{"row":"D","number":7,"status":"available"},{"row":"D","number":8,"status":"available"},{"row":"D","number":9,"status":"available"},{"row":"E","number":1,"status":"available"},{"row":"E","number":2,"status":"available"},{"row":"E","number":3,"status":"available"},{"row":"E","number":4,"status":"available"},{"row":"E","number":5,"status":"available"},{"row":"E","number":6,"status":"available"},{"row":"E","number":7,"status":"available"},{"row":"E","number":8,"status":"available"},{"row":"E","number":9,"status":"available"},{"row":"F","number":1,"status":"available"},{"row":"F","number":2,"status":"available"},{"row":"F","number":3,"status":"available"},{"row":"F","number":4,"status":"available"},{"row":"F","number":5,"status":"available"},{"row":"F","number":6,"status":"available"},{"row":"F","number":7,"status":"available"},{"row":"F","number":8,"status":"available"},{"row":"F","number":9,"status":"available"},{"row":"G","number":1,"status":"available"},{"row":"G","number":2,"status":"available"},{"row":"G","number":3,"status":"available"},{"row":"G","number":4,"status":"available"},{"row":"G","number":5,"status":"available"},{"row":"G","number":6,"status":"available"},{"row":"G","number":7,"status":"available"},{"row":"G","number":8,"status":"available"},{"row":"G","number":9,"status":"available"},{"row":"H","number":1,"status":"available"},{"row":"H","number":2,"status":"available"},{"row":"H","number":3,"status":"available"},{"row":"H","number":4,"status":"available"},{"row":"H","number":5,"status":"available"},{"row":"H","number":6,"status":"available"},{"row":"H","number":7,"status":"available"}],"_id":"68dec09beeb8b3a29f926506","createdAt":"2025-10-02T18:12:43.495Z","updatedAt":"2025-10-02T18:12:43.495Z","__v":0,"id":"68dec09beeb8b3a29f926506"}}</msg>
<arg>${response.content}</arg>
<doc>Logs the given message with the given level.</doc>
<status status="PASS" start="2025-10-02T15:12:43.519427" elapsed="0.002026"/>
</kw>
<arg>${session}[movie]</arg>
<arg>${session}[theater]</arg>
<arg>${session}[datetime]</arg>
<arg>${session}[fullPrice]</arg>
<arg>${session}[halfPrice]</arg>
<status status="PASS" start="2025-10-02T15:12:43.462613" elapsed="0.059118"/>
</kw>
<arg>${session}</arg>
<status status="PASS" start="2025-10-02T15:12:43.258491" elapsed="0.263515"/>
</kw>
<status status="PASS" start="2025-10-02T15:12:42.723271" elapsed="0.805132"/>
</test>
<doc>Testes para o endpoint /auth</doc>
<status status="PASS" start="2025-10-02T15:12:42.452045" elapsed="1.083923"/>
</suite>
<statistics>
<total>
<stat pass="1" fail="0" skip="0">All Tests</stat>
</total>
<tag>
</tag>
<suite>
<stat name="Sessions Tests" id="s1" pass="1" fail="0" skip="0">Sessions Tests</stat>
</suite>
</statistics>
<errors>
</errors>
</robot>
