<?xml version="1.0" encoding="UTF-8"?>
<robot generator="Robot 7.3.2 (Python 3.12.3 on linux)" generated="2025-10-03T10:16:13.484338" rpa="false" schemaversion="5">
<suite id="s1" name="Reservations Tests" source="/home/rafael/Documentos/Compass/AtualizadoPC/PB-Quality-Engineering/Documentos/Semana 15 - Challenge Final/cinemaApp-tests/api/tests/reservations_tests.robot">
<kw name="Criar Sessao" owner="base" type="SETUP">
<kw name="Create Session" owner="RequestsLibrary">
<msg time="2025-10-03T10:16:13.835809" level="INFO">Creating Session using : alias=CinemaApp, url=http://localhost:3000/api/v1, headers={},                     cookies={}, auth=None, timeout=None, proxies=None, verify=False,                     debug=0 </msg>
<arg>CinemaApp</arg>
<arg>url=${BASE_URL}</arg>
<doc>Create Session: create a HTTP session to a server</doc>
<status status="PASS" start="2025-10-03T10:16:13.835260" elapsed="0.002563"/>
</kw>
<status status="PASS" start="2025-10-03T10:16:13.834189" elapsed="0.004115"/>
</kw>
<test id="s1-t1" name="CT005.001 - Criar uma nova reserva" line="11">
<kw name="Read JSON File" owner="common">
<kw name="Load Json From File" owner="JSONLibrary">
<msg time="2025-10-03T10:16:13.843575" level="INFO">${json} = {'movie1': {'title': 'Manchester à Beira-Mar', 'synopsis': 'Em Manchester à Beira-Mar, Lee Chandler é forçado a retornar para sua cidade natal com o objetivo de tomar conta de seu sobrinho adolescente...</msg>
<var>${json}</var>
<arg>${EXECDIR}/support/fixtures/${file}</arg>
<doc>Load JSON from file.</doc>
<status status="PASS" start="2025-10-03T10:16:13.842294" elapsed="0.003075"/>
</kw>
<return>
<value>${json}</value>
<status status="PASS" start="2025-10-03T10:16:13.845703" elapsed="0.000290"/>
</return>
<msg time="2025-10-03T10:16:13.846737" level="INFO">${movies_json} = {'movie1': {'title': 'Manchester à Beira-Mar', 'synopsis': 'Em Manchester à Beira-Mar, Lee Chandler é forçado a retornar para sua cidade natal com o objetivo de tomar conta de seu sobrinho adolescente...</msg>
<var>${movies_json}</var>
<arg>movies.json</arg>
<status status="PASS" start="2025-10-03T10:16:13.841240" elapsed="0.006716"/>
</kw>
<kw name="Set Variable" owner="BuiltIn">
<msg time="2025-10-03T10:16:13.849604" level="INFO">${movie} = {'title': 'John Wick 4: Baba Yaga', 'synopsis': 'O ex-assassino de aluguel John Wick é procurado pelo mundo todo e a recompensa por sua captura aumenta cada vez mais.', 'director': 'Chad Stahelski', '...</msg>
<var>${movie}</var>
<arg>${movies_json}[movie4]</arg>
<doc>Returns the given values which can then be assigned to a variables.</doc>
<status status="PASS" start="2025-10-03T10:16:13.848798" elapsed="0.001133"/>
</kw>
<kw name="Clean Movie from Database" owner="database">
<msg time="2025-10-03T10:16:13.860421" level="INFO">Searching for movie with title: John Wick 4: Baba Yaga
Movie found: {'_id': ObjectId('68dfcc7c8e953d7b9ccaaed9'), 'title': 'John Wick 4: Baba Yaga', 'synopsis': 'O ex-assassino de aluguel John Wick é procurado pelo mundo todo e a recompensa por sua captura aumenta cada vez mais.', 'director': 'Chad Stahelski', 'genres': ['Ação', 'Thriller'], 'duration': 169, 'classification': '+16', 'poster': 'johnwick.jpg', 'releaseDate': datetime.datetime(2023, 3, 23, 0, 0), 'createdAt': datetime.datetime(2025, 10, 3, 13, 15, 40, 813000), 'updatedAt': datetime.datetime(2025, 10, 3, 13, 15, 40, 813000), '__v': 0}
Movies with title 'John Wick 4: Baba Yaga' deleted. Count: 1</msg>
<arg>${movie}[title]</arg>
<status status="PASS" start="2025-10-03T10:16:13.851239" elapsed="0.009731"/>
</kw>
<kw name="Criar filme" owner="createMovieKeywords">
<kw name="Utilizar Token de Administrador" owner="common">
<kw name="Create Dictionary" owner="BuiltIn">
<msg time="2025-10-03T10:16:13.864302" level="INFO">${admin_user} = {'name': ' Lex Luthr', 'email': 'lex.luthor@lexcorp.com', 'password': 'pwd12345'}</msg>
<var>${admin_user}</var>
<arg>name= Lex Luthr</arg>
<arg>email=lex.luthor@lexcorp.com</arg>
<arg>password=pwd12345</arg>
<doc>Creates and returns a dictionary based on the given ``items``.</doc>
<status status="PASS" start="2025-10-03T10:16:13.863472" elapsed="0.001107"/>
</kw>
<kw name="POST Endpoint /auth/register" owner="cadastrar_usuario">
<kw name="Create Dictionary" owner="BuiltIn">
<msg time="2025-10-03T10:16:13.869557" level="INFO">&amp;{header} = { Content-Type=application/json }</msg>
<var>&amp;{header}</var>
<arg>Content-Type=application/json</arg>
<doc>Creates and returns a dictionary based on the given ``items``.</doc>
<status status="PASS" start="2025-10-03T10:16:13.868723" elapsed="0.001314"/>
</kw>
<kw name="Create Dictionary" owner="BuiltIn">
<msg time="2025-10-03T10:16:13.873569" level="INFO">${payload} = {'name': ' Lex Luthr', 'email': 'lex.luthor@lexcorp.com', 'password': 'pwd12345'}</msg>
<var>${payload}</var>
<arg>name=${name}</arg>
<arg>email=${email}</arg>
<arg>password=${password}</arg>
<doc>Creates and returns a dictionary based on the given ``items``.</doc>
<status status="PASS" start="2025-10-03T10:16:13.870545" elapsed="0.003330"/>
</kw>
<kw name="POST On Session" owner="RequestsLibrary">
<msg time="2025-10-03T10:16:13.894256" level="INFO">POST Request : url=http://localhost:3000/api/v1/auth/register 
 path_url=/api/v1/auth/register 
 headers={'User-Agent': 'python-requests/2.32.5', 'Accept-Encoding': 'gzip, deflate', 'Accept': '*/*', 'Connection': 'keep-alive', 'Content-Type': 'application/json', 'Content-Length': '81'} 
 body=b'{"name": " Lex Luthr", "email": "lex.luthor@lexcorp.com", "password": "pwd12345"}' 
 </msg>
<msg time="2025-10-03T10:16:13.895910" level="INFO">POST Response : url=http://localhost:3000/api/v1/auth/register 
 status=400, reason=Bad Request 
 headers={'X-Powered-By': 'Express', 'Access-Control-Allow-Origin': '*', 'Content-Type': 'application/json; charset=utf-8', 'Content-Length': '49', 'ETag': 'W/"31-WKEMg8zALB1Ko0WjUHi/6RBGHVc"', 'Date': 'Fri, 03 Oct 2025 13:16:13 GMT', 'Connection': 'keep-alive', 'Keep-Alive': 'timeout=5'} 
 body={"success":false,"message":"User already exists"} 
 </msg>
<msg time="2025-10-03T10:16:13.896383" level="INFO">${response} = &lt;Response [400]&gt;</msg>
<var>${response}</var>
<arg>CinemaApp</arg>
<arg>url=/auth/register</arg>
<arg>json=${payload}</arg>
<arg>headers=${header}</arg>
<arg>expected_status=any</arg>
<doc>Sends a POST request on a previously created HTTP Session.</doc>
<status status="PASS" start="2025-10-03T10:16:13.874358" elapsed="0.022260"/>
</kw>
<kw name="Set Global Variable" owner="BuiltIn">
<msg time="2025-10-03T10:16:13.901243" level="INFO">${response} = &lt;Response [400]&gt;</msg>
<arg>${response}</arg>
<doc>Makes a variable available globally in all tests and suites.</doc>
<status status="PASS" start="2025-10-03T10:16:13.900361" elapsed="0.001224"/>
</kw>
<kw name="Log" owner="BuiltIn">
<msg time="2025-10-03T10:16:13.906366" level="INFO">{"success":false,"message":"User already exists"}</msg>
<arg>${response.content}</arg>
<doc>Logs the given message with the given level.</doc>
<status status="PASS" start="2025-10-03T10:16:13.902068" elapsed="0.004700"/>
</kw>
<kw name="Log" owner="BuiltIn">
<msg time="2025-10-03T10:16:13.912492" level="INFO">400</msg>
<arg>${response.status_code}</arg>
<doc>Logs the given message with the given level.</doc>
<status status="PASS" start="2025-10-03T10:16:13.907291" elapsed="0.005579"/>
</kw>
<arg>${admin_user}[name]</arg>
<arg>${admin_user}[email]</arg>
<arg>${admin_user}[password]</arg>
<status status="PASS" start="2025-10-03T10:16:13.865893" elapsed="0.047294"/>
</kw>
<kw name="POST Endpoint /auth/login" owner="fazerLoginKeywords">
<kw name="Create Dictionary" owner="BuiltIn">
<msg time="2025-10-03T10:16:13.918872" level="INFO">${payload} = {'email': 'lex.luthor@lexcorp.com', 'password': 'pwd12345'}</msg>
<var>${payload}</var>
<arg>email=${email}</arg>
<arg>password=${password}</arg>
<doc>Creates and returns a dictionary based on the given ``items``.</doc>
<status status="PASS" start="2025-10-03T10:16:13.914874" elapsed="0.004604"/>
</kw>
<kw name="POST On Session" owner="RequestsLibrary">
<msg time="2025-10-03T10:16:14.095087" level="INFO">POST Request : url=http://localhost:3000/api/v1/auth/login 
 path_url=/api/v1/auth/login 
 headers={'User-Agent': 'python-requests/2.32.5', 'Accept-Encoding': 'gzip, deflate', 'Accept': '*/*', 'Connection': 'keep-alive', 'Content-Length': '59', 'Content-Type': 'application/json'} 
 body=b'{"email": "lex.luthor@lexcorp.com", "password": "pwd12345"}' 
 </msg>
<msg time="2025-10-03T10:16:14.096493" level="INFO">POST Response : url=http://localhost:3000/api/v1/auth/login 
 status=200, reason=OK 
 headers={'X-Powered-By': 'Express', 'Access-Control-Allow-Origin': '*', 'Content-Type': 'application/json; charset=utf-8', 'Content-Length': '308', 'ETag': 'W/"134-hH/n2e7Uo/gHAO4bZjVBGgxha0A"', 'Date': 'Fri, 03 Oct 2025 13:16:14 GMT', 'Connection': 'keep-alive', 'Keep-Alive': 'timeout=5'} 
 body={"success":true,"data":{"_id":"68dd5eeb21ab0711adb801cc","name":"Lex Luthor","email":"lex.luthor@lexcorp.com","role":"admin","token":"eyJhbGciOiJIUzI1NiIsInR5cCI6IkpXVCJ9.eyJpZCI6IjY4ZGQ1ZWViMjFhYjA3MTFhZGI4MDFjYyIsImlhdCI6MTc1OTQ5NzM3NCwiZXhwIjoxNzU5NTgzNzc0fQ.z8eWSO4s6WNa_dtzLk7C5cE_8zTopC-Vwq_CeL_ZRAM"}} 
 </msg>
<msg time="2025-10-03T10:16:14.097328" level="INFO">${response} = &lt;Response [200]&gt;</msg>
<var>${response}</var>
<arg>alias=CinemaApp</arg>
<arg>url=/auth/login</arg>
<arg>json=${payload}</arg>
<arg>expected_status=any</arg>
<doc>Sends a POST request on a previously created HTTP Session.</doc>
<status status="PASS" start="2025-10-03T10:16:13.919987" elapsed="0.177630"/>
</kw>
<kw name="Set Global Variable" owner="BuiltIn">
<msg time="2025-10-03T10:16:14.099369" level="INFO">${response} = &lt;Response [200]&gt;</msg>
<arg>${response}</arg>
<doc>Makes a variable available globally in all tests and suites.</doc>
<status status="PASS" start="2025-10-03T10:16:14.098296" elapsed="0.001473"/>
</kw>
<kw name="Run Keyword If" owner="BuiltIn">
<kw name="Extract JWT" owner="fazerLoginKeywords">
<kw name="Set Variable" owner="BuiltIn">
<msg time="2025-10-03T10:16:14.106393" level="INFO">${token} = eyJhbGciOiJIUzI1NiIsInR5cCI6IkpXVCJ9.eyJpZCI6IjY4ZGQ1ZWViMjFhYjA3MTFhZGI4MDFjYyIsImlhdCI6MTc1OTQ5NzM3NCwiZXhwIjoxNzU5NTgzNzc0fQ.z8eWSO4s6WNa_dtzLk7C5cE_8zTopC-Vwq_CeL_ZRAM</msg>
<var>${token}</var>
<arg>${response.json()['data']['token']}</arg>
<doc>Returns the given values which can then be assigned to a variables.</doc>
<status status="PASS" start="2025-10-03T10:16:14.104971" elapsed="0.001755"/>
</kw>
<kw name="Log" owner="BuiltIn">
<msg time="2025-10-03T10:16:14.107782" level="INFO">Token obtido: eyJhbGciOiJIUzI1NiIsInR5cCI6IkpXVCJ9.eyJpZCI6IjY4ZGQ1ZWViMjFhYjA3MTFhZGI4MDFjYyIsImlhdCI6MTc1OTQ5NzM3NCwiZXhwIjoxNzU5NTgzNzc0fQ.z8eWSO4s6WNa_dtzLk7C5cE_8zTopC-Vwq_CeL_ZRAM</msg>
<arg>Token obtido: ${token}</arg>
<doc>Logs the given message with the given level.</doc>
<status status="PASS" start="2025-10-03T10:16:14.107248" elapsed="0.000947"/>
</kw>
<kw name="Set Global Variable" owner="BuiltIn">
<msg time="2025-10-03T10:16:14.111000" level="INFO">${token} = eyJhbGciOiJIUzI1NiIsInR5cCI6IkpXVCJ9.eyJpZCI6IjY4ZGQ1ZWViMjFhYjA3MTFhZGI4MDFjYyIsImlhdCI6MTc1OTQ5NzM3NCwiZXhwIjoxNzU5NTgzNzc0fQ.z8eWSO4s6WNa_dtzLk7C5cE_8zTopC-Vwq_CeL_ZRAM</msg>
<arg>${token}</arg>
<doc>Makes a variable available globally in all tests and suites.</doc>
<status status="PASS" start="2025-10-03T10:16:14.108875" elapsed="0.002690"/>
</kw>
<status status="PASS" start="2025-10-03T10:16:14.103883" elapsed="0.008117"/>
</kw>
<arg>${response.status_code} == 200</arg>
<arg>Extract JWT</arg>
<doc>Runs the given keyword with the given arguments, if ``condition`` is true.</doc>
<status status="PASS" start="2025-10-03T10:16:14.100884" elapsed="0.011525"/>
</kw>
<kw name="Log" owner="BuiltIn">
<msg time="2025-10-03T10:16:14.114505" level="INFO">{"success":true,"data":{"_id":"68dd5eeb21ab0711adb801cc","name":"Lex Luthor","email":"lex.luthor@lexcorp.com","role":"admin","token":"eyJhbGciOiJIUzI1NiIsInR5cCI6IkpXVCJ9.eyJpZCI6IjY4ZGQ1ZWViMjFhYjA3MTFhZGI4MDFjYyIsImlhdCI6MTc1OTQ5NzM3NCwiZXhwIjoxNzU5NTgzNzc0fQ.z8eWSO4s6WNa_dtzLk7C5cE_8zTopC-Vwq_CeL_ZRAM"}}</msg>
<arg>${response.content}</arg>
<doc>Logs the given message with the given level.</doc>
<status status="PASS" start="2025-10-03T10:16:14.113020" elapsed="0.001897"/>
</kw>
<arg>${admin_user}[email]</arg>
<arg>${admin_user}[password]</arg>
<status status="PASS" start="2025-10-03T10:16:13.913774" elapsed="0.201479"/>
</kw>
<status status="PASS" start="2025-10-03T10:16:13.862714" elapsed="0.253700"/>
</kw>
<kw name="POST Endpoint /movies" owner="createMovieKeywords">
<kw name="Create Dictionary" owner="BuiltIn">
<msg time="2025-10-03T10:16:14.120058" level="INFO">&amp;{header} = { Content-Type=application/json | Authorization=Bearer eyJhbGciOiJIUzI1NiIsInR5cCI6IkpXVCJ9.eyJpZCI6IjY4ZGQ1ZWViMjFhYjA3MTFhZGI4MDFjYyIsImlhdCI6MTc1OTQ5NzM3NCwiZXhwIjoxNzU5NTgzNzc0fQ.z8eWSO4s6WNa_dtzL...</msg>
<var>&amp;{header}</var>
<arg>Content-Type=application/json</arg>
<arg>Authorization=Bearer ${token}</arg>
<doc>Creates and returns a dictionary based on the given ``items``.</doc>
<status status="PASS" start="2025-10-03T10:16:14.119062" elapsed="0.002810"/>
</kw>
<kw name="Create Dictionary" owner="BuiltIn">
<msg time="2025-10-03T10:16:14.124294" level="INFO">${payload} = {'title': 'John Wick 4: Baba Yaga', 'synopsis': 'O ex-assassino de aluguel John Wick é procurado pelo mundo todo e a recompensa por sua captura aumenta cada vez mais.', 'director': 'Chad Stahelski', '...</msg>
<var>${payload}</var>
<arg>title=${title}</arg>
<arg>synopsis=${synopsis}</arg>
<arg>director=${director}</arg>
<arg>genres=${genres}</arg>
<arg>duration=${duration}</arg>
<arg>classification=${classification}</arg>
<arg>poster=${poster}</arg>
<arg>releaseDate=${releaseDate}</arg>
<doc>Creates and returns a dictionary based on the given ``items``.</doc>
<status status="PASS" start="2025-10-03T10:16:14.122472" elapsed="0.002116"/>
</kw>
<kw name="POST On Session" owner="RequestsLibrary">
<msg time="2025-10-03T10:16:14.139219" level="INFO">POST Request : url=http://localhost:3000/api/v1/movies 
 path_url=/api/v1/movies 
 headers={'User-Agent': 'python-requests/2.32.5', 'Accept-Encoding': 'gzip, deflate', 'Accept': '*/*', 'Connection': 'keep-alive', 'Content-Type': 'application/json', 'Authorization': 'Bearer eyJhbGciOiJIUzI1NiIsInR5cCI6IkpXVCJ9.eyJpZCI6IjY4ZGQ1ZWViMjFhYjA3MTFhZGI4MDFjYyIsImlhdCI6MTc1OTQ5NzM3NCwiZXhwIjoxNzU5NTgzNzc0fQ.z8eWSO4s6WNa_dtzLk7C5cE_8zTopC-Vwq_CeL_ZRAM', 'Content-Length': '342'} 
 body=b'{"title": "John Wick 4: Baba Yaga", "synopsis": "O ex-assassino de aluguel John Wick \\u00e9 procurado pelo mundo todo e a recompensa por sua captura aumenta cada vez mais.", "director": "Chad Stahelski", "genres": ["A\\u00e7\\u00e3o", "Thriller"], "duration": 169, "classification": "+16", "poster": "johnwick.jpg", "releaseDate": "2023-03-23"}' 
 </msg>
<msg time="2025-10-03T10:16:14.139536" level="INFO">POST Response : url=http://localhost:3000/api/v1/movies 
 status=201, reason=Created 
 headers={'X-Powered-By': 'Express', 'Access-Control-Allow-Origin': '*', 'Content-Type': 'application/json; charset=utf-8', 'Content-Length': '503', 'ETag': 'W/"1f7-E79UlfsfIGP094IBnXUg/7aXR9E"', 'Date': 'Fri, 03 Oct 2025 13:16:14 GMT', 'Connection': 'keep-alive', 'Keep-Alive': 'timeout=5'} 
 body={"success":true,"data":{"title":"John Wick 4: Baba Yaga","synopsis":"O ex-assassino de aluguel John Wick é procurado pelo mundo todo e a recompensa por sua captura aumenta cada vez mais.","director":"Chad Stahelski","genres":["Ação","Thriller"],"duration":169,"classification":"+16","poster":"johnwick.jpg","releaseDate":"2023-03-23T00:00:00.000Z","_id":"68dfcc9e8e953d7b9ccaaede","createdAt":"2025-10-03T13:16:14.134Z","updatedAt":"2025-10-03T13:16:14.134Z","__v":0,"id":"68dfcc9e8e953d7b9ccaaede"}} 
 </msg>
<msg time="2025-10-03T10:16:14.139839" level="INFO">${response} = &lt;Response [201]&gt;</msg>
<var>${response}</var>
<arg>alias=CinemaApp</arg>
<arg>url=/movies</arg>
<arg>json=${payload}</arg>
<arg>headers=${header}</arg>
<arg>expected_status=any</arg>
<doc>Sends a POST request on a previously created HTTP Session.</doc>
<status status="PASS" start="2025-10-03T10:16:14.125127" elapsed="0.014858"/>
</kw>
<kw name="Set Global Variable" owner="BuiltIn">
<msg time="2025-10-03T10:16:14.141297" level="INFO">${response} = &lt;Response [201]&gt;</msg>
<arg>${response}</arg>
<doc>Makes a variable available globally in all tests and suites.</doc>
<status status="PASS" start="2025-10-03T10:16:14.140334" elapsed="0.001332"/>
</kw>
<kw name="Log" owner="BuiltIn">
<msg time="2025-10-03T10:16:14.144158" level="INFO">{"success":true,"data":{"title":"John Wick 4: Baba Yaga","synopsis":"O ex-assassino de aluguel John Wick Ã© procurado pelo mundo todo e a recompensa por sua captura aumenta cada vez mais.","director":"Chad Stahelski","genres":["AÃ§Ã£o","Thriller"],"duration":169,"classification":"+16","poster":"johnwick.jpg","releaseDate":"2023-03-23T00:00:00.000Z","_id":"68dfcc9e8e953d7b9ccaaede","createdAt":"2025-10-03T13:16:14.134Z","updatedAt":"2025-10-03T13:16:14.134Z","__v":0,"id":"68dfcc9e8e953d7b9ccaaede"}}</msg>
<arg>${response.content}</arg>
<doc>Logs the given message with the given level.</doc>
<status status="PASS" start="2025-10-03T10:16:14.142169" elapsed="0.002558"/>
</kw>
<arg>${movie}[title]</arg>
<arg>${movie}[synopsis]</arg>
<arg>${movie}[director]</arg>
<arg>${movie}[genres]</arg>
<arg>${movie}[duration]</arg>
<arg>${movie}[classification]</arg>
<arg>${movie}[poster]</arg>
<arg>${movie}[releaseDate]</arg>
<status status="PASS" start="2025-10-03T10:16:14.116990" elapsed="0.028167"/>
</kw>
<arg>${movie}</arg>
<status status="PASS" start="2025-10-03T10:16:13.861711" elapsed="0.283760"/>
</kw>
<kw name="Pegar ID de um filme" owner="common">
<kw name="Get movie by title" owner="database">
<msg time="2025-10-03T10:16:14.157895" level="INFO">${movie_data} = {'_id': '68dfcc9e8e953d7b9ccaaede', 'title': 'John Wick 4: Baba Yaga', 'synopsis': 'O ex-assassino de aluguel John Wick é procurado pelo mundo todo e a recompensa por sua captura aumenta cada vez mais...</msg>
<var>${movie_data}</var>
<arg>${movie}[title]</arg>
<status status="PASS" start="2025-10-03T10:16:14.155291" elapsed="0.004219"/>
</kw>
<kw name="Set Variable" owner="BuiltIn">
<msg time="2025-10-03T10:16:14.161538" level="INFO">${movie_id} = 68dfcc9e8e953d7b9ccaaede</msg>
<var>${movie_id}</var>
<arg>${movie_data}[_id]</arg>
<doc>Returns the given values which can then be assigned to a variables.</doc>
<status status="PASS" start="2025-10-03T10:16:14.160702" elapsed="0.001195"/>
</kw>
<kw name="Set Global Variable" owner="BuiltIn">
<msg time="2025-10-03T10:16:14.164041" level="INFO">${movie_id} = 68dfcc9e8e953d7b9ccaaede</msg>
<arg>${movie_id}</arg>
<doc>Makes a variable available globally in all tests and suites.</doc>
<status status="PASS" start="2025-10-03T10:16:14.162483" elapsed="0.001870"/>
</kw>
<arg>${movie}</arg>
<status status="PASS" start="2025-10-03T10:16:14.151303" elapsed="0.013305"/>
</kw>
<kw name="Log" owner="BuiltIn">
<msg time="2025-10-03T10:16:14.169717" level="INFO">Movie ID: 68dfcc9e8e953d7b9ccaaede</msg>
<arg>Movie ID: ${movie_id}</arg>
<doc>Logs the given message with the given level.</doc>
<status status="PASS" start="2025-10-03T10:16:14.169120" elapsed="0.000932"/>
</kw>
<kw name="Read JSON File" owner="common">
<kw name="Load Json From File" owner="JSONLibrary">
<msg time="2025-10-03T10:16:14.181927" level="INFO">${json} = {'theater1': {'name': 'Sala - 001', 'capacity': 50, 'type': 'IMAX'}, 'theater2': {'name': 'Sala - 002', 'capacity': 60, 'type': 'standard'}, 'theater3': {'name': 'Sala - 003', 'capacity': 70, 'type': ...</msg>
<var>${json}</var>
<arg>${EXECDIR}/support/fixtures/${file}</arg>
<doc>Load JSON from file.</doc>
<status status="PASS" start="2025-10-03T10:16:14.178395" elapsed="0.003913"/>
</kw>
<return>
<value>${json}</value>
<status status="PASS" start="2025-10-03T10:16:14.182603" elapsed="0.000262"/>
</return>
<msg time="2025-10-03T10:16:14.183461" level="INFO">${theater_json} = {'theater1': {'name': 'Sala - 001', 'capacity': 50, 'type': 'IMAX'}, 'theater2': {'name': 'Sala - 002', 'capacity': 60, 'type': 'standard'}, 'theater3': {'name': 'Sala - 003', 'capacity': 70, 'type': ...</msg>
<var>${theater_json}</var>
<arg>theaters.json</arg>
<status status="PASS" start="2025-10-03T10:16:14.176240" elapsed="0.007545"/>
</kw>
<kw name="Set Variable" owner="BuiltIn">
<msg time="2025-10-03T10:16:14.184952" level="INFO">${theater} = {'name': 'Sala - 004', 'capacity': 80, 'type': 'standard'}</msg>
<var>${theater}</var>
<arg>${theater_json}[theater4]</arg>
<doc>Returns the given values which can then be assigned to a variables.</doc>
<status status="PASS" start="2025-10-03T10:16:14.184385" elapsed="0.000799"/>
</kw>
<kw name="Remove Theater From Database" owner="database">
<arg>${theater}[name]</arg>
<status status="PASS" start="2025-10-03T10:16:14.186540" elapsed="0.008269"/>
</kw>
<kw name="Criar um Sala de Cinema" owner="createTheaterKeywords">
<kw name="Utilizar Token de Administrador" owner="common">
<kw name="Create Dictionary" owner="BuiltIn">
<msg time="2025-10-03T10:16:14.200942" level="INFO">${admin_user} = {'name': ' Lex Luthr', 'email': 'lex.luthor@lexcorp.com', 'password': 'pwd12345'}</msg>
<var>${admin_user}</var>
<arg>name= Lex Luthr</arg>
<arg>email=lex.luthor@lexcorp.com</arg>
<arg>password=pwd12345</arg>
<doc>Creates and returns a dictionary based on the given ``items``.</doc>
<status status="PASS" start="2025-10-03T10:16:14.200370" elapsed="0.000830"/>
</kw>
<kw name="POST Endpoint /auth/register" owner="cadastrar_usuario">
<kw name="Create Dictionary" owner="BuiltIn">
<msg time="2025-10-03T10:16:14.208296" level="INFO">&amp;{header} = { Content-Type=application/json }</msg>
<var>&amp;{header}</var>
<arg>Content-Type=application/json</arg>
<doc>Creates and returns a dictionary based on the given ``items``.</doc>
<status status="PASS" start="2025-10-03T10:16:14.202677" elapsed="0.005932"/>
</kw>
<kw name="Create Dictionary" owner="BuiltIn">
<msg time="2025-10-03T10:16:14.209895" level="INFO">${payload} = {'name': ' Lex Luthr', 'email': 'lex.luthor@lexcorp.com', 'password': 'pwd12345'}</msg>
<var>${payload}</var>
<arg>name=${name}</arg>
<arg>email=${email}</arg>
<arg>password=${password}</arg>
<doc>Creates and returns a dictionary based on the given ``items``.</doc>
<status status="PASS" start="2025-10-03T10:16:14.209081" elapsed="0.001007"/>
</kw>
<kw name="POST On Session" owner="RequestsLibrary">
<msg time="2025-10-03T10:16:14.226337" level="INFO">POST Request : url=http://localhost:3000/api/v1/auth/register 
 path_url=/api/v1/auth/register 
 headers={'User-Agent': 'python-requests/2.32.5', 'Accept-Encoding': 'gzip, deflate', 'Accept': '*/*', 'Connection': 'keep-alive', 'Content-Type': 'application/json', 'Content-Length': '81'} 
 body=b'{"name": " Lex Luthr", "email": "lex.luthor@lexcorp.com", "password": "pwd12345"}' 
 </msg>
<msg time="2025-10-03T10:16:14.226768" level="INFO">POST Response : url=http://localhost:3000/api/v1/auth/register 
 status=400, reason=Bad Request 
 headers={'X-Powered-By': 'Express', 'Access-Control-Allow-Origin': '*', 'Content-Type': 'application/json; charset=utf-8', 'Content-Length': '49', 'ETag': 'W/"31-WKEMg8zALB1Ko0WjUHi/6RBGHVc"', 'Date': 'Fri, 03 Oct 2025 13:16:14 GMT', 'Connection': 'keep-alive', 'Keep-Alive': 'timeout=5'} 
 body={"success":false,"message":"User already exists"} 
 </msg>
<msg time="2025-10-03T10:16:14.227220" level="INFO">${response} = &lt;Response [400]&gt;</msg>
<var>${response}</var>
<arg>CinemaApp</arg>
<arg>url=/auth/register</arg>
<arg>json=${payload}</arg>
<arg>headers=${header}</arg>
<arg>expected_status=any</arg>
<doc>Sends a POST request on a previously created HTTP Session.</doc>
<status status="PASS" start="2025-10-03T10:16:14.210483" elapsed="0.016954"/>
</kw>
<kw name="Set Global Variable" owner="BuiltIn">
<msg time="2025-10-03T10:16:14.231235" level="INFO">${response} = &lt;Response [400]&gt;</msg>
<arg>${response}</arg>
<doc>Makes a variable available globally in all tests and suites.</doc>
<status status="PASS" start="2025-10-03T10:16:14.227953" elapsed="0.006441"/>
</kw>
<kw name="Log" owner="BuiltIn">
<msg time="2025-10-03T10:16:14.237711" level="INFO">{"success":false,"message":"User already exists"}</msg>
<arg>${response.content}</arg>
<doc>Logs the given message with the given level.</doc>
<status status="PASS" start="2025-10-03T10:16:14.235158" elapsed="0.002899"/>
</kw>
<kw name="Log" owner="BuiltIn">
<msg time="2025-10-03T10:16:14.242860" level="INFO">400</msg>
<arg>${response.status_code}</arg>
<doc>Logs the given message with the given level.</doc>
<status status="PASS" start="2025-10-03T10:16:14.240661" elapsed="0.003482"/>
</kw>
<arg>${admin_user}[name]</arg>
<arg>${admin_user}[email]</arg>
<arg>${admin_user}[password]</arg>
<status status="PASS" start="2025-10-03T10:16:14.201700" elapsed="0.042773"/>
</kw>
<kw name="POST Endpoint /auth/login" owner="fazerLoginKeywords">
<kw name="Create Dictionary" owner="BuiltIn">
<msg time="2025-10-03T10:16:14.250305" level="INFO">${payload} = {'email': 'lex.luthor@lexcorp.com', 'password': 'pwd12345'}</msg>
<var>${payload}</var>
<arg>email=${email}</arg>
<arg>password=${password}</arg>
<doc>Creates and returns a dictionary based on the given ``items``.</doc>
<status status="PASS" start="2025-10-03T10:16:14.249297" elapsed="0.001285"/>
</kw>
<kw name="POST On Session" owner="RequestsLibrary">
<msg time="2025-10-03T10:16:14.417049" level="INFO">POST Request : url=http://localhost:3000/api/v1/auth/login 
 path_url=/api/v1/auth/login 
 headers={'User-Agent': 'python-requests/2.32.5', 'Accept-Encoding': 'gzip, deflate', 'Accept': '*/*', 'Connection': 'keep-alive', 'Content-Length': '59', 'Content-Type': 'application/json'} 
 body=b'{"email": "lex.luthor@lexcorp.com", "password": "pwd12345"}' 
 </msg>
<msg time="2025-10-03T10:16:14.417364" level="INFO">POST Response : url=http://localhost:3000/api/v1/auth/login 
 status=200, reason=OK 
 headers={'X-Powered-By': 'Express', 'Access-Control-Allow-Origin': '*', 'Content-Type': 'application/json; charset=utf-8', 'Content-Length': '308', 'ETag': 'W/"134-hH/n2e7Uo/gHAO4bZjVBGgxha0A"', 'Date': 'Fri, 03 Oct 2025 13:16:14 GMT', 'Connection': 'keep-alive', 'Keep-Alive': 'timeout=5'} 
 body={"success":true,"data":{"_id":"68dd5eeb21ab0711adb801cc","name":"Lex Luthor","email":"lex.luthor@lexcorp.com","role":"admin","token":"eyJhbGciOiJIUzI1NiIsInR5cCI6IkpXVCJ9.eyJpZCI6IjY4ZGQ1ZWViMjFhYjA3MTFhZGI4MDFjYyIsImlhdCI6MTc1OTQ5NzM3NCwiZXhwIjoxNzU5NTgzNzc0fQ.z8eWSO4s6WNa_dtzLk7C5cE_8zTopC-Vwq_CeL_ZRAM"}} 
 </msg>
<msg time="2025-10-03T10:16:14.417626" level="INFO">${response} = &lt;Response [200]&gt;</msg>
<var>${response}</var>
<arg>alias=CinemaApp</arg>
<arg>url=/auth/login</arg>
<arg>json=${payload}</arg>
<arg>expected_status=any</arg>
<doc>Sends a POST request on a previously created HTTP Session.</doc>
<status status="PASS" start="2025-10-03T10:16:14.251072" elapsed="0.166685"/>
</kw>
<kw name="Set Global Variable" owner="BuiltIn">
<msg time="2025-10-03T10:16:14.418508" level="INFO">${response} = &lt;Response [200]&gt;</msg>
<arg>${response}</arg>
<doc>Makes a variable available globally in all tests and suites.</doc>
<status status="PASS" start="2025-10-03T10:16:14.418081" elapsed="0.000585"/>
</kw>
<kw name="Run Keyword If" owner="BuiltIn">
<kw name="Extract JWT" owner="fazerLoginKeywords">
<kw name="Set Variable" owner="BuiltIn">
<msg time="2025-10-03T10:16:14.421573" level="INFO">${token} = eyJhbGciOiJIUzI1NiIsInR5cCI6IkpXVCJ9.eyJpZCI6IjY4ZGQ1ZWViMjFhYjA3MTFhZGI4MDFjYyIsImlhdCI6MTc1OTQ5NzM3NCwiZXhwIjoxNzU5NTgzNzc0fQ.z8eWSO4s6WNa_dtzLk7C5cE_8zTopC-Vwq_CeL_ZRAM</msg>
<var>${token}</var>
<arg>${response.json()['data']['token']}</arg>
<doc>Returns the given values which can then be assigned to a variables.</doc>
<status status="PASS" start="2025-10-03T10:16:14.420642" elapsed="0.001458"/>
</kw>
<kw name="Log" owner="BuiltIn">
<msg time="2025-10-03T10:16:14.422880" level="INFO">Token obtido: eyJhbGciOiJIUzI1NiIsInR5cCI6IkpXVCJ9.eyJpZCI6IjY4ZGQ1ZWViMjFhYjA3MTFhZGI4MDFjYyIsImlhdCI6MTc1OTQ5NzM3NCwiZXhwIjoxNzU5NTgzNzc0fQ.z8eWSO4s6WNa_dtzLk7C5cE_8zTopC-Vwq_CeL_ZRAM</msg>
<arg>Token obtido: ${token}</arg>
<doc>Logs the given message with the given level.</doc>
<status status="PASS" start="2025-10-03T10:16:14.422519" elapsed="0.003202"/>
</kw>
<kw name="Set Global Variable" owner="BuiltIn">
<msg time="2025-10-03T10:16:14.426849" level="INFO">${token} = eyJhbGciOiJIUzI1NiIsInR5cCI6IkpXVCJ9.eyJpZCI6IjY4ZGQ1ZWViMjFhYjA3MTFhZGI4MDFjYyIsImlhdCI6MTc1OTQ5NzM3NCwiZXhwIjoxNzU5NTgzNzc0fQ.z8eWSO4s6WNa_dtzLk7C5cE_8zTopC-Vwq_CeL_ZRAM</msg>
<arg>${token}</arg>
<doc>Makes a variable available globally in all tests and suites.</doc>
<status status="PASS" start="2025-10-03T10:16:14.426205" elapsed="0.000899"/>
</kw>
<status status="PASS" start="2025-10-03T10:16:14.420027" elapsed="0.008663"/>
</kw>
<arg>${response.status_code} == 200</arg>
<arg>Extract JWT</arg>
<doc>Runs the given keyword with the given arguments, if ``condition`` is true.</doc>
<status status="PASS" start="2025-10-03T10:16:14.418915" elapsed="0.010002"/>
</kw>
<kw name="Log" owner="BuiltIn">
<msg time="2025-10-03T10:16:14.430313" level="INFO">{"success":true,"data":{"_id":"68dd5eeb21ab0711adb801cc","name":"Lex Luthor","email":"lex.luthor@lexcorp.com","role":"admin","token":"eyJhbGciOiJIUzI1NiIsInR5cCI6IkpXVCJ9.eyJpZCI6IjY4ZGQ1ZWViMjFhYjA3MTFhZGI4MDFjYyIsImlhdCI6MTc1OTQ5NzM3NCwiZXhwIjoxNzU5NTgzNzc0fQ.z8eWSO4s6WNa_dtzLk7C5cE_8zTopC-Vwq_CeL_ZRAM"}}</msg>
<arg>${response.content}</arg>
<doc>Logs the given message with the given level.</doc>
<status status="PASS" start="2025-10-03T10:16:14.429343" elapsed="0.001298"/>
</kw>
<arg>${admin_user}[email]</arg>
<arg>${admin_user}[password]</arg>
<status status="PASS" start="2025-10-03T10:16:14.245055" elapsed="0.185814"/>
</kw>
<status status="PASS" start="2025-10-03T10:16:14.197700" elapsed="0.233389"/>
</kw>
<kw name="POST Endpoint /theaters" owner="createTheaterKeywords">
<kw name="Create Dictionary" owner="BuiltIn">
<msg time="2025-10-03T10:16:14.434476" level="INFO">&amp;{header} = { Content-Type=application/json | Authorization=Bearer eyJhbGciOiJIUzI1NiIsInR5cCI6IkpXVCJ9.eyJpZCI6IjY4ZGQ1ZWViMjFhYjA3MTFhZGI4MDFjYyIsImlhdCI6MTc1OTQ5NzM3NCwiZXhwIjoxNzU5NTgzNzc0fQ.z8eWSO4s6WNa_dtzL...</msg>
<var>&amp;{header}</var>
<arg>Content-Type=application/json</arg>
<arg>Authorization=Bearer ${token}</arg>
<doc>Creates and returns a dictionary based on the given ``items``.</doc>
<status status="PASS" start="2025-10-03T10:16:14.433782" elapsed="0.001133"/>
</kw>
<kw name="Create Dictionary" owner="BuiltIn">
<msg time="2025-10-03T10:16:14.438407" level="INFO">${payload} = {'name': 'Sala - 004', 'capacity': 80, 'type': 'standard'}</msg>
<var>${payload}</var>
<arg>name=${name}</arg>
<arg>capacity=${capacity}</arg>
<arg>type=${type}</arg>
<doc>Creates and returns a dictionary based on the given ``items``.</doc>
<status status="PASS" start="2025-10-03T10:16:14.437416" elapsed="0.001242"/>
</kw>
<kw name="POST On Session" owner="RequestsLibrary">
<msg time="2025-10-03T10:16:14.455239" level="INFO">POST Request : url=http://localhost:3000/api/v1/theaters 
 path_url=/api/v1/theaters 
 headers={'User-Agent': 'python-requests/2.32.5', 'Accept-Encoding': 'gzip, deflate', 'Accept': '*/*', 'Connection': 'keep-alive', 'Content-Type': 'application/json', 'Authorization': 'Bearer eyJhbGciOiJIUzI1NiIsInR5cCI6IkpXVCJ9.eyJpZCI6IjY4ZGQ1ZWViMjFhYjA3MTFhZGI4MDFjYyIsImlhdCI6MTc1OTQ5NzM3NCwiZXhwIjoxNzU5NTgzNzc0fQ.z8eWSO4s6WNa_dtzLk7C5cE_8zTopC-Vwq_CeL_ZRAM', 'Content-Length': '58'} 
 body=b'{"name": "Sala - 004", "capacity": 80, "type": "standard"}' 
 </msg>
<msg time="2025-10-03T10:16:14.455539" level="INFO">POST Response : url=http://localhost:3000/api/v1/theaters 
 status=201, reason=Created 
 headers={'X-Powered-By': 'Express', 'Access-Control-Allow-Origin': '*', 'Content-Type': 'application/json; charset=utf-8', 'Content-Length': '228', 'ETag': 'W/"e4-CxV3cx0fFc1qohVwwONCSR4dvks"', 'Date': 'Fri, 03 Oct 2025 13:16:14 GMT', 'Connection': 'keep-alive', 'Keep-Alive': 'timeout=5'} 
 body={"success":true,"data":{"name":"Sala - 004","capacity":80,"type":"standard","_id":"68dfcc9e8e953d7b9ccaaee3","createdAt":"2025-10-03T13:16:14.449Z","updatedAt":"2025-10-03T13:16:14.449Z","__v":0,"id":"68dfcc9e8e953d7b9ccaaee3"}} 
 </msg>
<msg time="2025-10-03T10:16:14.455813" level="INFO">${response} = &lt;Response [201]&gt;</msg>
<var>${response}</var>
<arg>CinemaApp</arg>
<arg>url=/theaters</arg>
<arg>json=${payload}</arg>
<arg>headers=${header}</arg>
<arg>expected_status=any</arg>
<doc>Sends a POST request on a previously created HTTP Session.</doc>
<status status="PASS" start="2025-10-03T10:16:14.439059" elapsed="0.016887"/>
</kw>
<kw name="Log" owner="BuiltIn">
<msg time="2025-10-03T10:16:14.457287" level="INFO">{"success":true,"data":{"name":"Sala - 004","capacity":80,"type":"standard","_id":"68dfcc9e8e953d7b9ccaaee3","createdAt":"2025-10-03T13:16:14.449Z","updatedAt":"2025-10-03T13:16:14.449Z","__v":0,"id":"68dfcc9e8e953d7b9ccaaee3"}}</msg>
<arg>${response.content}</arg>
<doc>Logs the given message with the given level.</doc>
<status status="PASS" start="2025-10-03T10:16:14.456381" elapsed="0.001207"/>
</kw>
<arg>${theater}[name]</arg>
<arg>${theater}[capacity]</arg>
<arg>${theater}[type]</arg>
<status status="PASS" start="2025-10-03T10:16:14.431567" elapsed="0.026305"/>
</kw>
<arg>${theater}</arg>
<status status="PASS" start="2025-10-03T10:16:14.196795" elapsed="0.261364"/>
</kw>
<kw name="Pegar ID de uma Sala" owner="common">
<kw name="Get Theater by Name" owner="database">
<msg time="2025-10-03T10:16:14.463299" level="INFO">${theater_data} = {'_id': '68dfcc9e8e953d7b9ccaaee3', 'name': 'Sala - 004', 'capacity': 80, 'type': 'standard', 'createdAt': datetime.datetime(2025, 10, 3, 13, 16, 14, 449000), 'updatedAt': datetime.datetime(2025, 10, ...</msg>
<var>${theater_data}</var>
<arg>${theater}[name]</arg>
<status status="PASS" start="2025-10-03T10:16:14.461492" elapsed="0.002166"/>
</kw>
<kw name="Should Not Be Equal" owner="BuiltIn">
<msg time="2025-10-03T10:16:14.464843" level="INFO">Argument types are:
&lt;class 'dict'&gt;
&lt;class 'NoneType'&gt;</msg>
<arg>${theater_data}</arg>
<arg>${None}</arg>
<arg>Theater not found in database</arg>
<doc>Fails if the given objects are equal.</doc>
<status status="PASS" start="2025-10-03T10:16:14.464155" elapsed="0.001833"/>
</kw>
<kw name="Set Variable" owner="BuiltIn">
<msg time="2025-10-03T10:16:14.467367" level="INFO">${theater_id} = 68dfcc9e8e953d7b9ccaaee3</msg>
<var>${theater_id}</var>
<arg>${theater_data}[_id]</arg>
<doc>Returns the given values which can then be assigned to a variables.</doc>
<status status="PASS" start="2025-10-03T10:16:14.466496" elapsed="0.001161"/>
</kw>
<kw name="Set Global Variable" owner="BuiltIn">
<msg time="2025-10-03T10:16:14.468744" level="INFO">${theater_id} = 68dfcc9e8e953d7b9ccaaee3</msg>
<arg>${theater_id}</arg>
<doc>Makes a variable available globally in all tests and suites.</doc>
<status status="PASS" start="2025-10-03T10:16:14.468127" elapsed="0.000886"/>
</kw>
<arg>${theater}</arg>
<status status="PASS" start="2025-10-03T10:16:14.460414" elapsed="0.008873"/>
</kw>
<kw name="Log" owner="BuiltIn">
<msg time="2025-10-03T10:16:14.471866" level="INFO">Theater ID: 68dfcc9e8e953d7b9ccaaee3</msg>
<arg>Theater ID: ${theater_id}</arg>
<doc>Logs the given message with the given level.</doc>
<status status="PASS" start="2025-10-03T10:16:14.471352" elapsed="0.000883"/>
</kw>
<kw name="Create Dictionary" owner="BuiltIn">
<msg time="2025-10-03T10:16:14.474284" level="INFO">${session} = {'movie': '68dfcc9e8e953d7b9ccaaede', 'theater': '68dfcc9e8e953d7b9ccaaee3', 'datetime': '2025-10-02T17:32:36.261Z', 'fullPrice': '15', 'halfPrice': '7.5'}</msg>
<var>${session}</var>
<arg>movie=${movie_id}</arg>
<arg>theater=${theater_id}</arg>
<arg>datetime=2025-10-02T17:32:36.261Z</arg>
<arg>fullPrice=15</arg>
<arg>halfPrice=7.5</arg>
<doc>Creates and returns a dictionary based on the given ``items``.</doc>
<status status="PASS" start="2025-10-03T10:16:14.473198" elapsed="0.001357"/>
</kw>
<kw name="Log" owner="BuiltIn">
<msg time="2025-10-03T10:16:14.476647" level="INFO">Session data: {'movie': '68dfcc9e8e953d7b9ccaaede', 'theater': '68dfcc9e8e953d7b9ccaaee3', 'datetime': '2025-10-02T17:32:36.261Z', 'fullPrice': '15', 'halfPrice': '7.5'}</msg>
<arg>Session data: ${session}</arg>
<doc>Logs the given message with the given level.</doc>
<status status="PASS" start="2025-10-03T10:16:14.476099" elapsed="0.000866"/>
</kw>
<kw name="Remove Session From Database" owner="database">
<arg>${session}[datetime]</arg>
<status status="PASS" start="2025-10-03T10:16:14.477980" elapsed="0.017107"/>
</kw>
<kw name="Criar uma sessão" owner="createSessionkeywords">
<kw name="Utilizar Token de Administrador" owner="common">
<kw name="Create Dictionary" owner="BuiltIn">
<msg time="2025-10-03T10:16:14.498001" level="INFO">${admin_user} = {'name': ' Lex Luthr', 'email': 'lex.luthor@lexcorp.com', 'password': 'pwd12345'}</msg>
<var>${admin_user}</var>
<arg>name= Lex Luthr</arg>
<arg>email=lex.luthor@lexcorp.com</arg>
<arg>password=pwd12345</arg>
<doc>Creates and returns a dictionary based on the given ``items``.</doc>
<status status="PASS" start="2025-10-03T10:16:14.497630" elapsed="0.000558"/>
</kw>
<kw name="POST Endpoint /auth/register" owner="cadastrar_usuario">
<kw name="Create Dictionary" owner="BuiltIn">
<msg time="2025-10-03T10:16:14.499501" level="INFO">&amp;{header} = { Content-Type=application/json }</msg>
<var>&amp;{header}</var>
<arg>Content-Type=application/json</arg>
<doc>Creates and returns a dictionary based on the given ``items``.</doc>
<status status="PASS" start="2025-10-03T10:16:14.499149" elapsed="0.000488"/>
</kw>
<kw name="Create Dictionary" owner="BuiltIn">
<msg time="2025-10-03T10:16:14.500387" level="INFO">${payload} = {'name': ' Lex Luthr', 'email': 'lex.luthor@lexcorp.com', 'password': 'pwd12345'}</msg>
<var>${payload}</var>
<arg>name=${name}</arg>
<arg>email=${email}</arg>
<arg>password=${password}</arg>
<doc>Creates and returns a dictionary based on the given ``items``.</doc>
<status status="PASS" start="2025-10-03T10:16:14.499882" elapsed="0.000639"/>
</kw>
<kw name="POST On Session" owner="RequestsLibrary">
<msg time="2025-10-03T10:16:14.512474" level="INFO">POST Request : url=http://localhost:3000/api/v1/auth/register 
 path_url=/api/v1/auth/register 
 headers={'User-Agent': 'python-requests/2.32.5', 'Accept-Encoding': 'gzip, deflate', 'Accept': '*/*', 'Connection': 'keep-alive', 'Content-Type': 'application/json', 'Content-Length': '81'} 
 body=b'{"name": " Lex Luthr", "email": "lex.luthor@lexcorp.com", "password": "pwd12345"}' 
 </msg>
<msg time="2025-10-03T10:16:14.512755" level="INFO">POST Response : url=http://localhost:3000/api/v1/auth/register 
 status=400, reason=Bad Request 
 headers={'X-Powered-By': 'Express', 'Access-Control-Allow-Origin': '*', 'Content-Type': 'application/json; charset=utf-8', 'Content-Length': '49', 'ETag': 'W/"31-WKEMg8zALB1Ko0WjUHi/6RBGHVc"', 'Date': 'Fri, 03 Oct 2025 13:16:14 GMT', 'Connection': 'keep-alive', 'Keep-Alive': 'timeout=5'} 
 body={"success":false,"message":"User already exists"} 
 </msg>
<msg time="2025-10-03T10:16:14.513013" level="INFO">${response} = &lt;Response [400]&gt;</msg>
<var>${response}</var>
<arg>CinemaApp</arg>
<arg>url=/auth/register</arg>
<arg>json=${payload}</arg>
<arg>headers=${header}</arg>
<arg>expected_status=any</arg>
<doc>Sends a POST request on a previously created HTTP Session.</doc>
<status status="PASS" start="2025-10-03T10:16:14.500764" elapsed="0.012394"/>
</kw>
<kw name="Set Global Variable" owner="BuiltIn">
<msg time="2025-10-03T10:16:14.513893" level="INFO">${response} = &lt;Response [400]&gt;</msg>
<arg>${response}</arg>
<doc>Makes a variable available globally in all tests and suites.</doc>
<status status="PASS" start="2025-10-03T10:16:14.513483" elapsed="0.000567"/>
</kw>
<kw name="Log" owner="BuiltIn">
<msg time="2025-10-03T10:16:14.514944" level="INFO">{"success":false,"message":"User already exists"}</msg>
<arg>${response.content}</arg>
<doc>Logs the given message with the given level.</doc>
<status status="PASS" start="2025-10-03T10:16:14.514315" elapsed="0.000788"/>
</kw>
<kw name="Log" owner="BuiltIn">
<msg time="2025-10-03T10:16:14.515901" level="INFO">400</msg>
<arg>${response.status_code}</arg>
<doc>Logs the given message with the given level.</doc>
<status status="PASS" start="2025-10-03T10:16:14.515351" elapsed="0.000709"/>
</kw>
<arg>${admin_user}[name]</arg>
<arg>${admin_user}[email]</arg>
<arg>${admin_user}[password]</arg>
<status status="PASS" start="2025-10-03T10:16:14.498504" elapsed="0.017791"/>
</kw>
<kw name="POST Endpoint /auth/login" owner="fazerLoginKeywords">
<kw name="Create Dictionary" owner="BuiltIn">
<msg time="2025-10-03T10:16:14.522757" level="INFO">${payload} = {'email': 'lex.luthor@lexcorp.com', 'password': 'pwd12345'}</msg>
<var>${payload}</var>
<arg>email=${email}</arg>
<arg>password=${password}</arg>
<doc>Creates and returns a dictionary based on the given ``items``.</doc>
<status status="PASS" start="2025-10-03T10:16:14.522004" elapsed="0.000984"/>
</kw>
<kw name="POST On Session" owner="RequestsLibrary">
<msg time="2025-10-03T10:16:14.684031" level="INFO">POST Request : url=http://localhost:3000/api/v1/auth/login 
 path_url=/api/v1/auth/login 
 headers={'User-Agent': 'python-requests/2.32.5', 'Accept-Encoding': 'gzip, deflate', 'Accept': '*/*', 'Connection': 'keep-alive', 'Content-Length': '59', 'Content-Type': 'application/json'} 
 body=b'{"email": "lex.luthor@lexcorp.com", "password": "pwd12345"}' 
 </msg>
<msg time="2025-10-03T10:16:14.684362" level="INFO">POST Response : url=http://localhost:3000/api/v1/auth/login 
 status=200, reason=OK 
 headers={'X-Powered-By': 'Express', 'Access-Control-Allow-Origin': '*', 'Content-Type': 'application/json; charset=utf-8', 'Content-Length': '308', 'ETag': 'W/"134-hH/n2e7Uo/gHAO4bZjVBGgxha0A"', 'Date': 'Fri, 03 Oct 2025 13:16:14 GMT', 'Connection': 'keep-alive', 'Keep-Alive': 'timeout=5'} 
 body={"success":true,"data":{"_id":"68dd5eeb21ab0711adb801cc","name":"Lex Luthor","email":"lex.luthor@lexcorp.com","role":"admin","token":"eyJhbGciOiJIUzI1NiIsInR5cCI6IkpXVCJ9.eyJpZCI6IjY4ZGQ1ZWViMjFhYjA3MTFhZGI4MDFjYyIsImlhdCI6MTc1OTQ5NzM3NCwiZXhwIjoxNzU5NTgzNzc0fQ.z8eWSO4s6WNa_dtzLk7C5cE_8zTopC-Vwq_CeL_ZRAM"}} 
 </msg>
<msg time="2025-10-03T10:16:14.684632" level="INFO">${response} = &lt;Response [200]&gt;</msg>
<var>${response}</var>
<arg>alias=CinemaApp</arg>
<arg>url=/auth/login</arg>
<arg>json=${payload}</arg>
<arg>expected_status=any</arg>
<doc>Sends a POST request on a previously created HTTP Session.</doc>
<status status="PASS" start="2025-10-03T10:16:14.528204" elapsed="0.156564"/>
</kw>
<kw name="Set Global Variable" owner="BuiltIn">
<msg time="2025-10-03T10:16:14.686016" level="INFO">${response} = &lt;Response [200]&gt;</msg>
<arg>${response}</arg>
<doc>Makes a variable available globally in all tests and suites.</doc>
<status status="PASS" start="2025-10-03T10:16:14.685242" elapsed="0.001116"/>
</kw>
<kw name="Run Keyword If" owner="BuiltIn">
<kw name="Extract JWT" owner="fazerLoginKeywords">
<kw name="Set Variable" owner="BuiltIn">
<msg time="2025-10-03T10:16:14.690820" level="INFO">${token} = eyJhbGciOiJIUzI1NiIsInR5cCI6IkpXVCJ9.eyJpZCI6IjY4ZGQ1ZWViMjFhYjA3MTFhZGI4MDFjYyIsImlhdCI6MTc1OTQ5NzM3NCwiZXhwIjoxNzU5NTgzNzc0fQ.z8eWSO4s6WNa_dtzLk7C5cE_8zTopC-Vwq_CeL_ZRAM</msg>
<var>${token}</var>
<arg>${response.json()['data']['token']}</arg>
<doc>Returns the given values which can then be assigned to a variables.</doc>
<status status="PASS" start="2025-10-03T10:16:14.689330" elapsed="0.001857"/>
</kw>
<kw name="Log" owner="BuiltIn">
<msg time="2025-10-03T10:16:14.692685" level="INFO">Token obtido: eyJhbGciOiJIUzI1NiIsInR5cCI6IkpXVCJ9.eyJpZCI6IjY4ZGQ1ZWViMjFhYjA3MTFhZGI4MDFjYyIsImlhdCI6MTc1OTQ5NzM3NCwiZXhwIjoxNzU5NTgzNzc0fQ.z8eWSO4s6WNa_dtzLk7C5cE_8zTopC-Vwq_CeL_ZRAM</msg>
<arg>Token obtido: ${token}</arg>
<doc>Logs the given message with the given level.</doc>
<status status="PASS" start="2025-10-03T10:16:14.691722" elapsed="0.001367"/>
</kw>
<kw name="Set Global Variable" owner="BuiltIn">
<msg time="2025-10-03T10:16:14.694467" level="INFO">${token} = eyJhbGciOiJIUzI1NiIsInR5cCI6IkpXVCJ9.eyJpZCI6IjY4ZGQ1ZWViMjFhYjA3MTFhZGI4MDFjYyIsImlhdCI6MTc1OTQ5NzM3NCwiZXhwIjoxNzU5NTgzNzc0fQ.z8eWSO4s6WNa_dtzLk7C5cE_8zTopC-Vwq_CeL_ZRAM</msg>
<arg>${token}</arg>
<doc>Makes a variable available globally in all tests and suites.</doc>
<status status="PASS" start="2025-10-03T10:16:14.693648" elapsed="0.005702"/>
</kw>
<status status="PASS" start="2025-10-03T10:16:14.688478" elapsed="0.011406"/>
</kw>
<arg>${response.status_code} == 200</arg>
<arg>Extract JWT</arg>
<doc>Runs the given keyword with the given arguments, if ``condition`` is true.</doc>
<status status="PASS" start="2025-10-03T10:16:14.686884" elapsed="0.013242"/>
</kw>
<kw name="Log" owner="BuiltIn">
<msg time="2025-10-03T10:16:14.701574" level="INFO">{"success":true,"data":{"_id":"68dd5eeb21ab0711adb801cc","name":"Lex Luthor","email":"lex.luthor@lexcorp.com","role":"admin","token":"eyJhbGciOiJIUzI1NiIsInR5cCI6IkpXVCJ9.eyJpZCI6IjY4ZGQ1ZWViMjFhYjA3MTFhZGI4MDFjYyIsImlhdCI6MTc1OTQ5NzM3NCwiZXhwIjoxNzU5NTgzNzc0fQ.z8eWSO4s6WNa_dtzLk7C5cE_8zTopC-Vwq_CeL_ZRAM"}}</msg>
<arg>${response.content}</arg>
<doc>Logs the given message with the given level.</doc>
<status status="PASS" start="2025-10-03T10:16:14.700559" elapsed="0.001321"/>
</kw>
<arg>${admin_user}[email]</arg>
<arg>${admin_user}[password]</arg>
<status status="PASS" start="2025-10-03T10:16:14.520902" elapsed="0.181263"/>
</kw>
<status status="PASS" start="2025-10-03T10:16:14.497177" elapsed="0.205242"/>
</kw>
<kw name="POST Endpoint /sessions" owner="createSessionkeywords">
<kw name="Create Dictionary" owner="BuiltIn">
<msg time="2025-10-03T10:16:14.706038" level="INFO">&amp;{header} = { Content-Type=application/json | Authorization=Bearer eyJhbGciOiJIUzI1NiIsInR5cCI6IkpXVCJ9.eyJpZCI6IjY4ZGQ1ZWViMjFhYjA3MTFhZGI4MDFjYyIsImlhdCI6MTc1OTQ5NzM3NCwiZXhwIjoxNzU5NTgzNzc0fQ.z8eWSO4s6WNa_dtzL...</msg>
<var>&amp;{header}</var>
<arg>Content-Type=application/json</arg>
<arg>Authorization=Bearer ${token}</arg>
<doc>Creates and returns a dictionary based on the given ``items``.</doc>
<status status="PASS" start="2025-10-03T10:16:14.704490" elapsed="0.002438"/>
</kw>
<kw name="Create Dictionary" owner="BuiltIn">
<msg time="2025-10-03T10:16:14.709349" level="INFO">${payload} = {'movie': '68dfcc9e8e953d7b9ccaaede', 'theater': '68dfcc9e8e953d7b9ccaaee3', 'datetime': '2025-10-02T17:32:36.261Z', 'fullPrice': '15', 'halfPrice': '7.5'}</msg>
<var>${payload}</var>
<arg>movie=${movie}</arg>
<arg>theater=${theater}</arg>
<arg>datetime=${datetime}</arg>
<arg>fullPrice=${fullPrice}</arg>
<arg>halfPrice=${halfPrice}</arg>
<doc>Creates and returns a dictionary based on the given ``items``.</doc>
<status status="PASS" start="2025-10-03T10:16:14.707983" elapsed="0.001675"/>
</kw>
<kw name="POST On Session" owner="RequestsLibrary">
<msg time="2025-10-03T10:16:14.864703" level="INFO">POST Request : url=http://localhost:3000/api/v1/sessions 
 path_url=/api/v1/sessions 
 headers={'User-Agent': 'python-requests/2.32.5', 'Accept-Encoding': 'gzip, deflate', 'Accept': '*/*', 'Connection': 'keep-alive', 'Content-Type': 'application/json', 'Authorization': 'Bearer eyJhbGciOiJIUzI1NiIsInR5cCI6IkpXVCJ9.eyJpZCI6IjY4ZGQ1ZWViMjFhYjA3MTFhZGI4MDFjYyIsImlhdCI6MTc1OTQ5NzM3NCwiZXhwIjoxNzU5NTgzNzc0fQ.z8eWSO4s6WNa_dtzLk7C5cE_8zTopC-Vwq_CeL_ZRAM', 'Content-Length': '155'} 
 body=b'{"movie": "68dfcc9e8e953d7b9ccaaede", "theater": "68dfcc9e8e953d7b9ccaaee3", "datetime": "2025-10-02T17:32:36.261Z", "fullPrice": "15", "halfPrice": "7.5"}' 
 </msg>
<msg time="2025-10-03T10:16:14.865157" level="INFO">POST Response : url=http://localhost:3000/api/v1/sessions 
 status=201, reason=Created 
 headers={'X-Powered-By': 'Express', 'Access-Control-Allow-Origin': '*', 'Content-Type': 'application/json; charset=utf-8', 'Content-Length': '3855', 'ETag': 'W/"f0f-T5VRRYPm5ENVirn8rxzu7YXxySo"', 'Date': 'Fri, 03 Oct 2025 13:16:14 GMT', 'Connection': 'keep-alive', 'Keep-Alive': 'timeout=5'} 
 body={"success":true,"data":{"movie":"68dfcc9e8e953d7b9ccaaede","theater":"68dfcc9e8e953d7b9ccaaee3","datetime":"2025-10-02T17:32:36.261Z","fullPrice":15,"halfPrice":7.5,"seats":[{"row":"A","number":1,"status":"available"},{"row":"A","number":2,"status":"available"},{"row":"A","number":3,"status":"available"},{"row":"A","number":4,"status":"available"},{"row":"A","number":5,"status":"available"},{"row":"A","number":6,"status":"available"},{"row":"A","number":7,"status":"available"},{"row":"A","number":8,"status":"available"},{"row":"A","number":9,"status":"available"},{"row":"A","number":10,"status":"available"},{"row":"B","number":1,"status":"available"},{"row":"B","number":2,"status":"available"},{"row":"B","number":3,"status":"available"},{"row":"B","number":4,"status":"available"},{"row":"B","number":5,"status":"available"},{"row":"B","number":6,"status":"available"},{"row":"B","number":7,"status":"available"},{"row":"B","number":8,"status":"available"},{"row":"B","number":9,"status":"available"},{"row":"B","number":10,"status":"available"},{"row":"C","number":1,"status":"available"},{"row":"C","number":2,"status":"available"},{"row":"C","number":3,"status":"available"},{"row":"C","number":4,"status":"available"},{"row":"C","number":5,"status":"available"},{"row":"C","number":6,"status":"available"},{"row":"C","number":7,"status":"available"},{"row":"C","number":8,"status":"available"},{"row":"C","number":9,"status":"available"},{"row":"C","number":10,"status":"available"},{"row":"D","number":1,"status":"available"},{"row":"D","number":2,"status":"available"},{"row":"D","number":3,"status":"available"},{"row":"D","number":4,"status":"available"},{"row":"D","number":5,"status":"available"},{"row":"D","number":6,"status":"available"},{"row":"D","number":7,"status":"available"},{"row":"D","number":8,"status":"available"},{"row":"D","number":9,"status":"available"},{"row":"D","number":10,"status":"available"},{"row":"E","number":1,"status":"available"},{"row":"E","number":2,"status":"available"},{"row":"E","number":3,"status":"available"},{"row":"E","number":4,"status":"available"},{"row":"E","number":5,"status":"available"},{"row":"E","number":6,"status":"available"},{"row":"E","number":7,"status":"available"},{"row":"E","number":8,"status":"available"},{"row":"E","number":9,"status":"available"},{"row":"E","number":10,"status":"available"},{"row":"F","number":1,"status":"available"},{"row":"F","number":2,"status":"available"},{"row":"F","number":3,"status":"available"},{"row":"F","number":4,"status":"available"},{"row":"F","number":5,"status":"available"},{"row":"F","number":6,"status":"available"},{"row":"F","number":7,"status":"available"},{"row":"F","number":8,"status":"available"},{"row":"F","number":9,"status":"available"},{"row":"F","number":10,"status":"available"},{"row":"G","number":1,"status":"available"},{"row":"G","number":2,"status":"available"},{"row":"G","number":3,"status":"available"},{"row":"G","number":4,"status":"available"},{"row":"G","number":5,"status":"available"},{"row":"G","number":6,"status":"available"},{"row":"G","number":7,"status":"available"},{"row":"G","number":8,"status":"available"},{"row":"G","number":9,"status":"available"},{"row":"G","number":10,"status":"available"},{"row":"H","number":1,"status":"available"},{"row":"H","number":2,"status":"available"},{"row":"H","number":3,"status":"available"},{"row":"H","number":4,"status":"available"},{"row":"H","number":5,"status":"available"},{"row":"H","number":6,"status":"available"},{"row":"H","number":7,"status":"available"},{"row":"H","number":8,"status":"available"},{"row":"H","number":9,"status":"available"},{"row":"H","number":10,"status":"available"}],"_id":"68dfcc9e8e953d7b9ccaaeea","createdAt":"2025-10-03T13:16:14.794Z","updatedAt":"2025-10-03T13:16:14.794Z","__v":0,"id":"68dfcc9e8e953d7b9ccaaeea"}} 
 </msg>
<msg time="2025-10-03T10:16:14.868478" level="INFO">${response} = &lt;Response [201]&gt;</msg>
<var>${response}</var>
<arg>CinemaApp</arg>
<arg>url=/sessions</arg>
<arg>json=${payload}</arg>
<arg>headers=${header}</arg>
<arg>expected_status=any</arg>
<doc>Sends a POST request on a previously created HTTP Session.</doc>
<status status="PASS" start="2025-10-03T10:16:14.710453" elapsed="0.158363"/>
</kw>
<kw name="Set Global Variable" owner="BuiltIn">
<msg time="2025-10-03T10:16:14.869980" level="INFO">${response} = &lt;Response [201]&gt;</msg>
<arg>${response}</arg>
<doc>Makes a variable available globally in all tests and suites.</doc>
<status status="PASS" start="2025-10-03T10:16:14.869343" elapsed="0.000922"/>
</kw>
<kw name="Log" owner="BuiltIn">
<msg time="2025-10-03T10:16:14.878098" level="INFO">{"success":true,"data":{"movie":"68dfcc9e8e953d7b9ccaaede","theater":"68dfcc9e8e953d7b9ccaaee3","datetime":"2025-10-02T17:32:36.261Z","fullPrice":15,"halfPrice":7.5,"seats":[{"row":"A","number":1,"status":"available"},{"row":"A","number":2,"status":"available"},{"row":"A","number":3,"status":"available"},{"row":"A","number":4,"status":"available"},{"row":"A","number":5,"status":"available"},{"row":"A","number":6,"status":"available"},{"row":"A","number":7,"status":"available"},{"row":"A","number":8,"status":"available"},{"row":"A","number":9,"status":"available"},{"row":"A","number":10,"status":"available"},{"row":"B","number":1,"status":"available"},{"row":"B","number":2,"status":"available"},{"row":"B","number":3,"status":"available"},{"row":"B","number":4,"status":"available"},{"row":"B","number":5,"status":"available"},{"row":"B","number":6,"status":"available"},{"row":"B","number":7,"status":"available"},{"row":"B","number":8,"status":"available"},{"row":"B","number":9,"status":"available"},{"row":"B","number":10,"status":"available"},{"row":"C","number":1,"status":"available"},{"row":"C","number":2,"status":"available"},{"row":"C","number":3,"status":"available"},{"row":"C","number":4,"status":"available"},{"row":"C","number":5,"status":"available"},{"row":"C","number":6,"status":"available"},{"row":"C","number":7,"status":"available"},{"row":"C","number":8,"status":"available"},{"row":"C","number":9,"status":"available"},{"row":"C","number":10,"status":"available"},{"row":"D","number":1,"status":"available"},{"row":"D","number":2,"status":"available"},{"row":"D","number":3,"status":"available"},{"row":"D","number":4,"status":"available"},{"row":"D","number":5,"status":"available"},{"row":"D","number":6,"status":"available"},{"row":"D","number":7,"status":"available"},{"row":"D","number":8,"status":"available"},{"row":"D","number":9,"status":"available"},{"row":"D","number":10,"status":"available"},{"row":"E","number":1,"status":"available"},{"row":"E","number":2,"status":"available"},{"row":"E","number":3,"status":"available"},{"row":"E","number":4,"status":"available"},{"row":"E","number":5,"status":"available"},{"row":"E","number":6,"status":"available"},{"row":"E","number":7,"status":"available"},{"row":"E","number":8,"status":"available"},{"row":"E","number":9,"status":"available"},{"row":"E","number":10,"status":"available"},{"row":"F","number":1,"status":"available"},{"row":"F","number":2,"status":"available"},{"row":"F","number":3,"status":"available"},{"row":"F","number":4,"status":"available"},{"row":"F","number":5,"status":"available"},{"row":"F","number":6,"status":"available"},{"row":"F","number":7,"status":"available"},{"row":"F","number":8,"status":"available"},{"row":"F","number":9,"status":"available"},{"row":"F","number":10,"status":"available"},{"row":"G","number":1,"status":"available"},{"row":"G","number":2,"status":"available"},{"row":"G","number":3,"status":"available"},{"row":"G","number":4,"status":"available"},{"row":"G","number":5,"status":"available"},{"row":"G","number":6,"status":"available"},{"row":"G","number":7,"status":"available"},{"row":"G","number":8,"status":"available"},{"row":"G","number":9,"status":"available"},{"row":"G","number":10,"status":"available"},{"row":"H","number":1,"status":"available"},{"row":"H","number":2,"status":"available"},{"row":"H","number":3,"status":"available"},{"row":"H","number":4,"status":"available"},{"row":"H","number":5,"status":"available"},{"row":"H","number":6,"status":"available"},{"row":"H","number":7,"status":"available"},{"row":"H","number":8,"status":"available"},{"row":"H","number":9,"status":"available"},{"row":"H","number":10,"status":"available"}],"_id":"68dfcc9e8e953d7b9ccaaeea","createdAt":"2025-10-03T13:16:14.794Z","updatedAt":"2025-10-03T13:16:14.794Z","__v":0,"id":"68dfcc9e8e953d7b9ccaaeea"}}</msg>
<arg>${response.content}</arg>
<doc>Logs the given message with the given level.</doc>
<status status="PASS" start="2025-10-03T10:16:14.876985" elapsed="0.001621"/>
</kw>
<kw name="Log" owner="BuiltIn">
<msg time="2025-10-03T10:16:14.891997" level="INFO">201</msg>
<arg>${response.status_code}</arg>
<doc>Logs the given message with the given level.</doc>
<status status="PASS" start="2025-10-03T10:16:14.879006" elapsed="0.013320"/>
</kw>
<arg>${session}[movie]</arg>
<arg>${session}[theater]</arg>
<arg>${session}[datetime]</arg>
<arg>${session}[fullPrice]</arg>
<arg>${session}[halfPrice]</arg>
<status status="PASS" start="2025-10-03T10:16:14.702931" elapsed="0.189651"/>
</kw>
<arg>${session}</arg>
<status status="PASS" start="2025-10-03T10:16:14.495980" elapsed="0.396845"/>
</kw>
<kw name="Pegar ID de uma sessão" owner="common">
<kw name="Get Session by Theater" owner="database">
<msg time="2025-10-03T10:16:14.910973" level="INFO">Searching for session with theater_id: 68dfcc9e8e953d7b9ccaaee3
Session found: {'_id': ObjectId('68dfcc9e8e953d7b9ccaaeea'), 'movie': ObjectId('68dfcc9e8e953d7b9ccaaede'), 'theater': ObjectId('68dfcc9e8e953d7b9ccaaee3'), 'datetime': datetime.datetime(2025, 10, 2, 17, 32, 36, 261000), 'fullPrice': 15, 'halfPrice': 7.5, 'seats': [{'row': 'A', 'number': 1, 'status': 'available'}, {'row': 'A', 'number': 2, 'status': 'available'}, {'row': 'A', 'number': 3, 'status': 'available'}, {'row': 'A', 'number': 4, 'status': 'available'}, {'row': 'A', 'number': 5, 'status': 'available'}, {'row': 'A', 'number': 6, 'status': 'available'}, {'row': 'A', 'number': 7, 'status': 'available'}, {'row': 'A', 'number': 8, 'status': 'available'}, {'row': 'A', 'number': 9, 'status': 'available'}, {'row': 'A', 'number': 10, 'status': 'available'}, {'row': 'B', 'number': 1, 'status': 'available'}, {'row': 'B', 'number': 2, 'status': 'available'}, {'row': 'B', 'number': 3, 'status': 'available'}, {'row': 'B', 'number': 4, 'status': 'available'}, {'row': 'B', 'number': 5, 'status': 'available'}, {'row': 'B', 'number': 6, 'status': 'available'}, {'row': 'B', 'number': 7, 'status': 'available'}, {'row': 'B', 'number': 8, 'status': 'available'}, {'row': 'B', 'number': 9, 'status': 'available'}, {'row': 'B', 'number': 10, 'status': 'available'}, {'row': 'C', 'number': 1, 'status': 'available'}, {'row': 'C', 'number': 2, 'status': 'available'}, {'row': 'C', 'number': 3, 'status': 'available'}, {'row': 'C', 'number': 4, 'status': 'available'}, {'row': 'C', 'number': 5, 'status': 'available'}, {'row': 'C', 'number': 6, 'status': 'available'}, {'row': 'C', 'number': 7, 'status': 'available'}, {'row': 'C', 'number': 8, 'status': 'available'}, {'row': 'C', 'number': 9, 'status': 'available'}, {'row': 'C', 'number': 10, 'status': 'available'}, {'row': 'D', 'number': 1, 'status': 'available'}, {'row': 'D', 'number': 2, 'status': 'available'}, {'row': 'D', 'number': 3, 'status': 'available'}, {'row': 'D', 'number': 4, 'status': 'available'}, {'row': 'D', 'number': 5, 'status': 'available'}, {'row': 'D', 'number': 6, 'status': 'available'}, {'row': 'D', 'number': 7, 'status': 'available'}, {'row': 'D', 'number': 8, 'status': 'available'}, {'row': 'D', 'number': 9, 'status': 'available'}, {'row': 'D', 'number': 10, 'status': 'available'}, {'row': 'E', 'number': 1, 'status': 'available'}, {'row': 'E', 'number': 2, 'status': 'available'}, {'row': 'E', 'number': 3, 'status': 'available'}, {'row': 'E', 'number': 4, 'status': 'available'}, {'row': 'E', 'number': 5, 'status': 'available'}, {'row': 'E', 'number': 6, 'status': 'available'}, {'row': 'E', 'number': 7, 'status': 'available'}, {'row': 'E', 'number': 8, 'status': 'available'}, {'row': 'E', 'number': 9, 'status': 'available'}, {'row': 'E', 'number': 10, 'status': 'available'}, {'row': 'F', 'number': 1, 'status': 'available'}, {'row': 'F', 'number': 2, 'status': 'available'}, {'row': 'F', 'number': 3, 'status': 'available'}, {'row': 'F', 'number': 4, 'status': 'available'}, {'row': 'F', 'number': 5, 'status': 'available'}, {'row': 'F', 'number': 6, 'status': 'available'}, {'row': 'F', 'number': 7, 'status': 'available'}, {'row': 'F', 'number': 8, 'status': 'available'}, {'row': 'F', 'number': 9, 'status': 'available'}, {'row': 'F', 'number': 10, 'status': 'available'}, {'row': 'G', 'number': 1, 'status': 'available'}, {'row': 'G', 'number': 2, 'status': 'available'}, {'row': 'G', 'number': 3, 'status': 'available'}, {'row': 'G', 'number': 4, 'status': 'available'}, {'row': 'G', 'number': 5, 'status': 'available'}, {'row': 'G', 'number': 6, 'status': 'available'}, {'row': 'G', 'number': 7, 'status': 'available'}, {'row': 'G', 'number': 8, 'status': 'available'}, {'row': 'G', 'number': 9, 'status': 'available'}, {'row': 'G', 'number': 10, 'status': 'available'}, {'row': 'H', 'number': 1, 'status': 'available'}, {'row': 'H', 'number': 2, 'status': 'available'}, {'row': 'H', 'number': 3, 'status': 'available'}, {'row': 'H', 'number': 4, 'status': 'available'}, {'row': 'H', 'number': 5, 'status': 'available'}, {'row': 'H', 'number': 6, 'status': 'available'}, {'row': 'H', 'number': 7, 'status': 'available'}, {'row': 'H', 'number': 8, 'status': 'available'}, {'row': 'H', 'number': 9, 'status': 'available'}, {'row': 'H', 'number': 10, 'status': 'available'}], 'createdAt': datetime.datetime(2025, 10, 3, 13, 16, 14, 794000), 'updatedAt': datetime.datetime(2025, 10, 3, 13, 16, 14, 794000), '__v': 0}
Session ID: 68dfcc9e8e953d7b9ccaaeea</msg>
<msg time="2025-10-03T10:16:14.914157" level="INFO">${session_data} = {'_id': '68dfcc9e8e953d7b9ccaaeea', 'movie': ObjectId('68dfcc9e8e953d7b9ccaaede'), 'theater': ObjectId('68dfcc9e8e953d7b9ccaaee3'), 'datetime': datetime.datetime(2025, 10, 2, 17, 32, 36, 261000), 'ful...</msg>
<var>${session_data}</var>
<arg>${session}[theater]</arg>
<status status="PASS" start="2025-10-03T10:16:14.906623" elapsed="0.007850"/>
</kw>
<kw name="Should Not Be Equal" owner="BuiltIn">
<msg time="2025-10-03T10:16:14.915653" level="INFO">Argument types are:
&lt;class 'dict'&gt;
&lt;class 'NoneType'&gt;</msg>
<arg>${session_data}</arg>
<arg>${None}</arg>
<arg>Session not found in database</arg>
<doc>Fails if the given objects are equal.</doc>
<status status="PASS" start="2025-10-03T10:16:14.914971" elapsed="0.000978"/>
</kw>
<kw name="Set Variable" owner="BuiltIn">
<msg time="2025-10-03T10:16:14.921882" level="INFO">${session_id} = 68dfcc9e8e953d7b9ccaaeea</msg>
<var>${session_id}</var>
<arg>${session_data}[_id]</arg>
<doc>Returns the given values which can then be assigned to a variables.</doc>
<status status="PASS" start="2025-10-03T10:16:14.921042" elapsed="0.001143"/>
</kw>
<kw name="Set Global Variable" owner="BuiltIn">
<msg time="2025-10-03T10:16:14.925783" level="INFO">${session_id} = 68dfcc9e8e953d7b9ccaaeea</msg>
<arg>${session_id}</arg>
<doc>Makes a variable available globally in all tests and suites.</doc>
<status status="PASS" start="2025-10-03T10:16:14.925046" elapsed="0.001042"/>
</kw>
<arg>${session}</arg>
<status status="PASS" start="2025-10-03T10:16:14.903666" elapsed="0.022712"/>
</kw>
<kw name="Create Dictionary" owner="BuiltIn">
<msg time="2025-10-03T10:16:14.928960" level="INFO">${reservations} = {'session': '68dfcc9e8e953d7b9ccaaeea', 'row': 'A', 'number': 1, 'type': 'full', 'paymentMethod': 'credit_card'}</msg>
<var>${reservations}</var>
<arg>session=${session_id}</arg>
<arg>row=A</arg>
<arg>number=${1}</arg>
<arg>type=full</arg>
<arg>paymentMethod=credit_card</arg>
<doc>Creates and returns a dictionary based on the given ``items``.</doc>
<status status="PASS" start="2025-10-03T10:16:14.927573" elapsed="0.001617"/>
</kw>
<kw name="Criar uma Reserva" owner="createReservations">
<kw name="Utilizar Token de Cliente" owner="common">
<kw name="Create Dictionary" owner="BuiltIn">
<msg time="2025-10-03T10:16:14.933458" level="INFO">${customer} = {'name': ' Linus', 'email': ' linus.torvalds@unix.com', 'password': 'ilovelinux'}</msg>
<var>${customer}</var>
<arg>name= Linus</arg>
<arg>email= linus.torvalds@unix.com</arg>
<arg>password=ilovelinux</arg>
<doc>Creates and returns a dictionary based on the given ``items``.</doc>
<status status="PASS" start="2025-10-03T10:16:14.932550" elapsed="0.001275"/>
</kw>
<kw name="POST Endpoint /auth/register" owner="cadastrar_usuario">
<kw name="Create Dictionary" owner="BuiltIn">
<msg time="2025-10-03T10:16:14.937742" level="INFO">&amp;{header} = { Content-Type=application/json }</msg>
<var>&amp;{header}</var>
<arg>Content-Type=application/json</arg>
<doc>Creates and returns a dictionary based on the given ``items``.</doc>
<status status="PASS" start="2025-10-03T10:16:14.935777" elapsed="0.002240"/>
</kw>
<kw name="Create Dictionary" owner="BuiltIn">
<msg time="2025-10-03T10:16:14.940430" level="INFO">${payload} = {'name': ' Linus', 'email': ' linus.torvalds@unix.com', 'password': 'ilovelinux'}</msg>
<var>${payload}</var>
<arg>name=${name}</arg>
<arg>email=${email}</arg>
<arg>password=${password}</arg>
<doc>Creates and returns a dictionary based on the given ``items``.</doc>
<status status="PASS" start="2025-10-03T10:16:14.939240" elapsed="0.001507"/>
</kw>
<kw name="POST On Session" owner="RequestsLibrary">
<msg time="2025-10-03T10:16:15.109991" level="INFO">POST Request : url=http://localhost:3000/api/v1/auth/register 
 path_url=/api/v1/auth/register 
 headers={'User-Agent': 'python-requests/2.32.5', 'Accept-Encoding': 'gzip, deflate', 'Accept': '*/*', 'Connection': 'keep-alive', 'Content-Type': 'application/json', 'Content-Length': '81'} 
 body=b'{"name": " Linus", "email": " linus.torvalds@unix.com", "password": "ilovelinux"}' 
 </msg>
<msg time="2025-10-03T10:16:15.110459" level="INFO">POST Response : url=http://localhost:3000/api/v1/auth/register 
 status=201, reason=Created 
 headers={'X-Powered-By': 'Express', 'Access-Control-Allow-Origin': '*', 'Content-Type': 'application/json; charset=utf-8', 'Content-Length': '303', 'ETag': 'W/"12f-yc6euVi19lB6WLKZse6ypv4Lv+0"', 'Date': 'Fri, 03 Oct 2025 13:16:15 GMT', 'Connection': 'keep-alive', 'Keep-Alive': 'timeout=5'} 
 body={"success":true,"data":{"_id":"68dfcc9e8e953d7b9ccaaeed","name":"Linus","email":"linus.torvalds@unix.com","role":"user","token":"eyJhbGciOiJIUzI1NiIsInR5cCI6IkpXVCJ9.eyJpZCI6IjY4ZGZjYzllOGU5NTNkN2I5Y2NhYWVlZCIsImlhdCI6MTc1OTQ5NzM3NSwiZXhwIjoxNzU5NTgzNzc1fQ.cOuc5WFffQuHUarW8Pgl3F_aS_riS5ZmQefF1odMH5g"}} 
 </msg>
<msg time="2025-10-03T10:16:15.110895" level="INFO">${response} = &lt;Response [201]&gt;</msg>
<var>${response}</var>
<arg>CinemaApp</arg>
<arg>url=/auth/register</arg>
<arg>json=${payload}</arg>
<arg>headers=${header}</arg>
<arg>expected_status=any</arg>
<doc>Sends a POST request on a previously created HTTP Session.</doc>
<status status="PASS" start="2025-10-03T10:16:14.941271" elapsed="0.169833"/>
</kw>
<kw name="Set Global Variable" owner="BuiltIn">
<msg time="2025-10-03T10:16:15.112898" level="INFO">${response} = &lt;Response [201]&gt;</msg>
<arg>${response}</arg>
<doc>Makes a variable available globally in all tests and suites.</doc>
<status status="PASS" start="2025-10-03T10:16:15.111663" elapsed="0.001545"/>
</kw>
<kw name="Log" owner="BuiltIn">
<msg time="2025-10-03T10:16:15.115063" level="INFO">{"success":true,"data":{"_id":"68dfcc9e8e953d7b9ccaaeed","name":"Linus","email":"linus.torvalds@unix.com","role":"user","token":"eyJhbGciOiJIUzI1NiIsInR5cCI6IkpXVCJ9.eyJpZCI6IjY4ZGZjYzllOGU5NTNkN2I5Y2NhYWVlZCIsImlhdCI6MTc1OTQ5NzM3NSwiZXhwIjoxNzU5NTgzNzc1fQ.cOuc5WFffQuHUarW8Pgl3F_aS_riS5ZmQefF1odMH5g"}}</msg>
<arg>${response.content}</arg>
<doc>Logs the given message with the given level.</doc>
<status status="PASS" start="2025-10-03T10:16:15.113657" elapsed="0.004105"/>
</kw>
<kw name="Log" owner="BuiltIn">
<msg time="2025-10-03T10:16:15.121378" level="INFO">201</msg>
<arg>${response.status_code}</arg>
<doc>Logs the given message with the given level.</doc>
<status status="PASS" start="2025-10-03T10:16:15.120122" elapsed="0.005856"/>
</kw>
<arg>${customer}[name]</arg>
<arg>${customer}[email]</arg>
<arg>${customer}[password]</arg>
<status status="PASS" start="2025-10-03T10:16:14.934454" elapsed="0.191973"/>
</kw>
<kw name="POST Endpoint /auth/login" owner="fazerLoginKeywords">
<kw name="Create Dictionary" owner="BuiltIn">
<msg time="2025-10-03T10:16:15.133130" level="INFO">${payload} = {'email': ' linus.torvalds@unix.com', 'password': 'ilovelinux'}</msg>
<var>${payload}</var>
<arg>email=${email}</arg>
<arg>password=${password}</arg>
<doc>Creates and returns a dictionary based on the given ``items``.</doc>
<status status="PASS" start="2025-10-03T10:16:15.128084" elapsed="0.006440"/>
</kw>
<kw name="POST On Session" owner="RequestsLibrary">
<msg time="2025-10-03T10:16:15.305697" level="INFO">POST Request : url=http://localhost:3000/api/v1/auth/login 
 path_url=/api/v1/auth/login 
 headers={'User-Agent': 'python-requests/2.32.5', 'Accept-Encoding': 'gzip, deflate', 'Accept': '*/*', 'Connection': 'keep-alive', 'Content-Length': '63', 'Content-Type': 'application/json'} 
 body=b'{"email": " linus.torvalds@unix.com", "password": "ilovelinux"}' 
 </msg>
<msg time="2025-10-03T10:16:15.306149" level="INFO">POST Response : url=http://localhost:3000/api/v1/auth/login 
 status=200, reason=OK 
 headers={'X-Powered-By': 'Express', 'Access-Control-Allow-Origin': '*', 'Content-Type': 'application/json; charset=utf-8', 'Content-Length': '303', 'ETag': 'W/"12f-yc6euVi19lB6WLKZse6ypv4Lv+0"', 'Date': 'Fri, 03 Oct 2025 13:16:15 GMT', 'Connection': 'keep-alive', 'Keep-Alive': 'timeout=5'} 
 body={"success":true,"data":{"_id":"68dfcc9e8e953d7b9ccaaeed","name":"Linus","email":"linus.torvalds@unix.com","role":"user","token":"eyJhbGciOiJIUzI1NiIsInR5cCI6IkpXVCJ9.eyJpZCI6IjY4ZGZjYzllOGU5NTNkN2I5Y2NhYWVlZCIsImlhdCI6MTc1OTQ5NzM3NSwiZXhwIjoxNzU5NTgzNzc1fQ.cOuc5WFffQuHUarW8Pgl3F_aS_riS5ZmQefF1odMH5g"}} 
 </msg>
<msg time="2025-10-03T10:16:15.306555" level="INFO">${response} = &lt;Response [200]&gt;</msg>
<var>${response}</var>
<arg>alias=CinemaApp</arg>
<arg>url=/auth/login</arg>
<arg>json=${payload}</arg>
<arg>expected_status=any</arg>
<doc>Sends a POST request on a previously created HTTP Session.</doc>
<status status="PASS" start="2025-10-03T10:16:15.135062" elapsed="0.171679"/>
</kw>
<kw name="Set Global Variable" owner="BuiltIn">
<msg time="2025-10-03T10:16:15.307851" level="INFO">${response} = &lt;Response [200]&gt;</msg>
<arg>${response}</arg>
<doc>Makes a variable available globally in all tests and suites.</doc>
<status status="PASS" start="2025-10-03T10:16:15.307224" elapsed="0.000898"/>
</kw>
<kw name="Run Keyword If" owner="BuiltIn">
<kw name="Extract JWT" owner="fazerLoginKeywords">
<kw name="Set Variable" owner="BuiltIn">
<msg time="2025-10-03T10:16:15.312276" level="INFO">${token} = eyJhbGciOiJIUzI1NiIsInR5cCI6IkpXVCJ9.eyJpZCI6IjY4ZGZjYzllOGU5NTNkN2I5Y2NhYWVlZCIsImlhdCI6MTc1OTQ5NzM3NSwiZXhwIjoxNzU5NTgzNzc1fQ.cOuc5WFffQuHUarW8Pgl3F_aS_riS5ZmQefF1odMH5g</msg>
<var>${token}</var>
<arg>${response.json()['data']['token']}</arg>
<doc>Returns the given values which can then be assigned to a variables.</doc>
<status status="PASS" start="2025-10-03T10:16:15.310844" elapsed="0.001766"/>
</kw>
<kw name="Log" owner="BuiltIn">
<msg time="2025-10-03T10:16:15.313757" level="INFO">Token obtido: eyJhbGciOiJIUzI1NiIsInR5cCI6IkpXVCJ9.eyJpZCI6IjY4ZGZjYzllOGU5NTNkN2I5Y2NhYWVlZCIsImlhdCI6MTc1OTQ5NzM3NSwiZXhwIjoxNzU5NTgzNzc1fQ.cOuc5WFffQuHUarW8Pgl3F_aS_riS5ZmQefF1odMH5g</msg>
<arg>Token obtido: ${token}</arg>
<doc>Logs the given message with the given level.</doc>
<status status="PASS" start="2025-10-03T10:16:15.313065" elapsed="0.001347"/>
</kw>
<kw name="Set Global Variable" owner="BuiltIn">
<msg time="2025-10-03T10:16:15.316000" level="INFO">${token} = eyJhbGciOiJIUzI1NiIsInR5cCI6IkpXVCJ9.eyJpZCI6IjY4ZGZjYzllOGU5NTNkN2I5Y2NhYWVlZCIsImlhdCI6MTc1OTQ5NzM3NSwiZXhwIjoxNzU5NTgzNzc1fQ.cOuc5WFffQuHUarW8Pgl3F_aS_riS5ZmQefF1odMH5g</msg>
<arg>${token}</arg>
<doc>Makes a variable available globally in all tests and suites.</doc>
<status status="PASS" start="2025-10-03T10:16:15.315023" elapsed="0.005584"/>
</kw>
<status status="PASS" start="2025-10-03T10:16:15.309931" elapsed="0.011105"/>
</kw>
<arg>${response.status_code} == 200</arg>
<arg>Extract JWT</arg>
<doc>Runs the given keyword with the given arguments, if ``condition`` is true.</doc>
<status status="PASS" start="2025-10-03T10:16:15.308544" elapsed="0.012935"/>
</kw>
<kw name="Log" owner="BuiltIn">
<msg time="2025-10-03T10:16:15.325071" level="INFO">{"success":true,"data":{"_id":"68dfcc9e8e953d7b9ccaaeed","name":"Linus","email":"linus.torvalds@unix.com","role":"user","token":"eyJhbGciOiJIUzI1NiIsInR5cCI6IkpXVCJ9.eyJpZCI6IjY4ZGZjYzllOGU5NTNkN2I5Y2NhYWVlZCIsImlhdCI6MTc1OTQ5NzM3NSwiZXhwIjoxNzU5NTgzNzc1fQ.cOuc5WFffQuHUarW8Pgl3F_aS_riS5ZmQefF1odMH5g"}}</msg>
<arg>${response.content}</arg>
<doc>Logs the given message with the given level.</doc>
<status status="PASS" start="2025-10-03T10:16:15.322104" elapsed="0.003384"/>
</kw>
<arg>${customer}[email]</arg>
<arg>${customer}[password]</arg>
<status status="PASS" start="2025-10-03T10:16:15.127002" elapsed="0.198787"/>
</kw>
<status status="PASS" start="2025-10-03T10:16:14.931787" elapsed="0.394263"/>
</kw>
<kw name="Create Dictionary" owner="BuiltIn">
<msg time="2025-10-03T10:16:15.327656" level="INFO">${seat} = {'row': 'A', 'number': 1, 'type': 'full'}</msg>
<var>${seat}</var>
<arg>row=${reservations}[row]</arg>
<arg>number=${reservations}[number]</arg>
<arg>type=${reservations}[type]</arg>
<doc>Creates and returns a dictionary based on the given ``items``.</doc>
<status status="PASS" start="2025-10-03T10:16:15.326509" elapsed="0.002883"/>
</kw>
<kw name="Create List" owner="BuiltIn">
<msg time="2025-10-03T10:16:15.334804" level="INFO">${seats} = [{'row': 'A', 'number': 1, 'type': 'full'}]</msg>
<var>${seats}</var>
<arg>${seat}</arg>
<doc>Returns a list containing given items.</doc>
<status status="PASS" start="2025-10-03T10:16:15.331871" elapsed="0.003311"/>
</kw>
<kw name="POST Endpoint /reservations" owner="createReservations">
<kw name="Create Dictionary" owner="BuiltIn">
<msg time="2025-10-03T10:16:15.342915" level="INFO">&amp;{header} = { Content-Type=application/json | Authorization=Bearer eyJhbGciOiJIUzI1NiIsInR5cCI6IkpXVCJ9.eyJpZCI6IjY4ZGZjYzllOGU5NTNkN2I5Y2NhYWVlZCIsImlhdCI6MTc1OTQ5NzM3NSwiZXhwIjoxNzU5NTgzNzc1fQ.cOuc5WFffQuHUarW8...</msg>
<var>&amp;{header}</var>
<arg>Content-Type=application/json</arg>
<arg>Authorization=Bearer ${token}</arg>
<doc>Creates and returns a dictionary based on the given ``items``.</doc>
<status status="PASS" start="2025-10-03T10:16:15.341904" elapsed="0.001354"/>
</kw>
<kw name="Create Dictionary" owner="BuiltIn">
<msg time="2025-10-03T10:16:15.345258" level="INFO">${payload} = {'session': '68dfcc9e8e953d7b9ccaaeea', 'seats': [{'row': 'A', 'number': 1, 'type': 'full'}], 'paymentMethod': 'credit_card'}</msg>
<var>${payload}</var>
<arg>session=${session}</arg>
<arg>seats=${seats}</arg>
<arg>paymentMethod=${paymentMethod}</arg>
<doc>Creates and returns a dictionary based on the given ``items``.</doc>
<status status="PASS" start="2025-10-03T10:16:15.343794" elapsed="0.001826"/>
</kw>
<kw name="POST On Session" owner="RequestsLibrary">
<msg time="2025-10-03T10:16:15.513153" level="INFO">POST Request : url=http://localhost:3000/api/v1/reservations 
 path_url=/api/v1/reservations 
 headers={'User-Agent': 'python-requests/2.32.5', 'Accept-Encoding': 'gzip, deflate', 'Accept': '*/*', 'Connection': 'keep-alive', 'Content-Type': 'application/json', 'Authorization': 'Bearer eyJhbGciOiJIUzI1NiIsInR5cCI6IkpXVCJ9.eyJpZCI6IjY4ZGZjYzllOGU5NTNkN2I5Y2NhYWVlZCIsImlhdCI6MTc1OTQ5NzM3NSwiZXhwIjoxNzU5NTgzNzc1fQ.cOuc5WFffQuHUarW8Pgl3F_aS_riS5ZmQefF1odMH5g', 'Content-Length': '125'} 
 body=b'{"session": "68dfcc9e8e953d7b9ccaaeea", "seats": [{"row": "A", "number": 1, "type": "full"}], "paymentMethod": "credit_card"}' 
 </msg>
<msg time="2025-10-03T10:16:15.513622" level="INFO">POST Response : url=http://localhost:3000/api/v1/reservations 
 status=201, reason=Created 
 headers={'X-Powered-By': 'Express', 'Access-Control-Allow-Origin': '*', 'Content-Type': 'application/json; charset=utf-8', 'Content-Length': '4359', 'ETag': 'W/"1107-SpOiS9dGkLk3PnqZdD113HIYDlw"', 'Date': 'Fri, 03 Oct 2025 13:16:15 GMT', 'Connection': 'keep-alive', 'Keep-Alive': 'timeout=5'} 
 body={"success":true,"data":{"user":"68dfcc9e8e953d7b9ccaaeed","session":{"_id":"68dfcc9e8e953d7b9ccaaeea","movie":{"_id":"68dfcc9e8e953d7b9ccaaede","title":"John Wick 4: Baba Yaga","poster":"johnwick.jpg","id":"68dfcc9e8e953d7b9ccaaede"},"theater":{"_id":"68dfcc9e8e953d7b9ccaaee3","name":"Sala - 004","id":"68dfcc9e8e953d7b9ccaaee3"},"datetime":"2025-10-02T17:32:36.261Z","fullPrice":15,"halfPrice":7.5,"seats":[{"row":"A","number":1,"status":"occupied"},{"row":"A","number":2,"status":"available"},{"row":"A","number":3,"status":"available"},{"row":"A","number":4,"status":"available"},{"row":"A","number":5,"status":"available"},{"row":"A","number":6,"status":"available"},{"row":"A","number":7,"status":"available"},{"row":"A","number":8,"status":"available"},{"row":"A","number":9,"status":"available"},{"row":"A","number":10,"status":"available"},{"row":"B","number":1,"status":"available"},{"row":"B","number":2,"status":"available"},{"row":"B","number":3,"status":"available"},{"row":"B","number":4,"status":"available"},{"row":"B","number":5,"status":"available"},{"row":"B","number":6,"status":"available"},{"row":"B","number":7,"status":"available"},{"row":"B","number":8,"status":"available"},{"row":"B","number":9,"status":"available"},{"row":"B","number":10,"status":"available"},{"row":"C","number":1,"status":"available"},{"row":"C","number":2,"status":"available"},{"row":"C","number":3,"status":"available"},{"row":"C","number":4,"status":"available"},{"row":"C","number":5,"status":"available"},{"row":"C","number":6,"status":"available"},{"row":"C","number":7,"status":"available"},{"row":"C","number":8,"status":"available"},{"row":"C","number":9,"status":"available"},{"row":"C","number":10,"status":"available"},{"row":"D","number":1,"status":"available"},{"row":"D","number":2,"status":"available"},{"row":"D","number":3,"status":"available"},{"row":"D","number":4,"status":"available"},{"row":"D","number":5,"status":"available"},{"row":"D","number":6,"status":"available"},{"row":"D","number":7,"status":"available"},{"row":"D","number":8,"status":"available"},{"row":"D","number":9,"status":"available"},{"row":"D","number":10,"status":"available"},{"row":"E","number":1,"status":"available"},{"row":"E","number":2,"status":"available"},{"row":"E","number":3,"status":"available"},{"row":"E","number":4,"status":"available"},{"row":"E","number":5,"status":"available"},{"row":"E","number":6,"status":"available"},{"row":"E","number":7,"status":"available"},{"row":"E","number":8,"status":"available"},{"row":"E","number":9,"status":"available"},{"row":"E","number":10,"status":"available"},{"row":"F","number":1,"status":"available"},{"row":"F","number":2,"status":"available"},{"row":"F","number":3,"status":"available"},{"row":"F","number":4,"status":"available"},{"row":"F","number":5,"status":"available"},{"row":"F","number":6,"status":"available"},{"row":"F","number":7,"status":"available"},{"row":"F","number":8,"status":"available"},{"row":"F","number":9,"status":"available"},{"row":"F","number":10,"status":"available"},{"row":"G","number":1,"status":"available"},{"row":"G","number":2,"status":"available"},{"row":"G","number":3,"status":"available"},{"row":"G","number":4,"status":"available"},{"row":"G","number":5,"status":"available"},{"row":"G","number":6,"status":"available"},{"row":"G","number":7,"status":"available"},{"row":"G","number":8,"status":"available"},{"row":"G","number":9,"status":"available"},{"row":"G","number":10,"status":"available"},{"row":"H","number":1,"status":"available"},{"row":"H","number":2,"status":"available"},{"row":"H","number":3,"status":"available"},{"row":"H","number":4,"status":"available"},{"row":"H","number":5,"status":"available"},{"row":"H","number":6,"status":"available"},{"row":"H","number":7,"status":"available"},{"row":"H","number":8,"status":"available"},{"row":"H","number":9,"status":"available"},{"row":"H","number":10,"status":"available"}],"createdAt":"2025-10-03T13:16:14.794Z","updatedAt":"2025-10-03T13:16:15.462Z","__v":0,"id":"68dfcc9e8e953d7b9ccaaeea"},"seats":[{"row":"A","number":1,"type":"full"}],"totalPrice":15,"status":"confirmed","paymentStatus":"completed","paymentMethod":"credit_card","paymentDate":"2025-10-03T13:16:15.401Z","_id":"68dfcc9f8e953d7b9ccaaef2","createdAt":"2025-10-03T13:16:15.404Z","updatedAt":"2025-10-03T13:16:15.404Z","__v":0}} 
 </msg>
<msg time="2025-10-03T10:16:15.514204" level="INFO">${response} = &lt;Response [201]&gt;</msg>
<var>${response}</var>
<arg>CinemaApp</arg>
<arg>url=/reservations</arg>
<arg>json=${payload}</arg>
<arg>headers=${header}</arg>
<arg>expected_status=any</arg>
<doc>Sends a POST request on a previously created HTTP Session.</doc>
<status status="PASS" start="2025-10-03T10:16:15.346255" elapsed="0.168186"/>
</kw>
<kw name="Set Global Variable" owner="BuiltIn">
<msg time="2025-10-03T10:16:15.515568" level="INFO">${response} = &lt;Response [201]&gt;</msg>
<arg>${response}</arg>
<doc>Makes a variable available globally in all tests and suites.</doc>
<status status="PASS" start="2025-10-03T10:16:15.514974" elapsed="0.000828"/>
</kw>
<kw name="Log" owner="BuiltIn">
<msg time="2025-10-03T10:16:15.517166" level="INFO">{"success":true,"data":{"user":"68dfcc9e8e953d7b9ccaaeed","session":{"_id":"68dfcc9e8e953d7b9ccaaeea","movie":{"_id":"68dfcc9e8e953d7b9ccaaede","title":"John Wick 4: Baba Yaga","poster":"johnwick.jpg","id":"68dfcc9e8e953d7b9ccaaede"},"theater":{"_id":"68dfcc9e8e953d7b9ccaaee3","name":"Sala - 004","id":"68dfcc9e8e953d7b9ccaaee3"},"datetime":"2025-10-02T17:32:36.261Z","fullPrice":15,"halfPrice":7.5,"seats":[{"row":"A","number":1,"status":"occupied"},{"row":"A","number":2,"status":"available"},{"row":"A","number":3,"status":"available"},{"row":"A","number":4,"status":"available"},{"row":"A","number":5,"status":"available"},{"row":"A","number":6,"status":"available"},{"row":"A","number":7,"status":"available"},{"row":"A","number":8,"status":"available"},{"row":"A","number":9,"status":"available"},{"row":"A","number":10,"status":"available"},{"row":"B","number":1,"status":"available"},{"row":"B","number":2,"status":"available"},{"row":"B","number":3,"status":"available"},{"row":"B","number":4,"status":"available"},{"row":"B","number":5,"status":"available"},{"row":"B","number":6,"status":"available"},{"row":"B","number":7,"status":"available"},{"row":"B","number":8,"status":"available"},{"row":"B","number":9,"status":"available"},{"row":"B","number":10,"status":"available"},{"row":"C","number":1,"status":"available"},{"row":"C","number":2,"status":"available"},{"row":"C","number":3,"status":"available"},{"row":"C","number":4,"status":"available"},{"row":"C","number":5,"status":"available"},{"row":"C","number":6,"status":"available"},{"row":"C","number":7,"status":"available"},{"row":"C","number":8,"status":"available"},{"row":"C","number":9,"status":"available"},{"row":"C","number":10,"status":"available"},{"row":"D","number":1,"status":"available"},{"row":"D","number":2,"status":"available"},{"row":"D","number":3,"status":"available"},{"row":"D","number":4,"status":"available"},{"row":"D","number":5,"status":"available"},{"row":"D","number":6,"status":"available"},{"row":"D","number":7,"status":"available"},{"row":"D","number":8,"status":"available"},{"row":"D","number":9,"status":"available"},{"row":"D","number":10,"status":"available"},{"row":"E","number":1,"status":"available"},{"row":"E","number":2,"status":"available"},{"row":"E","number":3,"status":"available"},{"row":"E","number":4,"status":"available"},{"row":"E","number":5,"status":"available"},{"row":"E","number":6,"status":"available"},{"row":"E","number":7,"status":"available"},{"row":"E","number":8,"status":"available"},{"row":"E","number":9,"status":"available"},{"row":"E","number":10,"status":"available"},{"row":"F","number":1,"status":"available"},{"row":"F","number":2,"status":"available"},{"row":"F","number":3,"status":"available"},{"row":"F","number":4,"status":"available"},{"row":"F","number":5,"status":"available"},{"row":"F","number":6,"status":"available"},{"row":"F","number":7,"status":"available"},{"row":"F","number":8,"status":"available"},{"row":"F","number":9,"status":"available"},{"row":"F","number":10,"status":"available"},{"row":"G","number":1,"status":"available"},{"row":"G","number":2,"status":"available"},{"row":"G","number":3,"status":"available"},{"row":"G","number":4,"status":"available"},{"row":"G","number":5,"status":"available"},{"row":"G","number":6,"status":"available"},{"row":"G","number":7,"status":"available"},{"row":"G","number":8,"status":"available"},{"row":"G","number":9,"status":"available"},{"row":"G","number":10,"status":"available"},{"row":"H","number":1,"status":"available"},{"row":"H","number":2,"status":"available"},{"row":"H","number":3,"status":"available"},{"row":"H","number":4,"status":"available"},{"row":"H","number":5,"status":"available"},{"row":"H","number":6,"status":"available"},{"row":"H","number":7,"status":"available"},{"row":"H","number":8,"status":"available"},{"row":"H","number":9,"status":"available"},{"row":"H","number":10,"status":"available"}],"createdAt":"2025-10-03T13:16:14.794Z","updatedAt":"2025-10-03T13:16:15.462Z","__v":0,"id":"68dfcc9e8e953d7b9ccaaeea"},"seats":[{"row":"A","number":1,"type":"full"}],"totalPrice":15,"status":"confirmed","paymentStatus":"completed","paymentMethod":"credit_card","paymentDate":"2025-10-03T13:16:15.401Z","_id":"68dfcc9f8e953d7b9ccaaef2","createdAt":"2025-10-03T13:16:15.404Z","updatedAt":"2025-10-03T13:16:15.404Z","__v":0}}</msg>
<arg>${response.content}</arg>
<doc>Logs the given message with the given level.</doc>
<status status="PASS" start="2025-10-03T10:16:15.516168" elapsed="0.003615"/>
</kw>
<arg>${reservations}[session]</arg>
<arg>${seats}</arg>
<arg>${reservations}[paymentMethod]</arg>
<status status="PASS" start="2025-10-03T10:16:15.335847" elapsed="0.184389"/>
</kw>
<arg>${reservations}</arg>
<status status="PASS" start="2025-10-03T10:16:14.930738" elapsed="0.589771"/>
</kw>
<kw name="Validar Status Code &quot;201&quot;" owner="common" source_name="Validar Status Code &quot;${statuscode}&quot;">
<kw name="Variable Should Exist" owner="BuiltIn">
<arg>${response}</arg>
<arg>response não foi definida. Verifique se a requisição</arg>
<doc>Fails unless the given variable exists within the current scope.</doc>
<status status="PASS" start="2025-10-03T10:16:15.522099" elapsed="0.001079"/>
</kw>
<kw name="Should Be True" owner="BuiltIn">
<arg>${response.status_code} == ${statuscode}</arg>
<doc>Fails if the given condition is not true.</doc>
<status status="PASS" start="2025-10-03T10:16:15.523734" elapsed="0.002282"/>
</kw>
<status status="PASS" start="2025-10-03T10:16:15.521194" elapsed="0.006172"/>
</kw>
<kw name="Validar Success" owner="common">
<kw name="Variable Should Exist" owner="BuiltIn">
<arg>${response}</arg>
<arg>response não foi definida. Verifique se a requisição</arg>
<doc>Fails unless the given variable exists within the current scope.</doc>
<status status="PASS" start="2025-10-03T10:16:15.530583" elapsed="0.000652"/>
</kw>
<kw name="Set Variable" owner="BuiltIn">
<msg time="2025-10-03T10:16:15.533101" level="INFO">${response_success} = True</msg>
<var>${response_success}</var>
<arg>${response.json()['success']}</arg>
<doc>Returns the given values which can then be assigned to a variables.</doc>
<status status="PASS" start="2025-10-03T10:16:15.531742" elapsed="0.002899"/>
</kw>
<kw name="Should Be Equal" owner="BuiltIn">
<arg>${response_success}</arg>
<arg>${expected_success}</arg>
<arg>msg=Campo success inesperado. Esperado: ${expected_success}, Obtido: ${response_success}</arg>
<doc>Fails if the given objects are unequal.</doc>
<status status="PASS" start="2025-10-03T10:16:15.535192" elapsed="0.007945"/>
</kw>
<arg>${True}</arg>
<status status="PASS" start="2025-10-03T10:16:15.528008" elapsed="0.015588"/>
</kw>
<status status="PASS" start="2025-10-03T10:16:13.838606" elapsed="1.705524"/>
</test>
<doc>Testes para o endpoint /reservations</doc>
<status status="PASS" start="2025-10-03T10:16:13.488976" elapsed="2.056268"/>
</suite>
<statistics>
<total>
<stat pass="1" fail="0" skip="0">All Tests</stat>
</total>
<tag>
</tag>
<suite>
<stat name="Reservations Tests" id="s1" pass="1" fail="0" skip="0">Reservations Tests</stat>
</suite>
</statistics>
<errors>
</errors>
</robot>
