<?xml version="1.0" encoding="UTF-8"?>
<robot generator="Robot 7.3.2 (Python 3.12.3 on linux)" generated="2025-09-10T15:07:19.674207" rpa="false" schemaversion="5">
<suite id="s1" name="Cadastro Teste" source="/home/rafael/Documentos/Compass/PB-Quality-Engineering/Documentos/Semana 12 - Challenge 03/ServeRest + RobotFramework/tests/cadastro_teste.robot">
<kw name="Criar Sessao" owner="base" type="SETUP">
<kw name="Create Session" owner="RequestsLibrary">
<msg time="2025-09-10T15:07:20.207832" level="INFO">Creating Session using : alias=ServeRest, url=https://compassuol.serverest.dev/, headers={},                     cookies={}, auth=None, timeout=None, proxies=None, verify=False,                     debug=0 </msg>
<arg>alias=ServeRest</arg>
<arg>url=${BASE_URL}</arg>
<doc>Create Session: create a HTTP session to a server</doc>
<status status="PASS" start="2025-09-10T15:07:20.207184" elapsed="0.002500"/>
</kw>
<status status="PASS" start="2025-09-10T15:07:20.205056" elapsed="0.004999"/>
</kw>
<test id="s1-t1" name="Cenário: POST | Cadastrar Cliente com e-mail Gmail" line="25">
<kw name="Criar Usuario Gmail Invalido" owner="dynamics">
<kw name="Name" owner="FakerLibrary">
<msg time="2025-09-10T15:07:20.214597" level="INFO">${nome} = José Miguel Nunes</msg>
<var>${nome}</var>
<doc>:example: 'John Doe'</doc>
<status status="PASS" start="2025-09-10T15:07:20.213123" elapsed="0.002867"/>
</kw>
<kw name="Email" owner="FakerLibrary">
<msg time="2025-09-10T15:07:20.217434" level="INFO">${email} = davi-luccarezende@gmail.com</msg>
<var>${email}</var>
<arg>domain=gmail.com</arg>
<status status="PASS" start="2025-09-10T15:07:20.216474" elapsed="0.001239"/>
</kw>
<kw name="Password" owner="FakerLibrary">
<msg time="2025-09-10T15:07:20.220304" level="INFO">${password} = W#NuzhnP!4</msg>
<var>${password}</var>
<arg>length=10</arg>
<arg>special_chars=True</arg>
<arg>digits=True</arg>
<arg>upper_case=True</arg>
<arg>lower_case=True</arg>
<doc>Generate a random password of the specified ``length``.</doc>
<status status="PASS" start="2025-09-10T15:07:20.218171" elapsed="0.002390"/>
</kw>
<kw name="Create Dictionary" owner="BuiltIn">
<msg time="2025-09-10T15:07:20.222513" level="INFO">&amp;{payload} = { nome=José Miguel Nunes | email=davi-luccarezende@gmail.com | password=W#NuzhnP!4 }</msg>
<var>&amp;{payload}</var>
<arg>nome=${nome}</arg>
<arg>email=${email}</arg>
<arg>password=${password}</arg>
<doc>Creates and returns a dictionary based on the given ``items``.</doc>
<status status="PASS" start="2025-09-10T15:07:20.221186" elapsed="0.001645"/>
</kw>
<kw name="Log To Console" owner="BuiltIn">
<arg>${payload}</arg>
<doc>Logs the given message to the console.</doc>
<status status="PASS" start="2025-09-10T15:07:20.223315" elapsed="0.000846"/>
</kw>
<return>
<value>${payload}</value>
<status status="PASS" start="2025-09-10T15:07:20.224414" elapsed="0.000265"/>
</return>
<status status="PASS" start="2025-09-10T15:07:20.212254" elapsed="0.012857"/>
</kw>
<kw name="Validar Status Code &quot;400&quot;" owner="common" source_name="Validar Status Code &quot;${statuscode}&quot;">
<kw name="Should Be True" owner="BuiltIn">
<msg time="2025-09-10T15:07:20.232297" level="FAIL">Resolving variable '${response.status_code}' failed: Variable '${response}' not found.</msg>
<arg>${response.status_code} == ${statuscode}</arg>
<doc>Fails if the given condition is not true.</doc>
<status status="FAIL" start="2025-09-10T15:07:20.227056" elapsed="0.008175">Resolving variable '${response.status_code}' failed: Variable '${response}' not found.</status>
</kw>
<status status="FAIL" start="2025-09-10T15:07:20.226107" elapsed="0.009614">Resolving variable '${response.status_code}' failed: Variable '${response}' not found.</status>
</kw>
<doc>Verifica se é possível cadastrar um cliente com e-mail do Gmail</doc>
<tag>POST</tag>
<tag>Usuarios</tag>
<status status="FAIL" start="2025-09-10T15:07:20.210318" elapsed="0.025983">Resolving variable '${response.status_code}' failed: Variable '${response}' not found.</status>
</test>
<doc>Arquivos de testes para o endpoint /usuarios</doc>
<status status="FAIL" start="2025-09-10T15:07:19.680943" elapsed="0.556519"/>
</suite>
<statistics>
<total>
<stat pass="0" fail="1" skip="0">All Tests</stat>
</total>
<tag>
<stat pass="0" fail="1" skip="0">POST</stat>
<stat pass="0" fail="1" skip="0">Usuarios</stat>
</tag>
<suite>
<stat name="Cadastro Teste" id="s1" pass="0" fail="1" skip="0">Cadastro Teste</stat>
</suite>
</statistics>
<errors>
<msg time="2025-09-10T15:07:19.854259" level="WARN">Error in file '/home/rafael/Documentos/Compass/PB-Quality-Engineering/Documentos/Semana 12 - Challenge 03/ServeRest + RobotFramework/keywords/buscar_uma_reserva_keywords.robot' on line 11: The '[Return]' setting is deprecated. Use the 'RETURN' statement instead.</msg>
<msg time="2025-09-10T15:07:19.859289" level="WARN">Error in file '/home/rafael/Documentos/Compass/PB-Quality-Engineering/Documentos/Semana 12 - Challenge 03/ServeRest + RobotFramework/support/fixtures/dynamics.robot' on line 16: The '[Return]' setting is deprecated. Use the 'RETURN' statement instead.</msg>
<msg time="2025-09-10T15:07:19.859578" level="WARN">Error in file '/home/rafael/Documentos/Compass/PB-Quality-Engineering/Documentos/Semana 12 - Challenge 03/ServeRest + RobotFramework/support/fixtures/dynamics.robot' on line 27: The '[Return]' setting is deprecated. Use the 'RETURN' statement instead.</msg>
<msg time="2025-09-10T15:07:19.859879" level="WARN">Error in file '/home/rafael/Documentos/Compass/PB-Quality-Engineering/Documentos/Semana 12 - Challenge 03/ServeRest + RobotFramework/support/fixtures/dynamics.robot' on line 38: The '[Return]' setting is deprecated. Use the 'RETURN' statement instead.</msg>
<msg time="2025-09-10T15:07:20.193977" level="WARN">Error in file '/home/rafael/Documentos/Compass/PB-Quality-Engineering/Documentos/Semana 12 - Challenge 03/ServeRest + RobotFramework/support/common/common.robot' on line 15: The '[Return]' setting is deprecated. Use the 'RETURN' statement instead.</msg>
</errors>
</robot>
