<?xml version="1.0" encoding="UTF-8"?>
<robot generator="Robot 7.3.2 (Python 3.12.3 on linux)" generated="2025-10-03T17:05:29.478804" rpa="false" schemaversion="5">
<suite id="s1" name="Tests" source="/home/rafael/Documentos/Compass/AtualizadoPC/PB-Quality-Engineering/Documentos/Semana 15 - Challenge Final/cinemaApp-tests/api/tests">
<suite id="s1-s1" name="Auth Tests" source="/home/rafael/Documentos/Compass/AtualizadoPC/PB-Quality-Engineering/Documentos/Semana 15 - Challenge Final/cinemaApp-tests/api/tests/auth_tests.robot">
<kw name="Make New Session" owner="base" type="SETUP">
<kw name="Create Session" owner="RequestsLibrary">
<msg time="2025-10-03T17:05:29.801764" level="INFO">Creating Session using : alias=CinemaApp, url=http://localhost:3000/api/v1, headers={},                     cookies={}, auth=None, timeout=None, proxies=None, verify=False,                     debug=0 </msg>
<arg>CinemaApp</arg>
<arg>url=${BASE_URL}</arg>
<doc>Create Session: create a HTTP session to a server</doc>
<status status="PASS" start="2025-10-03T17:05:29.801430" elapsed="0.000601"/>
</kw>
<status status="PASS" start="2025-10-03T17:05:29.800404" elapsed="0.001762"/>
</kw>
<test id="s1-s1-t1" name="CT001.001 - Cadastrar um Cliente Válido" line="9">
<kw name="Create Dictionary" owner="BuiltIn">
<msg time="2025-10-03T17:05:29.803227" level="INFO">${customer_user} = {'name': 'Kurt Cobain', 'email': 'kurt@nirvana.com', 'password': 'pwd12345'}</msg>
<var>${customer_user}</var>
<arg>name=Kurt Cobain</arg>
<arg>email=kurt@nirvana.com</arg>
<arg>password=pwd12345</arg>
<doc>Creates and returns a dictionary based on the given ``items``.</doc>
<status status="PASS" start="2025-10-03T17:05:29.802858" elapsed="0.000409"/>
</kw>
<kw name="Clean user from database" owner="database">
<msg time="2025-10-03T17:05:29.805604" level="INFO">Removed user with email: kurt@nirvana.com</msg>
<arg>${customer_user}[email]</arg>
<status status="PASS" start="2025-10-03T17:05:29.803503" elapsed="0.002219"/>
</kw>
<kw name="Criar Cliente Valido" owner="CreateUserKeywords">
<kw name="POST Endpoint /auth/register" owner="CreateUserKeywords">
<kw name="Create Dictionary" owner="BuiltIn">
<msg time="2025-10-03T17:05:29.808477" level="INFO">&amp;{header} = { Content-Type=application/json }</msg>
<var>&amp;{header}</var>
<arg>Content-Type=application/json</arg>
<doc>Creates and returns a dictionary based on the given ``items``.</doc>
<status status="PASS" start="2025-10-03T17:05:29.808060" elapsed="0.000483"/>
</kw>
<kw name="Create Dictionary" owner="BuiltIn">
<msg time="2025-10-03T17:05:29.809382" level="INFO">${payload} = {'name': 'Kurt Cobain', 'email': 'kurt@nirvana.com', 'password': 'pwd12345'}</msg>
<var>${payload}</var>
<arg>name=${name}</arg>
<arg>email=${email}</arg>
<arg>password=${password}</arg>
<doc>Creates and returns a dictionary based on the given ``items``.</doc>
<status status="PASS" start="2025-10-03T17:05:29.808823" elapsed="0.000610"/>
</kw>
<kw name="POST On Session" owner="RequestsLibrary">
<msg time="2025-10-03T17:05:29.932462" level="INFO">POST Request : url=http://localhost:3000/api/v1/auth/register 
 path_url=/api/v1/auth/register 
 headers={'User-Agent': 'python-requests/2.32.5', 'Accept-Encoding': 'gzip, deflate', 'Accept': '*/*', 'Connection': 'keep-alive', 'Content-Type': 'application/json', 'Content-Length': '76'} 
 body=b'{"name": "Kurt Cobain", "email": "kurt@nirvana.com", "password": "pwd12345"}' 
 </msg>
<msg time="2025-10-03T17:05:29.932835" level="INFO">POST Response : url=http://localhost:3000/api/v1/auth/register 
 status=201, reason=Created 
 headers={'X-Powered-By': 'Express', 'Access-Control-Allow-Origin': '*', 'Content-Type': 'application/json; charset=utf-8', 'Content-Length': '302', 'ETag': 'W/"12e-rS8psYvSqj9nYIoPt2F8/T6r9pE"', 'Date': 'Fri, 03 Oct 2025 20:05:29 GMT', 'Connection': 'keep-alive', 'Keep-Alive': 'timeout=5'} 
 body={"success":true,"data":{"_id":"68e02c89c0b485c13e7b5184","name":"Kurt Cobain","email":"kurt@nirvana.com","role":"user","token":"eyJhbGciOiJIUzI1NiIsInR5cCI6IkpXVCJ9.eyJpZCI6IjY4ZTAyYzg5YzBiNDg1YzEzZTdiNTE4NCIsImlhdCI6MTc1OTUyMTkyOSwiZXhwIjoxNzU5NjA4MzI5fQ.OBDitOP1pOZYdh5l4ELQZw3wlONd5EZbzGMtXLPzEEA"}} 
 </msg>
<msg time="2025-10-03T17:05:29.933267" level="INFO">${response} = &lt;Response [201]&gt;</msg>
<var>${response}</var>
<arg>CinemaApp</arg>
<arg>url=/auth/register</arg>
<arg>json=${payload}</arg>
<arg>headers=${header}</arg>
<arg>expected_status=any</arg>
<doc>Sends a POST request on a previously created HTTP Session.</doc>
<status status="PASS" start="2025-10-03T17:05:29.809714" elapsed="0.123594"/>
</kw>
<kw name="Set Global Variable" owner="BuiltIn">
<msg time="2025-10-03T17:05:29.934002" level="INFO">${response} = &lt;Response [201]&gt;</msg>
<arg>${response}</arg>
<doc>Makes a variable available globally in all tests and suites.</doc>
<status status="PASS" start="2025-10-03T17:05:29.933567" elapsed="0.000512"/>
</kw>
<kw name="Log" owner="BuiltIn">
<msg time="2025-10-03T17:05:29.934871" level="INFO">{"success":true,"data":{"_id":"68e02c89c0b485c13e7b5184","name":"Kurt Cobain","email":"kurt@nirvana.com","role":"user","token":"eyJhbGciOiJIUzI1NiIsInR5cCI6IkpXVCJ9.eyJpZCI6IjY4ZTAyYzg5YzBiNDg1YzEzZTdiNTE4NCIsImlhdCI6MTc1OTUyMTkyOSwiZXhwIjoxNzU5NjA4MzI5fQ.OBDitOP1pOZYdh5l4ELQZw3wlONd5EZbzGMtXLPzEEA"}}</msg>
<arg>${response.content}</arg>
<doc>Logs the given message with the given level.</doc>
<status status="PASS" start="2025-10-03T17:05:29.934297" elapsed="0.000633"/>
</kw>
<kw name="Log" owner="BuiltIn">
<msg time="2025-10-03T17:05:29.935559" level="INFO">201</msg>
<arg>${response.status_code}</arg>
<doc>Logs the given message with the given level.</doc>
<status status="PASS" start="2025-10-03T17:05:29.935093" elapsed="0.000522"/>
</kw>
<arg>${customer_user}[name]</arg>
<arg>${customer_user}[email]</arg>
<arg>${customer_user}[password]</arg>
<status status="PASS" start="2025-10-03T17:05:29.806925" elapsed="0.128773"/>
</kw>
<arg>${customer_user}</arg>
<status status="PASS" start="2025-10-03T17:05:29.806198" elapsed="0.129575"/>
</kw>
<kw name="Validate Status Code &quot;201&quot;" owner="common" source_name="Validate Status Code &quot;${statuscode}&quot;">
<kw name="Variable Should Exist" owner="BuiltIn">
<arg>${response}</arg>
<arg>response não foi definida. Verifique a requisição</arg>
<doc>Fails unless the given variable exists within the current scope.</doc>
<status status="PASS" start="2025-10-03T17:05:29.936445" elapsed="0.000270"/>
</kw>
<kw name="Should Be True" owner="BuiltIn">
<arg>${response.status_code} == ${statuscode}</arg>
<doc>Fails if the given condition is not true.</doc>
<status status="PASS" start="2025-10-03T17:05:29.936905" elapsed="0.001033"/>
</kw>
<status status="PASS" start="2025-10-03T17:05:29.936059" elapsed="0.001966"/>
</kw>
<kw name="Validar Success" owner="common">
<kw name="Variable Should Exist" owner="BuiltIn">
<arg>${response}</arg>
<arg>response não foi definida. Verifique a requisição</arg>
<doc>Fails unless the given variable exists within the current scope.</doc>
<status status="PASS" start="2025-10-03T17:05:29.938714" elapsed="0.000223"/>
</kw>
<kw name="Set Variable" owner="BuiltIn">
<msg time="2025-10-03T17:05:29.939624" level="INFO">${response_success} = True</msg>
<var>${response_success}</var>
<arg>${response.json()['success']}</arg>
<doc>Returns the given values which can then be assigned to a variables.</doc>
<status status="PASS" start="2025-10-03T17:05:29.939116" elapsed="0.000542"/>
</kw>
<kw name="Should Be Equal" owner="BuiltIn">
<arg>${response_success}</arg>
<arg>${expected_success}</arg>
<arg>msg=Campo success inesperado. Esperado: ${expected_success}, Obtido: ${response_success}</arg>
<doc>Fails if the given objects are unequal.</doc>
<status status="PASS" start="2025-10-03T17:05:29.939834" elapsed="0.000370"/>
</kw>
<arg>${True}</arg>
<status status="PASS" start="2025-10-03T17:05:29.938309" elapsed="0.001982"/>
</kw>
<tag>CT001-auth</tag>
<status status="PASS" start="2025-10-03T17:05:29.802276" elapsed="0.138204"/>
</test>
<test id="s1-s1-t2" name="CT002.001 - Fazer Login com dados válidos" line="22">
<kw name="Create Dictionary" owner="BuiltIn">
<msg time="2025-10-03T17:05:29.941611" level="INFO">${customer_user} = {'name': 'Kurt Cobain', 'email': 'kurt@nirvana.com', 'password': 'pwd12345'}</msg>
<var>${customer_user}</var>
<arg>name=Kurt Cobain</arg>
<arg>email=kurt@nirvana.com</arg>
<arg>password=pwd12345</arg>
<doc>Creates and returns a dictionary based on the given ``items``.</doc>
<status status="PASS" start="2025-10-03T17:05:29.941236" elapsed="0.000420"/>
</kw>
<kw name="Clean user from database" owner="database">
<msg time="2025-10-03T17:05:29.943319" level="INFO">Removed user with email: kurt@nirvana.com</msg>
<arg>${customer_user}[email]</arg>
<status status="PASS" start="2025-10-03T17:05:29.941873" elapsed="0.001542"/>
</kw>
<kw name="Criar Cliente Valido" owner="CreateUserKeywords">
<kw name="POST Endpoint /auth/register" owner="CreateUserKeywords">
<kw name="Create Dictionary" owner="BuiltIn">
<msg time="2025-10-03T17:05:29.946437" level="INFO">&amp;{header} = { Content-Type=application/json }</msg>
<var>&amp;{header}</var>
<arg>Content-Type=application/json</arg>
<doc>Creates and returns a dictionary based on the given ``items``.</doc>
<status status="PASS" start="2025-10-03T17:05:29.946164" elapsed="0.000317"/>
</kw>
<kw name="Create Dictionary" owner="BuiltIn">
<msg time="2025-10-03T17:05:29.947141" level="INFO">${payload} = {'name': 'Kurt Cobain', 'email': 'kurt@nirvana.com', 'password': 'pwd12345'}</msg>
<var>${payload}</var>
<arg>name=${name}</arg>
<arg>email=${email}</arg>
<arg>password=${password}</arg>
<doc>Creates and returns a dictionary based on the given ``items``.</doc>
<status status="PASS" start="2025-10-03T17:05:29.946722" elapsed="0.000454"/>
</kw>
<kw name="POST On Session" owner="RequestsLibrary">
<msg time="2025-10-03T17:05:30.062792" level="INFO">POST Request : url=http://localhost:3000/api/v1/auth/register 
 path_url=/api/v1/auth/register 
 headers={'User-Agent': 'python-requests/2.32.5', 'Accept-Encoding': 'gzip, deflate', 'Accept': '*/*', 'Connection': 'keep-alive', 'Content-Type': 'application/json', 'Content-Length': '76'} 
 body=b'{"name": "Kurt Cobain", "email": "kurt@nirvana.com", "password": "pwd12345"}' 
 </msg>
<msg time="2025-10-03T17:05:30.062946" level="INFO">POST Response : url=http://localhost:3000/api/v1/auth/register 
 status=201, reason=Created 
 headers={'X-Powered-By': 'Express', 'Access-Control-Allow-Origin': '*', 'Content-Type': 'application/json; charset=utf-8', 'Content-Length': '302', 'ETag': 'W/"12e-fH9HdqRGk0o5YxlVTyeiytYvAGg"', 'Date': 'Fri, 03 Oct 2025 20:05:30 GMT', 'Connection': 'keep-alive', 'Keep-Alive': 'timeout=5'} 
 body={"success":true,"data":{"_id":"68e02c89c0b485c13e7b5187","name":"Kurt Cobain","email":"kurt@nirvana.com","role":"user","token":"eyJhbGciOiJIUzI1NiIsInR5cCI6IkpXVCJ9.eyJpZCI6IjY4ZTAyYzg5YzBiNDg1YzEzZTdiNTE4NyIsImlhdCI6MTc1OTUyMTkzMCwiZXhwIjoxNzU5NjA4MzMwfQ.-1Txe4Uhb1vNvlYoz59aE3CeIsmNZtJfu2SadTtIRUo"}} 
 </msg>
<msg time="2025-10-03T17:05:30.063207" level="INFO">${response} = &lt;Response [201]&gt;</msg>
<var>${response}</var>
<arg>CinemaApp</arg>
<arg>url=/auth/register</arg>
<arg>json=${payload}</arg>
<arg>headers=${header}</arg>
<arg>expected_status=any</arg>
<doc>Sends a POST request on a previously created HTTP Session.</doc>
<status status="PASS" start="2025-10-03T17:05:29.947355" elapsed="0.115905"/>
</kw>
<kw name="Set Global Variable" owner="BuiltIn">
<msg time="2025-10-03T17:05:30.064194" level="INFO">${response} = &lt;Response [201]&gt;</msg>
<arg>${response}</arg>
<doc>Makes a variable available globally in all tests and suites.</doc>
<status status="PASS" start="2025-10-03T17:05:30.063646" elapsed="0.000604"/>
</kw>
<kw name="Log" owner="BuiltIn">
<msg time="2025-10-03T17:05:30.064906" level="INFO">{"success":true,"data":{"_id":"68e02c89c0b485c13e7b5187","name":"Kurt Cobain","email":"kurt@nirvana.com","role":"user","token":"eyJhbGciOiJIUzI1NiIsInR5cCI6IkpXVCJ9.eyJpZCI6IjY4ZTAyYzg5YzBiNDg1YzEzZTdiNTE4NyIsImlhdCI6MTc1OTUyMTkzMCwiZXhwIjoxNzU5NjA4MzMwfQ.-1Txe4Uhb1vNvlYoz59aE3CeIsmNZtJfu2SadTtIRUo"}}</msg>
<arg>${response.content}</arg>
<doc>Logs the given message with the given level.</doc>
<status status="PASS" start="2025-10-03T17:05:30.064413" elapsed="0.000548"/>
</kw>
<kw name="Log" owner="BuiltIn">
<msg time="2025-10-03T17:05:30.065587" level="INFO">201</msg>
<arg>${response.status_code}</arg>
<doc>Logs the given message with the given level.</doc>
<status status="PASS" start="2025-10-03T17:05:30.065151" elapsed="0.000488"/>
</kw>
<arg>${customer_user}[name]</arg>
<arg>${customer_user}[email]</arg>
<arg>${customer_user}[password]</arg>
<status status="PASS" start="2025-10-03T17:05:29.945156" elapsed="0.120553"/>
</kw>
<arg>${customer_user}</arg>
<status status="PASS" start="2025-10-03T17:05:29.944007" elapsed="0.121775"/>
</kw>
<kw name="Fazer Login" owner="LoginKeywords">
<kw name="POST Endpoint /auth/login" owner="LoginKeywords">
<kw name="Create Dictionary" owner="BuiltIn">
<msg time="2025-10-03T17:05:30.067572" level="INFO">${payload} = {'email': 'kurt@nirvana.com', 'password': 'pwd12345'}</msg>
<var>${payload}</var>
<arg>email=${email}</arg>
<arg>password=${password}</arg>
<doc>Creates and returns a dictionary based on the given ``items``.</doc>
<status status="PASS" start="2025-10-03T17:05:30.067020" elapsed="0.000602"/>
</kw>
<kw name="POST On Session" owner="RequestsLibrary">
<msg time="2025-10-03T17:05:30.178992" level="INFO">POST Request : url=http://localhost:3000/api/v1/auth/login 
 path_url=/api/v1/auth/login 
 headers={'User-Agent': 'python-requests/2.32.5', 'Accept-Encoding': 'gzip, deflate', 'Accept': '*/*', 'Connection': 'keep-alive', 'Content-Length': '53', 'Content-Type': 'application/json'} 
 body=b'{"email": "kurt@nirvana.com", "password": "pwd12345"}' 
 </msg>
<msg time="2025-10-03T17:05:30.179086" level="INFO">POST Response : url=http://localhost:3000/api/v1/auth/login 
 status=200, reason=OK 
 headers={'X-Powered-By': 'Express', 'Access-Control-Allow-Origin': '*', 'Content-Type': 'application/json; charset=utf-8', 'Content-Length': '302', 'ETag': 'W/"12e-fH9HdqRGk0o5YxlVTyeiytYvAGg"', 'Date': 'Fri, 03 Oct 2025 20:05:30 GMT', 'Connection': 'keep-alive', 'Keep-Alive': 'timeout=5'} 
 body={"success":true,"data":{"_id":"68e02c89c0b485c13e7b5187","name":"Kurt Cobain","email":"kurt@nirvana.com","role":"user","token":"eyJhbGciOiJIUzI1NiIsInR5cCI6IkpXVCJ9.eyJpZCI6IjY4ZTAyYzg5YzBiNDg1YzEzZTdiNTE4NyIsImlhdCI6MTc1OTUyMTkzMCwiZXhwIjoxNzU5NjA4MzMwfQ.-1Txe4Uhb1vNvlYoz59aE3CeIsmNZtJfu2SadTtIRUo"}} 
 </msg>
<msg time="2025-10-03T17:05:30.179278" level="INFO">${response} = &lt;Response [200]&gt;</msg>
<var>${response}</var>
<arg>alias=CinemaApp</arg>
<arg>url=/auth/login</arg>
<arg>json=${payload}</arg>
<arg>expected_status=any</arg>
<doc>Sends a POST request on a previously created HTTP Session.</doc>
<status status="PASS" start="2025-10-03T17:05:30.067941" elapsed="0.111371"/>
</kw>
<kw name="Set Global Variable" owner="BuiltIn">
<msg time="2025-10-03T17:05:30.179832" level="INFO">${response} = &lt;Response [200]&gt;</msg>
<arg>${response}</arg>
<doc>Makes a variable available globally in all tests and suites.</doc>
<status status="PASS" start="2025-10-03T17:05:30.179548" elapsed="0.000335"/>
</kw>
<kw name="Run Keyword If" owner="BuiltIn">
<kw name="Extract JWT" owner="LoginKeywords">
<kw name="Set Variable" owner="BuiltIn">
<msg time="2025-10-03T17:05:30.182209" level="INFO">${token} = eyJhbGciOiJIUzI1NiIsInR5cCI6IkpXVCJ9.eyJpZCI6IjY4ZTAyYzg5YzBiNDg1YzEzZTdiNTE4NyIsImlhdCI6MTc1OTUyMTkzMCwiZXhwIjoxNzU5NjA4MzMwfQ.-1Txe4Uhb1vNvlYoz59aE3CeIsmNZtJfu2SadTtIRUo</msg>
<var>${token}</var>
<arg>${response.json()['data']['token']}</arg>
<doc>Returns the given values which can then be assigned to a variables.</doc>
<status status="PASS" start="2025-10-03T17:05:30.181654" elapsed="0.000597"/>
</kw>
<kw name="Log" owner="BuiltIn">
<msg time="2025-10-03T17:05:30.182559" level="INFO">Token obtido: eyJhbGciOiJIUzI1NiIsInR5cCI6IkpXVCJ9.eyJpZCI6IjY4ZTAyYzg5YzBiNDg1YzEzZTdiNTE4NyIsImlhdCI6MTc1OTUyMTkzMCwiZXhwIjoxNzU5NjA4MzMwfQ.-1Txe4Uhb1vNvlYoz59aE3CeIsmNZtJfu2SadTtIRUo</msg>
<arg>Token obtido: ${token}</arg>
<doc>Logs the given message with the given level.</doc>
<status status="PASS" start="2025-10-03T17:05:30.182414" elapsed="0.000197"/>
</kw>
<kw name="Set Global Variable" owner="BuiltIn">
<msg time="2025-10-03T17:05:30.183192" level="INFO">${token} = eyJhbGciOiJIUzI1NiIsInR5cCI6IkpXVCJ9.eyJpZCI6IjY4ZTAyYzg5YzBiNDg1YzEzZTdiNTE4NyIsImlhdCI6MTc1OTUyMTkzMCwiZXhwIjoxNzU5NjA4MzMwfQ.-1Txe4Uhb1vNvlYoz59aE3CeIsmNZtJfu2SadTtIRUo</msg>
<arg>${token}</arg>
<doc>Makes a variable available globally in all tests and suites.</doc>
<status status="PASS" start="2025-10-03T17:05:30.182861" elapsed="0.000427"/>
</kw>
<status status="PASS" start="2025-10-03T17:05:30.181153" elapsed="0.002227"/>
</kw>
<arg>${response.status_code} == 200</arg>
<arg>Extract JWT</arg>
<doc>Runs the given keyword with the given arguments, if ``condition`` is true.</doc>
<status status="PASS" start="2025-10-03T17:05:30.180051" elapsed="0.003382"/>
</kw>
<kw name="Log" owner="BuiltIn">
<msg time="2025-10-03T17:05:30.184032" level="INFO">{"success":true,"data":{"_id":"68e02c89c0b485c13e7b5187","name":"Kurt Cobain","email":"kurt@nirvana.com","role":"user","token":"eyJhbGciOiJIUzI1NiIsInR5cCI6IkpXVCJ9.eyJpZCI6IjY4ZTAyYzg5YzBiNDg1YzEzZTdiNTE4NyIsImlhdCI6MTc1OTUyMTkzMCwiZXhwIjoxNzU5NjA4MzMwfQ.-1Txe4Uhb1vNvlYoz59aE3CeIsmNZtJfu2SadTtIRUo"}}</msg>
<arg>${response.content}</arg>
<doc>Logs the given message with the given level.</doc>
<status status="PASS" start="2025-10-03T17:05:30.183583" elapsed="0.000501"/>
</kw>
<arg>${user}[email]</arg>
<arg>${user}[password]</arg>
<status status="PASS" start="2025-10-03T17:05:30.066517" elapsed="0.117671"/>
</kw>
<arg>${customer_user}</arg>
<status status="PASS" start="2025-10-03T17:05:30.066055" elapsed="0.118232"/>
</kw>
<kw name="Validate Status Code &quot;200&quot;" owner="common" source_name="Validate Status Code &quot;${statuscode}&quot;">
<kw name="Variable Should Exist" owner="BuiltIn">
<arg>${response}</arg>
<arg>response não foi definida. Verifique a requisição</arg>
<doc>Fails unless the given variable exists within the current scope.</doc>
<status status="PASS" start="2025-10-03T17:05:30.185011" elapsed="0.000353"/>
</kw>
<kw name="Should Be True" owner="BuiltIn">
<arg>${response.status_code} == ${statuscode}</arg>
<doc>Fails if the given condition is not true.</doc>
<status status="PASS" start="2025-10-03T17:05:30.185573" elapsed="0.000977"/>
</kw>
<status status="PASS" start="2025-10-03T17:05:30.184616" elapsed="0.002016"/>
</kw>
<kw name="Validar Success" owner="common">
<kw name="Variable Should Exist" owner="BuiltIn">
<arg>${response}</arg>
<arg>response não foi definida. Verifique a requisição</arg>
<doc>Fails unless the given variable exists within the current scope.</doc>
<status status="PASS" start="2025-10-03T17:05:30.187336" elapsed="0.000213"/>
</kw>
<kw name="Set Variable" owner="BuiltIn">
<msg time="2025-10-03T17:05:30.188238" level="INFO">${response_success} = True</msg>
<var>${response_success}</var>
<arg>${response.json()['success']}</arg>
<doc>Returns the given values which can then be assigned to a variables.</doc>
<status status="PASS" start="2025-10-03T17:05:30.187718" elapsed="0.000554"/>
</kw>
<kw name="Should Be Equal" owner="BuiltIn">
<arg>${response_success}</arg>
<arg>${expected_success}</arg>
<arg>msg=Campo success inesperado. Esperado: ${expected_success}, Obtido: ${response_success}</arg>
<doc>Fails if the given objects are unequal.</doc>
<status status="PASS" start="2025-10-03T17:05:30.188448" elapsed="0.000363"/>
</kw>
<arg>${True}</arg>
<status status="PASS" start="2025-10-03T17:05:30.186915" elapsed="0.001976"/>
</kw>
<tag>CT002-auth</tag>
<status status="PASS" start="2025-10-03T17:05:29.940771" elapsed="0.248294"/>
</test>
<doc>Testes para o endpoint /auth</doc>
<status status="PASS" start="2025-10-03T17:05:29.513580" elapsed="0.676027"/>
</suite>
<suite id="s1-s2" name="Movies Tests" source="/home/rafael/Documentos/Compass/AtualizadoPC/PB-Quality-Engineering/Documentos/Semana 15 - Challenge Final/cinemaApp-tests/api/tests/movies_tests.robot">
<kw name="Make New Session" owner="base" type="SETUP">
<kw name="Create Session" owner="RequestsLibrary">
<msg time="2025-10-03T17:05:30.197914" level="INFO">Creating Session using : alias=CinemaApp, url=http://localhost:3000/api/v1, headers={},                     cookies={}, auth=None, timeout=None, proxies=None, verify=False,                     debug=0 </msg>
<arg>CinemaApp</arg>
<arg>url=${BASE_URL}</arg>
<doc>Create Session: create a HTTP session to a server</doc>
<status status="PASS" start="2025-10-03T17:05:30.197574" elapsed="0.000668"/>
</kw>
<status status="PASS" start="2025-10-03T17:05:30.196851" elapsed="0.001529"/>
</kw>
<test id="s1-s2-t1" name="CT004.001 - Cadastrar um Filme" line="10">
<kw name="Create List" owner="BuiltIn">
<msg time="2025-10-03T17:05:30.199207" level="INFO">${genres} = ['Drama']</msg>
<var>${genres}</var>
<arg>Drama</arg>
<doc>Returns a list containing given items.</doc>
<status status="PASS" start="2025-10-03T17:05:30.199015" elapsed="0.000226"/>
</kw>
<kw name="Create Dictionary" owner="BuiltIn">
<msg time="2025-10-03T17:05:30.199802" level="INFO">${movie} = {'title': 'Manchester à Beira-Mar', 'synopsis': 'Em Manchester à Beira-Mar, Lee Chandler é forçado a retornar para sua cidade natal com o objetivo de tomar conta de seu sobrinho adolescente, após o se...</msg>
<var>${movie}</var>
<arg>title=Manchester à Beira-Mar</arg>
<arg>synopsis=Em Manchester à Beira-Mar, Lee Chandler é forçado a retornar para sua cidade natal com o objetivo de tomar conta de seu sobrinho adolescente, após o seu irmão Kyle Chandler falecer precocemente. Este retorno ficará ainda mais complicado quando Lee precisar enfrentar as razões que o fizeram deixar sua família e ir embora, anos antes.</arg>
<arg>director=Kenneth Lonergan</arg>
<arg>genres=${genres}</arg>
<arg>duration=137</arg>
<arg>classification=+14</arg>
<arg>poster=manchester_poster.jpg</arg>
<arg>releaseDate=2016-11-18</arg>
<doc>Creates and returns a dictionary based on the given ``items``.</doc>
<status status="PASS" start="2025-10-03T17:05:30.199455" elapsed="0.000384"/>
</kw>
<kw name="Clean Movie from Database" owner="database">
<msg time="2025-10-03T17:05:30.202266" level="INFO">Searching for movie with title: Manchester à Beira-Mar
Movie found: {'_id': ObjectId('68e02c36c0b485c13e7b50dd'), 'title': 'Manchester à Beira-Mar', 'synopsis': 'Em Manchester à Beira-Mar, Lee Chandler é forçado a retornar para sua cidade natal com o objetivo de tomar conta de seu sobrinho adolescente, após o seu irmão Kyle Chandler falecer precocemente. Este retorno ficará ainda mais complicado quando Lee precisar enfrentar as razões que o fizeram deixar sua família e ir embora, anos antes.', 'director': 'Kenneth Lonergan', 'genres': ['Drama'], 'duration': 137, 'classification': '+14', 'poster': 'manchester_poster.jpg', 'releaseDate': datetime.datetime(2016, 11, 18, 0, 0), 'createdAt': datetime.datetime(2025, 10, 3, 20, 4, 6, 407000), 'updatedAt': datetime.datetime(2025, 10, 3, 20, 4, 6, 407000), '__v': 0}
Movies with title 'Manchester à Beira-Mar' deleted. Count: 1</msg>
<arg>${movie}[title]</arg>
<status status="PASS" start="2025-10-03T17:05:30.200059" elapsed="0.002302"/>
</kw>
<kw name="Criar filme" owner="CreateMovieKeywords">
<kw name="Utilizar Token de Administrador" owner="common">
<kw name="Create Dictionary" owner="BuiltIn">
<msg time="2025-10-03T17:05:30.203761" level="INFO">${admin_user} = {'name': ' Lex Luthr', 'email': 'lex.luthor@lexcorp.com', 'password': 'pwd12345'}</msg>
<var>${admin_user}</var>
<arg>name= Lex Luthr</arg>
<arg>email=lex.luthor@lexcorp.com</arg>
<arg>password=pwd12345</arg>
<doc>Creates and returns a dictionary based on the given ``items``.</doc>
<status status="PASS" start="2025-10-03T17:05:30.203473" elapsed="0.000327"/>
</kw>
<kw name="POST Endpoint /auth/register" owner="CreateUserKeywords">
<kw name="Create Dictionary" owner="BuiltIn">
<msg time="2025-10-03T17:05:30.204994" level="INFO">&amp;{header} = { Content-Type=application/json }</msg>
<var>&amp;{header}</var>
<arg>Content-Type=application/json</arg>
<doc>Creates and returns a dictionary based on the given ``items``.</doc>
<status status="PASS" start="2025-10-03T17:05:30.204747" elapsed="0.000292"/>
</kw>
<kw name="Create Dictionary" owner="BuiltIn">
<msg time="2025-10-03T17:05:30.206507" level="INFO">${payload} = {'name': ' Lex Luthr', 'email': 'lex.luthor@lexcorp.com', 'password': 'pwd12345'}</msg>
<var>${payload}</var>
<arg>name=${name}</arg>
<arg>email=${email}</arg>
<arg>password=${password}</arg>
<doc>Creates and returns a dictionary based on the given ``items``.</doc>
<status status="PASS" start="2025-10-03T17:05:30.205594" elapsed="0.000975"/>
</kw>
<kw name="POST On Session" owner="RequestsLibrary">
<msg time="2025-10-03T17:05:30.211934" level="INFO">POST Request : url=http://localhost:3000/api/v1/auth/register 
 path_url=/api/v1/auth/register 
 headers={'User-Agent': 'python-requests/2.32.5', 'Accept-Encoding': 'gzip, deflate', 'Accept': '*/*', 'Connection': 'keep-alive', 'Content-Type': 'application/json', 'Content-Length': '81'} 
 body=b'{"name": " Lex Luthr", "email": "lex.luthor@lexcorp.com", "password": "pwd12345"}' 
 </msg>
<msg time="2025-10-03T17:05:30.212034" level="INFO">POST Response : url=http://localhost:3000/api/v1/auth/register 
 status=400, reason=Bad Request 
 headers={'X-Powered-By': 'Express', 'Access-Control-Allow-Origin': '*', 'Content-Type': 'application/json; charset=utf-8', 'Content-Length': '49', 'ETag': 'W/"31-WKEMg8zALB1Ko0WjUHi/6RBGHVc"', 'Date': 'Fri, 03 Oct 2025 20:05:30 GMT', 'Connection': 'keep-alive', 'Keep-Alive': 'timeout=5'} 
 body={"success":false,"message":"User already exists"} 
 </msg>
<msg time="2025-10-03T17:05:30.212203" level="INFO">${response} = &lt;Response [400]&gt;</msg>
<var>${response}</var>
<arg>CinemaApp</arg>
<arg>url=/auth/register</arg>
<arg>json=${payload}</arg>
<arg>headers=${header}</arg>
<arg>expected_status=any</arg>
<doc>Sends a POST request on a previously created HTTP Session.</doc>
<status status="PASS" start="2025-10-03T17:05:30.206855" elapsed="0.005385"/>
</kw>
<kw name="Set Global Variable" owner="BuiltIn">
<msg time="2025-10-03T17:05:30.212817" level="INFO">${response} = &lt;Response [400]&gt;</msg>
<arg>${response}</arg>
<doc>Makes a variable available globally in all tests and suites.</doc>
<status status="PASS" start="2025-10-03T17:05:30.212494" elapsed="0.000377"/>
</kw>
<kw name="Log" owner="BuiltIn">
<msg time="2025-10-03T17:05:30.213625" level="INFO">{"success":false,"message":"User already exists"}</msg>
<arg>${response.content}</arg>
<doc>Logs the given message with the given level.</doc>
<status status="PASS" start="2025-10-03T17:05:30.213034" elapsed="0.000649"/>
</kw>
<kw name="Log" owner="BuiltIn">
<msg time="2025-10-03T17:05:30.214482" level="INFO">400</msg>
<arg>${response.status_code}</arg>
<doc>Logs the given message with the given level.</doc>
<status status="PASS" start="2025-10-03T17:05:30.213845" elapsed="0.000729"/>
</kw>
<arg>${admin_user}[name]</arg>
<arg>${admin_user}[email]</arg>
<arg>${admin_user}[password]</arg>
<status status="PASS" start="2025-10-03T17:05:30.204132" elapsed="0.010564"/>
</kw>
<kw name="POST Endpoint /auth/login" owner="LoginKeywords">
<kw name="Create Dictionary" owner="BuiltIn">
<msg time="2025-10-03T17:05:30.216159" level="INFO">${payload} = {'email': 'lex.luthor@lexcorp.com', 'password': 'pwd12345'}</msg>
<var>${payload}</var>
<arg>email=${email}</arg>
<arg>password=${password}</arg>
<doc>Creates and returns a dictionary based on the given ``items``.</doc>
<status status="PASS" start="2025-10-03T17:05:30.215805" elapsed="0.000391"/>
</kw>
<kw name="POST On Session" owner="RequestsLibrary">
<msg time="2025-10-03T17:05:30.330137" level="INFO">POST Request : url=http://localhost:3000/api/v1/auth/login 
 path_url=/api/v1/auth/login 
 headers={'User-Agent': 'python-requests/2.32.5', 'Accept-Encoding': 'gzip, deflate', 'Accept': '*/*', 'Connection': 'keep-alive', 'Content-Length': '59', 'Content-Type': 'application/json'} 
 body=b'{"email": "lex.luthor@lexcorp.com", "password": "pwd12345"}' 
 </msg>
<msg time="2025-10-03T17:05:30.330244" level="INFO">POST Response : url=http://localhost:3000/api/v1/auth/login 
 status=200, reason=OK 
 headers={'X-Powered-By': 'Express', 'Access-Control-Allow-Origin': '*', 'Content-Type': 'application/json; charset=utf-8', 'Content-Length': '308', 'ETag': 'W/"134-6g6ODFP3edLRVB0JXzmD4Jkreps"', 'Date': 'Fri, 03 Oct 2025 20:05:30 GMT', 'Connection': 'keep-alive', 'Keep-Alive': 'timeout=5'} 
 body={"success":true,"data":{"_id":"68dd5eeb21ab0711adb801cc","name":"Lex Luthor","email":"lex.luthor@lexcorp.com","role":"admin","token":"eyJhbGciOiJIUzI1NiIsInR5cCI6IkpXVCJ9.eyJpZCI6IjY4ZGQ1ZWViMjFhYjA3MTFhZGI4MDFjYyIsImlhdCI6MTc1OTUyMTkzMCwiZXhwIjoxNzU5NjA4MzMwfQ.adCVdQcCUmzuC4YvsVKN5KGa4UWCMTLNKnyT335tSBM"}} 
 </msg>
<msg time="2025-10-03T17:05:30.330386" level="INFO">${response} = &lt;Response [200]&gt;</msg>
<var>${response}</var>
<arg>alias=CinemaApp</arg>
<arg>url=/auth/login</arg>
<arg>json=${payload}</arg>
<arg>expected_status=any</arg>
<doc>Sends a POST request on a previously created HTTP Session.</doc>
<status status="PASS" start="2025-10-03T17:05:30.216372" elapsed="0.114048"/>
</kw>
<kw name="Set Global Variable" owner="BuiltIn">
<msg time="2025-10-03T17:05:30.331216" level="INFO">${response} = &lt;Response [200]&gt;</msg>
<arg>${response}</arg>
<doc>Makes a variable available globally in all tests and suites.</doc>
<status status="PASS" start="2025-10-03T17:05:30.330692" elapsed="0.000603"/>
</kw>
<kw name="Run Keyword If" owner="BuiltIn">
<kw name="Extract JWT" owner="LoginKeywords">
<kw name="Set Variable" owner="BuiltIn">
<msg time="2025-10-03T17:05:30.334287" level="INFO">${token} = eyJhbGciOiJIUzI1NiIsInR5cCI6IkpXVCJ9.eyJpZCI6IjY4ZGQ1ZWViMjFhYjA3MTFhZGI4MDFjYyIsImlhdCI6MTc1OTUyMTkzMCwiZXhwIjoxNzU5NjA4MzMwfQ.adCVdQcCUmzuC4YvsVKN5KGa4UWCMTLNKnyT335tSBM</msg>
<var>${token}</var>
<arg>${response.json()['data']['token']}</arg>
<doc>Returns the given values which can then be assigned to a variables.</doc>
<status status="PASS" start="2025-10-03T17:05:30.333258" elapsed="0.001099"/>
</kw>
<kw name="Log" owner="BuiltIn">
<msg time="2025-10-03T17:05:30.334878" level="INFO">Token obtido: eyJhbGciOiJIUzI1NiIsInR5cCI6IkpXVCJ9.eyJpZCI6IjY4ZGQ1ZWViMjFhYjA3MTFhZGI4MDFjYyIsImlhdCI6MTc1OTUyMTkzMCwiZXhwIjoxNzU5NjA4MzMwfQ.adCVdQcCUmzuC4YvsVKN5KGa4UWCMTLNKnyT335tSBM</msg>
<arg>Token obtido: ${token}</arg>
<doc>Logs the given message with the given level.</doc>
<status status="PASS" start="2025-10-03T17:05:30.334701" elapsed="0.000231"/>
</kw>
<kw name="Set Global Variable" owner="BuiltIn">
<msg time="2025-10-03T17:05:30.335430" level="INFO">${token} = eyJhbGciOiJIUzI1NiIsInR5cCI6IkpXVCJ9.eyJpZCI6IjY4ZGQ1ZWViMjFhYjA3MTFhZGI4MDFjYyIsImlhdCI6MTc1OTUyMTkzMCwiZXhwIjoxNzU5NjA4MzMwfQ.adCVdQcCUmzuC4YvsVKN5KGa4UWCMTLNKnyT335tSBM</msg>
<arg>${token}</arg>
<doc>Makes a variable available globally in all tests and suites.</doc>
<status status="PASS" start="2025-10-03T17:05:30.335126" elapsed="0.000356"/>
</kw>
<status status="PASS" start="2025-10-03T17:05:30.332616" elapsed="0.002942"/>
</kw>
<arg>${response.status_code} == 200</arg>
<arg>Extract JWT</arg>
<doc>Runs the given keyword with the given arguments, if ``condition`` is true.</doc>
<status status="PASS" start="2025-10-03T17:05:30.331614" elapsed="0.003999"/>
</kw>
<kw name="Log" owner="BuiltIn">
<msg time="2025-10-03T17:05:30.336314" level="INFO">{"success":true,"data":{"_id":"68dd5eeb21ab0711adb801cc","name":"Lex Luthor","email":"lex.luthor@lexcorp.com","role":"admin","token":"eyJhbGciOiJIUzI1NiIsInR5cCI6IkpXVCJ9.eyJpZCI6IjY4ZGQ1ZWViMjFhYjA3MTFhZGI4MDFjYyIsImlhdCI6MTc1OTUyMTkzMCwiZXhwIjoxNzU5NjA4MzMwfQ.adCVdQcCUmzuC4YvsVKN5KGa4UWCMTLNKnyT335tSBM"}}</msg>
<arg>${response.content}</arg>
<doc>Logs the given message with the given level.</doc>
<status status="PASS" start="2025-10-03T17:05:30.335785" elapsed="0.000583"/>
</kw>
<arg>${admin_user}[email]</arg>
<arg>${admin_user}[password]</arg>
<status status="PASS" start="2025-10-03T17:05:30.215098" elapsed="0.121336"/>
</kw>
<kw name="Set Global Variable" owner="BuiltIn">
<msg time="2025-10-03T17:05:30.336858" level="INFO">${admin_user} = {'name': ' Lex Luthr', 'email': 'lex.luthor@lexcorp.com', 'password': 'pwd12345'}</msg>
<arg>${admin_user}</arg>
<doc>Makes a variable available globally in all tests and suites.</doc>
<status status="PASS" start="2025-10-03T17:05:30.336593" elapsed="0.000395"/>
</kw>
<status status="PASS" start="2025-10-03T17:05:30.203152" elapsed="0.133907"/>
</kw>
<kw name="POST Endpoint /movies" owner="CreateMovieKeywords">
<kw name="Create Dictionary" owner="BuiltIn">
<msg time="2025-10-03T17:05:30.338522" level="INFO">&amp;{header} = { Content-Type=application/json | Authorization=Bearer eyJhbGciOiJIUzI1NiIsInR5cCI6IkpXVCJ9.eyJpZCI6IjY4ZGQ1ZWViMjFhYjA3MTFhZGI4MDFjYyIsImlhdCI6MTc1OTUyMTkzMCwiZXhwIjoxNzU5NjA4MzMwfQ.adCVdQcCUmzuC4Yvs...</msg>
<var>&amp;{header}</var>
<arg>Content-Type=application/json</arg>
<arg>Authorization=Bearer ${token}</arg>
<doc>Creates and returns a dictionary based on the given ``items``.</doc>
<status status="PASS" start="2025-10-03T17:05:30.338215" elapsed="0.000343"/>
</kw>
<kw name="Create Dictionary" owner="BuiltIn">
<msg time="2025-10-03T17:05:30.339346" level="INFO">${payload} = {'title': 'Manchester à Beira-Mar', 'synopsis': 'Em Manchester à Beira-Mar, Lee Chandler é forçado a retornar para sua cidade natal com o objetivo de tomar conta de seu sobrinho adolescente, após o se...</msg>
<var>${payload}</var>
<arg>title=${title}</arg>
<arg>synopsis=${synopsis}</arg>
<arg>director=${director}</arg>
<arg>genres=${genres}</arg>
<arg>duration=${duration}</arg>
<arg>classification=${classification}</arg>
<arg>poster=${poster}</arg>
<arg>releaseDate=${releaseDate}</arg>
<doc>Creates and returns a dictionary based on the given ``items``.</doc>
<status status="PASS" start="2025-10-03T17:05:30.338722" elapsed="0.000658"/>
</kw>
<kw name="POST On Session" owner="RequestsLibrary">
<msg time="2025-10-03T17:05:30.347654" level="INFO">POST Request : url=http://localhost:3000/api/v1/movies 
 path_url=/api/v1/movies 
 headers={'User-Agent': 'python-requests/2.32.5', 'Accept-Encoding': 'gzip, deflate', 'Accept': '*/*', 'Connection': 'keep-alive', 'Content-Type': 'application/json', 'Authorization': 'Bearer eyJhbGciOiJIUzI1NiIsInR5cCI6IkpXVCJ9.eyJpZCI6IjY4ZGQ1ZWViMjFhYjA3MTFhZGI4MDFjYyIsImlhdCI6MTc1OTUyMTkzMCwiZXhwIjoxNzU5NjA4MzMwfQ.adCVdQcCUmzuC4YvsVKN5KGa4UWCMTLNKnyT335tSBM', 'Content-Length': '591'} 
 body=b'{"title": "Manchester \\u00e0 Beira-Mar", "synopsis": "Em Manchester \\u00e0 Beira-Mar, Lee Chandler \\u00e9 for\\u00e7ado a retornar para sua cidade natal com o objetivo de tomar conta de seu sobrinho adolescente, ap\\u00f3s o seu irm\\u00e3o Kyle Chandler falecer precocemente. Este retorno ficar\\u00e1 ainda mais complicado quando Lee precisar enfrentar as raz\\u00f5es que o fizeram deixar sua fam\\u00edlia e ir embora, anos antes.", "director": "Kenneth Lonergan", "genres": ["Drama"], "duration": "137", "classification": "+14", "poster": "manchester_poster.jpg", "releaseDate": "2016-11-18"}' 
 </msg>
<msg time="2025-10-03T17:05:30.347813" level="INFO">POST Response : url=http://localhost:3000/api/v1/movies 
 status=201, reason=Created 
 headers={'X-Powered-By': 'Express', 'Access-Control-Allow-Origin': '*', 'Content-Type': 'application/json; charset=utf-8', 'Content-Length': '727', 'ETag': 'W/"2d7-l43pNoHq8GMYi0q/1pdVtCJG7jA"', 'Date': 'Fri, 03 Oct 2025 20:05:30 GMT', 'Connection': 'keep-alive', 'Keep-Alive': 'timeout=5'} 
 body={"success":true,"data":{"title":"Manchester à Beira-Mar","synopsis":"Em Manchester à Beira-Mar, Lee Chandler é forçado a retornar para sua cidade natal com o objetivo de tomar conta de seu sobrinho adolescente, após o seu irmão Kyle Chandler falecer precocemente. Este retorno ficará ainda mais complicado quando Lee precisar enfrentar as razões que o fizeram deixar sua família e ir embora, anos antes.","director":"Kenneth Lonergan","genres":["Drama"],"duration":137,"classification":"+14","poster":"manchester_poster.jpg","releaseDate":"2016-11-18T00:00:00.000Z","_id":"68e02c8ac0b485c13e7b518d","createdAt":"2025-10-03T20:05:30.344Z","updatedAt":"2025-10-03T20:05:30.344Z","__v":0,"id":"68e02c8ac0b485c13e7b518d"}} 
 </msg>
<msg time="2025-10-03T17:05:30.348046" level="INFO">${response} = &lt;Response [201]&gt;</msg>
<var>${response}</var>
<arg>alias=CinemaApp</arg>
<arg>url=/movies</arg>
<arg>json=${payload}</arg>
<arg>headers=${header}</arg>
<arg>expected_status=any</arg>
<doc>Sends a POST request on a previously created HTTP Session.</doc>
<status status="PASS" start="2025-10-03T17:05:30.339583" elapsed="0.008541"/>
</kw>
<kw name="Set Global Variable" owner="BuiltIn">
<msg time="2025-10-03T17:05:30.349004" level="INFO">${response} = &lt;Response [201]&gt;</msg>
<arg>${response}</arg>
<doc>Makes a variable available globally in all tests and suites.</doc>
<status status="PASS" start="2025-10-03T17:05:30.348507" elapsed="0.000584"/>
</kw>
<kw name="Log" owner="BuiltIn">
<msg time="2025-10-03T17:05:30.350829" level="INFO">{"success":true,"data":{"title":"Manchester Ã  Beira-Mar","synopsis":"Em Manchester Ã  Beira-Mar, Lee Chandler Ã© forÃ§ado a retornar para sua cidade natal com o objetivo de tomar conta de seu sobrinho adolescente, apÃ³s o seu irmÃ£o Kyle Chandler falecer precocemente. Este retorno ficarÃ¡ ainda mais complicado quando Lee precisar enfrentar as razÃµes que o fizeram deixar sua famÃ­lia e ir embora, anos antes.","director":"Kenneth Lonergan","genres":["Drama"],"duration":137,"classification":"+14","poster":"manchester_poster.jpg","releaseDate":"2016-11-18T00:00:00.000Z","_id":"68e02c8ac0b485c13e7b518d","createdAt":"2025-10-03T20:05:30.344Z","updatedAt":"2025-10-03T20:05:30.344Z","__v":0,"id":"68e02c8ac0b485c13e7b518d"}}</msg>
<arg>${response.content}</arg>
<doc>Logs the given message with the given level.</doc>
<status status="PASS" start="2025-10-03T17:05:30.349413" elapsed="0.001597"/>
</kw>
<arg>${movie}[title]</arg>
<arg>${movie}[synopsis]</arg>
<arg>${movie}[director]</arg>
<arg>${movie}[genres]</arg>
<arg>${movie}[duration]</arg>
<arg>${movie}[classification]</arg>
<arg>${movie}[poster]</arg>
<arg>${movie}[releaseDate]</arg>
<status status="PASS" start="2025-10-03T17:05:30.337356" elapsed="0.013871"/>
</kw>
<arg>${movie}</arg>
<status status="PASS" start="2025-10-03T17:05:30.202681" elapsed="0.148785"/>
</kw>
<kw name="Validate Status Code &quot;201&quot;" owner="common" source_name="Validate Status Code &quot;${statuscode}&quot;">
<kw name="Variable Should Exist" owner="BuiltIn">
<arg>${response}</arg>
<arg>response não foi definida. Verifique a requisição</arg>
<doc>Fails unless the given variable exists within the current scope.</doc>
<status status="PASS" start="2025-10-03T17:05:30.353438" elapsed="0.000637"/>
</kw>
<kw name="Should Be True" owner="BuiltIn">
<arg>${response.status_code} == ${statuscode}</arg>
<doc>Fails if the given condition is not true.</doc>
<status status="PASS" start="2025-10-03T17:05:30.354587" elapsed="0.002666"/>
</kw>
<status status="PASS" start="2025-10-03T17:05:30.352196" elapsed="0.005255"/>
</kw>
<kw name="Validar Success" owner="common">
<kw name="Variable Should Exist" owner="BuiltIn">
<arg>${response}</arg>
<arg>response não foi definida. Verifique a requisição</arg>
<doc>Fails unless the given variable exists within the current scope.</doc>
<status status="PASS" start="2025-10-03T17:05:30.359042" elapsed="0.000507"/>
</kw>
<kw name="Set Variable" owner="BuiltIn">
<msg time="2025-10-03T17:05:30.361204" level="INFO">${response_success} = True</msg>
<var>${response_success}</var>
<arg>${response.json()['success']}</arg>
<doc>Returns the given values which can then be assigned to a variables.</doc>
<status status="PASS" start="2025-10-03T17:05:30.359944" elapsed="0.001341"/>
</kw>
<kw name="Should Be Equal" owner="BuiltIn">
<arg>${response_success}</arg>
<arg>${expected_success}</arg>
<arg>msg=Campo success inesperado. Esperado: ${expected_success}, Obtido: ${response_success}</arg>
<doc>Fails if the given objects are unequal.</doc>
<status status="PASS" start="2025-10-03T17:05:30.361686" elapsed="0.000729"/>
</kw>
<arg>${True}</arg>
<status status="PASS" start="2025-10-03T17:05:30.358071" elapsed="0.004426"/>
</kw>
<tag>CT001</tag>
<status status="PASS" start="2025-10-03T17:05:30.198491" elapsed="0.164259"/>
</test>
<test id="s1-s2-t2" name="CT004.002 - Editar um Filme Cadastrado" line="30">
<kw name="Create List" owner="BuiltIn">
<msg time="2025-10-03T17:05:30.363677" level="INFO">${genres} = ['Drama', 'Esporitvo']</msg>
<var>${genres}</var>
<arg>Drama</arg>
<arg>Esporitvo</arg>
<doc>Returns a list containing given items.</doc>
<status status="PASS" start="2025-10-03T17:05:30.363512" elapsed="0.000198"/>
</kw>
<kw name="Create Dictionary" owner="BuiltIn">
<msg time="2025-10-03T17:05:30.364283" level="INFO">${movie_edited} = {'title': 'Rocky, um Lutador - EDITADO', 'synopsis': 'EDITADO', 'director': 'John G Avildsen', 'genres': ['Drama', 'Esporitvo'], 'duration': '130', 'classification': '+16', 'poster': 'rocky.jpg', 'rel...</msg>
<var>${movie_edited}</var>
<arg>title=Rocky, um Lutador - EDITADO</arg>
<arg>synopsis=EDITADO</arg>
<arg>director=John G Avildsen</arg>
<arg>genres=${genres}</arg>
<arg>duration=130</arg>
<arg>classification=+16</arg>
<arg>poster=rocky.jpg</arg>
<arg>releaseDate=1977-01-07</arg>
<doc>Creates and returns a dictionary based on the given ``items``.</doc>
<status status="PASS" start="2025-10-03T17:05:30.363928" elapsed="0.000404"/>
</kw>
<kw name="Clean Movie from Database" owner="database">
<msg time="2025-10-03T17:05:30.368628" level="INFO">Searching for movie with title: Rocky, um Lutador - EDITADO
Movie found: None
No movie found with title: Rocky, um Lutador - EDITADO
Existing movies: [{'_id': ObjectId('68dab7c8732acebb54566cb3'), 'title': 'Inception'}, {'_id': ObjectId('68dab7c8732acebb54566cb4'), 'title': 'The Avengers'}, {'_id': ObjectId('68dab7c8732acebb54566cb5'), 'title': 'The Shawshank Redemption'}, {'_id': ObjectId('68deac968a278fec364b0b87'), 'title': ' Pânico'}, {'_id': ObjectId('68e02c36c0b485c13e7b50e2'), 'title': 'Rocky, um Lutador'}, {'_id': ObjectId('68e02c37c0b485c13e7b50f3'), 'title': 'John Wick 4: Baba Yaga'}, {'_id': ObjectId('68e02c39c0b485c13e7b5131'), 'title': 'O Poderoso Chefão'}, {'_id': ObjectId('68e02c3ac0b485c13e7b5163'), 'title': 'The Batman'}, {'_id': ObjectId('68e02c8ac0b485c13e7b518d'), 'title': 'Manchester à Beira-Mar'}]</msg>
<arg>${movie_edited}[title]</arg>
<status status="PASS" start="2025-10-03T17:05:30.364988" elapsed="0.003782"/>
</kw>
<kw name="Fill with movie" owner="common">
<kw name="Read JSON File" owner="common">
<kw name="Load Json From File" owner="JSONLibrary">
<msg time="2025-10-03T17:05:30.370685" level="INFO">${json} = {'movie1': {'title': 'Manchester à Beira-Mar', 'synopsis': 'Em Manchester à Beira-Mar, Lee Chandler é forçado a retornar para sua cidade natal com o objetivo de tomar conta de seu sobrinho adolescente...</msg>
<var>${json}</var>
<arg>${EXECDIR}/support/fixtures/${file}</arg>
<doc>Load JSON from file.</doc>
<status status="PASS" start="2025-10-03T17:05:30.370153" elapsed="0.000578"/>
</kw>
<return>
<value>${json}</value>
<status status="PASS" start="2025-10-03T17:05:30.370808" elapsed="0.000065"/>
</return>
<msg time="2025-10-03T17:05:30.371095" level="INFO">${movies_json} = {'movie1': {'title': 'Manchester à Beira-Mar', 'synopsis': 'Em Manchester à Beira-Mar, Lee Chandler é forçado a retornar para sua cidade natal com o objetivo de tomar conta de seu sobrinho adolescente...</msg>
<var>${movies_json}</var>
<arg>movies.json</arg>
<status status="PASS" start="2025-10-03T17:05:30.369684" elapsed="0.001468"/>
</kw>
<kw name="Set Variable" owner="BuiltIn">
<msg time="2025-10-03T17:05:30.371586" level="INFO">${movie} = {'title': 'Rocky, um Lutador', 'synopsis': 'Rocky Balboa, um pequeno boxeador da classe trabalhadora da Filadélfia, é arbitrariamente escolhido para lutar contra o campeão dos pesos pesados, Apollo Cr...</msg>
<var>${movie}</var>
<arg>${movies_json}[movie${index}]</arg>
<doc>Returns the given values which can then be assigned to a variables.</doc>
<status status="PASS" start="2025-10-03T17:05:30.371338" elapsed="0.000282"/>
</kw>
<kw name="Clean Movie from Database" owner="database">
<msg time="2025-10-03T17:05:30.373659" level="INFO">Searching for movie with title: Rocky, um Lutador
Movie found: {'_id': ObjectId('68e02c36c0b485c13e7b50e2'), 'title': 'Rocky, um Lutador', 'synopsis': 'Rocky Balboa, um pequeno boxeador da classe trabalhadora da Filadélfia, é arbitrariamente escolhido para lutar contra o campeão dos pesos pesados, Apollo Creed, quando o adversário do invicto lutador agendado para a luta é ferido.', 'director': 'John G Avildsen', 'genres': ['Drama', 'Esportivo'], 'duration': 119, 'classification': '+14', 'poster': 'rocky.jpg', 'releaseDate': datetime.datetime(1977, 1, 7, 0, 0), 'createdAt': datetime.datetime(2025, 10, 3, 20, 4, 6, 579000), 'updatedAt': datetime.datetime(2025, 10, 3, 20, 4, 6, 579000), '__v': 0}
Movies with title 'Rocky, um Lutador' deleted. Count: 1</msg>
<arg>${movie}[title]</arg>
<status status="PASS" start="2025-10-03T17:05:30.371783" elapsed="0.001985"/>
</kw>
<kw name="Criar filme" owner="CreateMovieKeywords">
<kw name="Utilizar Token de Administrador" owner="common">
<kw name="Create Dictionary" owner="BuiltIn">
<msg time="2025-10-03T17:05:30.375513" level="INFO">${admin_user} = {'name': ' Lex Luthr', 'email': 'lex.luthor@lexcorp.com', 'password': 'pwd12345'}</msg>
<var>${admin_user}</var>
<arg>name= Lex Luthr</arg>
<arg>email=lex.luthor@lexcorp.com</arg>
<arg>password=pwd12345</arg>
<doc>Creates and returns a dictionary based on the given ``items``.</doc>
<status status="PASS" start="2025-10-03T17:05:30.375184" elapsed="0.000378"/>
</kw>
<kw name="POST Endpoint /auth/register" owner="CreateUserKeywords">
<kw name="Create Dictionary" owner="BuiltIn">
<msg time="2025-10-03T17:05:30.376928" level="INFO">&amp;{header} = { Content-Type=application/json }</msg>
<var>&amp;{header}</var>
<arg>Content-Type=application/json</arg>
<doc>Creates and returns a dictionary based on the given ``items``.</doc>
<status status="PASS" start="2025-10-03T17:05:30.376619" elapsed="0.000354"/>
</kw>
<kw name="Create Dictionary" owner="BuiltIn">
<msg time="2025-10-03T17:05:30.377700" level="INFO">${payload} = {'name': ' Lex Luthr', 'email': 'lex.luthor@lexcorp.com', 'password': 'pwd12345'}</msg>
<var>${payload}</var>
<arg>name=${name}</arg>
<arg>email=${email}</arg>
<arg>password=${password}</arg>
<doc>Creates and returns a dictionary based on the given ``items``.</doc>
<status status="PASS" start="2025-10-03T17:05:30.377221" elapsed="0.000523"/>
</kw>
<kw name="POST On Session" owner="RequestsLibrary">
<msg time="2025-10-03T17:05:30.382611" level="INFO">POST Request : url=http://localhost:3000/api/v1/auth/register 
 path_url=/api/v1/auth/register 
 headers={'User-Agent': 'python-requests/2.32.5', 'Accept-Encoding': 'gzip, deflate', 'Accept': '*/*', 'Connection': 'keep-alive', 'Content-Type': 'application/json', 'Content-Length': '81'} 
 body=b'{"name": " Lex Luthr", "email": "lex.luthor@lexcorp.com", "password": "pwd12345"}' 
 </msg>
<msg time="2025-10-03T17:05:30.382704" level="INFO">POST Response : url=http://localhost:3000/api/v1/auth/register 
 status=400, reason=Bad Request 
 headers={'X-Powered-By': 'Express', 'Access-Control-Allow-Origin': '*', 'Content-Type': 'application/json; charset=utf-8', 'Content-Length': '49', 'ETag': 'W/"31-WKEMg8zALB1Ko0WjUHi/6RBGHVc"', 'Date': 'Fri, 03 Oct 2025 20:05:30 GMT', 'Connection': 'keep-alive', 'Keep-Alive': 'timeout=5'} 
 body={"success":false,"message":"User already exists"} 
 </msg>
<msg time="2025-10-03T17:05:30.382839" level="INFO">${response} = &lt;Response [400]&gt;</msg>
<var>${response}</var>
<arg>CinemaApp</arg>
<arg>url=/auth/register</arg>
<arg>json=${payload}</arg>
<arg>headers=${header}</arg>
<arg>expected_status=any</arg>
<doc>Sends a POST request on a previously created HTTP Session.</doc>
<status status="PASS" start="2025-10-03T17:05:30.377977" elapsed="0.004895"/>
</kw>
<kw name="Set Global Variable" owner="BuiltIn">
<msg time="2025-10-03T17:05:30.383463" level="INFO">${response} = &lt;Response [400]&gt;</msg>
<arg>${response}</arg>
<doc>Makes a variable available globally in all tests and suites.</doc>
<status status="PASS" start="2025-10-03T17:05:30.383132" elapsed="0.000381"/>
</kw>
<kw name="Log" owner="BuiltIn">
<msg time="2025-10-03T17:05:30.384583" level="INFO">{"success":false,"message":"User already exists"}</msg>
<arg>${response.content}</arg>
<doc>Logs the given message with the given level.</doc>
<status status="PASS" start="2025-10-03T17:05:30.383840" elapsed="0.000807"/>
</kw>
<kw name="Log" owner="BuiltIn">
<msg time="2025-10-03T17:05:30.385486" level="INFO">400</msg>
<arg>${response.status_code}</arg>
<doc>Logs the given message with the given level.</doc>
<status status="PASS" start="2025-10-03T17:05:30.384837" elapsed="0.000709"/>
</kw>
<arg>${admin_user}[name]</arg>
<arg>${admin_user}[email]</arg>
<arg>${admin_user}[password]</arg>
<status status="PASS" start="2025-10-03T17:05:30.375906" elapsed="0.009718"/>
</kw>
<kw name="POST Endpoint /auth/login" owner="LoginKeywords">
<kw name="Create Dictionary" owner="BuiltIn">
<msg time="2025-10-03T17:05:30.386894" level="INFO">${payload} = {'email': 'lex.luthor@lexcorp.com', 'password': 'pwd12345'}</msg>
<var>${payload}</var>
<arg>email=${email}</arg>
<arg>password=${password}</arg>
<doc>Creates and returns a dictionary based on the given ``items``.</doc>
<status status="PASS" start="2025-10-03T17:05:30.386586" elapsed="0.000341"/>
</kw>
<kw name="POST On Session" owner="RequestsLibrary">
<msg time="2025-10-03T17:05:30.501314" level="INFO">POST Request : url=http://localhost:3000/api/v1/auth/login 
 path_url=/api/v1/auth/login 
 headers={'User-Agent': 'python-requests/2.32.5', 'Accept-Encoding': 'gzip, deflate', 'Accept': '*/*', 'Connection': 'keep-alive', 'Content-Length': '59', 'Content-Type': 'application/json'} 
 body=b'{"email": "lex.luthor@lexcorp.com", "password": "pwd12345"}' 
 </msg>
<msg time="2025-10-03T17:05:30.501424" level="INFO">POST Response : url=http://localhost:3000/api/v1/auth/login 
 status=200, reason=OK 
 headers={'X-Powered-By': 'Express', 'Access-Control-Allow-Origin': '*', 'Content-Type': 'application/json; charset=utf-8', 'Content-Length': '308', 'ETag': 'W/"134-6g6ODFP3edLRVB0JXzmD4Jkreps"', 'Date': 'Fri, 03 Oct 2025 20:05:30 GMT', 'Connection': 'keep-alive', 'Keep-Alive': 'timeout=5'} 
 body={"success":true,"data":{"_id":"68dd5eeb21ab0711adb801cc","name":"Lex Luthor","email":"lex.luthor@lexcorp.com","role":"admin","token":"eyJhbGciOiJIUzI1NiIsInR5cCI6IkpXVCJ9.eyJpZCI6IjY4ZGQ1ZWViMjFhYjA3MTFhZGI4MDFjYyIsImlhdCI6MTc1OTUyMTkzMCwiZXhwIjoxNzU5NjA4MzMwfQ.adCVdQcCUmzuC4YvsVKN5KGa4UWCMTLNKnyT335tSBM"}} 
 </msg>
<msg time="2025-10-03T17:05:30.501574" level="INFO">${response} = &lt;Response [200]&gt;</msg>
<var>${response}</var>
<arg>alias=CinemaApp</arg>
<arg>url=/auth/login</arg>
<arg>json=${payload}</arg>
<arg>expected_status=any</arg>
<doc>Sends a POST request on a previously created HTTP Session.</doc>
<status status="PASS" start="2025-10-03T17:05:30.387086" elapsed="0.114524"/>
</kw>
<kw name="Set Global Variable" owner="BuiltIn">
<msg time="2025-10-03T17:05:30.502227" level="INFO">${response} = &lt;Response [200]&gt;</msg>
<arg>${response}</arg>
<doc>Makes a variable available globally in all tests and suites.</doc>
<status status="PASS" start="2025-10-03T17:05:30.501855" elapsed="0.000427"/>
</kw>
<kw name="Run Keyword If" owner="BuiltIn">
<kw name="Extract JWT" owner="LoginKeywords">
<kw name="Set Variable" owner="BuiltIn">
<msg time="2025-10-03T17:05:30.504116" level="INFO">${token} = eyJhbGciOiJIUzI1NiIsInR5cCI6IkpXVCJ9.eyJpZCI6IjY4ZGQ1ZWViMjFhYjA3MTFhZGI4MDFjYyIsImlhdCI6MTc1OTUyMTkzMCwiZXhwIjoxNzU5NjA4MzMwfQ.adCVdQcCUmzuC4YvsVKN5KGa4UWCMTLNKnyT335tSBM</msg>
<var>${token}</var>
<arg>${response.json()['data']['token']}</arg>
<doc>Returns the given values which can then be assigned to a variables.</doc>
<status status="PASS" start="2025-10-03T17:05:30.503592" elapsed="0.000563"/>
</kw>
<kw name="Log" owner="BuiltIn">
<msg time="2025-10-03T17:05:30.504493" level="INFO">Token obtido: eyJhbGciOiJIUzI1NiIsInR5cCI6IkpXVCJ9.eyJpZCI6IjY4ZGQ1ZWViMjFhYjA3MTFhZGI4MDFjYyIsImlhdCI6MTc1OTUyMTkzMCwiZXhwIjoxNzU5NjA4MzMwfQ.adCVdQcCUmzuC4YvsVKN5KGa4UWCMTLNKnyT335tSBM</msg>
<arg>Token obtido: ${token}</arg>
<doc>Logs the given message with the given level.</doc>
<status status="PASS" start="2025-10-03T17:05:30.504339" elapsed="0.000210"/>
</kw>
<kw name="Set Global Variable" owner="BuiltIn">
<msg time="2025-10-03T17:05:30.505016" level="INFO">${token} = eyJhbGciOiJIUzI1NiIsInR5cCI6IkpXVCJ9.eyJpZCI6IjY4ZGQ1ZWViMjFhYjA3MTFhZGI4MDFjYyIsImlhdCI6MTc1OTUyMTkzMCwiZXhwIjoxNzU5NjA4MzMwfQ.adCVdQcCUmzuC4YvsVKN5KGa4UWCMTLNKnyT335tSBM</msg>
<arg>${token}</arg>
<doc>Makes a variable available globally in all tests and suites.</doc>
<status status="PASS" start="2025-10-03T17:05:30.504714" elapsed="0.000370"/>
</kw>
<status status="PASS" start="2025-10-03T17:05:30.503268" elapsed="0.001957"/>
</kw>
<arg>${response.status_code} == 200</arg>
<arg>Extract JWT</arg>
<doc>Runs the given keyword with the given arguments, if ``condition`` is true.</doc>
<status status="PASS" start="2025-10-03T17:05:30.502494" elapsed="0.002800"/>
</kw>
<kw name="Log" owner="BuiltIn">
<msg time="2025-10-03T17:05:30.505891" level="INFO">{"success":true,"data":{"_id":"68dd5eeb21ab0711adb801cc","name":"Lex Luthor","email":"lex.luthor@lexcorp.com","role":"admin","token":"eyJhbGciOiJIUzI1NiIsInR5cCI6IkpXVCJ9.eyJpZCI6IjY4ZGQ1ZWViMjFhYjA3MTFhZGI4MDFjYyIsImlhdCI6MTc1OTUyMTkzMCwiZXhwIjoxNzU5NjA4MzMwfQ.adCVdQcCUmzuC4YvsVKN5KGa4UWCMTLNKnyT335tSBM"}}</msg>
<arg>${response.content}</arg>
<doc>Logs the given message with the given level.</doc>
<status status="PASS" start="2025-10-03T17:05:30.505445" elapsed="0.000504"/>
</kw>
<arg>${admin_user}[email]</arg>
<arg>${admin_user}[password]</arg>
<status status="PASS" start="2025-10-03T17:05:30.385862" elapsed="0.120165"/>
</kw>
<kw name="Set Global Variable" owner="BuiltIn">
<msg time="2025-10-03T17:05:30.506479" level="INFO">${admin_user} = {'name': ' Lex Luthr', 'email': 'lex.luthor@lexcorp.com', 'password': 'pwd12345'}</msg>
<arg>${admin_user}</arg>
<doc>Makes a variable available globally in all tests and suites.</doc>
<status status="PASS" start="2025-10-03T17:05:30.506201" elapsed="0.000325"/>
</kw>
<status status="PASS" start="2025-10-03T17:05:30.374715" elapsed="0.131876"/>
</kw>
<kw name="POST Endpoint /movies" owner="CreateMovieKeywords">
<kw name="Create Dictionary" owner="BuiltIn">
<msg time="2025-10-03T17:05:30.507859" level="INFO">&amp;{header} = { Content-Type=application/json | Authorization=Bearer eyJhbGciOiJIUzI1NiIsInR5cCI6IkpXVCJ9.eyJpZCI6IjY4ZGQ1ZWViMjFhYjA3MTFhZGI4MDFjYyIsImlhdCI6MTc1OTUyMTkzMCwiZXhwIjoxNzU5NjA4MzMwfQ.adCVdQcCUmzuC4Yvs...</msg>
<var>&amp;{header}</var>
<arg>Content-Type=application/json</arg>
<arg>Authorization=Bearer ${token}</arg>
<doc>Creates and returns a dictionary based on the given ``items``.</doc>
<status status="PASS" start="2025-10-03T17:05:30.507579" elapsed="0.000313"/>
</kw>
<kw name="Create Dictionary" owner="BuiltIn">
<msg time="2025-10-03T17:05:30.508736" level="INFO">${payload} = {'title': 'Rocky, um Lutador', 'synopsis': 'Rocky Balboa, um pequeno boxeador da classe trabalhadora da Filadélfia, é arbitrariamente escolhido para lutar contra o campeão dos pesos pesados, Apollo Cr...</msg>
<var>${payload}</var>
<arg>title=${title}</arg>
<arg>synopsis=${synopsis}</arg>
<arg>director=${director}</arg>
<arg>genres=${genres}</arg>
<arg>duration=${duration}</arg>
<arg>classification=${classification}</arg>
<arg>poster=${poster}</arg>
<arg>releaseDate=${releaseDate}</arg>
<doc>Creates and returns a dictionary based on the given ``items``.</doc>
<status status="PASS" start="2025-10-03T17:05:30.508069" elapsed="0.000701"/>
</kw>
<kw name="POST On Session" owner="RequestsLibrary">
<msg time="2025-10-03T17:05:30.517754" level="INFO">POST Request : url=http://localhost:3000/api/v1/movies 
 path_url=/api/v1/movies 
 headers={'User-Agent': 'python-requests/2.32.5', 'Accept-Encoding': 'gzip, deflate', 'Accept': '*/*', 'Connection': 'keep-alive', 'Content-Type': 'application/json', 'Authorization': 'Bearer eyJhbGciOiJIUzI1NiIsInR5cCI6IkpXVCJ9.eyJpZCI6IjY4ZGQ1ZWViMjFhYjA3MTFhZGI4MDFjYyIsImlhdCI6MTc1OTUyMTkzMCwiZXhwIjoxNzU5NjA4MzMwfQ.adCVdQcCUmzuC4YvsVKN5KGa4UWCMTLNKnyT335tSBM', 'Content-Length': '460'} 
 body=b'{"title": "Rocky, um Lutador", "synopsis": "Rocky Balboa, um pequeno boxeador da classe trabalhadora da Filad\\u00e9lfia, \\u00e9 arbitrariamente escolhido para lutar contra o campe\\u00e3o dos pesos pesados, Apollo Creed, quando o advers\\u00e1rio do invicto lutador agendado para a luta \\u00e9 ferido.", "director": "John G Avildsen", "genres": ["Drama", "Esportivo"], "duration": 119, "classification": "+14", "poster": "rocky.jpg", "releaseDate": "1977-01-07"}' 
 </msg>
<msg time="2025-10-03T17:05:30.518055" level="INFO">POST Response : url=http://localhost:3000/api/v1/movies 
 status=201, reason=Created 
 headers={'X-Powered-By': 'Express', 'Access-Control-Allow-Origin': '*', 'Content-Type': 'application/json; charset=utf-8', 'Content-Length': '613', 'ETag': 'W/"265-Id3n8KxtFW0n7cPnjQa3FjHVrpo"', 'Date': 'Fri, 03 Oct 2025 20:05:30 GMT', 'Connection': 'keep-alive', 'Keep-Alive': 'timeout=5'} 
 body={"success":true,"data":{"title":"Rocky, um Lutador","synopsis":"Rocky Balboa, um pequeno boxeador da classe trabalhadora da Filadélfia, é arbitrariamente escolhido para lutar contra o campeão dos pesos pesados, Apollo Creed, quando o adversário do invicto lutador agendado para a luta é ferido.","director":"John G Avildsen","genres":["Drama","Esportivo"],"duration":119,"classification":"+14","poster":"rocky.jpg","releaseDate":"1977-01-07T00:00:00.000Z","_id":"68e02c8ac0b485c13e7b5192","createdAt":"2025-10-03T20:05:30.514Z","updatedAt":"2025-10-03T20:05:30.514Z","__v":0,"id":"68e02c8ac0b485c13e7b5192"}} 
 </msg>
<msg time="2025-10-03T17:05:30.518335" level="INFO">${response} = &lt;Response [201]&gt;</msg>
<var>${response}</var>
<arg>alias=CinemaApp</arg>
<arg>url=/movies</arg>
<arg>json=${payload}</arg>
<arg>headers=${header}</arg>
<arg>expected_status=any</arg>
<doc>Sends a POST request on a previously created HTTP Session.</doc>
<status status="PASS" start="2025-10-03T17:05:30.508957" elapsed="0.009432"/>
</kw>
<kw name="Set Global Variable" owner="BuiltIn">
<msg time="2025-10-03T17:05:30.519253" level="INFO">${response} = &lt;Response [201]&gt;</msg>
<arg>${response}</arg>
<doc>Makes a variable available globally in all tests and suites.</doc>
<status status="PASS" start="2025-10-03T17:05:30.518714" elapsed="0.000629"/>
</kw>
<kw name="Log" owner="BuiltIn">
<msg time="2025-10-03T17:05:30.520555" level="INFO">{"success":true,"data":{"title":"Rocky, um Lutador","synopsis":"Rocky Balboa, um pequeno boxeador da classe trabalhadora da FiladÃ©lfia, Ã© arbitrariamente escolhido para lutar contra o campeÃ£o dos pesos pesados, Apollo Creed, quando o adversÃ¡rio do invicto lutador agendado para a luta Ã© ferido.","director":"John G Avildsen","genres":["Drama","Esportivo"],"duration":119,"classification":"+14","poster":"rocky.jpg","releaseDate":"1977-01-07T00:00:00.000Z","_id":"68e02c8ac0b485c13e7b5192","createdAt":"2025-10-03T20:05:30.514Z","updatedAt":"2025-10-03T20:05:30.514Z","__v":0,"id":"68e02c8ac0b485c13e7b5192"}}</msg>
<arg>${response.content}</arg>
<doc>Logs the given message with the given level.</doc>
<status status="PASS" start="2025-10-03T17:05:30.519620" elapsed="0.001042"/>
</kw>
<arg>${movie}[title]</arg>
<arg>${movie}[synopsis]</arg>
<arg>${movie}[director]</arg>
<arg>${movie}[genres]</arg>
<arg>${movie}[duration]</arg>
<arg>${movie}[classification]</arg>
<arg>${movie}[poster]</arg>
<arg>${movie}[releaseDate]</arg>
<status status="PASS" start="2025-10-03T17:05:30.506809" elapsed="0.013978"/>
</kw>
<arg>${movie}</arg>
<status status="PASS" start="2025-10-03T17:05:30.374117" elapsed="0.146809"/>
</kw>
<kw name="Get Movie ID" owner="common">
<kw name="Get movie by title" owner="database">
<msg time="2025-10-03T17:05:30.524072" level="INFO">${movie_data} = {'_id': '68e02c8ac0b485c13e7b5192', 'title': 'Rocky, um Lutador', 'synopsis': 'Rocky Balboa, um pequeno boxeador da classe trabalhadora da Filadélfia, é arbitrariamente escolhido para lutar contra o c...</msg>
<var>${movie_data}</var>
<arg>${movie}[title]</arg>
<status status="PASS" start="2025-10-03T17:05:30.521895" elapsed="0.002266"/>
</kw>
<kw name="Set Variable" owner="BuiltIn">
<msg time="2025-10-03T17:05:30.524793" level="INFO">${movie_id} = 68e02c8ac0b485c13e7b5192</msg>
<var>${movie_id}</var>
<arg>${movie_data}[_id]</arg>
<doc>Returns the given values which can then be assigned to a variables.</doc>
<status status="PASS" start="2025-10-03T17:05:30.524461" elapsed="0.000384"/>
</kw>
<return>
<value>${movie_id}</value>
<status status="PASS" start="2025-10-03T17:05:30.524943" elapsed="0.000081"/>
</return>
<msg time="2025-10-03T17:05:30.525409" level="INFO">${movie_id} = 68e02c8ac0b485c13e7b5192</msg>
<var>${movie_id}</var>
<arg>${movie}</arg>
<status status="PASS" start="2025-10-03T17:05:30.521297" elapsed="0.004144"/>
</kw>
<kw name="Log" owner="BuiltIn">
<msg time="2025-10-03T17:05:30.525930" level="INFO">Movie ID: 68e02c8ac0b485c13e7b5192</msg>
<arg>Movie ID: ${movie_id}</arg>
<doc>Logs the given message with the given level.</doc>
<status status="PASS" start="2025-10-03T17:05:30.525682" elapsed="0.000332"/>
</kw>
<return>
<value>${movie}</value>
<status status="PASS" start="2025-10-03T17:05:30.526098" elapsed="0.000069"/>
</return>
<msg time="2025-10-03T17:05:30.526434" level="INFO">${original_movie} = {'title': 'Rocky, um Lutador', 'synopsis': 'Rocky Balboa, um pequeno boxeador da classe trabalhadora da Filadélfia, é arbitrariamente escolhido para lutar contra o campeão dos pesos pesados, Apollo Cr...</msg>
<var>${original_movie}</var>
<arg>2</arg>
<status status="PASS" start="2025-10-03T17:05:30.369240" elapsed="0.157249"/>
</kw>
<kw name="Editar um Filme" owner="UpdateMovieKeywords">
<kw name="Utilizar Token de Administrador" owner="common">
<kw name="Create Dictionary" owner="BuiltIn">
<msg time="2025-10-03T17:05:30.527996" level="INFO">${admin_user} = {'name': ' Lex Luthr', 'email': 'lex.luthor@lexcorp.com', 'password': 'pwd12345'}</msg>
<var>${admin_user}</var>
<arg>name= Lex Luthr</arg>
<arg>email=lex.luthor@lexcorp.com</arg>
<arg>password=pwd12345</arg>
<doc>Creates and returns a dictionary based on the given ``items``.</doc>
<status status="PASS" start="2025-10-03T17:05:30.527735" elapsed="0.000301"/>
</kw>
<kw name="POST Endpoint /auth/register" owner="CreateUserKeywords">
<kw name="Create Dictionary" owner="BuiltIn">
<msg time="2025-10-03T17:05:30.529023" level="INFO">&amp;{header} = { Content-Type=application/json }</msg>
<var>&amp;{header}</var>
<arg>Content-Type=application/json</arg>
<doc>Creates and returns a dictionary based on the given ``items``.</doc>
<status status="PASS" start="2025-10-03T17:05:30.528804" elapsed="0.000252"/>
</kw>
<kw name="Create Dictionary" owner="BuiltIn">
<msg time="2025-10-03T17:05:30.529605" level="INFO">${payload} = {'name': ' Lex Luthr', 'email': 'lex.luthor@lexcorp.com', 'password': 'pwd12345'}</msg>
<var>${payload}</var>
<arg>name=${name}</arg>
<arg>email=${email}</arg>
<arg>password=${password}</arg>
<doc>Creates and returns a dictionary based on the given ``items``.</doc>
<status status="PASS" start="2025-10-03T17:05:30.529235" elapsed="0.000402"/>
</kw>
<kw name="POST On Session" owner="RequestsLibrary">
<msg time="2025-10-03T17:05:30.534932" level="INFO">POST Request : url=http://localhost:3000/api/v1/auth/register 
 path_url=/api/v1/auth/register 
 headers={'User-Agent': 'python-requests/2.32.5', 'Accept-Encoding': 'gzip, deflate', 'Accept': '*/*', 'Connection': 'keep-alive', 'Content-Type': 'application/json', 'Content-Length': '81'} 
 body=b'{"name": " Lex Luthr", "email": "lex.luthor@lexcorp.com", "password": "pwd12345"}' 
 </msg>
<msg time="2025-10-03T17:05:30.535149" level="INFO">POST Response : url=http://localhost:3000/api/v1/auth/register 
 status=400, reason=Bad Request 
 headers={'X-Powered-By': 'Express', 'Access-Control-Allow-Origin': '*', 'Content-Type': 'application/json; charset=utf-8', 'Content-Length': '49', 'ETag': 'W/"31-WKEMg8zALB1Ko0WjUHi/6RBGHVc"', 'Date': 'Fri, 03 Oct 2025 20:05:30 GMT', 'Connection': 'keep-alive', 'Keep-Alive': 'timeout=5'} 
 body={"success":false,"message":"User already exists"} 
 </msg>
<msg time="2025-10-03T17:05:30.535502" level="INFO">${response} = &lt;Response [400]&gt;</msg>
<var>${response}</var>
<arg>CinemaApp</arg>
<arg>url=/auth/register</arg>
<arg>json=${payload}</arg>
<arg>headers=${header}</arg>
<arg>expected_status=any</arg>
<doc>Sends a POST request on a previously created HTTP Session.</doc>
<status status="PASS" start="2025-10-03T17:05:30.529805" elapsed="0.005744"/>
</kw>
<kw name="Set Global Variable" owner="BuiltIn">
<msg time="2025-10-03T17:05:30.536362" level="INFO">${response} = &lt;Response [400]&gt;</msg>
<arg>${response}</arg>
<doc>Makes a variable available globally in all tests and suites.</doc>
<status status="PASS" start="2025-10-03T17:05:30.535995" elapsed="0.000429"/>
</kw>
<kw name="Log" owner="BuiltIn">
<msg time="2025-10-03T17:05:30.537740" level="INFO">{"success":false,"message":"User already exists"}</msg>
<arg>${response.content}</arg>
<doc>Logs the given message with the given level.</doc>
<status status="PASS" start="2025-10-03T17:05:30.536610" elapsed="0.001275"/>
</kw>
<kw name="Log" owner="BuiltIn">
<msg time="2025-10-03T17:05:30.539149" level="INFO">400</msg>
<arg>${response.status_code}</arg>
<doc>Logs the given message with the given level.</doc>
<status status="PASS" start="2025-10-03T17:05:30.538247" elapsed="0.001033"/>
</kw>
<arg>${admin_user}[name]</arg>
<arg>${admin_user}[email]</arg>
<arg>${admin_user}[password]</arg>
<status status="PASS" start="2025-10-03T17:05:30.528305" elapsed="0.011162"/>
</kw>
<kw name="POST Endpoint /auth/login" owner="LoginKeywords">
<kw name="Create Dictionary" owner="BuiltIn">
<msg time="2025-10-03T17:05:30.541365" level="INFO">${payload} = {'email': 'lex.luthor@lexcorp.com', 'password': 'pwd12345'}</msg>
<var>${payload}</var>
<arg>email=${email}</arg>
<arg>password=${password}</arg>
<doc>Creates and returns a dictionary based on the given ``items``.</doc>
<status status="PASS" start="2025-10-03T17:05:30.540740" elapsed="0.000687"/>
</kw>
<kw name="POST On Session" owner="RequestsLibrary">
<msg time="2025-10-03T17:05:30.651351" level="INFO">POST Request : url=http://localhost:3000/api/v1/auth/login 
 path_url=/api/v1/auth/login 
 headers={'User-Agent': 'python-requests/2.32.5', 'Accept-Encoding': 'gzip, deflate', 'Accept': '*/*', 'Connection': 'keep-alive', 'Content-Length': '59', 'Content-Type': 'application/json'} 
 body=b'{"email": "lex.luthor@lexcorp.com", "password": "pwd12345"}' 
 </msg>
<msg time="2025-10-03T17:05:30.651583" level="INFO">POST Response : url=http://localhost:3000/api/v1/auth/login 
 status=200, reason=OK 
 headers={'X-Powered-By': 'Express', 'Access-Control-Allow-Origin': '*', 'Content-Type': 'application/json; charset=utf-8', 'Content-Length': '308', 'ETag': 'W/"134-6g6ODFP3edLRVB0JXzmD4Jkreps"', 'Date': 'Fri, 03 Oct 2025 20:05:30 GMT', 'Connection': 'keep-alive', 'Keep-Alive': 'timeout=5'} 
 body={"success":true,"data":{"_id":"68dd5eeb21ab0711adb801cc","name":"Lex Luthor","email":"lex.luthor@lexcorp.com","role":"admin","token":"eyJhbGciOiJIUzI1NiIsInR5cCI6IkpXVCJ9.eyJpZCI6IjY4ZGQ1ZWViMjFhYjA3MTFhZGI4MDFjYyIsImlhdCI6MTc1OTUyMTkzMCwiZXhwIjoxNzU5NjA4MzMwfQ.adCVdQcCUmzuC4YvsVKN5KGa4UWCMTLNKnyT335tSBM"}} 
 </msg>
<msg time="2025-10-03T17:05:30.651957" level="INFO">${response} = &lt;Response [200]&gt;</msg>
<var>${response}</var>
<arg>alias=CinemaApp</arg>
<arg>url=/auth/login</arg>
<arg>json=${payload}</arg>
<arg>expected_status=any</arg>
<doc>Sends a POST request on a previously created HTTP Session.</doc>
<status status="PASS" start="2025-10-03T17:05:30.541785" elapsed="0.110243"/>
</kw>
<kw name="Set Global Variable" owner="BuiltIn">
<msg time="2025-10-03T17:05:30.653006" level="INFO">${response} = &lt;Response [200]&gt;</msg>
<arg>${response}</arg>
<doc>Makes a variable available globally in all tests and suites.</doc>
<status status="PASS" start="2025-10-03T17:05:30.652452" elapsed="0.000665"/>
</kw>
<kw name="Run Keyword If" owner="BuiltIn">
<kw name="Extract JWT" owner="LoginKeywords">
<kw name="Set Variable" owner="BuiltIn">
<msg time="2025-10-03T17:05:30.657157" level="INFO">${token} = eyJhbGciOiJIUzI1NiIsInR5cCI6IkpXVCJ9.eyJpZCI6IjY4ZGQ1ZWViMjFhYjA3MTFhZGI4MDFjYyIsImlhdCI6MTc1OTUyMTkzMCwiZXhwIjoxNzU5NjA4MzMwfQ.adCVdQcCUmzuC4YvsVKN5KGa4UWCMTLNKnyT335tSBM</msg>
<var>${token}</var>
<arg>${response.json()['data']['token']}</arg>
<doc>Returns the given values which can then be assigned to a variables.</doc>
<status status="PASS" start="2025-10-03T17:05:30.656032" elapsed="0.001193"/>
</kw>
<kw name="Log" owner="BuiltIn">
<msg time="2025-10-03T17:05:30.657814" level="INFO">Token obtido: eyJhbGciOiJIUzI1NiIsInR5cCI6IkpXVCJ9.eyJpZCI6IjY4ZGQ1ZWViMjFhYjA3MTFhZGI4MDFjYyIsImlhdCI6MTc1OTUyMTkzMCwiZXhwIjoxNzU5NjA4MzMwfQ.adCVdQcCUmzuC4YvsVKN5KGa4UWCMTLNKnyT335tSBM</msg>
<arg>Token obtido: ${token}</arg>
<doc>Logs the given message with the given level.</doc>
<status status="PASS" start="2025-10-03T17:05:30.657540" elapsed="0.000373"/>
</kw>
<kw name="Set Global Variable" owner="BuiltIn">
<msg time="2025-10-03T17:05:30.658763" level="INFO">${token} = eyJhbGciOiJIUzI1NiIsInR5cCI6IkpXVCJ9.eyJpZCI6IjY4ZGQ1ZWViMjFhYjA3MTFhZGI4MDFjYyIsImlhdCI6MTc1OTUyMTkzMCwiZXhwIjoxNzU5NjA4MzMwfQ.adCVdQcCUmzuC4YvsVKN5KGa4UWCMTLNKnyT335tSBM</msg>
<arg>${token}</arg>
<doc>Makes a variable available globally in all tests and suites.</doc>
<status status="PASS" start="2025-10-03T17:05:30.658230" elapsed="0.000627"/>
</kw>
<status status="PASS" start="2025-10-03T17:05:30.655103" elapsed="0.003881"/>
</kw>
<arg>${response.status_code} == 200</arg>
<arg>Extract JWT</arg>
<doc>Runs the given keyword with the given arguments, if ``condition`` is true.</doc>
<status status="PASS" start="2025-10-03T17:05:30.653452" elapsed="0.005628"/>
</kw>
<kw name="Log" owner="BuiltIn">
<msg time="2025-10-03T17:05:30.660245" level="INFO">{"success":true,"data":{"_id":"68dd5eeb21ab0711adb801cc","name":"Lex Luthor","email":"lex.luthor@lexcorp.com","role":"admin","token":"eyJhbGciOiJIUzI1NiIsInR5cCI6IkpXVCJ9.eyJpZCI6IjY4ZGQ1ZWViMjFhYjA3MTFhZGI4MDFjYyIsImlhdCI6MTc1OTUyMTkzMCwiZXhwIjoxNzU5NjA4MzMwfQ.adCVdQcCUmzuC4YvsVKN5KGa4UWCMTLNKnyT335tSBM"}}</msg>
<arg>${response.content}</arg>
<doc>Logs the given message with the given level.</doc>
<status status="PASS" start="2025-10-03T17:05:30.659392" elapsed="0.000955"/>
</kw>
<arg>${admin_user}[email]</arg>
<arg>${admin_user}[password]</arg>
<status status="PASS" start="2025-10-03T17:05:30.539900" elapsed="0.120572"/>
</kw>
<kw name="Set Global Variable" owner="BuiltIn">
<msg time="2025-10-03T17:05:30.661538" level="INFO">${admin_user} = {'name': ' Lex Luthr', 'email': 'lex.luthor@lexcorp.com', 'password': 'pwd12345'}</msg>
<arg>${admin_user}</arg>
<doc>Makes a variable available globally in all tests and suites.</doc>
<status status="PASS" start="2025-10-03T17:05:30.660766" elapsed="0.000879"/>
</kw>
<status status="PASS" start="2025-10-03T17:05:30.527380" elapsed="0.134337"/>
</kw>
<kw name="Get Movie ID" owner="common">
<kw name="Get movie by title" owner="database">
<msg time="2025-10-03T17:05:30.663725" level="INFO">${movie_data} = {'_id': '68e02c8ac0b485c13e7b5192', 'title': 'Rocky, um Lutador', 'synopsis': 'Rocky Balboa, um pequeno boxeador da classe trabalhadora da Filadélfia, é arbitrariamente escolhido para lutar contra o c...</msg>
<var>${movie_data}</var>
<arg>${movie}[title]</arg>
<status status="PASS" start="2025-10-03T17:05:30.662469" elapsed="0.001332"/>
</kw>
<kw name="Set Variable" owner="BuiltIn">
<msg time="2025-10-03T17:05:30.664780" level="INFO">${movie_id} = 68e02c8ac0b485c13e7b5192</msg>
<var>${movie_id}</var>
<arg>${movie_data}[_id]</arg>
<doc>Returns the given values which can then be assigned to a variables.</doc>
<status status="PASS" start="2025-10-03T17:05:30.664216" elapsed="0.000638"/>
</kw>
<return>
<value>${movie_id}</value>
<status status="PASS" start="2025-10-03T17:05:30.665183" elapsed="0.000136"/>
</return>
<msg time="2025-10-03T17:05:30.665755" level="INFO">${movie_id} = 68e02c8ac0b485c13e7b5192</msg>
<var>${movie_id}</var>
<arg>${original_movie}</arg>
<status status="PASS" start="2025-10-03T17:05:30.661934" elapsed="0.003891"/>
</kw>
<kw name="PUT Endpoint /movies/_id" owner="UpdateMovieKeywords">
<kw name="Create Dictionary" owner="BuiltIn">
<msg time="2025-10-03T17:05:30.669249" level="INFO">&amp;{header} = { Content-Type=application/json | Authorization=Bearer eyJhbGciOiJIUzI1NiIsInR5cCI6IkpXVCJ9.eyJpZCI6IjY4ZGQ1ZWViMjFhYjA3MTFhZGI4MDFjYyIsImlhdCI6MTc1OTUyMTkzMCwiZXhwIjoxNzU5NjA4MzMwfQ.adCVdQcCUmzuC4Yvs...</msg>
<var>&amp;{header}</var>
<arg>Content-Type=application/json</arg>
<arg>Authorization=Bearer ${token}</arg>
<doc>Creates and returns a dictionary based on the given ``items``.</doc>
<status status="PASS" start="2025-10-03T17:05:30.668546" elapsed="0.000775"/>
</kw>
<kw name="Create Dictionary" owner="BuiltIn">
<msg time="2025-10-03T17:05:30.670904" level="INFO">${payload} = {'title': 'Rocky, um Lutador - EDITADO', 'synopsis': 'EDITADO', 'director': 'John G Avildsen', 'genres': ['Drama', 'Esporitvo'], 'duration': '130', 'classification': '+16', 'poster': 'rocky.jpg', 'rel...</msg>
<var>${payload}</var>
<arg>title=${title}</arg>
<arg>synopsis=${synopsis}</arg>
<arg>director=${director}</arg>
<arg>genres=${genres}</arg>
<arg>duration=${duration}</arg>
<arg>classification=${classification}</arg>
<arg>poster=${poster}</arg>
<arg>releaseDate=${releaseDate}</arg>
<doc>Creates and returns a dictionary based on the given ``items``.</doc>
<status status="PASS" start="2025-10-03T17:05:30.669704" elapsed="0.001280"/>
</kw>
<kw name="PUT On Session" owner="RequestsLibrary">
<msg time="2025-10-03T17:05:30.684060" level="INFO">PUT Request : url=http://localhost:3000/api/v1/movies/68e02c8ac0b485c13e7b5192 
 path_url=/api/v1/movies/68e02c8ac0b485c13e7b5192 
 headers={'User-Agent': 'python-requests/2.32.5', 'Accept-Encoding': 'gzip, deflate', 'Accept': '*/*', 'Connection': 'keep-alive', 'Content-Type': 'application/json', 'Authorization': 'Bearer eyJhbGciOiJIUzI1NiIsInR5cCI6IkpXVCJ9.eyJpZCI6IjY4ZGQ1ZWViMjFhYjA3MTFhZGI4MDFjYyIsImlhdCI6MTc1OTUyMTkzMCwiZXhwIjoxNzU5NjA4MzMwfQ.adCVdQcCUmzuC4YvsVKN5KGa4UWCMTLNKnyT335tSBM', 'Content-Length': '224'} 
 body=b'{"title": "Rocky, um Lutador - EDITADO", "synopsis": "EDITADO", "director": "John G Avildsen", "genres": ["Drama", "Esporitvo"], "duration": "130", "classification": "+16", "poster": "rocky.jpg", "releaseDate": "1977-01-07"}' 
 </msg>
<msg time="2025-10-03T17:05:30.684250" level="INFO">PUT Response : url=http://localhost:3000/api/v1/movies/68e02c8ac0b485c13e7b5192 
 status=200, reason=OK 
 headers={'X-Powered-By': 'Express', 'Access-Control-Allow-Origin': '*', 'Content-Type': 'application/json; charset=utf-8', 'Content-Length': '395', 'ETag': 'W/"18b-PACQBwRCMMoyqap/ODZUFZpj910"', 'Date': 'Fri, 03 Oct 2025 20:05:30 GMT', 'Connection': 'keep-alive', 'Keep-Alive': 'timeout=5'} 
 body={"success":true,"data":{"_id":"68e02c8ac0b485c13e7b5192","title":"Rocky, um Lutador - EDITADO","synopsis":"EDITADO","director":"John G Avildsen","genres":["Drama","Esporitvo"],"duration":130,"classification":"+16","poster":"rocky.jpg","releaseDate":"1977-01-07T00:00:00.000Z","createdAt":"2025-10-03T20:05:30.514Z","updatedAt":"2025-10-03T20:05:30.679Z","__v":0,"id":"68e02c8ac0b485c13e7b5192"}} 
 </msg>
<msg time="2025-10-03T17:05:30.684537" level="INFO">${response} = &lt;Response [200]&gt;</msg>
<var>${response}</var>
<arg>alias=CinemaApp</arg>
<arg>url=/movies/${movie_id}</arg>
<arg>json=${payload}</arg>
<arg>headers=${header}</arg>
<arg>expected_status=any</arg>
<doc>Sends a PUT request on a previously created HTTP Session.</doc>
<status status="PASS" start="2025-10-03T17:05:30.671383" elapsed="0.013228"/>
</kw>
<kw name="Log" owner="BuiltIn">
<msg time="2025-10-03T17:05:30.685983" level="INFO">Response Status: 200</msg>
<arg>Response Status: ${response.status_code}</arg>
<doc>Logs the given message with the given level.</doc>
<status status="PASS" start="2025-10-03T17:05:30.684906" elapsed="0.001197"/>
</kw>
<kw name="Log" owner="BuiltIn">
<msg time="2025-10-03T17:05:30.687440" level="INFO">Response: {"success":true,"data":{"_id":"68e02c8ac0b485c13e7b5192","title":"Rocky, um Lutador - EDITADO","synopsis":"EDITADO","director":"John G Avildsen","genres":["Drama","Esporitvo"],"duration":130,"classification":"+16","poster":"rocky.jpg","releaseDate":"1977-01-07T00:00:00.000Z","createdAt":"2025-10-03T20:05:30.514Z","updatedAt":"2025-10-03T20:05:30.679Z","__v":0,"id":"68e02c8ac0b485c13e7b5192"}}</msg>
<arg>Response: ${response.content}</arg>
<doc>Logs the given message with the given level.</doc>
<status status="PASS" start="2025-10-03T17:05:30.686467" elapsed="0.001083"/>
</kw>
<kw name="Set Global Variable" owner="BuiltIn">
<msg time="2025-10-03T17:05:30.688244" level="INFO">${response} = &lt;Response [200]&gt;</msg>
<arg>${response}</arg>
<doc>Makes a variable available globally in all tests and suites.</doc>
<status status="PASS" start="2025-10-03T17:05:30.687879" elapsed="0.000422"/>
</kw>
<arg>${movie_edited}[title]</arg>
<arg>${movie_edited}[synopsis]</arg>
<arg>${movie_edited}[director]</arg>
<arg>${movie_edited}[genres]</arg>
<arg>${movie_edited}[duration]</arg>
<arg>${movie_edited}[classification]</arg>
<arg>${movie_edited}[poster]</arg>
<arg>${movie_edited}[releaseDate]</arg>
<arg>${movie_id}</arg>
<status status="PASS" start="2025-10-03T17:05:30.666383" elapsed="0.021995"/>
</kw>
<arg>${movie_edited}</arg>
<arg>${original_movie}</arg>
<status status="PASS" start="2025-10-03T17:05:30.526842" elapsed="0.161627"/>
</kw>
<kw name="Validate Status Code &quot;200&quot;" owner="common" source_name="Validate Status Code &quot;${statuscode}&quot;">
<kw name="Variable Should Exist" owner="BuiltIn">
<arg>${response}</arg>
<arg>response não foi definida. Verifique a requisição</arg>
<doc>Fails unless the given variable exists within the current scope.</doc>
<status status="PASS" start="2025-10-03T17:05:30.690039" elapsed="0.000730"/>
</kw>
<kw name="Should Be True" owner="BuiltIn">
<arg>${response.status_code} == ${statuscode}</arg>
<doc>Fails if the given condition is not true.</doc>
<status status="PASS" start="2025-10-03T17:05:30.691365" elapsed="0.002875"/>
</kw>
<status status="PASS" start="2025-10-03T17:05:30.688891" elapsed="0.005553"/>
</kw>
<kw name="Validar Success" owner="common">
<kw name="Variable Should Exist" owner="BuiltIn">
<arg>${response}</arg>
<arg>response não foi definida. Verifique a requisição</arg>
<doc>Fails unless the given variable exists within the current scope.</doc>
<status status="PASS" start="2025-10-03T17:05:30.696139" elapsed="0.000446"/>
</kw>
<kw name="Set Variable" owner="BuiltIn">
<msg time="2025-10-03T17:05:30.698344" level="INFO">${response_success} = True</msg>
[...]
 body={"success":true,"data":{"_id":"68e02c89c0b485c13e7b5187","name":"Kurt Cobain","email":"kurt@nirvana.com","role":"user","token":"eyJhbGciOiJIUzI1NiIsInR5cCI6IkpXVCJ9.eyJpZCI6IjY4ZTAyYzg5YzBiNDg1YzEzZTdiNTE4NyIsImlhdCI6MTc1OTUyMTkzNSwiZXhwIjoxNzU5NjA4MzM1fQ.zQCEoNsAhwWK0EtHkxhydw7DISNgLiTLYVJ9YDlatdM"}} 
 </msg>
<msg time="2025-10-03T17:05:35.786027" level="INFO">${response} = &lt;Response [200]&gt;</msg>
<var>${response}</var>
<arg>alias=CinemaApp</arg>
<arg>url=/auth/login</arg>
<arg>json=${payload}</arg>
<arg>expected_status=any</arg>
<doc>Sends a POST request on a previously created HTTP Session.</doc>
<status status="PASS" start="2025-10-03T17:05:35.668341" elapsed="0.117746"/>
</kw>
<kw name="Set Global Variable" owner="BuiltIn">
<msg time="2025-10-03T17:05:35.787214" level="INFO">${response} = &lt;Response [200]&gt;</msg>
<arg>${response}</arg>
<doc>Makes a variable available globally in all tests and suites.</doc>
<status status="PASS" start="2025-10-03T17:05:35.786486" elapsed="0.000815"/>
</kw>
<kw name="Run Keyword If" owner="BuiltIn">
<kw name="Extract JWT" owner="LoginKeywords">
<kw name="Set Variable" owner="BuiltIn">
<msg time="2025-10-03T17:05:35.790830" level="INFO">${token} = eyJhbGciOiJIUzI1NiIsInR5cCI6IkpXVCJ9.eyJpZCI6IjY4ZTAyYzg5YzBiNDg1YzEzZTdiNTE4NyIsImlhdCI6MTc1OTUyMTkzNSwiZXhwIjoxNzU5NjA4MzM1fQ.zQCEoNsAhwWK0EtHkxhydw7DISNgLiTLYVJ9YDlatdM</msg>
<var>${token}</var>
<arg>${response.json()['data']['token']}</arg>
<doc>Returns the given values which can then be assigned to a variables.</doc>
<status status="PASS" start="2025-10-03T17:05:35.789928" elapsed="0.000963"/>
</kw>
<kw name="Log" owner="BuiltIn">
<msg time="2025-10-03T17:05:35.791364" level="INFO">Token obtido: eyJhbGciOiJIUzI1NiIsInR5cCI6IkpXVCJ9.eyJpZCI6IjY4ZTAyYzg5YzBiNDg1YzEzZTdiNTE4NyIsImlhdCI6MTc1OTUyMTkzNSwiZXhwIjoxNzU5NjA4MzM1fQ.zQCEoNsAhwWK0EtHkxhydw7DISNgLiTLYVJ9YDlatdM</msg>
<arg>Token obtido: ${token}</arg>
<doc>Logs the given message with the given level.</doc>
<status status="PASS" start="2025-10-03T17:05:35.791171" elapsed="0.000269"/>
</kw>
<kw name="Set Global Variable" owner="BuiltIn">
<msg time="2025-10-03T17:05:35.791980" level="INFO">${token} = eyJhbGciOiJIUzI1NiIsInR5cCI6IkpXVCJ9.eyJpZCI6IjY4ZTAyYzg5YzBiNDg1YzEzZTdiNTE4NyIsImlhdCI6MTc1OTUyMTkzNSwiZXhwIjoxNzU5NjA4MzM1fQ.zQCEoNsAhwWK0EtHkxhydw7DISNgLiTLYVJ9YDlatdM</msg>
<arg>${token}</arg>
<doc>Makes a variable available globally in all tests and suites.</doc>
<status status="PASS" start="2025-10-03T17:05:35.791621" elapsed="0.000454"/>
</kw>
<status status="PASS" start="2025-10-03T17:05:35.789411" elapsed="0.002799"/>
</kw>
<arg>${response.status_code} == 200</arg>
<arg>Extract JWT</arg>
<doc>Runs the given keyword with the given arguments, if ``condition`` is true.</doc>
<status status="PASS" start="2025-10-03T17:05:35.787708" elapsed="0.004591"/>
</kw>
<kw name="Log" owner="BuiltIn">
<msg time="2025-10-03T17:05:35.793660" level="INFO">{"success":true,"data":{"_id":"68e02c89c0b485c13e7b5187","name":"Kurt Cobain","email":"kurt@nirvana.com","role":"user","token":"eyJhbGciOiJIUzI1NiIsInR5cCI6IkpXVCJ9.eyJpZCI6IjY4ZTAyYzg5YzBiNDg1YzEzZTdiNTE4NyIsImlhdCI6MTc1OTUyMTkzNSwiZXhwIjoxNzU5NjA4MzM1fQ.zQCEoNsAhwWK0EtHkxhydw7DISNgLiTLYVJ9YDlatdM"}}</msg>
<arg>${response.content}</arg>
<doc>Logs the given message with the given level.</doc>
<status status="PASS" start="2025-10-03T17:05:35.792593" elapsed="0.001240"/>
</kw>
<arg>${user}[email]</arg>
<arg>${user}[password]</arg>
<status status="PASS" start="2025-10-03T17:05:35.667257" elapsed="0.126679"/>
</kw>
<arg>${user}</arg>
<status status="PASS" start="2025-10-03T17:05:35.666503" elapsed="0.127571"/>
</kw>
<kw name="Set Variable" owner="BuiltIn">
<msg time="2025-10-03T17:05:35.795495" level="INFO">${user_id} = 68e02c89c0b485c13e7b5187</msg>
<var>${user_id}</var>
<arg>${response.json()['data']['_id']}</arg>
<doc>Returns the given values which can then be assigned to a variables.</doc>
<status status="PASS" start="2025-10-03T17:05:35.794497" elapsed="0.001147"/>
</kw>
<return>
<value>${user_id}</value>
<status status="PASS" start="2025-10-03T17:05:35.795767" elapsed="0.000072"/>
</return>
<msg time="2025-10-03T17:05:35.796102" level="INFO">${user_id} = 68e02c89c0b485c13e7b5187</msg>
<var>${user_id}</var>
<arg>${customer_user}</arg>
<status status="PASS" start="2025-10-03T17:05:35.666083" elapsed="0.130097"/>
</kw>
<kw name="Deletar usuário" owner="DeleteUserKeywords">
<kw name="Utilizar Token de Administrador" owner="common">
<kw name="Create Dictionary" owner="BuiltIn">
<msg time="2025-10-03T17:05:35.799580" level="INFO">${admin_user} = {'name': ' Lex Luthr', 'email': 'lex.luthor@lexcorp.com', 'password': 'pwd12345'}</msg>
<var>${admin_user}</var>
<arg>name= Lex Luthr</arg>
<arg>email=lex.luthor@lexcorp.com</arg>
<arg>password=pwd12345</arg>
<doc>Creates and returns a dictionary based on the given ``items``.</doc>
<status status="PASS" start="2025-10-03T17:05:35.798953" elapsed="0.000720"/>
</kw>
<kw name="POST Endpoint /auth/register" owner="CreateUserKeywords">
<kw name="Create Dictionary" owner="BuiltIn">
<msg time="2025-10-03T17:05:35.801958" level="INFO">&amp;{header} = { Content-Type=application/json }</msg>
<var>&amp;{header}</var>
<arg>Content-Type=application/json</arg>
<doc>Creates and returns a dictionary based on the given ``items``.</doc>
<status status="PASS" start="2025-10-03T17:05:35.801462" elapsed="0.000572"/>
</kw>
<kw name="Create Dictionary" owner="BuiltIn">
<msg time="2025-10-03T17:05:35.803426" level="INFO">${payload} = {'name': ' Lex Luthr', 'email': 'lex.luthor@lexcorp.com', 'password': 'pwd12345'}</msg>
<var>${payload}</var>
<arg>name=${name}</arg>
<arg>email=${email}</arg>
<arg>password=${password}</arg>
<doc>Creates and returns a dictionary based on the given ``items``.</doc>
<status status="PASS" start="2025-10-03T17:05:35.802557" elapsed="0.000943"/>
</kw>
<kw name="POST On Session" owner="RequestsLibrary">
<msg time="2025-10-03T17:05:35.810143" level="INFO">POST Request : url=http://localhost:3000/api/v1/auth/register 
 path_url=/api/v1/auth/register 
 headers={'User-Agent': 'python-requests/2.32.5', 'Accept-Encoding': 'gzip, deflate', 'Accept': '*/*', 'Connection': 'keep-alive', 'Content-Type': 'application/json', 'Content-Length': '81'} 
 body=b'{"name": " Lex Luthr", "email": "lex.luthor@lexcorp.com", "password": "pwd12345"}' 
 </msg>
<msg time="2025-10-03T17:05:35.810411" level="INFO">POST Response : url=http://localhost:3000/api/v1/auth/register 
 status=400, reason=Bad Request 
 headers={'X-Powered-By': 'Express', 'Access-Control-Allow-Origin': '*', 'Content-Type': 'application/json; charset=utf-8', 'Content-Length': '49', 'ETag': 'W/"31-WKEMg8zALB1Ko0WjUHi/6RBGHVc"', 'Date': 'Fri, 03 Oct 2025 20:05:35 GMT', 'Connection': 'keep-alive', 'Keep-Alive': 'timeout=5'} 
 body={"success":false,"message":"User already exists"} 
 </msg>
<msg time="2025-10-03T17:05:35.810592" level="INFO">${response} = &lt;Response [400]&gt;</msg>
<var>${response}</var>
<arg>CinemaApp</arg>
<arg>url=/auth/register</arg>
<arg>json=${payload}</arg>
<arg>headers=${header}</arg>
<arg>expected_status=any</arg>
<doc>Sends a POST request on a previously created HTTP Session.</doc>
<status status="PASS" start="2025-10-03T17:05:35.803884" elapsed="0.006747"/>
</kw>
<kw name="Set Global Variable" owner="BuiltIn">
<msg time="2025-10-03T17:05:35.811561" level="INFO">${response} = &lt;Response [400]&gt;</msg>
<arg>${response}</arg>
<doc>Makes a variable available globally in all tests and suites.</doc>
<status status="PASS" start="2025-10-03T17:05:35.811012" elapsed="0.000636"/>
</kw>
<kw name="Log" owner="BuiltIn">
<msg time="2025-10-03T17:05:35.812742" level="INFO">{"success":false,"message":"User already exists"}</msg>
<arg>${response.content}</arg>
<doc>Logs the given message with the given level.</doc>
<status status="PASS" start="2025-10-03T17:05:35.811907" elapsed="0.000927"/>
</kw>
<kw name="Log" owner="BuiltIn">
<msg time="2025-10-03T17:05:35.813841" level="INFO">400</msg>
<arg>${response.status_code}</arg>
<doc>Logs the given message with the given level.</doc>
<status status="PASS" start="2025-10-03T17:05:35.813085" elapsed="0.000845"/>
</kw>
<arg>${admin_user}[name]</arg>
<arg>${admin_user}[email]</arg>
<arg>${admin_user}[password]</arg>
<status status="PASS" start="2025-10-03T17:05:35.800301" elapsed="0.013750"/>
</kw>
<kw name="POST Endpoint /auth/login" owner="LoginKeywords">
<kw name="Create Dictionary" owner="BuiltIn">
<msg time="2025-10-03T17:05:35.815660" level="INFO">${payload} = {'email': 'lex.luthor@lexcorp.com', 'password': 'pwd12345'}</msg>
<var>${payload}</var>
<arg>email=${email}</arg>
<arg>password=${password}</arg>
<doc>Creates and returns a dictionary based on the given ``items``.</doc>
<status status="PASS" start="2025-10-03T17:05:35.815156" elapsed="0.000556"/>
</kw>
<kw name="POST On Session" owner="RequestsLibrary">
<msg time="2025-10-03T17:05:35.929843" level="INFO">POST Request : url=http://localhost:3000/api/v1/auth/login 
 path_url=/api/v1/auth/login 
 headers={'User-Agent': 'python-requests/2.32.5', 'Accept-Encoding': 'gzip, deflate', 'Accept': '*/*', 'Connection': 'keep-alive', 'Content-Length': '59', 'Content-Type': 'application/json'} 
 body=b'{"email": "lex.luthor@lexcorp.com", "password": "pwd12345"}' 
 </msg>
<msg time="2025-10-03T17:05:35.930049" level="INFO">POST Response : url=http://localhost:3000/api/v1/auth/login 
 status=200, reason=OK 
 headers={'X-Powered-By': 'Express', 'Access-Control-Allow-Origin': '*', 'Content-Type': 'application/json; charset=utf-8', 'Content-Length': '308', 'ETag': 'W/"134-PaBf1o7RLBoRo1os3A1MV1pDbPo"', 'Date': 'Fri, 03 Oct 2025 20:05:35 GMT', 'Connection': 'keep-alive', 'Keep-Alive': 'timeout=5'} 
 body={"success":true,"data":{"_id":"68dd5eeb21ab0711adb801cc","name":"Lex Luthor","email":"lex.luthor@lexcorp.com","role":"admin","token":"eyJhbGciOiJIUzI1NiIsInR5cCI6IkpXVCJ9.eyJpZCI6IjY4ZGQ1ZWViMjFhYjA3MTFhZGI4MDFjYyIsImlhdCI6MTc1OTUyMTkzNSwiZXhwIjoxNzU5NjA4MzM1fQ.Z6r78yaRYRMmK4ttfV3zdnQ4F7RGfX-2Q-zLmolyo6E"}} 
 </msg>
<msg time="2025-10-03T17:05:35.930398" level="INFO">${response} = &lt;Response [200]&gt;</msg>
<var>${response}</var>
<arg>alias=CinemaApp</arg>
<arg>url=/auth/login</arg>
<arg>json=${payload}</arg>
<arg>expected_status=any</arg>
<doc>Sends a POST request on a previously created HTTP Session.</doc>
<status status="PASS" start="2025-10-03T17:05:35.815982" elapsed="0.114501"/>
</kw>
<kw name="Set Global Variable" owner="BuiltIn">
<msg time="2025-10-03T17:05:35.931778" level="INFO">${response} = &lt;Response [200]&gt;</msg>
<arg>${response}</arg>
<doc>Makes a variable available globally in all tests and suites.</doc>
<status status="PASS" start="2025-10-03T17:05:35.931013" elapsed="0.000894"/>
</kw>
<kw name="Run Keyword If" owner="BuiltIn">
<kw name="Extract JWT" owner="LoginKeywords">
<kw name="Set Variable" owner="BuiltIn">
<msg time="2025-10-03T17:05:35.935883" level="INFO">${token} = eyJhbGciOiJIUzI1NiIsInR5cCI6IkpXVCJ9.eyJpZCI6IjY4ZGQ1ZWViMjFhYjA3MTFhZGI4MDFjYyIsImlhdCI6MTc1OTUyMTkzNSwiZXhwIjoxNzU5NjA4MzM1fQ.Z6r78yaRYRMmK4ttfV3zdnQ4F7RGfX-2Q-zLmolyo6E</msg>
<var>${token}</var>
<arg>${response.json()['data']['token']}</arg>
<doc>Returns the given values which can then be assigned to a variables.</doc>
<status status="PASS" start="2025-10-03T17:05:35.934817" elapsed="0.001137"/>
</kw>
<kw name="Log" owner="BuiltIn">
<msg time="2025-10-03T17:05:35.936719" level="INFO">Token obtido: eyJhbGciOiJIUzI1NiIsInR5cCI6IkpXVCJ9.eyJpZCI6IjY4ZGQ1ZWViMjFhYjA3MTFhZGI4MDFjYyIsImlhdCI6MTc1OTUyMTkzNSwiZXhwIjoxNzU5NjA4MzM1fQ.Z6r78yaRYRMmK4ttfV3zdnQ4F7RGfX-2Q-zLmolyo6E</msg>
<arg>Token obtido: ${token}</arg>
<doc>Logs the given message with the given level.</doc>
<status status="PASS" start="2025-10-03T17:05:35.936406" elapsed="0.000427"/>
</kw>
<kw name="Set Global Variable" owner="BuiltIn">
<msg time="2025-10-03T17:05:35.937704" level="INFO">${token} = eyJhbGciOiJIUzI1NiIsInR5cCI6IkpXVCJ9.eyJpZCI6IjY4ZGQ1ZWViMjFhYjA3MTFhZGI4MDFjYyIsImlhdCI6MTc1OTUyMTkzNSwiZXhwIjoxNzU5NjA4MzM1fQ.Z6r78yaRYRMmK4ttfV3zdnQ4F7RGfX-2Q-zLmolyo6E</msg>
<arg>${token}</arg>
<doc>Makes a variable available globally in all tests and suites.</doc>
<status status="PASS" start="2025-10-03T17:05:35.937182" elapsed="0.000632"/>
</kw>
<status status="PASS" start="2025-10-03T17:05:35.934229" elapsed="0.003732"/>
</kw>
<arg>${response.status_code} == 200</arg>
<arg>Extract JWT</arg>
<doc>Runs the given keyword with the given arguments, if ``condition`` is true.</doc>
<status status="PASS" start="2025-10-03T17:05:35.932361" elapsed="0.005697"/>
</kw>
<kw name="Log" owner="BuiltIn">
<msg time="2025-10-03T17:05:35.940071" level="INFO">{"success":true,"data":{"_id":"68dd5eeb21ab0711adb801cc","name":"Lex Luthor","email":"lex.luthor@lexcorp.com","role":"admin","token":"eyJhbGciOiJIUzI1NiIsInR5cCI6IkpXVCJ9.eyJpZCI6IjY4ZGQ1ZWViMjFhYjA3MTFhZGI4MDFjYyIsImlhdCI6MTc1OTUyMTkzNSwiZXhwIjoxNzU5NjA4MzM1fQ.Z6r78yaRYRMmK4ttfV3zdnQ4F7RGfX-2Q-zLmolyo6E"}}</msg>
<arg>${response.content}</arg>
<doc>Logs the given message with the given level.</doc>
<status status="PASS" start="2025-10-03T17:05:35.938723" elapsed="0.001528"/>
</kw>
<arg>${admin_user}[email]</arg>
<arg>${admin_user}[password]</arg>
<status status="PASS" start="2025-10-03T17:05:35.814438" elapsed="0.125984"/>
</kw>
<kw name="Set Global Variable" owner="BuiltIn">
<msg time="2025-10-03T17:05:35.941583" level="INFO">${admin_user} = {'name': ' Lex Luthr', 'email': 'lex.luthor@lexcorp.com', 'password': 'pwd12345'}</msg>
<arg>${admin_user}</arg>
<doc>Makes a variable available globally in all tests and suites.</doc>
<status status="PASS" start="2025-10-03T17:05:35.940761" elapsed="0.000947"/>
</kw>
<status status="PASS" start="2025-10-03T17:05:35.798087" elapsed="0.143733"/>
</kw>
<kw name="DELETE Endpoint /users/_id" owner="DeleteUserKeywords">
<kw name="Create Dictionary" owner="BuiltIn">
<msg time="2025-10-03T17:05:35.944517" level="INFO">&amp;{header} = { Content-Type=application/json | Authorization=Bearer eyJhbGciOiJIUzI1NiIsInR5cCI6IkpXVCJ9.eyJpZCI6IjY4ZGQ1ZWViMjFhYjA3MTFhZGI4MDFjYyIsImlhdCI6MTc1OTUyMTkzNSwiZXhwIjoxNzU5NjA4MzM1fQ.Z6r78yaRYRMmK4ttf...</msg>
<var>&amp;{header}</var>
<arg>Content-Type=application/json</arg>
<arg>Authorization=Bearer ${token}</arg>
<doc>Creates and returns a dictionary based on the given ``items``.</doc>
<status status="PASS" start="2025-10-03T17:05:35.943098" elapsed="0.001653"/>
</kw>
<kw name="DELETE On Session" owner="RequestsLibrary">
<msg time="2025-10-03T17:05:35.955367" level="INFO">DELETE Request : url=http://localhost:3000/api/v1/users/68e02c89c0b485c13e7b5187 
 path_url=/api/v1/users/68e02c89c0b485c13e7b5187 
 headers={'User-Agent': 'python-requests/2.32.5', 'Accept-Encoding': 'gzip, deflate', 'Accept': '*/*', 'Connection': 'keep-alive', 'Content-Type': 'application/json', 'Authorization': 'Bearer eyJhbGciOiJIUzI1NiIsInR5cCI6IkpXVCJ9.eyJpZCI6IjY4ZGQ1ZWViMjFhYjA3MTFhZGI4MDFjYyIsImlhdCI6MTc1OTUyMTkzNSwiZXhwIjoxNzU5NjA4MzM1fQ.Z6r78yaRYRMmK4ttfV3zdnQ4F7RGfX-2Q-zLmolyo6E', 'Content-Length': '0'} 
 body=None 
 </msg>
<msg time="2025-10-03T17:05:35.955581" level="INFO">DELETE Response : url=http://localhost:3000/api/v1/users/68e02c89c0b485c13e7b5187 
 status=200, reason=OK 
 headers={'X-Powered-By': 'Express', 'Access-Control-Allow-Origin': '*', 'Content-Type': 'application/json; charset=utf-8', 'Content-Length': '41', 'ETag': 'W/"29-acm6zjlFy5zJu9kfItNOkEuApLY"', 'Date': 'Fri, 03 Oct 2025 20:05:35 GMT', 'Connection': 'keep-alive', 'Keep-Alive': 'timeout=5'} 
 body={"success":true,"message":"User removed"} 
 </msg>
<msg time="2025-10-03T17:05:35.955907" level="INFO">${response} = &lt;Response [200]&gt;</msg>
<var>${response}</var>
<arg>alias=CinemaApp</arg>
<arg>url=/users/${id}</arg>
<arg>headers=${header}</arg>
<arg>expected_status=any</arg>
<doc>Sends a DELETE request on a previously created HTTP Session.</doc>
<status status="PASS" start="2025-10-03T17:05:35.945273" elapsed="0.010721"/>
</kw>
<kw name="Log" owner="BuiltIn">
<msg time="2025-10-03T17:05:35.957407" level="INFO">{"success":true,"message":"User removed"}</msg>
<arg>${response.content}</arg>
<doc>Logs the given message with the given level.</doc>
<status status="PASS" start="2025-10-03T17:05:35.956536" elapsed="0.000972"/>
</kw>
<arg>${id}</arg>
<status status="PASS" start="2025-10-03T17:05:35.942219" elapsed="0.015423"/>
</kw>
<arg>${user_id}</arg>
<status status="PASS" start="2025-10-03T17:05:35.796789" elapsed="0.160958"/>
</kw>
<kw name="Validate Status Code &quot;200&quot;" owner="common" source_name="Validate Status Code &quot;${statuscode}&quot;">
<kw name="Variable Should Exist" owner="BuiltIn">
<arg>${response}</arg>
<arg>response não foi definida. Verifique a requisição</arg>
<doc>Fails unless the given variable exists within the current scope.</doc>
<status status="PASS" start="2025-10-03T17:05:35.959349" elapsed="0.000597"/>
</kw>
<kw name="Should Be True" owner="BuiltIn">
<arg>${response.status_code} == ${statuscode}</arg>
<doc>Fails if the given condition is not true.</doc>
<status status="PASS" start="2025-10-03T17:05:35.960430" elapsed="0.002241"/>
</kw>
<status status="PASS" start="2025-10-03T17:05:35.958358" elapsed="0.004493"/>
</kw>
<kw name="Validar Success" owner="common">
<kw name="Variable Should Exist" owner="BuiltIn">
<arg>${response}</arg>
<arg>response não foi definida. Verifique a requisição</arg>
<doc>Fails unless the given variable exists within the current scope.</doc>
<status status="PASS" start="2025-10-03T17:05:35.964297" elapsed="0.000462"/>
</kw>
<kw name="Set Variable" owner="BuiltIn">
<msg time="2025-10-03T17:05:35.966271" level="INFO">${response_success} = True</msg>
<var>${response_success}</var>
<arg>${response.json()['success']}</arg>
<doc>Returns the given values which can then be assigned to a variables.</doc>
<status status="PASS" start="2025-10-03T17:05:35.965179" elapsed="0.001165"/>
</kw>
<kw name="Should Be Equal" owner="BuiltIn">
<arg>${response_success}</arg>
<arg>${expected_success}</arg>
<arg>msg=Campo success inesperado. Esperado: ${expected_success}, Obtido: ${response_success}</arg>
<doc>Fails if the given objects are unequal.</doc>
<status status="PASS" start="2025-10-03T17:05:35.966698" elapsed="0.000775"/>
</kw>
<arg>${True}</arg>
<status status="PASS" start="2025-10-03T17:05:35.963453" elapsed="0.004185"/>
</kw>
<status status="PASS" start="2025-10-03T17:05:35.664852" elapsed="0.303096"/>
</test>
<doc>Testes para o endpoint /users</doc>
<status status="PASS" start="2025-10-03T17:05:35.656659" elapsed="0.312048"/>
</suite>
<status status="FAIL" start="2025-10-03T17:05:29.480290" elapsed="6.490154"/>
</suite>
<statistics>
<total>
<stat pass="11" fail="3" skip="0">All Tests</stat>
</total>
<tag>
<stat pass="1" fail="1" skip="0">admin</stat>
<stat pass="3" fail="0" skip="0">CT001</stat>
<stat pass="1" fail="0" skip="0">CT001-auth</stat>
<stat pass="1" fail="0" skip="0">CT002-auth</stat>
</tag>
<suite>
<stat name="Tests" id="s1" pass="11" fail="3" skip="0">Tests</stat>
<stat name="Auth Tests" id="s1-s1" pass="2" fail="0" skip="0">Tests.Auth Tests</stat>
<stat name="Movies Tests" id="s1-s2" pass="3" fail="0" skip="0">Tests.Movies Tests</stat>
<stat name="Reservations Tests" id="s1-s3" pass="2" fail="1" skip="0">Tests.Reservations Tests</stat>
<stat name="Sessions Tests" id="s1-s4" pass="2" fail="0" skip="0">Tests.Sessions Tests</stat>
<stat name="Setup Tests" id="s1-s5" pass="1" fail="1" skip="0">Tests.Setup Tests</stat>
<stat name="Theaters Tests" id="s1-s6" pass="0" fail="1" skip="0">Tests.Theaters Tests</stat>
<stat name="Users Tests" id="s1-s7" pass="1" fail="0" skip="0">Tests.Users Tests</stat>
</suite>
</statistics>
<errors>
</errors>
</robot>
