<?xml version="1.0" encoding="UTF-8"?>
<robot generator="Robot 7.3.2 (Python 3.12.3 on linux)" generated="2025-10-06T15:50:56.613774" rpa="false" schemaversion="5">
<suite id="s1" name="Tests" source="/home/rafael/Documentos/Compass/AtualizadoPC/PB-Quality-Engineering/Documentos/Semana 15 - Challenge Final/cinemaApp-tests/api/tests">
<suite id="s1-s1" name="Auth Tests" source="/home/rafael/Documentos/Compass/AtualizadoPC/PB-Quality-Engineering/Documentos/Semana 15 - Challenge Final/cinemaApp-tests/api/tests/auth_tests.robot">
<kw name="Make New Session" owner="base" type="SETUP">
<kw name="Create Session" owner="RequestsLibrary">
<msg time="2025-10-06T15:50:56.906556" level="INFO">Creating Session using : alias=CinemaApp, url=http://localhost:3000/api/v1, headers={},                     cookies={}, auth=None, timeout=None, proxies=None, verify=False,                     debug=0 </msg>
<arg>CinemaApp</arg>
<arg>url=${BASE_URL}</arg>
<doc>Create Session: create a HTTP session to a server</doc>
<status status="PASS" start="2025-10-06T15:50:56.906168" elapsed="0.000767"/>
</kw>
<status status="PASS" start="2025-10-06T15:50:56.904858" elapsed="0.002267"/>
</kw>
<test id="s1-s1-t1" name="CT001.001 - Cadastrar um Cliente Válido" line="9">
<kw name="Create Dictionary" owner="BuiltIn">
<msg time="2025-10-06T15:50:56.908777" level="INFO">${customer_user} = {'name': 'Kurt Cobain', 'email': 'kurt@nirvana.com', 'password': 'pwd12345'}</msg>
<var>${customer_user}</var>
<arg>name=Kurt Cobain</arg>
<arg>email=kurt@nirvana.com</arg>
<arg>password=pwd12345</arg>
<doc>Creates and returns a dictionary based on the given ``items``.</doc>
<status status="PASS" start="2025-10-06T15:50:56.908108" elapsed="0.000720"/>
</kw>
<kw name="Clean user from database" owner="database">
<msg time="2025-10-06T15:50:56.911494" level="INFO">Removed user with email: kurt@nirvana.com</msg>
<arg>${customer_user}[email]</arg>
<status status="PASS" start="2025-10-06T15:50:56.909200" elapsed="0.002405"/>
</kw>
<kw name="Criar Cliente Valido" owner="CreateUserKeywords">
<kw name="POST Endpoint /auth/register" owner="CreateUserKeywords">
<kw name="Create Dictionary" owner="BuiltIn">
<msg time="2025-10-06T15:50:56.913952" level="INFO">&amp;{header} = { Content-Type=application/json }</msg>
<var>&amp;{header}</var>
<arg>Content-Type=application/json</arg>
<doc>Creates and returns a dictionary based on the given ``items``.</doc>
<status status="PASS" start="2025-10-06T15:50:56.913599" elapsed="0.000422"/>
</kw>
<kw name="Create Dictionary" owner="BuiltIn">
<msg time="2025-10-06T15:50:56.914767" level="INFO">${payload} = {'name': 'Kurt Cobain', 'email': 'kurt@nirvana.com', 'password': 'pwd12345'}</msg>
<var>${payload}</var>
<arg>name=${name}</arg>
<arg>email=${email}</arg>
<arg>password=${password}</arg>
<doc>Creates and returns a dictionary based on the given ``items``.</doc>
<status status="PASS" start="2025-10-06T15:50:56.914280" elapsed="0.000530"/>
</kw>
<kw name="POST On Session" owner="RequestsLibrary">
<msg time="2025-10-06T15:50:57.031852" level="INFO">POST Request : url=http://localhost:3000/api/v1/auth/register 
 path_url=/api/v1/auth/register 
 headers={'User-Agent': 'python-requests/2.32.5', 'Accept-Encoding': 'gzip, deflate', 'Accept': '*/*', 'Connection': 'keep-alive', 'Content-Type': 'application/json', 'Content-Length': '76'} 
 body=b'{"name": "Kurt Cobain", "email": "kurt@nirvana.com", "password": "pwd12345"}' 
 </msg>
<msg time="2025-10-06T15:50:57.032009" level="INFO">POST Response : url=http://localhost:3000/api/v1/auth/register 
 status=201, reason=Created 
 headers={'X-Powered-By': 'Express', 'Access-Control-Allow-Origin': '*', 'Content-Type': 'application/json; charset=utf-8', 'Content-Length': '302', 'ETag': 'W/"12e-zCKoZ0i0Z/Wg+B9Vqc5qbbX/j2Y"', 'Date': 'Mon, 06 Oct 2025 18:50:57 GMT', 'Connection': 'keep-alive', 'Keep-Alive': 'timeout=5'} 
 body={"success":true,"data":{"_id":"68e40f904fc9c9225ce649b8","name":"Kurt Cobain","email":"kurt@nirvana.com","role":"user","token":"eyJhbGciOiJIUzI1NiIsInR5cCI6IkpXVCJ9.eyJpZCI6IjY4ZTQwZjkwNGZjOWM5MjI1Y2U2NDliOCIsImlhdCI6MTc1OTc3NjY1NywiZXhwIjoxNzU5ODYzMDU3fQ.5SQhJ59MM6qvL6tY3njeKT0e06yAAKfjC_lrhL6y1L8"}} 
 </msg>
<msg time="2025-10-06T15:50:57.032169" level="INFO">${response} = &lt;Response [201]&gt;</msg>
<var>${response}</var>
<arg>CinemaApp</arg>
<arg>url=/auth/register</arg>
<arg>json=${payload}</arg>
<arg>headers=${header}</arg>
<arg>expected_status=any</arg>
<doc>Sends a POST request on a previously created HTTP Session.</doc>
<status status="PASS" start="2025-10-06T15:50:56.915104" elapsed="0.117104"/>
</kw>
<kw name="Set Global Variable" owner="BuiltIn">
<msg time="2025-10-06T15:50:57.032790" level="INFO">${response} = &lt;Response [201]&gt;</msg>
<arg>${response}</arg>
<doc>Makes a variable available globally in all tests and suites.</doc>
<status status="PASS" start="2025-10-06T15:50:57.032471" elapsed="0.000373"/>
</kw>
<kw name="Log" owner="BuiltIn">
<msg time="2025-10-06T15:50:57.033607" level="INFO">{"success":true,"data":{"_id":"68e40f904fc9c9225ce649b8","name":"Kurt Cobain","email":"kurt@nirvana.com","role":"user","token":"eyJhbGciOiJIUzI1NiIsInR5cCI6IkpXVCJ9.eyJpZCI6IjY4ZTQwZjkwNGZjOWM5MjI1Y2U2NDliOCIsImlhdCI6MTc1OTc3NjY1NywiZXhwIjoxNzU5ODYzMDU3fQ.5SQhJ59MM6qvL6tY3njeKT0e06yAAKfjC_lrhL6y1L8"}}</msg>
<arg>${response.content}</arg>
<doc>Logs the given message with the given level.</doc>
<status status="PASS" start="2025-10-06T15:50:57.033067" elapsed="0.000594"/>
</kw>
<kw name="Log" owner="BuiltIn">
<msg time="2025-10-06T15:50:57.034294" level="INFO">201</msg>
<arg>${response.status_code}</arg>
<doc>Logs the given message with the given level.</doc>
<status status="PASS" start="2025-10-06T15:50:57.033823" elapsed="0.000522"/>
</kw>
<arg>${customer_user}[name]</arg>
<arg>${customer_user}[email]</arg>
<arg>${customer_user}[password]</arg>
<status status="PASS" start="2025-10-06T15:50:56.912830" elapsed="0.121592"/>
</kw>
<arg>${customer_user}</arg>
<status status="PASS" start="2025-10-06T15:50:56.912106" elapsed="0.122385"/>
</kw>
<kw name="Validate Status Code &quot;201&quot;" owner="common" source_name="Validate Status Code &quot;${statuscode}&quot;">
<kw name="Variable Should Exist" owner="BuiltIn">
<arg>${response}</arg>
<arg>response não foi definida. Verifique a requisição</arg>
<doc>Fails unless the given variable exists within the current scope.</doc>
<status status="PASS" start="2025-10-06T15:50:57.035192" elapsed="0.000266"/>
</kw>
<kw name="Should Be True" owner="BuiltIn">
<arg>${response.status_code} == ${statuscode}</arg>
<doc>Fails if the given condition is not true.</doc>
<status status="PASS" start="2025-10-06T15:50:57.035657" elapsed="0.000966"/>
</kw>
<status status="PASS" start="2025-10-06T15:50:57.034782" elapsed="0.001921"/>
</kw>
<kw name="Validar Success" owner="common">
<kw name="Variable Should Exist" owner="BuiltIn">
<arg>${response}</arg>
<arg>response não foi definida. Verifique a requisição</arg>
<doc>Fails unless the given variable exists within the current scope.</doc>
<status status="PASS" start="2025-10-06T15:50:57.037395" elapsed="0.000224"/>
</kw>
<kw name="Set Variable" owner="BuiltIn">
<msg time="2025-10-06T15:50:57.038487" level="INFO">${response_success} = True</msg>
<var>${response_success}</var>
<arg>${response.json()['success']}</arg>
<doc>Returns the given values which can then be assigned to a variables.</doc>
<status status="PASS" start="2025-10-06T15:50:57.037791" elapsed="0.000731"/>
</kw>
<kw name="Should Be Equal" owner="BuiltIn">
<arg>${response_success}</arg>
<arg>${expected_success}</arg>
<arg>msg=Campo success inesperado. Esperado: ${expected_success}, Obtido: ${response_success}</arg>
<doc>Fails if the given objects are unequal.</doc>
<status status="PASS" start="2025-10-06T15:50:57.038707" elapsed="0.000379"/>
</kw>
<arg>${True}</arg>
<status status="PASS" start="2025-10-06T15:50:57.036995" elapsed="0.002171"/>
</kw>
<tag>CT001</tag>
<status status="PASS" start="2025-10-06T15:50:56.907274" elapsed="0.132063"/>
</test>
<test id="s1-s1-t2" name="CT002.001 - Fazer Login com dados válidos" line="22">
<kw name="Create Dictionary" owner="BuiltIn">
<msg time="2025-10-06T15:50:57.040326" level="INFO">${customer_user} = {'name': 'Kurt Cobain', 'email': 'kurt@nirvana.com', 'password': 'pwd12345'}</msg>
<var>${customer_user}</var>
<arg>name=Kurt Cobain</arg>
<arg>email=kurt@nirvana.com</arg>
<arg>password=pwd12345</arg>
<doc>Creates and returns a dictionary based on the given ``items``.</doc>
<status status="PASS" start="2025-10-06T15:50:57.040098" elapsed="0.000371"/>
</kw>
<kw name="Clean user from database" owner="database">
<msg time="2025-10-06T15:50:57.042800" level="INFO">Removed user with email: kurt@nirvana.com</msg>
<arg>${customer_user}[email]</arg>
<status status="PASS" start="2025-10-06T15:50:57.040832" elapsed="0.002082"/>
</kw>
<kw name="Criar Cliente Valido" owner="CreateUserKeywords">
<kw name="POST Endpoint /auth/register" owner="CreateUserKeywords">
<kw name="Create Dictionary" owner="BuiltIn">
<msg time="2025-10-06T15:50:57.045038" level="INFO">&amp;{header} = { Content-Type=application/json }</msg>
<var>&amp;{header}</var>
<arg>Content-Type=application/json</arg>
<doc>Creates and returns a dictionary based on the given ``items``.</doc>
<status status="PASS" start="2025-10-06T15:50:57.044745" elapsed="0.000337"/>
</kw>
<kw name="Create Dictionary" owner="BuiltIn">
<msg time="2025-10-06T15:50:57.045658" level="INFO">${payload} = {'name': 'Kurt Cobain', 'email': 'kurt@nirvana.com', 'password': 'pwd12345'}</msg>
<var>${payload}</var>
<arg>name=${name}</arg>
<arg>email=${email}</arg>
<arg>password=${password}</arg>
<doc>Creates and returns a dictionary based on the given ``items``.</doc>
<status status="PASS" start="2025-10-06T15:50:57.045270" elapsed="0.000422"/>
</kw>
<kw name="POST On Session" owner="RequestsLibrary">
<msg time="2025-10-06T15:50:57.159100" level="INFO">POST Request : url=http://localhost:3000/api/v1/auth/register 
 path_url=/api/v1/auth/register 
 headers={'User-Agent': 'python-requests/2.32.5', 'Accept-Encoding': 'gzip, deflate', 'Accept': '*/*', 'Connection': 'keep-alive', 'Content-Type': 'application/json', 'Content-Length': '76'} 
 body=b'{"name": "Kurt Cobain", "email": "kurt@nirvana.com", "password": "pwd12345"}' 
 </msg>
<msg time="2025-10-06T15:50:57.159196" level="INFO">POST Response : url=http://localhost:3000/api/v1/auth/register 
 status=201, reason=Created 
 headers={'X-Powered-By': 'Express', 'Access-Control-Allow-Origin': '*', 'Content-Type': 'application/json; charset=utf-8', 'Content-Length': '302', 'ETag': 'W/"12e-ZwWBNAJunajjTehDBzZi/yR8tiU"', 'Date': 'Mon, 06 Oct 2025 18:50:57 GMT', 'Connection': 'keep-alive', 'Keep-Alive': 'timeout=5'} 
 body={"success":true,"data":{"_id":"68e40f914fc9c9225ce649bb","name":"Kurt Cobain","email":"kurt@nirvana.com","role":"user","token":"eyJhbGciOiJIUzI1NiIsInR5cCI6IkpXVCJ9.eyJpZCI6IjY4ZTQwZjkxNGZjOWM5MjI1Y2U2NDliYiIsImlhdCI6MTc1OTc3NjY1NywiZXhwIjoxNzU5ODYzMDU3fQ.SnLmyuDqiU_llZLAS6RkxSvPh6NyJTqnlSu57uu3w5o"}} 
 </msg>
<msg time="2025-10-06T15:50:57.159343" level="INFO">${response} = &lt;Response [201]&gt;</msg>
<var>${response}</var>
<arg>CinemaApp</arg>
<arg>url=/auth/register</arg>
<arg>json=${payload}</arg>
<arg>headers=${header}</arg>
<arg>expected_status=any</arg>
<doc>Sends a POST request on a previously created HTTP Session.</doc>
<status status="PASS" start="2025-10-06T15:50:57.045890" elapsed="0.113488"/>
</kw>
<kw name="Set Global Variable" owner="BuiltIn">
<msg time="2025-10-06T15:50:57.159935" level="INFO">${response} = &lt;Response [201]&gt;</msg>
<arg>${response}</arg>
<doc>Makes a variable available globally in all tests and suites.</doc>
<status status="PASS" start="2025-10-06T15:50:57.159628" elapsed="0.000371"/>
</kw>
<kw name="Log" owner="BuiltIn">
<msg time="2025-10-06T15:50:57.160659" level="INFO">{"success":true,"data":{"_id":"68e40f914fc9c9225ce649bb","name":"Kurt Cobain","email":"kurt@nirvana.com","role":"user","token":"eyJhbGciOiJIUzI1NiIsInR5cCI6IkpXVCJ9.eyJpZCI6IjY4ZTQwZjkxNGZjOWM5MjI1Y2U2NDliYiIsImlhdCI6MTc1OTc3NjY1NywiZXhwIjoxNzU5ODYzMDU3fQ.SnLmyuDqiU_llZLAS6RkxSvPh6NyJTqnlSu57uu3w5o"}}</msg>
<arg>${response.content}</arg>
<doc>Logs the given message with the given level.</doc>
<status status="PASS" start="2025-10-06T15:50:57.160167" elapsed="0.000545"/>
</kw>
<kw name="Log" owner="BuiltIn">
<msg time="2025-10-06T15:50:57.161315" level="INFO">201</msg>
<arg>${response.status_code}</arg>
<doc>Logs the given message with the given level.</doc>
<status status="PASS" start="2025-10-06T15:50:57.160866" elapsed="0.000513"/>
</kw>
<arg>${customer_user}[name]</arg>
<arg>${customer_user}[email]</arg>
<arg>${customer_user}[password]</arg>
<status status="PASS" start="2025-10-06T15:50:57.044172" elapsed="0.117293"/>
</kw>
<arg>${customer_user}</arg>
<status status="PASS" start="2025-10-06T15:50:57.043512" elapsed="0.118020"/>
</kw>
<kw name="Fazer Login" owner="LoginKeywords">
<kw name="POST Endpoint /auth/login" owner="LoginKeywords">
<kw name="Create Dictionary" owner="BuiltIn">
<msg time="2025-10-06T15:50:57.163106" level="INFO">${payload} = {'email': 'kurt@nirvana.com', 'password': 'pwd12345'}</msg>
<var>${payload}</var>
<arg>email=${email}</arg>
<arg>password=${password}</arg>
<doc>Creates and returns a dictionary based on the given ``items``.</doc>
<status status="PASS" start="2025-10-06T15:50:57.162757" elapsed="0.000388"/>
</kw>
<kw name="POST On Session" owner="RequestsLibrary">
<msg time="2025-10-06T15:50:57.272511" level="INFO">POST Request : url=http://localhost:3000/api/v1/auth/login 
 path_url=/api/v1/auth/login 
 headers={'User-Agent': 'python-requests/2.32.5', 'Accept-Encoding': 'gzip, deflate', 'Accept': '*/*', 'Connection': 'keep-alive', 'Content-Length': '53', 'Content-Type': 'application/json'} 
 body=b'{"email": "kurt@nirvana.com", "password": "pwd12345"}' 
 </msg>
<msg time="2025-10-06T15:50:57.272603" level="INFO">POST Response : url=http://localhost:3000/api/v1/auth/login 
 status=200, reason=OK 
 headers={'X-Powered-By': 'Express', 'Access-Control-Allow-Origin': '*', 'Content-Type': 'application/json; charset=utf-8', 'Content-Length': '302', 'ETag': 'W/"12e-ZwWBNAJunajjTehDBzZi/yR8tiU"', 'Date': 'Mon, 06 Oct 2025 18:50:57 GMT', 'Connection': 'keep-alive', 'Keep-Alive': 'timeout=5'} 
 body={"success":true,"data":{"_id":"68e40f914fc9c9225ce649bb","name":"Kurt Cobain","email":"kurt@nirvana.com","role":"user","token":"eyJhbGciOiJIUzI1NiIsInR5cCI6IkpXVCJ9.eyJpZCI6IjY4ZTQwZjkxNGZjOWM5MjI1Y2U2NDliYiIsImlhdCI6MTc1OTc3NjY1NywiZXhwIjoxNzU5ODYzMDU3fQ.SnLmyuDqiU_llZLAS6RkxSvPh6NyJTqnlSu57uu3w5o"}} 
 </msg>
<msg time="2025-10-06T15:50:57.272761" level="INFO">${response} = &lt;Response [200]&gt;</msg>
<var>${response}</var>
<arg>alias=CinemaApp</arg>
<arg>url=/auth/login</arg>
<arg>json=${payload}</arg>
<arg>expected_status=any</arg>
<doc>Sends a POST request on a previously created HTTP Session.</doc>
<status status="PASS" start="2025-10-06T15:50:57.163333" elapsed="0.109462"/>
</kw>
<kw name="Set Global Variable" owner="BuiltIn">
<msg time="2025-10-06T15:50:57.273362" level="INFO">${response} = &lt;Response [200]&gt;</msg>
<arg>${response}</arg>
<doc>Makes a variable available globally in all tests and suites.</doc>
<status status="PASS" start="2025-10-06T15:50:57.273070" elapsed="0.000342"/>
</kw>
<kw name="Run Keyword If" owner="BuiltIn">
<kw name="Extract JWT" owner="LoginKeywords">
<kw name="Set Variable" owner="BuiltIn">
<msg time="2025-10-06T15:50:57.275064" level="INFO">${token} = eyJhbGciOiJIUzI1NiIsInR5cCI6IkpXVCJ9.eyJpZCI6IjY4ZTQwZjkxNGZjOWM5MjI1Y2U2NDliYiIsImlhdCI6MTc1OTc3NjY1NywiZXhwIjoxNzU5ODYzMDU3fQ.SnLmyuDqiU_llZLAS6RkxSvPh6NyJTqnlSu57uu3w5o</msg>
<var>${token}</var>
<arg>${response.json()['data']['token']}</arg>
<doc>Returns the given values which can then be assigned to a variables.</doc>
<status status="PASS" start="2025-10-06T15:50:57.274594" elapsed="0.000502"/>
</kw>
<kw name="Log" owner="BuiltIn">
<msg time="2025-10-06T15:50:57.275391" level="INFO">Token obtido: eyJhbGciOiJIUzI1NiIsInR5cCI6IkpXVCJ9.eyJpZCI6IjY4ZTQwZjkxNGZjOWM5MjI1Y2U2NDliYiIsImlhdCI6MTc1OTc3NjY1NywiZXhwIjoxNzU5ODYzMDU3fQ.SnLmyuDqiU_llZLAS6RkxSvPh6NyJTqnlSu57uu3w5o</msg>
<arg>Token obtido: ${token}</arg>
<doc>Logs the given message with the given level.</doc>
<status status="PASS" start="2025-10-06T15:50:57.275254" elapsed="0.000188"/>
</kw>
<kw name="Set Global Variable" owner="BuiltIn">
<msg time="2025-10-06T15:50:57.276008" level="INFO">${token} = eyJhbGciOiJIUzI1NiIsInR5cCI6IkpXVCJ9.eyJpZCI6IjY4ZTQwZjkxNGZjOWM5MjI1Y2U2NDliYiIsImlhdCI6MTc1OTc3NjY1NywiZXhwIjoxNzU5ODYzMDU3fQ.SnLmyuDqiU_llZLAS6RkxSvPh6NyJTqnlSu57uu3w5o</msg>
<arg>${token}</arg>
<doc>Makes a variable available globally in all tests and suites.</doc>
<status status="PASS" start="2025-10-06T15:50:57.275718" elapsed="0.000339"/>
</kw>
<status status="PASS" start="2025-10-06T15:50:57.274296" elapsed="0.001828"/>
</kw>
<arg>${response.status_code} == 200</arg>
<arg>Extract JWT</arg>
<doc>Runs the given keyword with the given arguments, if ``condition`` is true.</doc>
<status status="PASS" start="2025-10-06T15:50:57.273580" elapsed="0.002595"/>
</kw>
<kw name="Log" owner="BuiltIn">
<msg time="2025-10-06T15:50:57.276742" level="INFO">{"success":true,"data":{"_id":"68e40f914fc9c9225ce649bb","name":"Kurt Cobain","email":"kurt@nirvana.com","role":"user","token":"eyJhbGciOiJIUzI1NiIsInR5cCI6IkpXVCJ9.eyJpZCI6IjY4ZTQwZjkxNGZjOWM5MjI1Y2U2NDliYiIsImlhdCI6MTc1OTc3NjY1NywiZXhwIjoxNzU5ODYzMDU3fQ.SnLmyuDqiU_llZLAS6RkxSvPh6NyJTqnlSu57uu3w5o"}}</msg>
<arg>${response.content}</arg>
<doc>Logs the given message with the given level.</doc>
<status status="PASS" start="2025-10-06T15:50:57.276327" elapsed="0.000466"/>
</kw>
<arg>${user}[email]</arg>
<arg>${user}[password]</arg>
<status status="PASS" start="2025-10-06T15:50:57.162285" elapsed="0.114572"/>
</kw>
<arg>${customer_user}</arg>
<status status="PASS" start="2025-10-06T15:50:57.161805" elapsed="0.115114"/>
</kw>
<kw name="Validate Status Code &quot;200&quot;" owner="common" source_name="Validate Status Code &quot;${statuscode}&quot;">
<kw name="Variable Should Exist" owner="BuiltIn">
<arg>${response}</arg>
<arg>response não foi definida. Verifique a requisição</arg>
<doc>Fails unless the given variable exists within the current scope.</doc>
<status status="PASS" start="2025-10-06T15:50:57.277602" elapsed="0.000242"/>
</kw>
<kw name="Should Be True" owner="BuiltIn">
<arg>${response.status_code} == ${statuscode}</arg>
<doc>Fails if the given condition is not true.</doc>
<status status="PASS" start="2025-10-06T15:50:57.278082" elapsed="0.000953"/>
</kw>
<status status="PASS" start="2025-10-06T15:50:57.277208" elapsed="0.001910"/>
</kw>
<kw name="Validar Success" owner="common">
<kw name="Variable Should Exist" owner="BuiltIn">
<arg>${response}</arg>
<arg>response não foi definida. Verifique a requisição</arg>
<doc>Fails unless the given variable exists within the current scope.</doc>
<status status="PASS" start="2025-10-06T15:50:57.279782" elapsed="0.000226"/>
</kw>
<kw name="Set Variable" owner="BuiltIn">
<msg time="2025-10-06T15:50:57.280703" level="INFO">${response_success} = True</msg>
<var>${response_success}</var>
<arg>${response.json()['success']}</arg>
<doc>Returns the given values which can then be assigned to a variables.</doc>
<status status="PASS" start="2025-10-06T15:50:57.280182" elapsed="0.000554"/>
</kw>
<kw name="Should Be Equal" owner="BuiltIn">
<arg>${response_success}</arg>
<arg>${expected_success}</arg>
<arg>msg=Campo success inesperado. Esperado: ${expected_success}, Obtido: ${response_success}</arg>
<doc>Fails if the given objects are unequal.</doc>
<status status="PASS" start="2025-10-06T15:50:57.280916" elapsed="0.000368"/>
</kw>
<arg>${True}</arg>
<status status="PASS" start="2025-10-06T15:50:57.279400" elapsed="0.001964"/>
</kw>
<tag>CT002</tag>
<status status="PASS" start="2025-10-06T15:50:57.039619" elapsed="0.241922"/>
</test>
<doc>Testes para o endpoint /auth</doc>
<status status="PASS" start="2025-10-06T15:50:56.647569" elapsed="0.634524"/>
</suite>
<suite id="s1-s2" name="Movies Tests" source="/home/rafael/Documentos/Compass/AtualizadoPC/PB-Quality-Engineering/Documentos/Semana 15 - Challenge Final/cinemaApp-tests/api/tests/movies_tests.robot">
<kw name="Make New Session" owner="base" type="SETUP">
<kw name="Create Session" owner="RequestsLibrary">
<msg time="2025-10-06T15:50:57.290215" level="INFO">Creating Session using : alias=CinemaApp, url=http://localhost:3000/api/v1, headers={},                     cookies={}, auth=None, timeout=None, proxies=None, verify=False,                     debug=0 </msg>
<arg>CinemaApp</arg>
<arg>url=${BASE_URL}</arg>
<doc>Create Session: create a HTTP session to a server</doc>
<status status="PASS" start="2025-10-06T15:50:57.289938" elapsed="0.000483"/>
</kw>
<status status="PASS" start="2025-10-06T15:50:57.289569" elapsed="0.000948"/>
</kw>
<test id="s1-s2-t1" name="CT004.001 - Cadastrar um Filme" line="10">
<kw name="Create List" owner="BuiltIn">
<msg time="2025-10-06T15:50:57.291195" level="INFO">${genres} = ['Drama']</msg>
<var>${genres}</var>
<arg>Drama</arg>
<doc>Returns a list containing given items.</doc>
<status status="PASS" start="2025-10-06T15:50:57.291036" elapsed="0.000191"/>
</kw>
<kw name="Create Dictionary" owner="BuiltIn">
<msg time="2025-10-06T15:50:57.291796" level="INFO">${movie} = {'title': 'Manchester à Beira-Mar', 'synopsis': 'Em Manchester à Beira-Mar, Lee Chandler é forçado a retornar para sua cidade natal com o objetivo de tomar conta de seu sobrinho adolescente, após o se...</msg>
<var>${movie}</var>
<arg>title=Manchester à Beira-Mar</arg>
<arg>synopsis=Em Manchester à Beira-Mar, Lee Chandler é forçado a retornar para sua cidade natal com o objetivo de tomar conta de seu sobrinho adolescente, após o seu irmão Kyle Chandler falecer precocemente. Este retorno ficará ainda mais complicado quando Lee precisar enfrentar as razões que o fizeram deixar sua família e ir embora, anos antes.</arg>
<arg>director=Kenneth Lonergan</arg>
<arg>genres=${genres}</arg>
<arg>duration=137</arg>
<arg>classification=+14</arg>
<arg>poster=manchester_poster.jpg</arg>
<arg>releaseDate=2016-11-18</arg>
<doc>Creates and returns a dictionary based on the given ``items``.</doc>
<status status="PASS" start="2025-10-06T15:50:57.291454" elapsed="0.000377"/>
</kw>
<kw name="Clean Movie from Database" owner="database">
<msg time="2025-10-06T15:50:57.293767" level="INFO">Searching for movie with title: Manchester à Beira-Mar
Movie found: {'_id': ObjectId('68e40f334fc9c9225ce648f0'), 'title': 'Manchester à Beira-Mar', 'synopsis': 'Em Manchester à Beira-Mar, Lee Chandler é forçado a retornar para sua cidade natal com o objetivo de tomar conta de seu sobrinho adolescente, após o seu irmão Kyle Chandler falecer precocemente. Este retorno ficará ainda mais complicado quando Lee precisar enfrentar as razões que o fizeram deixar sua família e ir embora, anos antes.', 'director': 'Kenneth Lonergan', 'genres': ['Drama'], 'duration': 137, 'classification': '+14', 'poster': 'manchester_poster.jpg', 'releaseDate': datetime.datetime(2016, 11, 18, 0, 0), 'createdAt': datetime.datetime(2025, 10, 6, 18, 49, 23, 36000), 'updatedAt': datetime.datetime(2025, 10, 6, 18, 49, 23, 36000), '__v': 0}
Movies with title 'Manchester à Beira-Mar' deleted. Count: 1</msg>
<arg>${movie}[title]</arg>
<status status="PASS" start="2025-10-06T15:50:57.292080" elapsed="0.001763"/>
</kw>
<kw name="Criar filme" owner="CreateMovieKeywords">
<kw name="Utilizar Token de Administrador" owner="common">
<kw name="Create Dictionary" owner="BuiltIn">
<msg time="2025-10-06T15:50:57.295246" level="INFO">${admin_user} = {'name': ' Lex Luthr', 'email': 'lex.luthor@lexcorp.com', 'password': 'pwd12345'}</msg>
<var>${admin_user}</var>
<arg>name= Lex Luthr</arg>
<arg>email=lex.luthor@lexcorp.com</arg>
<arg>password=pwd12345</arg>
<doc>Creates and returns a dictionary based on the given ``items``.</doc>
<status status="PASS" start="2025-10-06T15:50:57.295013" elapsed="0.000268"/>
</kw>
<kw name="POST Endpoint /auth/register" owner="CreateUserKeywords">
<kw name="Create Dictionary" owner="BuiltIn">
<msg time="2025-10-06T15:50:57.296239" level="INFO">&amp;{header} = { Content-Type=application/json }</msg>
<var>&amp;{header}</var>
<arg>Content-Type=application/json</arg>
<doc>Creates and returns a dictionary based on the given ``items``.</doc>
<status status="PASS" start="2025-10-06T15:50:57.296023" elapsed="0.000250"/>
</kw>
<kw name="Create Dictionary" owner="BuiltIn">
<msg time="2025-10-06T15:50:57.296940" level="INFO">${payload} = {'name': ' Lex Luthr', 'email': 'lex.luthor@lexcorp.com', 'password': 'pwd12345'}</msg>
<var>${payload}</var>
<arg>name=${name}</arg>
<arg>email=${email}</arg>
<arg>password=${password}</arg>
<doc>Creates and returns a dictionary based on the given ``items``.</doc>
<status status="PASS" start="2025-10-06T15:50:57.296573" elapsed="0.000414"/>
</kw>
<kw name="POST On Session" owner="RequestsLibrary">
<msg time="2025-10-06T15:50:57.304507" level="INFO">POST Request : url=http://localhost:3000/api/v1/auth/register 
 path_url=/api/v1/auth/register 
 headers={'User-Agent': 'python-requests/2.32.5', 'Accept-Encoding': 'gzip, deflate', 'Accept': '*/*', 'Connection': 'keep-alive', 'Content-Type': 'application/json', 'Content-Length': '81'} 
 body=b'{"name": " Lex Luthr", "email": "lex.luthor@lexcorp.com", "password": "pwd12345"}' 
 </msg>
<msg time="2025-10-06T15:50:57.304608" level="INFO">POST Response : url=http://localhost:3000/api/v1/auth/register 
 status=400, reason=Bad Request 
 headers={'X-Powered-By': 'Express', 'Access-Control-Allow-Origin': '*', 'Content-Type': 'application/json; charset=utf-8', 'Content-Length': '49', 'ETag': 'W/"31-WKEMg8zALB1Ko0WjUHi/6RBGHVc"', 'Date': 'Mon, 06 Oct 2025 18:50:57 GMT', 'Connection': 'keep-alive', 'Keep-Alive': 'timeout=5'} 
 body={"success":false,"message":"User already exists"} 
 </msg>
<msg time="2025-10-06T15:50:57.304761" level="INFO">${response} = &lt;Response [400]&gt;</msg>
<var>${response}</var>
<arg>CinemaApp</arg>
<arg>url=/auth/register</arg>
<arg>json=${payload}</arg>
<arg>headers=${header}</arg>
<arg>expected_status=any</arg>
<doc>Sends a POST request on a previously created HTTP Session.</doc>
<status status="PASS" start="2025-10-06T15:50:57.297327" elapsed="0.007470"/>
</kw>
<kw name="Set Global Variable" owner="BuiltIn">
<msg time="2025-10-06T15:50:57.305403" level="INFO">${response} = &lt;Response [400]&gt;</msg>
<arg>${response}</arg>
<doc>Makes a variable available globally in all tests and suites.</doc>
<status status="PASS" start="2025-10-06T15:50:57.305085" elapsed="0.000372"/>
</kw>
<kw name="Log" owner="BuiltIn">
<msg time="2025-10-06T15:50:57.306187" level="INFO">{"success":false,"message":"User already exists"}</msg>
<arg>${response.content}</arg>
<doc>Logs the given message with the given level.</doc>
<status status="PASS" start="2025-10-06T15:50:57.305625" elapsed="0.000618"/>
</kw>
<kw name="Log" owner="BuiltIn">
<msg time="2025-10-06T15:50:57.306850" level="INFO">400</msg>
<arg>${response.status_code}</arg>
<doc>Logs the given message with the given level.</doc>
<status status="PASS" start="2025-10-06T15:50:57.306412" elapsed="0.000494"/>
</kw>
<arg>${admin_user}[name]</arg>
<arg>${admin_user}[email]</arg>
<arg>${admin_user}[password]</arg>
<status status="PASS" start="2025-10-06T15:50:57.295511" elapsed="0.011484"/>
</kw>
<kw name="POST Endpoint /auth/login" owner="LoginKeywords">
<kw name="Create Dictionary" owner="BuiltIn">
<msg time="2025-10-06T15:50:57.308009" level="INFO">${payload} = {'email': 'lex.luthor@lexcorp.com', 'password': 'pwd12345'}</msg>
<var>${payload}</var>
<arg>email=${email}</arg>
<arg>password=${password}</arg>
<doc>Creates and returns a dictionary based on the given ``items``.</doc>
<status status="PASS" start="2025-10-06T15:50:57.307685" elapsed="0.000357"/>
</kw>
<kw name="POST On Session" owner="RequestsLibrary">
<msg time="2025-10-06T15:50:57.432211" level="INFO">POST Request : url=http://localhost:3000/api/v1/auth/login 
 path_url=/api/v1/auth/login 
 headers={'User-Agent': 'python-requests/2.32.5', 'Accept-Encoding': 'gzip, deflate', 'Accept': '*/*', 'Connection': 'keep-alive', 'Content-Length': '59', 'Content-Type': 'application/json'} 
 body=b'{"email": "lex.luthor@lexcorp.com", "password": "pwd12345"}' 
 </msg>
<msg time="2025-10-06T15:50:57.432377" level="INFO">POST Response : url=http://localhost:3000/api/v1/auth/login 
 status=200, reason=OK 
 headers={'X-Powered-By': 'Express', 'Access-Control-Allow-Origin': '*', 'Content-Type': 'application/json; charset=utf-8', 'Content-Length': '308', 'ETag': 'W/"134-B26S9tBiSYPo0n8n/hEspx+cO34"', 'Date': 'Mon, 06 Oct 2025 18:50:57 GMT', 'Connection': 'keep-alive', 'Keep-Alive': 'timeout=5'} 
 body={"success":true,"data":{"_id":"68dd5eeb21ab0711adb801cc","name":"Lex Luthor","email":"lex.luthor@lexcorp.com","role":"admin","token":"eyJhbGciOiJIUzI1NiIsInR5cCI6IkpXVCJ9.eyJpZCI6IjY4ZGQ1ZWViMjFhYjA3MTFhZGI4MDFjYyIsImlhdCI6MTc1OTc3NjY1NywiZXhwIjoxNzU5ODYzMDU3fQ.tbuxapI-yfHHQzkML7kpTh8_-CO74NndYxTOUR0b49c"}} 
 </msg>
<msg time="2025-10-06T15:50:57.432640" level="INFO">${response} = &lt;Response [200]&gt;</msg>
<var>${response}</var>
<arg>alias=CinemaApp</arg>
<arg>url=/auth/login</arg>
<arg>json=${payload}</arg>
<arg>expected_status=any</arg>
<doc>Sends a POST request on a previously created HTTP Session.</doc>
<status status="PASS" start="2025-10-06T15:50:57.308214" elapsed="0.124483"/>
</kw>
<kw name="Set Global Variable" owner="BuiltIn">
<msg time="2025-10-06T15:50:57.434065" level="INFO">${response} = &lt;Response [200]&gt;</msg>
<arg>${response}</arg>
<doc>Makes a variable available globally in all tests and suites.</doc>
<status status="PASS" start="2025-10-06T15:50:57.433138" elapsed="0.001021"/>
</kw>
<kw name="Run Keyword If" owner="BuiltIn">
<kw name="Extract JWT" owner="LoginKeywords">
<kw name="Set Variable" owner="BuiltIn">
<msg time="2025-10-06T15:50:57.436538" level="INFO">${token} = eyJhbGciOiJIUzI1NiIsInR5cCI6IkpXVCJ9.eyJpZCI6IjY4ZGQ1ZWViMjFhYjA3MTFhZGI4MDFjYyIsImlhdCI6MTc1OTc3NjY1NywiZXhwIjoxNzU5ODYzMDU3fQ.tbuxapI-yfHHQzkML7kpTh8_-CO74NndYxTOUR0b49c</msg>
<var>${token}</var>
<arg>${response.json()['data']['token']}</arg>
<doc>Returns the given values which can then be assigned to a variables.</doc>
<status status="PASS" start="2025-10-06T15:50:57.435750" elapsed="0.000840"/>
</kw>
<kw name="Log" owner="BuiltIn">
<msg time="2025-10-06T15:50:57.437111" level="INFO">Token obtido: eyJhbGciOiJIUzI1NiIsInR5cCI6IkpXVCJ9.eyJpZCI6IjY4ZGQ1ZWViMjFhYjA3MTFhZGI4MDFjYyIsImlhdCI6MTc1OTc3NjY1NywiZXhwIjoxNzU5ODYzMDU3fQ.tbuxapI-yfHHQzkML7kpTh8_-CO74NndYxTOUR0b49c</msg>
<arg>Token obtido: ${token}</arg>
<doc>Logs the given message with the given level.</doc>
<status status="PASS" start="2025-10-06T15:50:57.436851" elapsed="0.000360"/>
</kw>
<kw name="Set Global Variable" owner="BuiltIn">
<msg time="2025-10-06T15:50:57.437841" level="INFO">${token} = eyJhbGciOiJIUzI1NiIsInR5cCI6IkpXVCJ9.eyJpZCI6IjY4ZGQ1ZWViMjFhYjA3MTFhZGI4MDFjYyIsImlhdCI6MTc1OTc3NjY1NywiZXhwIjoxNzU5ODYzMDU3fQ.tbuxapI-yfHHQzkML7kpTh8_-CO74NndYxTOUR0b49c</msg>
<arg>${token}</arg>
<doc>Makes a variable available globally in all tests and suites.</doc>
<status status="PASS" start="2025-10-06T15:50:57.437501" elapsed="0.000397"/>
</kw>
<status status="PASS" start="2025-10-06T15:50:57.435365" elapsed="0.002630"/>
</kw>
<arg>${response.status_code} == 200</arg>
<arg>Extract JWT</arg>
<doc>Runs the given keyword with the given arguments, if ``condition`` is true.</doc>
<status status="PASS" start="2025-10-06T15:50:57.434413" elapsed="0.003642"/>
</kw>
<kw name="Log" owner="BuiltIn">
<msg time="2025-10-06T15:50:57.438768" level="INFO">{"success":true,"data":{"_id":"68dd5eeb21ab0711adb801cc","name":"Lex Luthor","email":"lex.luthor@lexcorp.com","role":"admin","token":"eyJhbGciOiJIUzI1NiIsInR5cCI6IkpXVCJ9.eyJpZCI6IjY4ZGQ1ZWViMjFhYjA3MTFhZGI4MDFjYyIsImlhdCI6MTc1OTc3NjY1NywiZXhwIjoxNzU5ODYzMDU3fQ.tbuxapI-yfHHQzkML7kpTh8_-CO74NndYxTOUR0b49c"}}</msg>
<arg>${response.content}</arg>
<doc>Logs the given message with the given level.</doc>
<status status="PASS" start="2025-10-06T15:50:57.438236" elapsed="0.000592"/>
</kw>
<arg>${admin_user}[email]</arg>
<arg>${admin_user}[password]</arg>
<status status="PASS" start="2025-10-06T15:50:57.307240" elapsed="0.131663"/>
</kw>
<kw name="Set Global Variable" owner="BuiltIn">
<msg time="2025-10-06T15:50:57.439417" level="INFO">${admin_user} = {'name': ' Lex Luthr', 'email': 'lex.luthor@lexcorp.com', 'password': 'pwd12345'}</msg>
<arg>${admin_user}</arg>
<doc>Makes a variable available globally in all tests and suites.</doc>
<status status="PASS" start="2025-10-06T15:50:57.439119" elapsed="0.000432"/>
</kw>
<status status="PASS" start="2025-10-06T15:50:57.294635" elapsed="0.144992"/>
</kw>
<kw name="POST Endpoint /movies" owner="CreateMovieKeywords">
<kw name="Create Dictionary" owner="BuiltIn">
<msg time="2025-10-06T15:50:57.441984" level="INFO">&amp;{header} = { Content-Type=application/json | Authorization=Bearer eyJhbGciOiJIUzI1NiIsInR5cCI6IkpXVCJ9.eyJpZCI6IjY4ZGQ1ZWViMjFhYjA3MTFhZGI4MDFjYyIsImlhdCI6MTc1OTc3NjY1NywiZXhwIjoxNzU5ODYzMDU3fQ.tbuxapI-yfHHQzkML...</msg>
<var>&amp;{header}</var>
<arg>Content-Type=application/json</arg>
<arg>Authorization=Bearer ${token}</arg>
<doc>Creates and returns a dictionary based on the given ``items``.</doc>
<status status="PASS" start="2025-10-06T15:50:57.441407" elapsed="0.000654"/>
</kw>
<kw name="Create Dictionary" owner="BuiltIn">
<msg time="2025-10-06T15:50:57.443635" level="INFO">${payload} = {'title': 'Manchester à Beira-Mar', 'synopsis': 'Em Manchester à Beira-Mar, Lee Chandler é forçado a retornar para sua cidade natal com o objetivo de tomar conta de seu sobrinho adolescente, após o se...</msg>
<var>${payload}</var>
<arg>title=${title}</arg>
<arg>synopsis=${synopsis}</arg>
<arg>director=${director}</arg>
<arg>genres=${genres}</arg>
<arg>duration=${duration}</arg>
<arg>classification=${classification}</arg>
<arg>poster=${poster}</arg>
<arg>releaseDate=${releaseDate}</arg>
<doc>Creates and returns a dictionary based on the given ``items``.</doc>
<status status="PASS" start="2025-10-06T15:50:57.442470" elapsed="0.001250"/>
</kw>
<kw name="POST On Session" owner="RequestsLibrary">
<msg time="2025-10-06T15:50:57.452627" level="INFO">POST Request : url=http://localhost:3000/api/v1/movies 
 path_url=/api/v1/movies 
 headers={'User-Agent': 'python-requests/2.32.5', 'Accept-Encoding': 'gzip, deflate', 'Accept': '*/*', 'Connection': 'keep-alive', 'Content-Type': 'application/json', 'Authorization': 'Bearer eyJhbGciOiJIUzI1NiIsInR5cCI6IkpXVCJ9.eyJpZCI6IjY4ZGQ1ZWViMjFhYjA3MTFhZGI4MDFjYyIsImlhdCI6MTc1OTc3NjY1NywiZXhwIjoxNzU5ODYzMDU3fQ.tbuxapI-yfHHQzkML7kpTh8_-CO74NndYxTOUR0b49c', 'Content-Length': '591'} 
 body=b'{"title": "Manchester \\u00e0 Beira-Mar", "synopsis": "Em Manchester \\u00e0 Beira-Mar, Lee Chandler \\u00e9 for\\u00e7ado a retornar para sua cidade natal com o objetivo de tomar conta de seu sobrinho adolescente, ap\\u00f3s o seu irm\\u00e3o Kyle Chandler falecer precocemente. Este retorno ficar\\u00e1 ainda mais complicado quando Lee precisar enfrentar as raz\\u00f5es que o fizeram deixar sua fam\\u00edlia e ir embora, anos antes.", "director": "Kenneth Lonergan", "genres": ["Drama"], "duration": "137", "classification": "+14", "poster": "manchester_poster.jpg", "releaseDate": "2016-11-18"}' 
 </msg>
<msg time="2025-10-06T15:50:57.452732" level="INFO">POST Response : url=http://localhost:3000/api/v1/movies 
 status=201, reason=Created 
 headers={'X-Powered-By': 'Express', 'Access-Control-Allow-Origin': '*', 'Content-Type': 'application/json; charset=utf-8', 'Content-Length': '727', 'ETag': 'W/"2d7-CLgjoz6KaR+Nj17IdhIDPih/tDU"', 'Date': 'Mon, 06 Oct 2025 18:50:57 GMT', 'Connection': 'keep-alive', 'Keep-Alive': 'timeout=5'} 
 body={"success":true,"data":{"title":"Manchester à Beira-Mar","synopsis":"Em Manchester à Beira-Mar, Lee Chandler é forçado a retornar para sua cidade natal com o objetivo de tomar conta de seu sobrinho adolescente, após o seu irmão Kyle Chandler falecer precocemente. Este retorno ficará ainda mais complicado quando Lee precisar enfrentar as razões que o fizeram deixar sua família e ir embora, anos antes.","director":"Kenneth Lonergan","genres":["Drama"],"duration":137,"classification":"+14","poster":"manchester_poster.jpg","releaseDate":"2016-11-18T00:00:00.000Z","_id":"68e40f914fc9c9225ce649c1","createdAt":"2025-10-06T18:50:57.449Z","updatedAt":"2025-10-06T18:50:57.449Z","__v":0,"id":"68e40f914fc9c9225ce649c1"}} 
 </msg>
<msg time="2025-10-06T15:50:57.452889" level="INFO">${response} = &lt;Response [201]&gt;</msg>
<var>${response}</var>
<arg>alias=CinemaApp</arg>
<arg>url=/movies</arg>
<arg>json=${payload}</arg>
<arg>headers=${header}</arg>
<arg>expected_status=any</arg>
<doc>Sends a POST request on a previously created HTTP Session.</doc>
<status status="PASS" start="2025-10-06T15:50:57.444064" elapsed="0.008863"/>
</kw>
<kw name="Set Global Variable" owner="BuiltIn">
<msg time="2025-10-06T15:50:57.453530" level="INFO">${response} = &lt;Response [201]&gt;</msg>
<arg>${response}</arg>
<doc>Makes a variable available globally in all tests and suites.</doc>
<status status="PASS" start="2025-10-06T15:50:57.453213" elapsed="0.000373"/>
</kw>
<kw name="Log" owner="BuiltIn">
<msg time="2025-10-06T15:50:57.454407" level="INFO">{"success":true,"data":{"title":"Manchester Ã  Beira-Mar","synopsis":"Em Manchester Ã  Beira-Mar, Lee Chandler Ã© forÃ§ado a retornar para sua cidade natal com o objetivo de tomar conta de seu sobrinho adolescente, apÃ³s o seu irmÃ£o Kyle Chandler falecer precocemente. Este retorno ficarÃ¡ ainda mais complicado quando Lee precisar enfrentar as razÃµes que o fizeram deixar sua famÃ­lia e ir embora, anos antes.","director":"Kenneth Lonergan","genres":["Drama"],"duration":137,"classification":"+14","poster":"manchester_poster.jpg","releaseDate":"2016-11-18T00:00:00.000Z","_id":"68e40f914fc9c9225ce649c1","createdAt":"2025-10-06T18:50:57.449Z","updatedAt":"2025-10-06T18:50:57.449Z","__v":0,"id":"68e40f914fc9c9225ce649c1"}}</msg>
<arg>${response.content}</arg>
<doc>Logs the given message with the given level.</doc>
<status status="PASS" start="2025-10-06T15:50:57.453759" elapsed="0.000762"/>
</kw>
<arg>${movie}[title]</arg>
<arg>${movie}[synopsis]</arg>
<arg>${movie}[director]</arg>
<arg>${movie}[genres]</arg>
<arg>${movie}[duration]</arg>
<arg>${movie}[classification]</arg>
<arg>${movie}[poster]</arg>
<arg>${movie}[releaseDate]</arg>
<status status="PASS" start="2025-10-06T15:50:57.439929" elapsed="0.014710"/>
</kw>
<arg>${movie}</arg>
<status status="PASS" start="2025-10-06T15:50:57.294162" elapsed="0.160587"/>
</kw>
<kw name="Validate Status Code &quot;201&quot;" owner="common" source_name="Validate Status Code &quot;${statuscode}&quot;">
<kw name="Variable Should Exist" owner="BuiltIn">
<arg>${response}</arg>
<arg>response não foi definida. Verifique a requisição</arg>
<doc>Fails unless the given variable exists within the current scope.</doc>
<status status="PASS" start="2025-10-06T15:50:57.456190" elapsed="0.000430"/>
</kw>
<kw name="Should Be True" owner="BuiltIn">
<arg>${response.status_code} == ${statuscode}</arg>
<doc>Fails if the given condition is not true.</doc>
<status status="PASS" start="2025-10-06T15:50:57.456951" elapsed="0.002040"/>
</kw>
<status status="PASS" start="2025-10-06T15:50:57.455257" elapsed="0.004065"/>
</kw>
<kw name="Validar Success" owner="common">
<kw name="Variable Should Exist" owner="BuiltIn">
<arg>${response}</arg>
<arg>response não foi definida. Verifique a requisição</arg>
<doc>Fails unless the given variable exists within the current scope.</doc>
<status status="PASS" start="2025-10-06T15:50:57.462292" elapsed="0.000392"/>
</kw>
<kw name="Set Variable" owner="BuiltIn">
<msg time="2025-10-06T15:50:57.463942" level="INFO">${response_success} = True</msg>
<var>${response_success}</var>
<arg>${response.json()['success']}</arg>
<doc>Returns the given values which can then be assigned to a variables.</doc>
<status status="PASS" start="2025-10-06T15:50:57.463011" elapsed="0.001008"/>
</kw>
<kw name="Should Be Equal" owner="BuiltIn">
<arg>${response_success}</arg>
<arg>${expected_success}</arg>
<arg>msg=Campo success inesperado. Esperado: ${expected_success}, Obtido: ${response_success}</arg>
<doc>Fails if the given objects are unequal.</doc>
<status status="PASS" start="2025-10-06T15:50:57.464558" elapsed="0.000781"/>
</kw>
<arg>${True}</arg>
<status status="PASS" start="2025-10-06T15:50:57.459791" elapsed="0.005694"/>
</kw>
<tag>CT004</tag>
<status status="PASS" start="2025-10-06T15:50:57.290587" elapsed="0.175154"/>
</test>
<test id="s1-s2-t2" name="CT004.002 - Editar um Filme Cadastrado" line="30">
<kw name="Create List" owner="BuiltIn">
<msg time="2025-10-06T15:50:57.467028" level="INFO">${genres} = ['Drama', 'Esporitvo']</msg>
<var>${genres}</var>
<arg>Drama</arg>
<arg>Esporitvo</arg>
<doc>Returns a list containing given items.</doc>
<status status="PASS" start="2025-10-06T15:50:57.466805" elapsed="0.000266"/>
</kw>
<kw name="Create Dictionary" owner="BuiltIn">
<msg time="2025-10-06T15:50:57.467852" level="INFO">${movie_edited} = {'title': 'Rocky, um Lutador - EDITADO', 'synopsis': 'EDITADO', 'director': 'John G Avildsen', 'genres': ['Drama', 'Esporitvo'], 'duration': '130', 'classification': '+16', 'poster': 'rocky.jpg', 'rel...</msg>
<var>${movie_edited}</var>
<arg>title=Rocky, um Lutador - EDITADO</arg>
<arg>synopsis=EDITADO</arg>
<arg>director=John G Avildsen</arg>
<arg>genres=${genres}</arg>
<arg>duration=130</arg>
<arg>classification=+16</arg>
<arg>poster=rocky.jpg</arg>
<arg>releaseDate=1977-01-07</arg>
<doc>Creates and returns a dictionary based on the given ``items``.</doc>
<status status="PASS" start="2025-10-06T15:50:57.467363" elapsed="0.000542"/>
</kw>
<kw name="Clean Movie from Database" owner="database">
<msg time="2025-10-06T15:50:57.470690" level="INFO">Searching for movie with title: Rocky, um Lutador - EDITADO
Movie found: {'_id': ObjectId('68e40f334fc9c9225ce648f5'), 'title': 'Rocky, um Lutador - EDITADO', 'synopsis': 'EDITADO', 'director': 'John G Avildsen', 'genres': ['Drama', 'Esporitvo'], 'duration': 130, 'classification': '+16', 'poster': 'rocky.jpg', 'releaseDate': datetime.datetime(1977, 1, 7, 0, 0), 'createdAt': datetime.datetime(2025, 10, 6, 18, 49, 23, 213000), 'updatedAt': datetime.datetime(2025, 10, 6, 18, 49, 23, 402000), '__v': 0}
Movies with title 'Rocky, um Lutador - EDITADO' deleted. Count: 1</msg>
<arg>${movie_edited}[title]</arg>
<status status="PASS" start="2025-10-06T15:50:57.468412" elapsed="0.002371"/>
</kw>
<kw name="Fill with movie" owner="common">
<kw name="Read JSON File" owner="common">
<kw name="Load Json From File" owner="JSONLibrary">
<msg time="2025-10-06T15:50:57.472490" level="INFO">${json} = {'movie1': {'title': 'Manchester à Beira-Mar', 'synopsis': 'Em Manchester à Beira-Mar, Lee Chandler é forçado a retornar para sua cidade natal com o objetivo de tomar conta de seu sobrinho adolescente...</msg>
<var>${json}</var>
<arg>${EXECDIR}/support/fixtures/${file}</arg>
<doc>Load JSON from file.</doc>
<status status="PASS" start="2025-10-06T15:50:57.471995" elapsed="0.000537"/>
</kw>
<return>
<value>${json}</value>
<status status="PASS" start="2025-10-06T15:50:57.472608" elapsed="0.000065"/>
</return>
<msg time="2025-10-06T15:50:57.472893" level="INFO">${movies_json} = {'movie1': {'title': 'Manchester à Beira-Mar', 'synopsis': 'Em Manchester à Beira-Mar, Lee Chandler é forçado a retornar para sua cidade natal com o objetivo de tomar conta de seu sobrinho adolescente...</msg>
<var>${movies_json}</var>
<arg>movies.json</arg>
<status status="PASS" start="2025-10-06T15:50:57.471638" elapsed="0.001290"/>
</kw>
<kw name="Set Variable" owner="BuiltIn">
<msg time="2025-10-06T15:50:57.473396" level="INFO">${movie} = {'title': 'Rocky, um Lutador', 'synopsis': 'Rocky Balboa, um pequeno boxeador da classe trabalhadora da Filadélfia, é arbitrariamente escolhido para lutar contra o campeão dos pesos pesados, Apollo Cr...</msg>
<var>${movie}</var>
<arg>${movies_json}[movie${index}]</arg>
<doc>Returns the given values which can then be assigned to a variables.</doc>
<status status="PASS" start="2025-10-06T15:50:57.473141" elapsed="0.000289"/>
</kw>
<kw name="Clean Movie from Database" owner="database">
<msg time="2025-10-06T15:50:57.475471" level="INFO">Searching for movie with title: Rocky, um Lutador
Movie found: None
No movie found with title: Rocky, um Lutador
Existing movies: [{'_id': ObjectId('68dab7c8732acebb54566cb3'), 'title': 'Inception'}, {'_id': ObjectId('68dab7c8732acebb54566cb4'), 'title': 'The Avengers'}, {'_id': ObjectId('68dab7c8732acebb54566cb5'), 'title': 'The Shawshank Redemption'}, {'_id': ObjectId('68deac968a278fec364b0b87'), 'title': ' Pânico'}, {'_id': ObjectId('68e40f334fc9c9225ce64909'), 'title': 'John Wick 4: Baba Yaga'}, {'_id': ObjectId('68e40f364fc9c9225ce64947'), 'title': 'O Poderoso Chefão'}, {'_id': ObjectId('68e40f374fc9c9225ce64979'), 'title': 'The Batman'}, {'_id': ObjectId('68e40f914fc9c9225ce649c1'), 'title': 'Manchester à Beira-Mar'}]</msg>
<arg>${movie}[title]</arg>
<status status="PASS" start="2025-10-06T15:50:57.473597" elapsed="0.001970"/>
</kw>
<kw name="Criar filme" owner="CreateMovieKeywords">
<kw name="Utilizar Token de Administrador" owner="common">
<kw name="Create Dictionary" owner="BuiltIn">
<msg time="2025-10-06T15:50:57.477903" level="INFO">${admin_user} = {'name': ' Lex Luthr', 'email': 'lex.luthor@lexcorp.com', 'password': 'pwd12345'}</msg>
<var>${admin_user}</var>
<arg>name= Lex Luthr</arg>
<arg>email=lex.luthor@lexcorp.com</arg>
<arg>password=pwd12345</arg>
<doc>Creates and returns a dictionary based on the given ``items``.</doc>
<status status="PASS" start="2025-10-06T15:50:57.477454" elapsed="0.000531"/>
</kw>
<kw name="POST Endpoint /auth/register" owner="CreateUserKeywords">
<kw name="Create Dictionary" owner="BuiltIn">
<msg time="2025-10-06T15:50:57.480792" level="INFO">&amp;{header} = { Content-Type=application/json }</msg>
<var>&amp;{header}</var>
<arg>Content-Type=application/json</arg>
<doc>Creates and returns a dictionary based on the given ``items``.</doc>
<status status="PASS" start="2025-10-06T15:50:57.480224" elapsed="0.000643"/>
</kw>
<kw name="Create Dictionary" owner="BuiltIn">
<msg time="2025-10-06T15:50:57.481985" level="INFO">${payload} = {'name': ' Lex Luthr', 'email': 'lex.luthor@lexcorp.com', 'password': 'pwd12345'}</msg>
<var>${payload}</var>
<arg>name=${name}</arg>
<arg>email=${email}</arg>
<arg>password=${password}</arg>
<doc>Creates and returns a dictionary based on the given ``items``.</doc>
<status status="PASS" start="2025-10-06T15:50:57.481319" elapsed="0.000723"/>
</kw>
<kw name="POST On Session" owner="RequestsLibrary">
<msg time="2025-10-06T15:50:57.488500" level="INFO">POST Request : url=http://localhost:3000/api/v1/auth/register 
 path_url=/api/v1/auth/register 
 headers={'User-Agent': 'python-requests/2.32.5', 'Accept-Encoding': 'gzip, deflate', 'Accept': '*/*', 'Connection': 'keep-alive', 'Content-Type': 'application/json', 'Content-Length': '81'} 
 body=b'{"name": " Lex Luthr", "email": "lex.luthor@lexcorp.com", "password": "pwd12345"}' 
 </msg>
<msg time="2025-10-06T15:50:57.488635" level="INFO">POST Response : url=http://localhost:3000/api/v1/auth/register 
 status=400, reason=Bad Request 
 headers={'X-Powered-By': 'Express', 'Access-Control-Allow-Origin': '*', 'Content-Type': 'application/json; charset=utf-8', 'Content-Length': '49', 'ETag': 'W/"31-WKEMg8zALB1Ko0WjUHi/6RBGHVc"', 'Date': 'Mon, 06 Oct 2025 18:50:57 GMT', 'Connection': 'keep-alive', 'Keep-Alive': 'timeout=5'} 
 body={"success":false,"message":"User already exists"} 
 </msg>
<msg time="2025-10-06T15:50:57.488846" level="INFO">${response} = &lt;Response [400]&gt;</msg>
<var>${response}</var>
<arg>CinemaApp</arg>
<arg>url=/auth/register</arg>
<arg>json=${payload}</arg>
<arg>headers=${header}</arg>
<arg>expected_status=any</arg>
<doc>Sends a POST request on a previously created HTTP Session.</doc>
<status status="PASS" start="2025-10-06T15:50:57.482360" elapsed="0.006536"/>
</kw>
<kw name="Set Global Variable" owner="BuiltIn">
<msg time="2025-10-06T15:50:57.489835" level="INFO">${response} = &lt;Response [400]&gt;</msg>
<arg>${response}</arg>
<doc>Makes a variable available globally in all tests and suites.</doc>
<status status="PASS" start="2025-10-06T15:50:57.489283" elapsed="0.000652"/>
</kw>
<kw name="Log" owner="BuiltIn">
<msg time="2025-10-06T15:50:57.491397" level="INFO">{"success":false,"message":"User already exists"}</msg>
<arg>${response.content}</arg>
<doc>Logs the given message with the given level.</doc>
<status status="PASS" start="2025-10-06T15:50:57.490290" elapsed="0.001226"/>
</kw>
<kw name="Log" owner="BuiltIn">
<msg time="2025-10-06T15:50:57.495303" level="INFO">400</msg>
<arg>${response.status_code}</arg>
<doc>Logs the given message with the given level.</doc>
<status status="PASS" start="2025-10-06T15:50:57.492310" elapsed="0.003129"/>
</kw>
<arg>${admin_user}[name]</arg>
<arg>${admin_user}[email]</arg>
<arg>${admin_user}[password]</arg>
<status status="PASS" start="2025-10-06T15:50:57.478437" elapsed="0.017167"/>
</kw>
<kw name="POST Endpoint /auth/login" owner="LoginKeywords">
<kw name="Create Dictionary" owner="BuiltIn">
<msg time="2025-10-06T15:50:57.497803" level="INFO">${payload} = {'email': 'lex.luthor@lexcorp.com', 'password': 'pwd12345'}</msg>
<var>${payload}</var>
<arg>email=${email}</arg>
<arg>password=${password}</arg>
<doc>Creates and returns a dictionary based on the given ``items``.</doc>
<status status="PASS" start="2025-10-06T15:50:57.497165" elapsed="0.000713"/>
</kw>
<kw name="POST On Session" owner="RequestsLibrary">
<msg time="2025-10-06T15:50:57.642641" level="INFO">POST Request : url=http://localhost:3000/api/v1/auth/login 
 path_url=/api/v1/auth/login 
 headers={'User-Agent': 'python-requests/2.32.5', 'Accept-Encoding': 'gzip, deflate', 'Accept': '*/*', 'Connection': 'keep-alive', 'Content-Length': '59', 'Content-Type': 'application/json'} 
 body=b'{"email": "lex.luthor@lexcorp.com", "password": "pwd12345"}' 
 </msg>
<msg time="2025-10-06T15:50:57.642852" level="INFO">POST Response : url=http://localhost:3000/api/v1/auth/login 
 status=200, reason=OK 
 headers={'X-Powered-By': 'Express', 'Access-Control-Allow-Origin': '*', 'Content-Type': 'application/json; charset=utf-8', 'Content-Length': '308', 'ETag': 'W/"134-B26S9tBiSYPo0n8n/hEspx+cO34"', 'Date': 'Mon, 06 Oct 2025 18:50:57 GMT', 'Connection': 'keep-alive', 'Keep-Alive': 'timeout=5'} 
 body={"success":true,"data":{"_id":"68dd5eeb21ab0711adb801cc","name":"Lex Luthor","email":"lex.luthor@lexcorp.com","role":"admin","token":"eyJhbGciOiJIUzI1NiIsInR5cCI6IkpXVCJ9.eyJpZCI6IjY4ZGQ1ZWViMjFhYjA3MTFhZGI4MDFjYyIsImlhdCI6MTc1OTc3NjY1NywiZXhwIjoxNzU5ODYzMDU3fQ.tbuxapI-yfHHQzkML7kpTh8_-CO74NndYxTOUR0b49c"}} 
 </msg>
<msg time="2025-10-06T15:50:57.643133" level="INFO">${response} = &lt;Response [200]&gt;</msg>
<var>${response}</var>
<arg>alias=CinemaApp</arg>
<arg>url=/auth/login</arg>
<arg>json=${payload}</arg>
<arg>expected_status=any</arg>
<doc>Sends a POST request on a previously created HTTP Session.</doc>
<status status="PASS" start="2025-10-06T15:50:57.498373" elapsed="0.144827"/>
</kw>
<kw name="Set Global Variable" owner="BuiltIn">
<msg time="2025-10-06T15:50:57.644624" level="INFO">${response} = &lt;Response [200]&gt;</msg>
<arg>${response}</arg>
<doc>Makes a variable available globally in all tests and suites.</doc>
<status status="PASS" start="2025-10-06T15:50:57.643723" elapsed="0.001066"/>
</kw>
<kw name="Run Keyword If" owner="BuiltIn">
<kw name="Extract JWT" owner="LoginKeywords">
<kw name="Set Variable" owner="BuiltIn">
<msg time="2025-10-06T15:50:57.648978" level="INFO">${token} = eyJhbGciOiJIUzI1NiIsInR5cCI6IkpXVCJ9.eyJpZCI6IjY4ZGQ1ZWViMjFhYjA3MTFhZGI4MDFjYyIsImlhdCI6MTc1OTc3NjY1NywiZXhwIjoxNzU5ODYzMDU3fQ.tbuxapI-yfHHQzkML7kpTh8_-CO74NndYxTOUR0b49c</msg>
<var>${token}</var>
<arg>${response.json()['data']['token']}</arg>
<doc>Returns the given values which can then be assigned to a variables.</doc>
<status status="PASS" start="2025-10-06T15:50:57.647727" elapsed="0.001336"/>
</kw>
<kw name="Log" owner="BuiltIn">
<msg time="2025-10-06T15:50:57.649850" level="INFO">Token obtido: eyJhbGciOiJIUzI1NiIsInR5cCI6IkpXVCJ9.eyJpZCI6IjY4ZGQ1ZWViMjFhYjA3MTFhZGI4MDFjYyIsImlhdCI6MTc1OTc3NjY1NywiZXhwIjoxNzU5ODYzMDU3fQ.tbuxapI-yfHHQzkML7kpTh8_-CO74NndYxTOUR0b49c</msg>
<arg>Token obtido: ${token}</arg>
<doc>Logs the given message with the given level.</doc>
<status status="PASS" start="2025-10-06T15:50:57.649485" elapsed="0.000516"/>
</kw>
<kw name="Set Global Variable" owner="BuiltIn">
<msg time="2025-10-06T15:50:57.651149" level="INFO">${token} = eyJhbGciOiJIUzI1NiIsInR5cCI6IkpXVCJ9.eyJpZCI6IjY4ZGQ1ZWViMjFhYjA3MTFhZGI4MDFjYyIsImlhdCI6MTc1OTc3NjY1NywiZXhwIjoxNzU5ODYzMDU3fQ.tbuxapI-yfHHQzkML7kpTh8_-CO74NndYxTOUR0b49c</msg>
<arg>${token}</arg>
<doc>Makes a variable available globally in all tests and suites.</doc>
<status status="PASS" start="2025-10-06T15:50:57.650423" elapsed="0.000873"/>
</kw>
<status status="PASS" start="2025-10-06T15:50:57.646920" elapsed="0.004553"/>
</kw>
<arg>${response.status_code} == 200</arg>
<arg>Extract JWT</arg>
<doc>Runs the given keyword with the given arguments, if ``condition`` is true.</doc>
<status status="PASS" start="2025-10-06T15:50:57.645328" elapsed="0.006255"/>
</kw>
<kw name="Log" owner="BuiltIn">
<msg time="2025-10-06T15:50:57.652503" level="INFO">{"success":true,"data":{"_id":"68dd5eeb21ab0711adb801cc","name":"Lex Luthor","email":"lex.luthor@lexcorp.com","role":"admin","token":"eyJhbGciOiJIUzI1NiIsInR5cCI6IkpXVCJ9.eyJpZCI6IjY4ZGQ1ZWViMjFhYjA3MTFhZGI4MDFjYyIsImlhdCI6MTc1OTc3NjY1NywiZXhwIjoxNzU5ODYzMDU3fQ.tbuxapI-yfHHQzkML7kpTh8_-CO74NndYxTOUR0b49c"}}</msg>
<arg>${response.content}</arg>
<doc>Logs the given message with the given level.</doc>
<status status="PASS" start="2025-10-06T15:50:57.651871" elapsed="0.000697"/>
</kw>
<arg>${admin_user}[email]</arg>
<arg>${admin_user}[password]</arg>
<status status="PASS" start="2025-10-06T15:50:57.496118" elapsed="0.156531"/>
</kw>
<kw name="Set Global Variable" owner="BuiltIn">
<msg time="2025-10-06T15:50:57.653187" level="INFO">${admin_user} = {'name': ' Lex Luthr', 'email': 'lex.luthor@lexcorp.com', 'password': 'pwd12345'}</msg>
<arg>${admin_user}</arg>
<doc>Makes a variable available globally in all tests and suites.</doc>
<status status="PASS" start="2025-10-06T15:50:57.652841" elapsed="0.000401"/>
</kw>
<status status="PASS" start="2025-10-06T15:50:57.476834" elapsed="0.176481"/>
</kw>
<kw name="POST Endpoint /movies" owner="CreateMovieKeywords">
<kw name="Create Dictionary" owner="BuiltIn">
<msg time="2025-10-06T15:50:57.654709" level="INFO">&amp;{header} = { Content-Type=application/json | Authorization=Bearer eyJhbGciOiJIUzI1NiIsInR5cCI6IkpXVCJ9.eyJpZCI6IjY4ZGQ1ZWViMjFhYjA3MTFhZGI4MDFjYyIsImlhdCI6MTc1OTc3NjY1NywiZXhwIjoxNzU5ODYzMDU3fQ.tbuxapI-yfHHQzkML...</msg>
<var>&amp;{header}</var>
<arg>Content-Type=application/json</arg>
<arg>Authorization=Bearer ${token}</arg>
<doc>Creates and returns a dictionary based on the given ``items``.</doc>
<status status="PASS" start="2025-10-06T15:50:57.654380" elapsed="0.000367"/>
</kw>
<kw name="Create Dictionary" owner="BuiltIn">
<msg time="2025-10-06T15:50:57.655700" level="INFO">${payload} = {'title': 'Rocky, um Lutador', 'synopsis': 'Rocky Balboa, um pequeno boxeador da classe trabalhadora da Filadélfia, é arbitrariamente escolhido para lutar contra o campeão dos pesos pesados, Apollo Cr...</msg>
<var>${payload}</var>
<arg>title=${title}</arg>
<arg>synopsis=${synopsis}</arg>
<arg>director=${director}</arg>
<arg>genres=${genres}</arg>
<arg>duration=${duration}</arg>
<arg>classification=${classification}</arg>
<arg>poster=${poster}</arg>
<arg>releaseDate=${releaseDate}</arg>
<doc>Creates and returns a dictionary based on the given ``items``.</doc>
<status status="PASS" start="2025-10-06T15:50:57.654939" elapsed="0.000800"/>
</kw>
<kw name="POST On Session" owner="RequestsLibrary">
<msg time="2025-10-06T15:50:57.667051" level="INFO">POST Request : url=http://localhost:3000/api/v1/movies 
 path_url=/api/v1/movies 
 headers={'User-Agent': 'python-requests/2.32.5', 'Accept-Encoding': 'gzip, deflate', 'Accept': '*/*', 'Connection': 'keep-alive', 'Content-Type': 'application/json', 'Authorization': 'Bearer eyJhbGciOiJIUzI1NiIsInR5cCI6IkpXVCJ9.eyJpZCI6IjY4ZGQ1ZWViMjFhYjA3MTFhZGI4MDFjYyIsImlhdCI6MTc1OTc3NjY1NywiZXhwIjoxNzU5ODYzMDU3fQ.tbuxapI-yfHHQzkML7kpTh8_-CO74NndYxTOUR0b49c', 'Content-Length': '460'} 
 body=b'{"title": "Rocky, um Lutador", "synopsis": "Rocky Balboa, um pequeno boxeador da classe trabalhadora da Filad\\u00e9lfia, \\u00e9 arbitrariamente escolhido para lutar contra o campe\\u00e3o dos pesos pesados, Apollo Creed, quando o advers\\u00e1rio do invicto lutador agendado para a luta \\u00e9 ferido.", "director": "John G Avildsen", "genres": ["Drama", "Esportivo"], "duration": 119, "classification": "+14", "poster": "rocky.jpg", "releaseDate": "1977-01-07"}' 
 </msg>
<msg time="2025-10-06T15:50:57.667442" level="INFO">POST Response : url=http://localhost:3000/api/v1/movies 
 status=201, reason=Created 
 headers={'X-Powered-By': 'Express', 'Access-Control-Allow-Origin': '*', 'Content-Type': 'application/json; charset=utf-8', 'Content-Length': '613', 'ETag': 'W/"265-+U6U7uTSU7N53tF3A0hZgbUNGsk"', 'Date': 'Mon, 06 Oct 2025 18:50:57 GMT', 'Connection': 'keep-alive', 'Keep-Alive': 'timeout=5'} 
 body={"success":true,"data":{"title":"Rocky, um Lutador","synopsis":"Rocky Balboa, um pequeno boxeador da classe trabalhadora da Filadélfia, é arbitrariamente escolhido para lutar contra o campeão dos pesos pesados, Apollo Creed, quando o adversário do invicto lutador agendado para a luta é ferido.","director":"John G Avildsen","genres":["Drama","Esportivo"],"duration":119,"classification":"+14","poster":"rocky.jpg","releaseDate":"1977-01-07T00:00:00.000Z","_id":"68e40f914fc9c9225ce649c6","createdAt":"2025-10-06T18:50:57.663Z","updatedAt":"2025-10-06T18:50:57.663Z","__v":0,"id":"68e40f914fc9c9225ce649c6"}} 
 </msg>
<msg time="2025-10-06T15:50:57.667847" level="INFO">${response} = &lt;Response [201]&gt;</msg>
<var>${response}</var>
<arg>alias=CinemaApp</arg>
<arg>url=/movies</arg>
<arg>json=${payload}</arg>
<arg>headers=${header}</arg>
<arg>expected_status=any</arg>
<doc>Sends a POST request on a previously created HTTP Session.</doc>
<status status="PASS" start="2025-10-06T15:50:57.655953" elapsed="0.011998"/>
</kw>
<kw name="Set Global Variable" owner="BuiltIn">
<msg time="2025-10-06T15:50:57.668878" level="INFO">${response} = &lt;Response [201]&gt;</msg>
<arg>${response}</arg>
<doc>Makes a variable available globally in all tests and suites.</doc>
<status status="PASS" start="2025-10-06T15:50:57.668392" elapsed="0.000559"/>
</kw>
<kw name="Log" owner="BuiltIn">
<msg time="2025-10-06T15:50:57.670291" level="INFO">{"success":true,"data":{"title":"Rocky, um Lutador","synopsis":"Rocky Balboa, um pequeno boxeador da classe trabalhadora da FiladÃ©lfia, Ã© arbitrariamente escolhido para lutar contra o campeÃ£o dos pesos pesados, Apollo Creed, quando o adversÃ¡rio do invicto lutador agendado para a luta Ã© ferido.","director":"John G Avildsen","genres":["Drama","Esportivo"],"duration":119,"classification":"+14","poster":"rocky.jpg","releaseDate":"1977-01-07T00:00:00.000Z","_id":"68e40f914fc9c9225ce649c6","createdAt":"2025-10-06T18:50:57.663Z","updatedAt":"2025-10-06T18:50:57.663Z","__v":0,"id":"68e40f914fc9c9225ce649c6"}}</msg>
<arg>${response.content}</arg>
<doc>Logs the given message with the given level.</doc>
<status status="PASS" start="2025-10-06T15:50:57.669307" elapsed="0.001095"/>
</kw>
<arg>${movie}[title]</arg>
<arg>${movie}[synopsis]</arg>
<arg>${movie}[director]</arg>
<arg>${movie}[genres]</arg>
<arg>${movie}[duration]</arg>
<arg>${movie}[classification]</arg>
<arg>${movie}[poster]</arg>
<arg>${movie}[releaseDate]</arg>
<status status="PASS" start="2025-10-06T15:50:57.653559" elapsed="0.016971"/>
</kw>
<arg>${movie}</arg>
<status status="PASS" start="2025-10-06T15:50:57.475953" elapsed="0.194673"/>
</kw>
<kw name="Get Movie ID" owner="common">
<kw name="Get movie by title" owner="database">
<msg time="2025-10-06T15:50:57.672644" level="INFO">${movie_data} = {'_id': '68e40f914fc9c9225ce649c6', 'title': 'Rocky, um Lutador', 'synopsis': 'Rocky Balboa, um pequeno boxeador da classe trabalhadora da Filadélfia, é arbitrariamente escolhido para lutar contra o c...</msg>
<var>${movie_data}</var>
<arg>${movie}[title]</arg>
<status status="PASS" start="2025-10-06T15:50:57.671456" elapsed="0.001230"/>
</kw>
<kw name="Set Variable" owner="BuiltIn">
<msg time="2025-10-06T15:50:57.673120" level="INFO">${movie_id} = 68e40f914fc9c9225ce649c6</msg>
<var>${movie_id}</var>
<arg>${movie_data}[_id]</arg>
<doc>Returns the given values which can then be assigned to a variables.</doc>
<status status="PASS" start="2025-10-06T15:50:57.672872" elapsed="0.000280"/>
</kw>
<return>
<value>${movie_id}</value>
<status status="PASS" start="2025-10-06T15:50:57.673215" elapsed="0.000055"/>
</return>
<msg time="2025-10-06T15:50:57.673431" level="INFO">${movie_id} = 68e40f914fc9c9225ce649c6</msg>
<var>${movie_id}</var>
<arg>${movie}</arg>
<status status="PASS" start="2025-10-06T15:50:57.670908" elapsed="0.002553"/>
</kw>
<kw name="Log" owner="BuiltIn">
<msg time="2025-10-06T15:50:57.673799" level="INFO">Movie ID: 68e40f914fc9c9225ce649c6</msg>
<arg>Movie ID: ${movie_id}</arg>
<doc>Logs the given message with the given level.</doc>
<status status="PASS" start="2025-10-06T15:50:57.673630" elapsed="0.000229"/>
</kw>
<return>
<value>${movie}</value>
<status status="PASS" start="2025-10-06T15:50:57.673929" elapsed="0.000050"/>
</return>
<msg time="2025-10-06T15:50:57.674149" level="INFO">${original_movie} = {'title': 'Rocky, um Lutador', 'synopsis': 'Rocky Balboa, um pequeno boxeador da classe trabalhadora da Filadélfia, é arbitrariamente escolhido para lutar contra o campeão dos pesos pesados, Apollo Cr...</msg>
<var>${original_movie}</var>
<arg>2</arg>
<status status="PASS" start="2025-10-06T15:50:57.471202" elapsed="0.202981"/>
</kw>
<kw name="Editar um Filme" owner="UpdateMovieKeywords">
<kw name="Utilizar Token de Administrador" owner="common">
<kw name="Create Dictionary" owner="BuiltIn">
<msg time="2025-10-06T15:50:57.676857" level="INFO">${admin_user} = {'name': ' Lex Luthr', 'email': 'lex.luthor@lexcorp.com', 'password': 'pwd12345'}</msg>
<var>${admin_user}</var>
<arg>name= Lex Luthr</arg>
<arg>email=lex.luthor@lexcorp.com</arg>
<arg>password=pwd12345</arg>
<doc>Creates and returns a dictionary based on the given ``items``.</doc>
<status status="PASS" start="2025-10-06T15:50:57.676589" elapsed="0.000314"/>
</kw>
<kw name="POST Endpoint /auth/register" owner="CreateUserKeywords">
<kw name="Create Dictionary" owner="BuiltIn">
<msg time="2025-10-06T15:50:57.678277" level="INFO">&amp;{header} = { Content-Type=application/json }</msg>
<var>&amp;{header}</var>
<arg>Content-Type=application/json</arg>
<doc>Creates and returns a dictionary based on the given ``items``.</doc>
<status status="PASS" start="2025-10-06T15:50:57.677846" elapsed="0.000497"/>
</kw>
<kw name="Create Dictionary" owner="BuiltIn">
<msg time="2025-10-06T15:50:57.679182" level="INFO">${payload} = {'name': ' Lex Luthr', 'email': 'lex.luthor@lexcorp.com', 'password': 'pwd12345'}</msg>
<var>${payload}</var>
<arg>name=${name}</arg>
<arg>email=${email}</arg>
<arg>password=${password}</arg>
<doc>Creates and returns a dictionary based on the given ``items``.</doc>
<status status="PASS" start="2025-10-06T15:50:57.678681" elapsed="0.000540"/>
</kw>
<kw name="POST On Session" owner="RequestsLibrary">
<msg time="2025-10-06T15:50:57.684442" level="INFO">POST Request : url=http://localhost:3000/api/v1/auth/register 
 path_url=/api/v1/auth/register 
 headers={'User-Agent': 'python-requests/2.32.5', 'Accept-Encoding': 'gzip, deflate', 'Accept': '*/*', 'Connection': 'keep-alive', 'Content-Type': 'application/json', 'Content-Length': '81'} 
 body=b'{"name": " Lex Luthr", "email": "lex.luthor@lexcorp.com", "password": "pwd12345"}' 
 </msg>
<msg time="2025-10-06T15:50:57.684548" level="INFO">POST Response : url=http://localhost:3000/api/v1/auth/register 
 status=400, reason=Bad Request 
 headers={'X-Powered-By': 'Express', 'Access-Control-Allow-Origin': '*', 'Content-Type': 'application/json; charset=utf-8', 'Content-Length': '49', 'ETag': 'W/"31-WKEMg8zALB1Ko0WjUHi/6RBGHVc"', 'Date': 'Mon, 06 Oct 2025 18:50:57 GMT', 'Connection': 'keep-alive', 'Keep-Alive': 'timeout=5'} 
 body={"success":false,"message":"User already exists"} 
 </msg>
<msg time="2025-10-06T15:50:57.684841" level="INFO">${response} = &lt;Response [400]&gt;</msg>
<var>${response}</var>
<arg>CinemaApp</arg>
<arg>url=/auth/register</arg>
<arg>json=${payload}</arg>
<arg>headers=${header}</arg>
<arg>expected_status=any</arg>
<doc>Sends a POST request on a previously created HTTP Session.</doc>
<status status="PASS" start="2025-10-06T15:50:57.679564" elapsed="0.005334"/>
</kw>
<kw name="Set Global Variable" owner="BuiltIn">
<msg time="2025-10-06T15:50:57.685529" level="INFO">${response} = &lt;Response [400]&gt;</msg>
<arg>${response}</arg>
<doc>Makes a variable available globally in all tests and suites.</doc>
<status status="PASS" start="2025-10-06T15:50:57.685202" elapsed="0.000383"/>
</kw>
<kw name="Log" owner="BuiltIn">
<msg time="2025-10-06T15:50:57.686306" level="INFO">{"success":false,"message":"User already exists"}</msg>
<arg>${response.content}</arg>
<doc>Logs the given message with the given level.</doc>
<status status="PASS" start="2025-10-06T15:50:57.685756" elapsed="0.000607"/>
</kw>
<kw name="Log" owner="BuiltIn">
<msg time="2025-10-06T15:50:57.687014" level="INFO">400</msg>
<arg>${response.status_code}</arg>
<doc>Logs the given message with the given level.</doc>
<status status="PASS" start="2025-10-06T15:50:57.686533" elapsed="0.000548"/>
</kw>
<arg>${admin_user}[name]</arg>
<arg>${admin_user}[email]</arg>
<arg>${admin_user}[password]</arg>
<status status="PASS" start="2025-10-06T15:50:57.677185" elapsed="0.010016"/>
</kw>
<kw name="POST Endpoint /auth/login" owner="LoginKeywords">
<kw name="Create Dictionary" owner="BuiltIn">
<msg time="2025-10-06T15:50:57.688905" level="INFO">${payload} = {'email': 'lex.luthor@lexcorp.com', 'password': 'pwd12345'}</msg>
<var>${payload}</var>
<arg>email=${email}</arg>
<arg>password=${password}</arg>
<doc>Creates and returns a dictionary based on the given ``items``.</doc>
<status status="PASS" start="2025-10-06T15:50:57.688359" elapsed="0.000624"/>
</kw>
<kw name="POST On Session" owner="RequestsLibrary">
<msg time="2025-10-06T15:50:57.823165" level="INFO">POST Request : url=http://localhost:3000/api/v1/auth/login 
 path_url=/api/v1/auth/login 
 headers={'User-Agent': 'python-requests/2.32.5', 'Accept-Encoding': 'gzip, deflate', 'Accept': '*/*', 'Connection': 'keep-alive', 'Content-Length': '59', 'Content-Type': 'application/json'} 
 body=b'{"email": "lex.luthor@lexcorp.com", "password": "pwd12345"}' 
 </msg>
<msg time="2025-10-06T15:50:57.823303" level="INFO">POST Response : url=http://localhost:3000/api/v1/auth/login 
 status=200, reason=OK 
 headers={'X-Powered-By': 'Express', 'Access-Control-Allow-Origin': '*', 'Content-Type': 'application/json; charset=utf-8', 'Content-Length': '308', 'ETag': 'W/"134-B26S9tBiSYPo0n8n/hEspx+cO34"', 'Date': 'Mon, 06 Oct 2025 18:50:57 GMT', 'Connection': 'keep-alive', 'Keep-Alive': 'timeout=5'} 
 body={"success":true,"data":{"_id":"68dd5eeb21ab0711adb801cc","name":"Lex Luthor","email":"lex.luthor@lexcorp.com","role":"admin","token":"eyJhbGciOiJIUzI1NiIsInR5cCI6IkpXVCJ9.eyJpZCI6IjY4ZGQ1ZWViMjFhYjA3MTFhZGI4MDFjYyIsImlhdCI6MTc1OTc3NjY1NywiZXhwIjoxNzU5ODYzMDU3fQ.tbuxapI-yfHHQzkML7kpTh8_-CO74NndYxTOUR0b49c"}} 
 </msg>
<msg time="2025-10-06T15:50:57.823525" level="INFO">${response} = &lt;Response [200]&gt;</msg>
<var>${response}</var>
<arg>alias=CinemaApp</arg>
<arg>url=/auth/login</arg>
<arg>json=${payload}</arg>
<arg>expected_status=any</arg>
<doc>Sends a POST request on a previously created HTTP Session.</doc>
<status status="PASS" start="2025-10-06T15:50:57.689277" elapsed="0.134312"/>
</kw>
<kw name="Set Global Variable" owner="BuiltIn">
<msg time="2025-10-06T15:50:57.824569" level="INFO">${response} = &lt;Response [200]&gt;</msg>
<arg>${response}</arg>
<doc>Makes a variable available globally in all tests and suites.</doc>
<status status="PASS" start="2025-10-06T15:50:57.824039" elapsed="0.000613"/>
</kw>
<kw name="Run Keyword If" owner="BuiltIn">
<kw name="Extract JWT" owner="LoginKeywords">
<kw name="Set Variable" owner="BuiltIn">
<msg time="2025-10-06T15:50:57.827922" level="INFO">${token} = eyJhbGciOiJIUzI1NiIsInR5cCI6IkpXVCJ9.eyJpZCI6IjY4ZGQ1ZWViMjFhYjA3MTFhZGI4MDFjYyIsImlhdCI6MTc1OTc3NjY1NywiZXhwIjoxNzU5ODYzMDU3fQ.tbuxapI-yfHHQzkML7kpTh8_-CO74NndYxTOUR0b49c</msg>
<var>${token}</var>
<arg>${response.json()['data']['token']}</arg>
<doc>Returns the given values which can then be assigned to a variables.</doc>
<status status="PASS" start="2025-10-06T15:50:57.826670" elapsed="0.001337"/>
</kw>
<kw name="Log" owner="BuiltIn">
<msg time="2025-10-06T15:50:57.828689" level="INFO">Token obtido: eyJhbGciOiJIUzI1NiIsInR5cCI6IkpXVCJ9.eyJpZCI6IjY4ZGQ1ZWViMjFhYjA3MTFhZGI4MDFjYyIsImlhdCI6MTc1OTc3NjY1NywiZXhwIjoxNzU5ODYzMDU3fQ.tbuxapI-yfHHQzkML7kpTh8_-CO74NndYxTOUR0b49c</msg>
<arg>Token obtido: ${token}</arg>
<doc>Logs the given message with the given level.</doc>
<status status="PASS" start="2025-10-06T15:50:57.828374" elapsed="0.000414"/>
</kw>
<kw name="Set Global Variable" owner="BuiltIn">
<msg time="2025-10-06T15:50:57.829612" level="INFO">${token} = eyJhbGciOiJIUzI1NiIsInR5cCI6IkpXVCJ9.eyJpZCI6IjY4ZGQ1ZWViMjFhYjA3MTFhZGI4MDFjYyIsImlhdCI6MTc1OTc3NjY1NywiZXhwIjoxNzU5ODYzMDU3fQ.tbuxapI-yfHHQzkML7kpTh8_-CO74NndYxTOUR0b49c</msg>
<arg>${token}</arg>
<doc>Makes a variable available globally in all tests and suites.</doc>
<status status="PASS" start="2025-10-06T15:50:57.829138" elapsed="0.000538"/>
</kw>
<status status="PASS" start="2025-10-06T15:50:57.826160" elapsed="0.003601"/>
</kw>
<arg>${response.status_code} == 200</arg>
<arg>Extract JWT</arg>
<doc>Runs the given keyword with the given arguments, if ``condition`` is true.</doc>
<status status="PASS" start="2025-10-06T15:50:57.824949" elapsed="0.004868"/>
</kw>
<kw name="Log" owner="BuiltIn">
<msg time="2025-10-06T15:50:57.830569" level="INFO">{"success":true,"data":{"_id":"68dd5eeb21ab0711adb801cc","name":"Lex Luthor","email":"lex.luthor@lexcorp.com","role":"admin","token":"eyJhbGciOiJIUzI1NiIsInR5cCI6IkpXVCJ9.eyJpZCI6IjY4ZGQ1ZWViMjFhYjA3MTFhZGI4MDFjYyIsImlhdCI6MTc1OTc3NjY1NywiZXhwIjoxNzU5ODYzMDU3fQ.tbuxapI-yfHHQzkML7kpTh8_-CO74NndYxTOUR0b49c"}}</msg>
<arg>${response.content}</arg>
<doc>Logs the given message with the given level.</doc>
<status status="PASS" start="2025-10-06T15:50:57.830031" elapsed="0.000598"/>
</kw>
<arg>${admin_user}[email]</arg>
<arg>${admin_user}[password]</arg>
<status status="PASS" start="2025-10-06T15:50:57.687530" elapsed="0.143173"/>
</kw>
<kw name="Set Global Variable" owner="BuiltIn">
<msg time="2025-10-06T15:50:57.831213" level="INFO">${admin_user} = {'name': ' Lex Luthr', 'email': 'lex.luthor@lexcorp.com', 'password': 'pwd12345'}</msg>
<arg>${admin_user}</arg>
<doc>Makes a variable available globally in all tests and suites.</doc>
<status status="PASS" start="2025-10-06T15:50:57.830895" elapsed="0.000369"/>
</kw>
<status status="PASS" start="2025-10-06T15:50:57.676129" elapsed="0.155206"/>
</kw>
<kw name="Get Movie ID" owner="common">
<kw name="Get movie by title" owner="database">
<msg time="2025-10-06T15:50:57.833079" level="INFO">${movie_data} = {'_id': '68e40f914fc9c9225ce649c6', 'title': 'Rocky, um Lutador', 'synopsis': 'Rocky Balboa, um pequeno boxeador da classe trabalhadora da Filadélfia, é arbitrariamente escolhido para lutar contra o c...</msg>
<var>${movie_data}</var>
<arg>${movie}[title]</arg>
<status status="PASS" start="2025-10-06T15:50:57.831940" elapsed="0.001184"/>
</kw>
<kw name="Set Variable" owner="BuiltIn">
<msg time="2025-10-06T15:50:57.833535" level="INFO">${movie_id} = 68e40f914fc9c9225ce649c6</msg>
<var>${movie_id}</var>
<arg>${movie_data}[_id]</arg>
<doc>Returns the given values which can then be assigned to a variables.</doc>
<status status="PASS" start="2025-10-06T15:50:57.833328" elapsed="0.000239"/>
</kw>
<return>
<value>${movie_id}</value>
<status status="PASS" start="2025-10-06T15:50:57.833717" elapsed="0.000068"/>
</return>
<msg time="2025-10-06T15:50:57.834039" level="INFO">${movie_id} = 68e40f914fc9c9225ce649c6</msg>
<var>${movie_id}</var>
<arg>${original_movie}</arg>
<status status="PASS" start="2025-10-06T15:50:57.831560" elapsed="0.002512"/>
</kw>
<kw name="PUT Endpoint /movies/_id" owner="UpdateMovieKeywords">
<kw name="Create Dictionary" owner="BuiltIn">
<msg time="2025-10-06T15:50:57.836059" level="INFO">&amp;{header} = { Content-Type=application/json | Authorization=Bearer eyJhbGciOiJIUzI1NiIsInR5cCI6IkpXVCJ9.eyJpZCI6IjY4ZGQ1ZWViMjFhYjA3MTFhZGI4MDFjYyIsImlhdCI6MTc1OTc3NjY1NywiZXhwIjoxNzU5ODYzMDU3fQ.tbuxapI-yfHHQzkML...</msg>
<var>&amp;{header}</var>
<arg>Content-Type=application/json</arg>
<arg>Authorization=Bearer ${token}</arg>
<doc>Creates and returns a dictionary based on the given ``items``.</doc>
<status status="PASS" start="2025-10-06T15:50:57.835700" elapsed="0.000402"/>
</kw>
<kw name="Create Dictionary" owner="BuiltIn">
<msg time="2025-10-06T15:50:57.837169" level="INFO">${payload} = {'title': 'Rocky, um Lutador - EDITADO', 'synopsis': 'EDITADO', 'director': 'John G Avildsen', 'genres': ['Drama', 'Esporitvo'], 'duration': '130', 'classification': '+16', 'poster': 'rocky.jpg', 'rel...</msg>
<var>${payload}</var>
<arg>title=${title}</arg>
<arg>synopsis=${synopsis}</arg>
<arg>director=${director}</arg>
<arg>genres=${genres}</arg>
<arg>duration=${duration}</arg>
<arg>classification=${classification}</arg>
<arg>poster=${poster}</arg>
<arg>releaseDate=${releaseDate}</arg>
<doc>Creates and returns a dictionary based on the given ``items``.</doc>
<status status="PASS" start="2025-10-06T15:50:57.836292" elapsed="0.000937"/>
</kw>
<kw name="PUT On Session" owner="RequestsLibrary">
<msg time="2025-10-06T15:50:57.853327" level="INFO">PUT Request : url=http://localhost:3000/api/v1/movies/68e40f914fc9c9225ce649c6 
 path_url=/api/v1/movies/68e40f914fc9c9225ce649c6 
 headers={'User-Agent': 'python-requests/2.32.5', 'Accept-Encoding': 'gzip, deflate', 'Accept': '*/*', 'Connection': 'keep-alive', 'Content-Type': 'application/json', 'Authorization': 'Bearer eyJhbGciOiJIUzI1NiIsInR5cCI6IkpXVCJ9.eyJpZCI6IjY4ZGQ1ZWViMjFhYjA3MTFhZGI4MDFjYyIsImlhdCI6MTc1OTc3NjY1NywiZXhwIjoxNzU5ODYzMDU3fQ.tbuxapI-yfHHQzkML7kpTh8_-CO74NndYxTOUR0b49c', 'Content-Length': '224'} 
 body=b'{"title": "Rocky, um Lutador - EDITADO", "synopsis": "EDITADO", "director": "John G Avildsen", "genres": ["Drama", "Esporitvo"], "duration": "130", "classification": "+16", "poster": "rocky.jpg", "releaseDate": "1977-01-07"}' 
 </msg>
<msg time="2025-10-06T15:50:57.853426" level="INFO">PUT Response : url=http://localhost:3000/api/v1/movies/68e40f914fc9c9225ce649c6 
 status=200, reason=OK 
 headers={'X-Powered-By': 'Express', 'Access-Control-Allow-Origin': '*', 'Content-Type': 'application/json; charset=utf-8', 'Content-Length': '395', 'ETag': 'W/"18b-h0p9lVHyE3YZJAL+SEYjt860KV4"', 'Date': 'Mon, 06 Oct 2025 18:50:57 GMT', 'Connection': 'keep-alive', 'Keep-Alive': 'timeout=5'} 
 body={"success":true,"data":{"_id":"68e40f914fc9c9225ce649c6","title":"Rocky, um Lutador - EDITADO","synopsis":"EDITADO","director":"John G Avildsen","genres":["Drama","Esporitvo"],"duration":130,"classification":"+16","poster":"rocky.jpg","releaseDate":"1977-01-07T00:00:00.000Z","createdAt":"2025-10-06T18:50:57.663Z","updatedAt":"2025-10-06T18:50:57.848Z","__v":0,"id":"68e40f914fc9c9225ce649c6"}} 
 </msg>
<msg time="2025-10-06T15:50:57.853576" level="INFO">${response} = &lt;Response [200]&gt;</msg>
<var>${response}</var>
<arg>alias=CinemaApp</arg>
<arg>url=/movies/${movie_id}</arg>
<arg>json=${payload}</arg>
<arg>headers=${header}</arg>
<arg>expected_status=any</arg>
<doc>Sends a PUT request on a previously created HTTP Session.</doc>
<status status="PASS" start="2025-10-06T15:50:57.837619" elapsed="0.016000"/>
</kw>
<kw name="Log" owner="BuiltIn">
<msg time="2025-10-06T15:50:57.854482" level="INFO">Response Status: 200</msg>
<arg>Response Status: ${response.status_code}</arg>
<doc>Logs the given message with the given level.</doc>
<status status="PASS" start="2025-10-06T15:50:57.853863" elapsed="0.000676"/>
</kw>
<kw name="Log" owner="BuiltIn">
<msg time="2025-10-06T15:50:57.855474" level="INFO">Response: {"success":true,"data":{"_id":"68e40f914fc9c9225ce649c6","title":"Rocky, um Lutador - EDITADO","synopsis":"EDITADO","director":"John G Avildsen","genres":["Drama","Esporitvo"],"duration":130,"classification":"+16","poster":"rocky.jpg","releaseDate":"1977-01-07T00:00:00.000Z","createdAt":"2025-10-06T18:50:57.663Z","updatedAt":"2025-10-06T18:50:57.848Z","__v":0,"id":"68e40f914fc9c9225ce649c6"}}</msg>
<arg>Response: ${response.content}</arg>
<doc>Logs the given message with the given level.</doc>
<status status="PASS" start="2025-10-06T15:50:57.854712" elapsed="0.000822"/>
</kw>
<kw name="Set Global Variable" owner="BuiltIn">
<msg time="2025-10-06T15:50:57.856030" level="INFO">${response} = &lt;Response [200]&gt;</msg>
<arg>${response}</arg>
<doc>Makes a variable available globally in all tests and suites.</doc>
<status status="PASS" start="2025-10-06T15:50:57.855720" elapsed="0.000364"/>
</kw>
<arg>${movie_edited}[title]</arg>
<arg>${movie_edited}[synopsis]</arg>
<arg>${movie_edited}[director]</arg>
<arg>${movie_edited}[genres]</arg>
<arg>${movie_edited}[duration]</arg>
<arg>${movie_edited}[classification]</arg>
<arg>${movie_edited}[poster]</arg>
<arg>${movie_edited}[releaseDate]</arg>
<arg>${movie_id}</arg>
<status status="PASS" start="2025-10-06T15:50:57.834649" elapsed="0.021511"/>
</kw>
<arg>${movie_edited}</arg>
<arg>${original_movie}</arg>
<status status="PASS" start="2025-10-06T15:50:57.674486" elapsed="0.181765"/>
</kw>
<kw name="Validate Status Code &quot;200&quot;" owner="common" source_name="Validate Status Code &quot;${statuscode}&quot;">
<kw name="Variable Should Exist" owner="BuiltIn">
<arg>${response}</arg>
<arg>response não foi definida. Verifique a requisição</arg>
<doc>Fails unless the given variable exists within the current scope.</doc>
<status status="PASS" start="2025-10-06T15:50:57.857474" elapsed="0.000400"/>
</kw>
<kw name="Should Be True" owner="BuiltIn">
<arg>${response.status_code} == ${statuscode}</arg>
<doc>Fails if the given condition is not true.</doc>
<status status="PASS" start="2025-10-06T15:50:57.858219" elapsed="0.001613"/>
</kw>
<status status="PASS" start="2025-10-06T15:50:57.856652" elapsed="0.003339"/>
</kw>
<kw name="Validar Success" owner="common">
<kw name="Variable Should Exist" owner="BuiltIn">
<arg>${response}</arg>
<arg>response não foi definida. Verifique a requisição</arg>
<doc>Fails unless the given variable exists within the current scope.</doc>
<status status="PASS" start="2025-10-06T15:50:57.861266" elapsed="0.001161"/>
</kw>
<kw name="Set Variable" owner="BuiltIn">
<msg time="2025-10-06T15:50:57.863674" level="INFO">${response_success} = True</msg>
<var>${response_success}</var>
<arg>${response.json()['success']}</arg>
<doc>Returns the given values which can then be assigned to a variables.</doc>
<status status="PASS" start="2025-10-06T15:50:57.862779" elapsed="0.000947"/>
</kw>
<kw name="Should Be Equal" owner="BuiltIn">
[...]
</kw>
<kw name="Set Global Variable" owner="BuiltIn">
<msg time="2025-10-06T15:51:04.076172" level="INFO">${response} = &lt;Response [200]&gt;</msg>
<arg>${response}</arg>
<doc>Makes a variable available globally in all tests and suites.</doc>
<status status="PASS" start="2025-10-06T15:51:04.075688" elapsed="0.000565"/>
</kw>
<kw name="Run Keyword If" owner="BuiltIn">
<kw name="Extract JWT" owner="LoginKeywords">
<kw name="Set Variable" owner="BuiltIn">
<msg time="2025-10-06T15:51:04.078875" level="INFO">${token} = eyJhbGciOiJIUzI1NiIsInR5cCI6IkpXVCJ9.eyJpZCI6IjY4ZTQwZjkxNGZjOWM5MjI1Y2U2NDliYiIsImlhdCI6MTc1OTc3NjY2NCwiZXhwIjoxNzU5ODYzMDY0fQ.mYgO4c9QUKk5kqe-r6h0p4nbbmLfKVyu2V4Y3b9mpLw</msg>
<var>${token}</var>
<arg>${response.json()['data']['token']}</arg>
<doc>Returns the given values which can then be assigned to a variables.</doc>
<status status="PASS" start="2025-10-06T15:51:04.078101" elapsed="0.000951"/>
</kw>
<kw name="Log" owner="BuiltIn">
<msg time="2025-10-06T15:51:04.079726" level="INFO">Token obtido: eyJhbGciOiJIUzI1NiIsInR5cCI6IkpXVCJ9.eyJpZCI6IjY4ZTQwZjkxNGZjOWM5MjI1Y2U2NDliYiIsImlhdCI6MTc1OTc3NjY2NCwiZXhwIjoxNzU5ODYzMDY0fQ.mYgO4c9QUKk5kqe-r6h0p4nbbmLfKVyu2V4Y3b9mpLw</msg>
<arg>Token obtido: ${token}</arg>
<doc>Logs the given message with the given level.</doc>
<status status="PASS" start="2025-10-06T15:51:04.079479" elapsed="0.000334"/>
</kw>
<kw name="Set Global Variable" owner="BuiltIn">
<msg time="2025-10-06T15:51:04.080523" level="INFO">${token} = eyJhbGciOiJIUzI1NiIsInR5cCI6IkpXVCJ9.eyJpZCI6IjY4ZTQwZjkxNGZjOWM5MjI1Y2U2NDliYiIsImlhdCI6MTc1OTc3NjY2NCwiZXhwIjoxNzU5ODYzMDY0fQ.mYgO4c9QUKk5kqe-r6h0p4nbbmLfKVyu2V4Y3b9mpLw</msg>
<arg>${token}</arg>
<doc>Makes a variable available globally in all tests and suites.</doc>
<status status="PASS" start="2025-10-06T15:51:04.080096" elapsed="0.000506"/>
</kw>
<status status="PASS" start="2025-10-06T15:51:04.077617" elapsed="0.003094"/>
</kw>
<arg>${response.status_code} == 200</arg>
<arg>Extract JWT</arg>
<doc>Runs the given keyword with the given arguments, if ``condition`` is true.</doc>
<status status="PASS" start="2025-10-06T15:51:04.076542" elapsed="0.004249"/>
</kw>
<kw name="Log" owner="BuiltIn">
<msg time="2025-10-06T15:51:04.081764" level="INFO">{"success":true,"data":{"_id":"68e40f914fc9c9225ce649bb","name":"Kurt Cobain","email":"kurt@nirvana.com","role":"user","token":"eyJhbGciOiJIUzI1NiIsInR5cCI6IkpXVCJ9.eyJpZCI6IjY4ZTQwZjkxNGZjOWM5MjI1Y2U2NDliYiIsImlhdCI6MTc1OTc3NjY2NCwiZXhwIjoxNzU5ODYzMDY0fQ.mYgO4c9QUKk5kqe-r6h0p4nbbmLfKVyu2V4Y3b9mpLw"}}</msg>
<arg>${response.content}</arg>
<doc>Logs the given message with the given level.</doc>
<status status="PASS" start="2025-10-06T15:51:04.081058" elapsed="0.000791"/>
</kw>
<arg>${user}[email]</arg>
<arg>${user}[password]</arg>
<status status="PASS" start="2025-10-06T15:51:03.962219" elapsed="0.119738"/>
</kw>
<arg>${user}</arg>
<status status="PASS" start="2025-10-06T15:51:03.961601" elapsed="0.120474"/>
</kw>
<kw name="Set Variable" owner="BuiltIn">
<msg time="2025-10-06T15:51:04.083111" level="INFO">${user_id} = 68e40f914fc9c9225ce649bb</msg>
<var>${user_id}</var>
<arg>${response.json()['data']['_id']}</arg>
<doc>Returns the given values which can then be assigned to a variables.</doc>
<status status="PASS" start="2025-10-06T15:51:04.082323" elapsed="0.000838"/>
</kw>
<return>
<value>${user_id}</value>
<status status="PASS" start="2025-10-06T15:51:04.083252" elapsed="0.000076"/>
</return>
<msg time="2025-10-06T15:51:04.083663" level="INFO">${user_id} = 68e40f914fc9c9225ce649bb</msg>
<var>${user_id}</var>
<arg>${customer_user}</arg>
<status status="PASS" start="2025-10-06T15:51:03.961031" elapsed="0.122682"/>
</kw>
<kw name="Deletar usuário" owner="DeleteUserKeywords">
<kw name="Utilizar Token de Administrador" owner="common">
<kw name="Create Dictionary" owner="BuiltIn">
<msg time="2025-10-06T15:51:04.087012" level="INFO">${admin_user} = {'name': ' Lex Luthr', 'email': 'lex.luthor@lexcorp.com', 'password': 'pwd12345'}</msg>
<var>${admin_user}</var>
<arg>name= Lex Luthr</arg>
<arg>email=lex.luthor@lexcorp.com</arg>
<arg>password=pwd12345</arg>
<doc>Creates and returns a dictionary based on the given ``items``.</doc>
<status status="PASS" start="2025-10-06T15:51:04.086687" elapsed="0.000380"/>
</kw>
<kw name="POST Endpoint /auth/register" owner="CreateUserKeywords">
<kw name="Create Dictionary" owner="BuiltIn">
<msg time="2025-10-06T15:51:04.088483" level="INFO">&amp;{header} = { Content-Type=application/json }</msg>
<var>&amp;{header}</var>
<arg>Content-Type=application/json</arg>
<doc>Creates and returns a dictionary based on the given ``items``.</doc>
<status status="PASS" start="2025-10-06T15:51:04.088022" elapsed="0.000507"/>
</kw>
<kw name="Create Dictionary" owner="BuiltIn">
<msg time="2025-10-06T15:51:04.089123" level="INFO">${payload} = {'name': ' Lex Luthr', 'email': 'lex.luthor@lexcorp.com', 'password': 'pwd12345'}</msg>
<var>${payload}</var>
<arg>name=${name}</arg>
<arg>email=${email}</arg>
<arg>password=${password}</arg>
<doc>Creates and returns a dictionary based on the given ``items``.</doc>
<status status="PASS" start="2025-10-06T15:51:04.088729" elapsed="0.000425"/>
</kw>
<kw name="POST On Session" owner="RequestsLibrary">
<msg time="2025-10-06T15:51:04.094443" level="INFO">POST Request : url=http://localhost:3000/api/v1/auth/register 
 path_url=/api/v1/auth/register 
 headers={'User-Agent': 'python-requests/2.32.5', 'Accept-Encoding': 'gzip, deflate', 'Accept': '*/*', 'Connection': 'keep-alive', 'Content-Type': 'application/json', 'Content-Length': '81'} 
 body=b'{"name": " Lex Luthr", "email": "lex.luthor@lexcorp.com", "password": "pwd12345"}' 
 </msg>
<msg time="2025-10-06T15:51:04.094589" level="INFO">POST Response : url=http://localhost:3000/api/v1/auth/register 
 status=400, reason=Bad Request 
 headers={'X-Powered-By': 'Express', 'Access-Control-Allow-Origin': '*', 'Content-Type': 'application/json; charset=utf-8', 'Content-Length': '49', 'ETag': 'W/"31-WKEMg8zALB1Ko0WjUHi/6RBGHVc"', 'Date': 'Mon, 06 Oct 2025 18:51:04 GMT', 'Connection': 'keep-alive', 'Keep-Alive': 'timeout=5'} 
 body={"success":false,"message":"User already exists"} 
 </msg>
<msg time="2025-10-06T15:51:04.094823" level="INFO">${response} = &lt;Response [400]&gt;</msg>
<var>${response}</var>
<arg>CinemaApp</arg>
<arg>url=/auth/register</arg>
<arg>json=${payload}</arg>
<arg>headers=${header}</arg>
<arg>expected_status=any</arg>
<doc>Sends a POST request on a previously created HTTP Session.</doc>
<status status="PASS" start="2025-10-06T15:51:04.089342" elapsed="0.005542"/>
</kw>
<kw name="Set Global Variable" owner="BuiltIn">
<msg time="2025-10-06T15:51:04.095860" level="INFO">${response} = &lt;Response [400]&gt;</msg>
<arg>${response}</arg>
<doc>Makes a variable available globally in all tests and suites.</doc>
<status status="PASS" start="2025-10-06T15:51:04.095318" elapsed="0.000633"/>
</kw>
<kw name="Log" owner="BuiltIn">
<msg time="2025-10-06T15:51:04.097132" level="INFO">{"success":false,"message":"User already exists"}</msg>
<arg>${response.content}</arg>
<doc>Logs the given message with the given level.</doc>
<status status="PASS" start="2025-10-06T15:51:04.096255" elapsed="0.000972"/>
</kw>
<kw name="Log" owner="BuiltIn">
<msg time="2025-10-06T15:51:04.098290" level="INFO">400</msg>
<arg>${response.status_code}</arg>
<doc>Logs the given message with the given level.</doc>
<status status="PASS" start="2025-10-06T15:51:04.097512" elapsed="0.000873"/>
</kw>
<arg>${admin_user}[name]</arg>
<arg>${admin_user}[email]</arg>
<arg>${admin_user}[password]</arg>
<status status="PASS" start="2025-10-06T15:51:04.087438" elapsed="0.011073"/>
</kw>
<kw name="POST Endpoint /auth/login" owner="LoginKeywords">
<kw name="Create Dictionary" owner="BuiltIn">
<msg time="2025-10-06T15:51:04.100200" level="INFO">${payload} = {'email': 'lex.luthor@lexcorp.com', 'password': 'pwd12345'}</msg>
<var>${payload}</var>
<arg>email=${email}</arg>
<arg>password=${password}</arg>
<doc>Creates and returns a dictionary based on the given ``items``.</doc>
<status status="PASS" start="2025-10-06T15:51:04.099659" elapsed="0.000595"/>
</kw>
<kw name="POST On Session" owner="RequestsLibrary">
<msg time="2025-10-06T15:51:04.212054" level="INFO">POST Request : url=http://localhost:3000/api/v1/auth/login 
 path_url=/api/v1/auth/login 
 headers={'User-Agent': 'python-requests/2.32.5', 'Accept-Encoding': 'gzip, deflate', 'Accept': '*/*', 'Connection': 'keep-alive', 'Content-Length': '59', 'Content-Type': 'application/json'} 
 body=b'{"email": "lex.luthor@lexcorp.com", "password": "pwd12345"}' 
 </msg>
<msg time="2025-10-06T15:51:04.212211" level="INFO">POST Response : url=http://localhost:3000/api/v1/auth/login 
 status=200, reason=OK 
 headers={'X-Powered-By': 'Express', 'Access-Control-Allow-Origin': '*', 'Content-Type': 'application/json; charset=utf-8', 'Content-Length': '308', 'ETag': 'W/"134-c0lDnz1oR1YSKZcQ1G+UV+MJn7s"', 'Date': 'Mon, 06 Oct 2025 18:51:04 GMT', 'Connection': 'keep-alive', 'Keep-Alive': 'timeout=5'} 
 body={"success":true,"data":{"_id":"68dd5eeb21ab0711adb801cc","name":"Lex Luthor","email":"lex.luthor@lexcorp.com","role":"admin","token":"eyJhbGciOiJIUzI1NiIsInR5cCI6IkpXVCJ9.eyJpZCI6IjY4ZGQ1ZWViMjFhYjA3MTFhZGI4MDFjYyIsImlhdCI6MTc1OTc3NjY2NCwiZXhwIjoxNzU5ODYzMDY0fQ.4Ya4KaRtw8znVNXfXZjhnOF7P6kI5N-YdWUPQw07iWU"}} 
 </msg>
<msg time="2025-10-06T15:51:04.212666" level="INFO">${response} = &lt;Response [200]&gt;</msg>
<var>${response}</var>
<arg>alias=CinemaApp</arg>
<arg>url=/auth/login</arg>
<arg>json=${payload}</arg>
<arg>expected_status=any</arg>
<doc>Sends a POST request on a previously created HTTP Session.</doc>
<status status="PASS" start="2025-10-06T15:51:04.100568" elapsed="0.112195"/>
</kw>
<kw name="Set Global Variable" owner="BuiltIn">
<msg time="2025-10-06T15:51:04.213821" level="INFO">${response} = &lt;Response [200]&gt;</msg>
<arg>${response}</arg>
<doc>Makes a variable available globally in all tests and suites.</doc>
<status status="PASS" start="2025-10-06T15:51:04.213263" elapsed="0.000654"/>
</kw>
<kw name="Run Keyword If" owner="BuiltIn">
<kw name="Extract JWT" owner="LoginKeywords">
<kw name="Set Variable" owner="BuiltIn">
<msg time="2025-10-06T15:51:04.217328" level="INFO">${token} = eyJhbGciOiJIUzI1NiIsInR5cCI6IkpXVCJ9.eyJpZCI6IjY4ZGQ1ZWViMjFhYjA3MTFhZGI4MDFjYyIsImlhdCI6MTc1OTc3NjY2NCwiZXhwIjoxNzU5ODYzMDY0fQ.4Ya4KaRtw8znVNXfXZjhnOF7P6kI5N-YdWUPQw07iWU</msg>
<var>${token}</var>
<arg>${response.json()['data']['token']}</arg>
<doc>Returns the given values which can then be assigned to a variables.</doc>
<status status="PASS" start="2025-10-06T15:51:04.216349" elapsed="0.001016"/>
</kw>
<kw name="Log" owner="BuiltIn">
<msg time="2025-10-06T15:51:04.217704" level="INFO">Token obtido: eyJhbGciOiJIUzI1NiIsInR5cCI6IkpXVCJ9.eyJpZCI6IjY4ZGQ1ZWViMjFhYjA3MTFhZGI4MDFjYyIsImlhdCI6MTc1OTc3NjY2NCwiZXhwIjoxNzU5ODYzMDY0fQ.4Ya4KaRtw8znVNXfXZjhnOF7P6kI5N-YdWUPQw07iWU</msg>
<arg>Token obtido: ${token}</arg>
<doc>Logs the given message with the given level.</doc>
<status status="PASS" start="2025-10-06T15:51:04.217548" elapsed="0.000211"/>
</kw>
<kw name="Set Global Variable" owner="BuiltIn">
<msg time="2025-10-06T15:51:04.218243" level="INFO">${token} = eyJhbGciOiJIUzI1NiIsInR5cCI6IkpXVCJ9.eyJpZCI6IjY4ZGQ1ZWViMjFhYjA3MTFhZGI4MDFjYyIsImlhdCI6MTc1OTc3NjY2NCwiZXhwIjoxNzU5ODYzMDY0fQ.4Ya4KaRtw8znVNXfXZjhnOF7P6kI5N-YdWUPQw07iWU</msg>
<arg>${token}</arg>
<doc>Makes a variable available globally in all tests and suites.</doc>
<status status="PASS" start="2025-10-06T15:51:04.217934" elapsed="0.000360"/>
</kw>
<status status="PASS" start="2025-10-06T15:51:04.215584" elapsed="0.002785"/>
</kw>
<arg>${response.status_code} == 200</arg>
<arg>Extract JWT</arg>
<doc>Runs the given keyword with the given arguments, if ``condition`` is true.</doc>
<status status="PASS" start="2025-10-06T15:51:04.214251" elapsed="0.004173"/>
</kw>
<kw name="Log" owner="BuiltIn">
<msg time="2025-10-06T15:51:04.219081" level="INFO">{"success":true,"data":{"_id":"68dd5eeb21ab0711adb801cc","name":"Lex Luthor","email":"lex.luthor@lexcorp.com","role":"admin","token":"eyJhbGciOiJIUzI1NiIsInR5cCI6IkpXVCJ9.eyJpZCI6IjY4ZGQ1ZWViMjFhYjA3MTFhZGI4MDFjYyIsImlhdCI6MTc1OTc3NjY2NCwiZXhwIjoxNzU5ODYzMDY0fQ.4Ya4KaRtw8znVNXfXZjhnOF7P6kI5N-YdWUPQw07iWU"}}</msg>
<arg>${response.content}</arg>
<doc>Logs the given message with the given level.</doc>
<status status="PASS" start="2025-10-06T15:51:04.218586" elapsed="0.000553"/>
</kw>
<arg>${admin_user}[email]</arg>
<arg>${admin_user}[password]</arg>
<status status="PASS" start="2025-10-06T15:51:04.098903" elapsed="0.120308"/>
</kw>
<kw name="Set Global Variable" owner="BuiltIn">
<msg time="2025-10-06T15:51:04.219672" level="INFO">${admin_user} = {'name': ' Lex Luthr', 'email': 'lex.luthor@lexcorp.com', 'password': 'pwd12345'}</msg>
<arg>${admin_user}</arg>
<doc>Makes a variable available globally in all tests and suites.</doc>
<status status="PASS" start="2025-10-06T15:51:04.219386" elapsed="0.000337"/>
</kw>
<status status="PASS" start="2025-10-06T15:51:04.085678" elapsed="0.134118"/>
</kw>
<kw name="DELETE Endpoint /users/_id" owner="DeleteUserKeywords">
<kw name="Create Dictionary" owner="BuiltIn">
<msg time="2025-10-06T15:51:04.220793" level="INFO">&amp;{header} = { Content-Type=application/json | Authorization=Bearer eyJhbGciOiJIUzI1NiIsInR5cCI6IkpXVCJ9.eyJpZCI6IjY4ZGQ1ZWViMjFhYjA3MTFhZGI4MDFjYyIsImlhdCI6MTc1OTc3NjY2NCwiZXhwIjoxNzU5ODYzMDY0fQ.4Ya4KaRtw8znVNXfX...</msg>
<var>&amp;{header}</var>
<arg>Content-Type=application/json</arg>
<arg>Authorization=Bearer ${token}</arg>
<doc>Creates and returns a dictionary based on the given ``items``.</doc>
<status status="PASS" start="2025-10-06T15:51:04.220486" elapsed="0.000354"/>
</kw>
<kw name="DELETE On Session" owner="RequestsLibrary">
<msg time="2025-10-06T15:51:04.231935" level="INFO">DELETE Request : url=http://localhost:3000/api/v1/users/68e40f914fc9c9225ce649bb 
 path_url=/api/v1/users/68e40f914fc9c9225ce649bb 
 headers={'User-Agent': 'python-requests/2.32.5', 'Accept-Encoding': 'gzip, deflate', 'Accept': '*/*', 'Connection': 'keep-alive', 'Content-Type': 'application/json', 'Authorization': 'Bearer eyJhbGciOiJIUzI1NiIsInR5cCI6IkpXVCJ9.eyJpZCI6IjY4ZGQ1ZWViMjFhYjA3MTFhZGI4MDFjYyIsImlhdCI6MTc1OTc3NjY2NCwiZXhwIjoxNzU5ODYzMDY0fQ.4Ya4KaRtw8znVNXfXZjhnOF7P6kI5N-YdWUPQw07iWU', 'Content-Length': '0'} 
 body=None 
 </msg>
<msg time="2025-10-06T15:51:04.232050" level="INFO">DELETE Response : url=http://localhost:3000/api/v1/users/68e40f914fc9c9225ce649bb 
 status=200, reason=OK 
 headers={'X-Powered-By': 'Express', 'Access-Control-Allow-Origin': '*', 'Content-Type': 'application/json; charset=utf-8', 'Content-Length': '41', 'ETag': 'W/"29-acm6zjlFy5zJu9kfItNOkEuApLY"', 'Date': 'Mon, 06 Oct 2025 18:51:04 GMT', 'Connection': 'keep-alive', 'Keep-Alive': 'timeout=5'} 
 body={"success":true,"message":"User removed"} 
 </msg>
<msg time="2025-10-06T15:51:04.232199" level="INFO">${response} = &lt;Response [200]&gt;</msg>
<var>${response}</var>
<arg>alias=CinemaApp</arg>
<arg>url=/users/${id}</arg>
<arg>headers=${header}</arg>
<arg>expected_status=any</arg>
<doc>Sends a DELETE request on a previously created HTTP Session.</doc>
<status status="PASS" start="2025-10-06T15:51:04.221042" elapsed="0.011193"/>
</kw>
<kw name="Log" owner="BuiltIn">
<msg time="2025-10-06T15:51:04.233037" level="INFO">{"success":true,"message":"User removed"}</msg>
<arg>${response.content}</arg>
<doc>Logs the given message with the given level.</doc>
<status status="PASS" start="2025-10-06T15:51:04.232476" elapsed="0.000618"/>
</kw>
<kw name="Set Global Variable" owner="BuiltIn">
<msg time="2025-10-06T15:51:04.233546" level="INFO">${response} = &lt;Response [200]&gt;</msg>
<arg>${response}</arg>
<doc>Makes a variable available globally in all tests and suites.</doc>
<status status="PASS" start="2025-10-06T15:51:04.233273" elapsed="0.000324"/>
</kw>
<arg>${id}</arg>
<status status="PASS" start="2025-10-06T15:51:04.220040" elapsed="0.013634"/>
</kw>
<arg>${user_id}</arg>
<status status="PASS" start="2025-10-06T15:51:04.084685" elapsed="0.149057"/>
</kw>
<kw name="Validate Status Code &quot;200&quot;" owner="common" source_name="Validate Status Code &quot;${statuscode}&quot;">
<kw name="Variable Should Exist" owner="BuiltIn">
<arg>${response}</arg>
<arg>response não foi definida. Verifique a requisição</arg>
<doc>Fails unless the given variable exists within the current scope.</doc>
<status status="PASS" start="2025-10-06T15:51:04.234945" elapsed="0.000423"/>
</kw>
<kw name="Should Be True" owner="BuiltIn">
<arg>${response.status_code} == ${statuscode}</arg>
<doc>Fails if the given condition is not true.</doc>
<status status="PASS" start="2025-10-06T15:51:04.235701" elapsed="0.001586"/>
</kw>
<status status="PASS" start="2025-10-06T15:51:04.234148" elapsed="0.003255"/>
</kw>
<kw name="Validar Success" owner="common">
<kw name="Variable Should Exist" owner="BuiltIn">
<arg>${response}</arg>
<arg>response não foi definida. Verifique a requisição</arg>
<doc>Fails unless the given variable exists within the current scope.</doc>
<status status="PASS" start="2025-10-06T15:51:04.238464" elapsed="0.000301"/>
</kw>
<kw name="Set Variable" owner="BuiltIn">
<msg time="2025-10-06T15:51:04.239690" level="INFO">${response_success} = True</msg>
<var>${response_success}</var>
<arg>${response.json()['success']}</arg>
<doc>Returns the given values which can then be assigned to a variables.</doc>
<status status="PASS" start="2025-10-06T15:51:04.239041" elapsed="0.000687"/>
</kw>
<kw name="Should Be Equal" owner="BuiltIn">
<arg>${response_success}</arg>
<arg>${expected_success}</arg>
<arg>msg=Campo success inesperado. Esperado: ${expected_success}, Obtido: ${response_success}</arg>
<doc>Fails if the given objects are unequal.</doc>
<status status="PASS" start="2025-10-06T15:51:04.240063" elapsed="0.001293"/>
</kw>
<arg>${True}</arg>
<status status="PASS" start="2025-10-06T15:51:04.237830" elapsed="0.003798"/>
</kw>
<status status="PASS" start="2025-10-06T15:51:03.959473" elapsed="0.282639"/>
</test>
<doc>Testes para o endpoint /users</doc>
<status status="PASS" start="2025-10-06T15:51:03.947738" elapsed="0.295297"/>
</suite>
<status status="FAIL" start="2025-10-06T15:50:56.615049" elapsed="7.629615"/>
</suite>
<statistics>
<total>
<stat pass="14" fail="2" skip="0">All Tests</stat>
</total>
<tag>
<stat pass="1" fail="1" skip="0">admin</stat>
<stat pass="1" fail="0" skip="0">CT001</stat>
<stat pass="1" fail="0" skip="0">CT002</stat>
<stat pass="3" fail="0" skip="0">CT004</stat>
<stat pass="1" fail="0" skip="0">CT007</stat>
<stat pass="1" fail="0" skip="0">CT008</stat>
<stat pass="1" fail="0" skip="0">CT009</stat>
<stat pass="1" fail="0" skip="0">CT010</stat>
<stat pass="1" fail="0" skip="0">CT011</stat>
<stat pass="1" fail="0" skip="0">CT013</stat>
<stat pass="0" fail="1" skip="0">CT014</stat>
<stat pass="1" fail="0" skip="0">CT015</stat>
</tag>
<suite>
<stat name="Tests" id="s1" pass="14" fail="2" skip="0">Tests</stat>
<stat name="Auth Tests" id="s1-s1" pass="2" fail="0" skip="0">Tests.Auth Tests</stat>
<stat name="Movies Tests" id="s1-s2" pass="3" fail="0" skip="0">Tests.Movies Tests</stat>
<stat name="Reservations Tests" id="s1-s3" pass="2" fail="1" skip="0">Tests.Reservations Tests</stat>
<stat name="Sessions Tests" id="s1-s4" pass="2" fail="0" skip="0">Tests.Sessions Tests</stat>
<stat name="Setup Tests" id="s1-s5" pass="1" fail="1" skip="0">Tests.Setup Tests</stat>
<stat name="Theaters Tests" id="s1-s6" pass="3" fail="0" skip="0">Tests.Theaters Tests</stat>
<stat name="Users Tests" id="s1-s7" pass="1" fail="0" skip="0">Tests.Users Tests</stat>
</suite>
</statistics>
<errors>
<msg time="2025-10-06T15:50:56.902498" level="WARN">Imported resource file '/home/rafael/Documentos/Compass/AtualizadoPC/PB-Quality-Engineering/Documentos/Semana 15 - Challenge Final/cinemaApp-tests/api/keywords/DeleteSessionKeywords.resource' is empty.</msg>
</errors>
</robot>
