<?xml version="1.0" encoding="UTF-8"?>
<robot generator="Robot 7.3.2 (Python 3.12.3 on linux)" generated="2025-10-03T16:11:09.584515" rpa="false" schemaversion="5">
<suite id="s1" name="Tests" source="/home/rafael/Documentos/Compass/AtualizadoPC/PB-Quality-Engineering/Documentos/Semana 15 - Challenge Final/cinemaApp-tests/api/tests">
<suite id="s1-s1" name="Auth Tests" source="/home/rafael/Documentos/Compass/AtualizadoPC/PB-Quality-Engineering/Documentos/Semana 15 - Challenge Final/cinemaApp-tests/api/tests/auth_tests.robot">
<kw name="Criar Sessao" owner="base" type="SETUP">
<kw name="Create Session" owner="RequestsLibrary">
<msg time="2025-10-03T16:11:09.879070" level="INFO">Creating Session using : alias=CinemaApp, url=http://localhost:3000/api/v1, headers={},                     cookies={}, auth=None, timeout=None, proxies=None, verify=False,                     debug=0 </msg>
<arg>CinemaApp</arg>
<arg>url=${BASE_URL}</arg>
<doc>Create Session: create a HTTP session to a server</doc>
<status status="PASS" start="2025-10-03T16:11:09.878789" elapsed="0.000561"/>
</kw>
<status status="PASS" start="2025-10-03T16:11:09.877996" elapsed="0.001465"/>
</kw>
<test id="s1-s1-t1" name="CT001.001 - Cadastrar um Cliente Válido" line="9">
<kw name="Create Dictionary" owner="BuiltIn">
<msg time="2025-10-03T16:11:09.880473" level="INFO">${customer_user} = {'name': 'Kurt Cobain', 'email': 'kurt@nirvana.com', 'password': 'pwd12345'}</msg>
<var>${customer_user}</var>
<arg>name=Kurt Cobain</arg>
<arg>email=kurt@nirvana.com</arg>
<arg>password=pwd12345</arg>
<doc>Creates and returns a dictionary based on the given ``items``.</doc>
<status status="PASS" start="2025-10-03T16:11:09.880100" elapsed="0.000411"/>
</kw>
<kw name="Clean user from database" owner="database">
<msg time="2025-10-03T16:11:09.883256" level="INFO">Removed user with email: kurt@nirvana.com</msg>
<arg>${customer_user}[email]</arg>
<status status="PASS" start="2025-10-03T16:11:09.880728" elapsed="0.002624"/>
</kw>
<kw name="Criar Cliente Valido" owner="cadastrar_usuario">
<kw name="POST Endpoint /auth/register" owner="cadastrar_usuario">
<kw name="Create Dictionary" owner="BuiltIn">
<msg time="2025-10-03T16:11:09.885666" level="INFO">&amp;{header} = { Content-Type=application/json }</msg>
<var>&amp;{header}</var>
<arg>Content-Type=application/json</arg>
<doc>Creates and returns a dictionary based on the given ``items``.</doc>
<status status="PASS" start="2025-10-03T16:11:09.885388" elapsed="0.000324"/>
</kw>
<kw name="Create Dictionary" owner="BuiltIn">
<msg time="2025-10-03T16:11:09.886284" level="INFO">${payload} = {'name': 'Kurt Cobain', 'email': 'kurt@nirvana.com', 'password': 'pwd12345'}</msg>
<var>${payload}</var>
<arg>name=${name}</arg>
<arg>email=${email}</arg>
<arg>password=${password}</arg>
<doc>Creates and returns a dictionary based on the given ``items``.</doc>
<status status="PASS" start="2025-10-03T16:11:09.885898" elapsed="0.000421"/>
</kw>
<kw name="POST On Session" owner="RequestsLibrary">
<msg time="2025-10-03T16:11:10.025920" level="INFO">POST Request : url=http://localhost:3000/api/v1/auth/register 
 path_url=/api/v1/auth/register 
 headers={'User-Agent': 'python-requests/2.32.5', 'Accept-Encoding': 'gzip, deflate', 'Accept': '*/*', 'Connection': 'keep-alive', 'Content-Type': 'application/json', 'Content-Length': '76'} 
 body=b'{"name": "Kurt Cobain", "email": "kurt@nirvana.com", "password": "pwd12345"}' 
 </msg>
<msg time="2025-10-03T16:11:10.026067" level="INFO">POST Response : url=http://localhost:3000/api/v1/auth/register 
 status=201, reason=Created 
 headers={'X-Powered-By': 'Express', 'Access-Control-Allow-Origin': '*', 'Content-Type': 'application/json; charset=utf-8', 'Content-Length': '302', 'ETag': 'W/"12e-jfQG/yIgGgWH3ipLsjs6ywqo3BU"', 'Date': 'Fri, 03 Oct 2025 19:11:10 GMT', 'Connection': 'keep-alive', 'Keep-Alive': 'timeout=5'} 
 body={"success":true,"data":{"_id":"68e01fcdc0b485c13e7b4cf8","name":"Kurt Cobain","email":"kurt@nirvana.com","role":"user","token":"eyJhbGciOiJIUzI1NiIsInR5cCI6IkpXVCJ9.eyJpZCI6IjY4ZTAxZmNkYzBiNDg1YzEzZTdiNGNmOCIsImlhdCI6MTc1OTUxODY3MCwiZXhwIjoxNzU5NjA1MDcwfQ.pUeoT1CMGxGtqjM5WU5cvZ8LIxRYFarUBW6PwgIGmh4"}} 
 </msg>
<msg time="2025-10-03T16:11:10.026244" level="INFO">${response} = &lt;Response [201]&gt;</msg>
<var>${response}</var>
<arg>CinemaApp</arg>
<arg>url=/auth/register</arg>
<arg>json=${payload}</arg>
<arg>headers=${header}</arg>
<arg>expected_status=any</arg>
<doc>Sends a POST request on a previously created HTTP Session.</doc>
<status status="PASS" start="2025-10-03T16:11:09.886488" elapsed="0.139795"/>
</kw>
<kw name="Set Global Variable" owner="BuiltIn">
<msg time="2025-10-03T16:11:10.026847" level="INFO">${response} = &lt;Response [201]&gt;</msg>
<arg>${response}</arg>
<doc>Makes a variable available globally in all tests and suites.</doc>
<status status="PASS" start="2025-10-03T16:11:10.026532" elapsed="0.000369"/>
</kw>
<kw name="Log" owner="BuiltIn">
<msg time="2025-10-03T16:11:10.027639" level="INFO">{"success":true,"data":{"_id":"68e01fcdc0b485c13e7b4cf8","name":"Kurt Cobain","email":"kurt@nirvana.com","role":"user","token":"eyJhbGciOiJIUzI1NiIsInR5cCI6IkpXVCJ9.eyJpZCI6IjY4ZTAxZmNkYzBiNDg1YzEzZTdiNGNmOCIsImlhdCI6MTc1OTUxODY3MCwiZXhwIjoxNzU5NjA1MDcwfQ.pUeoT1CMGxGtqjM5WU5cvZ8LIxRYFarUBW6PwgIGmh4"}}</msg>
<arg>${response.content}</arg>
<doc>Logs the given message with the given level.</doc>
<status status="PASS" start="2025-10-03T16:11:10.027063" elapsed="0.000633"/>
</kw>
<kw name="Log" owner="BuiltIn">
<msg time="2025-10-03T16:11:10.028316" level="INFO">201</msg>
<arg>${response.status_code}</arg>
<doc>Logs the given message with the given level.</doc>
<status status="PASS" start="2025-10-03T16:11:10.027847" elapsed="0.000526"/>
</kw>
<arg>${customer_user}[name]</arg>
<arg>${customer_user}[email]</arg>
<arg>${customer_user}[password]</arg>
<status status="PASS" start="2025-10-03T16:11:09.884748" elapsed="0.143710"/>
</kw>
<arg>${customer_user}</arg>
<status status="PASS" start="2025-10-03T16:11:09.883935" elapsed="0.144600"/>
</kw>
<kw name="Validar Status Code &quot;201&quot;" owner="common" source_name="Validar Status Code &quot;${statuscode}&quot;">
<kw name="Variable Should Exist" owner="BuiltIn">
<arg>${response}</arg>
<arg>response não foi definida. Verifique a requisição</arg>
<doc>Fails unless the given variable exists within the current scope.</doc>
<status status="PASS" start="2025-10-03T16:11:10.029742" elapsed="0.000429"/>
</kw>
<kw name="Should Be True" owner="BuiltIn">
<arg>${response.status_code} == ${statuscode}</arg>
<doc>Fails if the given condition is not true.</doc>
<status status="PASS" start="2025-10-03T16:11:10.030481" elapsed="0.001559"/>
</kw>
<status status="PASS" start="2025-10-03T16:11:10.028946" elapsed="0.003234"/>
</kw>
<kw name="Validar Success" owner="common">
<kw name="Variable Should Exist" owner="BuiltIn">
<arg>${response}</arg>
<arg>response não foi definida. Verifique a requisição</arg>
<doc>Fails unless the given variable exists within the current scope.</doc>
<status status="PASS" start="2025-10-03T16:11:10.033138" elapsed="0.000319"/>
</kw>
<kw name="Set Variable" owner="BuiltIn">
<msg time="2025-10-03T16:11:10.034460" level="INFO">${response_success} = True</msg>
<var>${response_success}</var>
<arg>${response.json()['success']}</arg>
<doc>Returns the given values which can then be assigned to a variables.</doc>
<status status="PASS" start="2025-10-03T16:11:10.033698" elapsed="0.000812"/>
</kw>
<kw name="Should Be Equal" owner="BuiltIn">
<arg>${response_success}</arg>
<arg>${expected_success}</arg>
<arg>msg=Campo success inesperado. Esperado: ${expected_success}, Obtido: ${response_success}</arg>
<doc>Fails if the given objects are unequal.</doc>
<status status="PASS" start="2025-10-03T16:11:10.034756" elapsed="0.000545"/>
</kw>
<arg>${True}</arg>
<status status="PASS" start="2025-10-03T16:11:10.032545" elapsed="0.002911"/>
</kw>
<tag>CT001-auth</tag>
<status status="PASS" start="2025-10-03T16:11:09.879564" elapsed="0.156106"/>
</test>
<test id="s1-s1-t2" name="CT002.001 - Fazer Login com dados válidos" line="22">
<kw name="Create Dictionary" owner="BuiltIn">
<msg time="2025-10-03T16:11:10.037196" level="INFO">${customer_user} = {'name': 'Kurt Cobain', 'email': 'kurt@nirvana.com', 'password': 'pwd12345'}</msg>
<var>${customer_user}</var>
<arg>name=Kurt Cobain</arg>
<arg>email=kurt@nirvana.com</arg>
<arg>password=pwd12345</arg>
<doc>Creates and returns a dictionary based on the given ``items``.</doc>
<status status="PASS" start="2025-10-03T16:11:10.036760" elapsed="0.000684"/>
</kw>
<kw name="Clean user from database" owner="database">
<msg time="2025-10-03T16:11:10.039510" level="INFO">Removed user with email: kurt@nirvana.com</msg>
<arg>${customer_user}[email]</arg>
<status status="PASS" start="2025-10-03T16:11:10.037985" elapsed="0.001633"/>
</kw>
<kw name="Criar Cliente Valido" owner="cadastrar_usuario">
<kw name="POST Endpoint /auth/register" owner="cadastrar_usuario">
<kw name="Create Dictionary" owner="BuiltIn">
<msg time="2025-10-03T16:11:10.041250" level="INFO">&amp;{header} = { Content-Type=application/json }</msg>
<var>&amp;{header}</var>
<arg>Content-Type=application/json</arg>
<doc>Creates and returns a dictionary based on the given ``items``.</doc>
<status status="PASS" start="2025-10-03T16:11:10.040985" elapsed="0.000302"/>
</kw>
<kw name="Create Dictionary" owner="BuiltIn">
<msg time="2025-10-03T16:11:10.041813" level="INFO">${payload} = {'name': 'Kurt Cobain', 'email': 'kurt@nirvana.com', 'password': 'pwd12345'}</msg>
<var>${payload}</var>
<arg>name=${name}</arg>
<arg>email=${email}</arg>
<arg>password=${password}</arg>
<doc>Creates and returns a dictionary based on the given ``items``.</doc>
<status status="PASS" start="2025-10-03T16:11:10.041459" elapsed="0.000387"/>
</kw>
<kw name="POST On Session" owner="RequestsLibrary">
<msg time="2025-10-03T16:11:10.159302" level="INFO">POST Request : url=http://localhost:3000/api/v1/auth/register 
 path_url=/api/v1/auth/register 
 headers={'User-Agent': 'python-requests/2.32.5', 'Accept-Encoding': 'gzip, deflate', 'Accept': '*/*', 'Connection': 'keep-alive', 'Content-Type': 'application/json', 'Content-Length': '76'} 
 body=b'{"name": "Kurt Cobain", "email": "kurt@nirvana.com", "password": "pwd12345"}' 
 </msg>
<msg time="2025-10-03T16:11:10.159406" level="INFO">POST Response : url=http://localhost:3000/api/v1/auth/register 
 status=201, reason=Created 
 headers={'X-Powered-By': 'Express', 'Access-Control-Allow-Origin': '*', 'Content-Type': 'application/json; charset=utf-8', 'Content-Length': '302', 'ETag': 'W/"12e-DSuNF+ml8J7oJo7Y+QZJoySDmUU"', 'Date': 'Fri, 03 Oct 2025 19:11:10 GMT', 'Connection': 'keep-alive', 'Keep-Alive': 'timeout=5'} 
 body={"success":true,"data":{"_id":"68e01fcec0b485c13e7b4cfb","name":"Kurt Cobain","email":"kurt@nirvana.com","role":"user","token":"eyJhbGciOiJIUzI1NiIsInR5cCI6IkpXVCJ9.eyJpZCI6IjY4ZTAxZmNlYzBiNDg1YzEzZTdiNGNmYiIsImlhdCI6MTc1OTUxODY3MCwiZXhwIjoxNzU5NjA1MDcwfQ.NKaBQujVl0WOFkMZPos0SENRU2D4L3MQ1Z96uDS2b1U"}} 
 </msg>
<msg time="2025-10-03T16:11:10.159558" level="INFO">${response} = &lt;Response [201]&gt;</msg>
<var>${response}</var>
<arg>CinemaApp</arg>
<arg>url=/auth/register</arg>
<arg>json=${payload}</arg>
<arg>headers=${header}</arg>
<arg>expected_status=any</arg>
<doc>Sends a POST request on a previously created HTTP Session.</doc>
<status status="PASS" start="2025-10-03T16:11:10.042022" elapsed="0.117572"/>
</kw>
<kw name="Set Global Variable" owner="BuiltIn">
<msg time="2025-10-03T16:11:10.160169" level="INFO">${response} = &lt;Response [201]&gt;</msg>
<arg>${response}</arg>
<doc>Makes a variable available globally in all tests and suites.</doc>
<status status="PASS" start="2025-10-03T16:11:10.159838" elapsed="0.000391"/>
</kw>
<kw name="Log" owner="BuiltIn">
<msg time="2025-10-03T16:11:10.160939" level="INFO">{"success":true,"data":{"_id":"68e01fcec0b485c13e7b4cfb","name":"Kurt Cobain","email":"kurt@nirvana.com","role":"user","token":"eyJhbGciOiJIUzI1NiIsInR5cCI6IkpXVCJ9.eyJpZCI6IjY4ZTAxZmNlYzBiNDg1YzEzZTdiNGNmYiIsImlhdCI6MTc1OTUxODY3MCwiZXhwIjoxNzU5NjA1MDcwfQ.NKaBQujVl0WOFkMZPos0SENRU2D4L3MQ1Z96uDS2b1U"}}</msg>
<arg>${response.content}</arg>
<doc>Logs the given message with the given level.</doc>
<status status="PASS" start="2025-10-03T16:11:10.160396" elapsed="0.000603"/>
</kw>
<kw name="Log" owner="BuiltIn">
<msg time="2025-10-03T16:11:10.161622" level="INFO">201</msg>
<arg>${response.status_code}</arg>
<doc>Logs the given message with the given level.</doc>
<status status="PASS" start="2025-10-03T16:11:10.161173" elapsed="0.000505"/>
</kw>
<arg>${customer_user}[name]</arg>
<arg>${customer_user}[email]</arg>
<arg>${customer_user}[password]</arg>
<status status="PASS" start="2025-10-03T16:11:10.040472" elapsed="0.121283"/>
</kw>
<arg>${customer_user}</arg>
<status status="PASS" start="2025-10-03T16:11:10.039954" elapsed="0.121874"/>
</kw>
<kw name="Fazer Login" owner="fazerLoginKeywords">
<kw name="POST Endpoint /auth/login" owner="fazerLoginKeywords">
<kw name="Create Dictionary" owner="BuiltIn">
<msg time="2025-10-03T16:11:10.164412" level="INFO">${payload} = {'email': 'kurt@nirvana.com', 'password': 'pwd12345'}</msg>
<var>${payload}</var>
<arg>email=${email}</arg>
<arg>password=${password}</arg>
<doc>Creates and returns a dictionary based on the given ``items``.</doc>
<status status="PASS" start="2025-10-03T16:11:10.163777" elapsed="0.000701"/>
</kw>
<kw name="POST On Session" owner="RequestsLibrary">
<msg time="2025-10-03T16:11:10.278061" level="INFO">POST Request : url=http://localhost:3000/api/v1/auth/login 
 path_url=/api/v1/auth/login 
 headers={'User-Agent': 'python-requests/2.32.5', 'Accept-Encoding': 'gzip, deflate', 'Accept': '*/*', 'Connection': 'keep-alive', 'Content-Length': '53', 'Content-Type': 'application/json'} 
 body=b'{"email": "kurt@nirvana.com", "password": "pwd12345"}' 
 </msg>
<msg time="2025-10-03T16:11:10.278227" level="INFO">POST Response : url=http://localhost:3000/api/v1/auth/login 
 status=200, reason=OK 
 headers={'X-Powered-By': 'Express', 'Access-Control-Allow-Origin': '*', 'Content-Type': 'application/json; charset=utf-8', 'Content-Length': '302', 'ETag': 'W/"12e-DSuNF+ml8J7oJo7Y+QZJoySDmUU"', 'Date': 'Fri, 03 Oct 2025 19:11:10 GMT', 'Connection': 'keep-alive', 'Keep-Alive': 'timeout=5'} 
 body={"success":true,"data":{"_id":"68e01fcec0b485c13e7b4cfb","name":"Kurt Cobain","email":"kurt@nirvana.com","role":"user","token":"eyJhbGciOiJIUzI1NiIsInR5cCI6IkpXVCJ9.eyJpZCI6IjY4ZTAxZmNlYzBiNDg1YzEzZTdiNGNmYiIsImlhdCI6MTc1OTUxODY3MCwiZXhwIjoxNzU5NjA1MDcwfQ.NKaBQujVl0WOFkMZPos0SENRU2D4L3MQ1Z96uDS2b1U"}} 
 </msg>
<msg time="2025-10-03T16:11:10.278441" level="INFO">${response} = &lt;Response [200]&gt;</msg>
<var>${response}</var>
<arg>alias=CinemaApp</arg>
<arg>url=/auth/login</arg>
<arg>json=${payload}</arg>
<arg>expected_status=any</arg>
<doc>Sends a POST request on a previously created HTTP Session.</doc>
<status status="PASS" start="2025-10-03T16:11:10.164817" elapsed="0.113680"/>
</kw>
<kw name="Set Global Variable" owner="BuiltIn">
<msg time="2025-10-03T16:11:10.279394" level="INFO">${response} = &lt;Response [200]&gt;</msg>
<arg>${response}</arg>
<doc>Makes a variable available globally in all tests and suites.</doc>
<status status="PASS" start="2025-10-03T16:11:10.278869" elapsed="0.000607"/>
</kw>
<kw name="Run Keyword If" owner="BuiltIn">
<kw name="Extract JWT" owner="fazerLoginKeywords">
<kw name="Set Variable" owner="BuiltIn">
<msg time="2025-10-03T16:11:10.282272" level="INFO">${token} = eyJhbGciOiJIUzI1NiIsInR5cCI6IkpXVCJ9.eyJpZCI6IjY4ZTAxZmNlYzBiNDg1YzEzZTdiNGNmYiIsImlhdCI6MTc1OTUxODY3MCwiZXhwIjoxNzU5NjA1MDcwfQ.NKaBQujVl0WOFkMZPos0SENRU2D4L3MQ1Z96uDS2b1U</msg>
<var>${token}</var>
<arg>${response.json()['data']['token']}</arg>
<doc>Returns the given values which can then be assigned to a variables.</doc>
<status status="PASS" start="2025-10-03T16:11:10.281343" elapsed="0.000994"/>
</kw>
<kw name="Log" owner="BuiltIn">
<msg time="2025-10-03T16:11:10.282888" level="INFO">Token obtido: eyJhbGciOiJIUzI1NiIsInR5cCI6IkpXVCJ9.eyJpZCI6IjY4ZTAxZmNlYzBiNDg1YzEzZTdiNGNmYiIsImlhdCI6MTc1OTUxODY3MCwiZXhwIjoxNzU5NjA1MDcwfQ.NKaBQujVl0WOFkMZPos0SENRU2D4L3MQ1Z96uDS2b1U</msg>
<arg>Token obtido: ${token}</arg>
<doc>Logs the given message with the given level.</doc>
<status status="PASS" start="2025-10-03T16:11:10.282627" elapsed="0.000362"/>
</kw>
<kw name="Set Global Variable" owner="BuiltIn">
<msg time="2025-10-03T16:11:10.283895" level="INFO">${token} = eyJhbGciOiJIUzI1NiIsInR5cCI6IkpXVCJ9.eyJpZCI6IjY4ZTAxZmNlYzBiNDg1YzEzZTdiNGNmYiIsImlhdCI6MTc1OTUxODY3MCwiZXhwIjoxNzU5NjA1MDcwfQ.NKaBQujVl0WOFkMZPos0SENRU2D4L3MQ1Z96uDS2b1U</msg>
<arg>${token}</arg>
<doc>Makes a variable available globally in all tests and suites.</doc>
<status status="PASS" start="2025-10-03T16:11:10.283406" elapsed="0.000579"/>
</kw>
<status status="PASS" start="2025-10-03T16:11:10.280832" elapsed="0.003293"/>
</kw>
<arg>${response.status_code} == 200</arg>
<arg>Extract JWT</arg>
<doc>Runs the given keyword with the given arguments, if ``condition`` is true.</doc>
<status status="PASS" start="2025-10-03T16:11:10.279739" elapsed="0.004480"/>
</kw>
<kw name="Log" owner="BuiltIn">
<msg time="2025-10-03T16:11:10.285341" level="INFO">{"success":true,"data":{"_id":"68e01fcec0b485c13e7b4cfb","name":"Kurt Cobain","email":"kurt@nirvana.com","role":"user","token":"eyJhbGciOiJIUzI1NiIsInR5cCI6IkpXVCJ9.eyJpZCI6IjY4ZTAxZmNlYzBiNDg1YzEzZTdiNGNmYiIsImlhdCI6MTc1OTUxODY3MCwiZXhwIjoxNzU5NjA1MDcwfQ.NKaBQujVl0WOFkMZPos0SENRU2D4L3MQ1Z96uDS2b1U"}}</msg>
<arg>${response.content}</arg>
<doc>Logs the given message with the given level.</doc>
<status status="PASS" start="2025-10-03T16:11:10.284474" elapsed="0.000961"/>
</kw>
<arg>${user}[email]</arg>
<arg>${user}[password]</arg>
<status status="PASS" start="2025-10-03T16:11:10.162645" elapsed="0.122907"/>
</kw>
<arg>${customer_user}</arg>
<status status="PASS" start="2025-10-03T16:11:10.162077" elapsed="0.123579"/>
</kw>
<kw name="Validar Status Code &quot;200&quot;" owner="common" source_name="Validar Status Code &quot;${statuscode}&quot;">
<kw name="Variable Should Exist" owner="BuiltIn">
<arg>${response}</arg>
<arg>response não foi definida. Verifique a requisição</arg>
<doc>Fails unless the given variable exists within the current scope.</doc>
<status status="PASS" start="2025-10-03T16:11:10.286843" elapsed="0.000449"/>
</kw>
<kw name="Should Be True" owner="BuiltIn">
<arg>${response.status_code} == ${statuscode}</arg>
<doc>Fails if the given condition is not true.</doc>
<status status="PASS" start="2025-10-03T16:11:10.287623" elapsed="0.001614"/>
</kw>
<status status="PASS" start="2025-10-03T16:11:10.286101" elapsed="0.003272"/>
</kw>
<kw name="Validar Success" owner="common">
<kw name="Variable Should Exist" owner="BuiltIn">
<arg>${response}</arg>
<arg>response não foi definida. Verifique a requisição</arg>
<doc>Fails unless the given variable exists within the current scope.</doc>
<status status="PASS" start="2025-10-03T16:11:10.290393" elapsed="0.000233"/>
</kw>
<kw name="Set Variable" owner="BuiltIn">
<msg time="2025-10-03T16:11:10.291451" level="INFO">${response_success} = True</msg>
<var>${response_success}</var>
<arg>${response.json()['success']}</arg>
<doc>Returns the given values which can then be assigned to a variables.</doc>
<status status="PASS" start="2025-10-03T16:11:10.290799" elapsed="0.000705"/>
</kw>
<kw name="Should Be Equal" owner="BuiltIn">
<arg>${response_success}</arg>
<arg>${expected_success}</arg>
<arg>msg=Campo success inesperado. Esperado: ${expected_success}, Obtido: ${response_success}</arg>
<doc>Fails if the given objects are unequal.</doc>
<status status="PASS" start="2025-10-03T16:11:10.291834" elapsed="0.000442"/>
</kw>
<arg>${True}</arg>
<status status="PASS" start="2025-10-03T16:11:10.289820" elapsed="0.002546"/>
</kw>
<tag>CT002-auth</tag>
<status status="PASS" start="2025-10-03T16:11:10.036144" elapsed="0.256687"/>
</test>
<doc>Testes para o endpoint /auth</doc>
<status status="PASS" start="2025-10-03T16:11:09.618597" elapsed="0.675500"/>
</suite>
<suite id="s1-s2" name="Movies Tests" source="/home/rafael/Documentos/Compass/AtualizadoPC/PB-Quality-Engineering/Documentos/Semana 15 - Challenge Final/cinemaApp-tests/api/tests/movies_tests.robot">
<kw name="Criar Sessao" owner="base" type="SETUP">
<kw name="Create Session" owner="RequestsLibrary">
<msg time="2025-10-03T16:11:10.303561" level="INFO">Creating Session using : alias=CinemaApp, url=http://localhost:3000/api/v1, headers={},                     cookies={}, auth=None, timeout=None, proxies=None, verify=False,                     debug=0 </msg>
<arg>CinemaApp</arg>
<arg>url=${BASE_URL}</arg>
<doc>Create Session: create a HTTP session to a server</doc>
<status status="PASS" start="2025-10-03T16:11:10.303359" elapsed="0.000419"/>
</kw>
<status status="PASS" start="2025-10-03T16:11:10.303033" elapsed="0.000832"/>
</kw>
<test id="s1-s2-t1" name="CT004.001 - Cadastrar um Filme" line="10">
<kw name="Create List" owner="BuiltIn">
<msg time="2025-10-03T16:11:10.304510" level="INFO">${genres} = ['Drama']</msg>
<var>${genres}</var>
<arg>Drama</arg>
<doc>Returns a list containing given items.</doc>
<status status="PASS" start="2025-10-03T16:11:10.304360" elapsed="0.000180"/>
</kw>
<kw name="Create Dictionary" owner="BuiltIn">
<msg time="2025-10-03T16:11:10.305355" level="INFO">${movie} = {'title': 'Manchester à Beira-Mar', 'synopsis': 'Em Manchester à Beira-Mar, Lee Chandler é forçado a retornar para sua cidade natal com o objetivo de tomar conta de seu sobrinho adolescente, após o se...</msg>
<var>${movie}</var>
<arg>title=Manchester à Beira-Mar</arg>
<arg>synopsis=Em Manchester à Beira-Mar, Lee Chandler é forçado a retornar para sua cidade natal com o objetivo de tomar conta de seu sobrinho adolescente, após o seu irmão Kyle Chandler falecer precocemente. Este retorno ficará ainda mais complicado quando Lee precisar enfrentar as razões que o fizeram deixar sua família e ir embora, anos antes.</arg>
<arg>director=Kenneth Lonergan</arg>
<arg>genres=${genres}</arg>
<arg>duration=137</arg>
<arg>classification=+14</arg>
<arg>poster=manchester_poster.jpg</arg>
<arg>releaseDate=2016-11-18</arg>
<doc>Creates and returns a dictionary based on the given ``items``.</doc>
<status status="PASS" start="2025-10-03T16:11:10.304814" elapsed="0.000590"/>
</kw>
<kw name="Clean Movie from Database" owner="database">
<msg time="2025-10-03T16:11:10.308076" level="INFO">Searching for movie with title: Manchester à Beira-Mar
Movie found: {'_id': ObjectId('68dfde208e953d7b9ccab112'), 'title': 'Manchester à Beira-Mar', 'synopsis': 'Em Manchester à Beira-Mar, Lee Chandler é forçado a retornar para sua cidade natal com o objetivo de tomar conta de seu sobrinho adolescente, após o seu irmão Kyle Chandler falecer precocemente. Este retorno ficará ainda mais complicado quando Lee precisar enfrentar as razões que o fizeram deixar sua família e ir embora, anos antes.', 'director': 'Kenneth Lonergan', 'genres': ['Drama'], 'duration': 137, 'classification': '+14', 'poster': 'manchester_poster.jpg', 'releaseDate': datetime.datetime(2016, 11, 18, 0, 0), 'createdAt': datetime.datetime(2025, 10, 3, 14, 30, 56, 126000), 'updatedAt': datetime.datetime(2025, 10, 3, 14, 30, 56, 126000), '__v': 0}
Movies with title 'Manchester à Beira-Mar' deleted. Count: 1</msg>
<arg>${movie}[title]</arg>
<status status="PASS" start="2025-10-03T16:11:10.305720" elapsed="0.002492"/>
</kw>
<kw name="Criar filme" owner="createMovieKeywords">
<kw name="Utilizar Token de Administrador" owner="common">
<kw name="Create Dictionary" owner="BuiltIn">
<msg time="2025-10-03T16:11:10.309990" level="INFO">${admin_user} = {'name': ' Lex Luthr', 'email': 'lex.luthor@lexcorp.com', 'password': 'pwd12345'}</msg>
<var>${admin_user}</var>
<arg>name= Lex Luthr</arg>
<arg>email=lex.luthor@lexcorp.com</arg>
<arg>password=pwd12345</arg>
<doc>Creates and returns a dictionary based on the given ``items``.</doc>
<status status="PASS" start="2025-10-03T16:11:10.309693" elapsed="0.000339"/>
</kw>
<kw name="POST Endpoint /auth/register" owner="cadastrar_usuario">
<kw name="Create Dictionary" owner="BuiltIn">
<msg time="2025-10-03T16:11:10.311408" level="INFO">&amp;{header} = { Content-Type=application/json }</msg>
<var>&amp;{header}</var>
<arg>Content-Type=application/json</arg>
<doc>Creates and returns a dictionary based on the given ``items``.</doc>
<status status="PASS" start="2025-10-03T16:11:10.311179" elapsed="0.000265"/>
</kw>
<kw name="Create Dictionary" owner="BuiltIn">
<msg time="2025-10-03T16:11:10.312058" level="INFO">${payload} = {'name': ' Lex Luthr', 'email': 'lex.luthor@lexcorp.com', 'password': 'pwd12345'}</msg>
<var>${payload}</var>
<arg>name=${name}</arg>
<arg>email=${email}</arg>
<arg>password=${password}</arg>
<doc>Creates and returns a dictionary based on the given ``items``.</doc>
<status status="PASS" start="2025-10-03T16:11:10.311704" elapsed="0.000385"/>
</kw>
<kw name="POST On Session" owner="RequestsLibrary">
<msg time="2025-10-03T16:11:10.317162" level="INFO">POST Request : url=http://localhost:3000/api/v1/auth/register 
 path_url=/api/v1/auth/register 
 headers={'User-Agent': 'python-requests/2.32.5', 'Accept-Encoding': 'gzip, deflate', 'Accept': '*/*', 'Connection': 'keep-alive', 'Content-Type': 'application/json', 'Content-Length': '81'} 
 body=b'{"name": " Lex Luthr", "email": "lex.luthor@lexcorp.com", "password": "pwd12345"}' 
 </msg>
<msg time="2025-10-03T16:11:10.317255" level="INFO">POST Response : url=http://localhost:3000/api/v1/auth/register 
 status=400, reason=Bad Request 
 headers={'X-Powered-By': 'Express', 'Access-Control-Allow-Origin': '*', 'Content-Type': 'application/json; charset=utf-8', 'Content-Length': '49', 'ETag': 'W/"31-WKEMg8zALB1Ko0WjUHi/6RBGHVc"', 'Date': 'Fri, 03 Oct 2025 19:11:10 GMT', 'Connection': 'keep-alive', 'Keep-Alive': 'timeout=5'} 
 body={"success":false,"message":"User already exists"} 
 </msg>
<msg time="2025-10-03T16:11:10.317398" level="INFO">${response} = &lt;Response [400]&gt;</msg>
<var>${response}</var>
<arg>CinemaApp</arg>
<arg>url=/auth/register</arg>
<arg>json=${payload}</arg>
<arg>headers=${header}</arg>
<arg>expected_status=any</arg>
<doc>Sends a POST request on a previously created HTTP Session.</doc>
<status status="PASS" start="2025-10-03T16:11:10.312282" elapsed="0.005149"/>
</kw>
<kw name="Set Global Variable" owner="BuiltIn">
<msg time="2025-10-03T16:11:10.317977" level="INFO">${response} = &lt;Response [400]&gt;</msg>
<arg>${response}</arg>
<doc>Makes a variable available globally in all tests and suites.</doc>
<status status="PASS" start="2025-10-03T16:11:10.317672" elapsed="0.000355"/>
</kw>
<kw name="Log" owner="BuiltIn">
<msg time="2025-10-03T16:11:10.318756" level="INFO">{"success":false,"message":"User already exists"}</msg>
<arg>${response.content}</arg>
<doc>Logs the given message with the given level.</doc>
<status status="PASS" start="2025-10-03T16:11:10.318225" elapsed="0.000586"/>
</kw>
<kw name="Log" owner="BuiltIn">
<msg time="2025-10-03T16:11:10.319419" level="INFO">400</msg>
<arg>${response.status_code}</arg>
<doc>Logs the given message with the given level.</doc>
<status status="PASS" start="2025-10-03T16:11:10.318962" elapsed="0.000510"/>
</kw>
<arg>${admin_user}[name]</arg>
<arg>${admin_user}[email]</arg>
<arg>${admin_user}[password]</arg>
<status status="PASS" start="2025-10-03T16:11:10.310344" elapsed="0.009202"/>
</kw>
<kw name="POST Endpoint /auth/login" owner="fazerLoginKeywords">
<kw name="Create Dictionary" owner="BuiltIn">
<msg time="2025-10-03T16:11:10.320540" level="INFO">${payload} = {'email': 'lex.luthor@lexcorp.com', 'password': 'pwd12345'}</msg>
<var>${payload}</var>
<arg>email=${email}</arg>
<arg>password=${password}</arg>
<doc>Creates and returns a dictionary based on the given ``items``.</doc>
<status status="PASS" start="2025-10-03T16:11:10.320231" elapsed="0.000339"/>
</kw>
<kw name="POST On Session" owner="RequestsLibrary">
<msg time="2025-10-03T16:11:10.433847" level="INFO">POST Request : url=http://localhost:3000/api/v1/auth/login 
 path_url=/api/v1/auth/login 
 headers={'User-Agent': 'python-requests/2.32.5', 'Accept-Encoding': 'gzip, deflate', 'Accept': '*/*', 'Connection': 'keep-alive', 'Content-Length': '59', 'Content-Type': 'application/json'} 
 body=b'{"email": "lex.luthor@lexcorp.com", "password": "pwd12345"}' 
 </msg>
<msg time="2025-10-03T16:11:10.433944" level="INFO">POST Response : url=http://localhost:3000/api/v1/auth/login 
 status=200, reason=OK 
 headers={'X-Powered-By': 'Express', 'Access-Control-Allow-Origin': '*', 'Content-Type': 'application/json; charset=utf-8', 'Content-Length': '308', 'ETag': 'W/"134-YVyfqXc0QTRelDzViFOLNomZmVs"', 'Date': 'Fri, 03 Oct 2025 19:11:10 GMT', 'Connection': 'keep-alive', 'Keep-Alive': 'timeout=5'} 
 body={"success":true,"data":{"_id":"68dd5eeb21ab0711adb801cc","name":"Lex Luthor","email":"lex.luthor@lexcorp.com","role":"admin","token":"eyJhbGciOiJIUzI1NiIsInR5cCI6IkpXVCJ9.eyJpZCI6IjY4ZGQ1ZWViMjFhYjA3MTFhZGI4MDFjYyIsImlhdCI6MTc1OTUxODY3MCwiZXhwIjoxNzU5NjA1MDcwfQ.OS5_j4osqGwqNt1bvYImbkL-q3xjaCbRQECCXh8q4kc"}} 
 </msg>
<msg time="2025-10-03T16:11:10.434096" level="INFO">${response} = &lt;Response [200]&gt;</msg>
<var>${response}</var>
<arg>alias=CinemaApp</arg>
<arg>url=/auth/login</arg>
<arg>json=${payload}</arg>
<arg>expected_status=any</arg>
<doc>Sends a POST request on a previously created HTTP Session.</doc>
<status status="PASS" start="2025-10-03T16:11:10.320730" elapsed="0.113430"/>
</kw>
<kw name="Set Global Variable" owner="BuiltIn">
<msg time="2025-10-03T16:11:10.434722" level="INFO">${response} = &lt;Response [200]&gt;</msg>
<arg>${response}</arg>
<doc>Makes a variable available globally in all tests and suites.</doc>
<status status="PASS" start="2025-10-03T16:11:10.434418" elapsed="0.000354"/>
</kw>
<kw name="Run Keyword If" owner="BuiltIn">
<kw name="Extract JWT" owner="fazerLoginKeywords">
<kw name="Set Variable" owner="BuiltIn">
<msg time="2025-10-03T16:11:10.436773" level="INFO">${token} = eyJhbGciOiJIUzI1NiIsInR5cCI6IkpXVCJ9.eyJpZCI6IjY4ZGQ1ZWViMjFhYjA3MTFhZGI4MDFjYyIsImlhdCI6MTc1OTUxODY3MCwiZXhwIjoxNzU5NjA1MDcwfQ.OS5_j4osqGwqNt1bvYImbkL-q3xjaCbRQECCXh8q4kc</msg>
<var>${token}</var>
<arg>${response.json()['data']['token']}</arg>
<doc>Returns the given values which can then be assigned to a variables.</doc>
<status status="PASS" start="2025-10-03T16:11:10.436032" elapsed="0.000781"/>
</kw>
<kw name="Log" owner="BuiltIn">
<msg time="2025-10-03T16:11:10.437233" level="INFO">Token obtido: eyJhbGciOiJIUzI1NiIsInR5cCI6IkpXVCJ9.eyJpZCI6IjY4ZGQ1ZWViMjFhYjA3MTFhZGI4MDFjYyIsImlhdCI6MTc1OTUxODY3MCwiZXhwIjoxNzU5NjA1MDcwfQ.OS5_j4osqGwqNt1bvYImbkL-q3xjaCbRQECCXh8q4kc</msg>
<arg>Token obtido: ${token}</arg>
<doc>Logs the given message with the given level.</doc>
<status status="PASS" start="2025-10-03T16:11:10.437002" elapsed="0.000328"/>
</kw>
<kw name="Set Global Variable" owner="BuiltIn">
<msg time="2025-10-03T16:11:10.438014" level="INFO">${token} = eyJhbGciOiJIUzI1NiIsInR5cCI6IkpXVCJ9.eyJpZCI6IjY4ZGQ1ZWViMjFhYjA3MTFhZGI4MDFjYyIsImlhdCI6MTc1OTUxODY3MCwiZXhwIjoxNzU5NjA1MDcwfQ.OS5_j4osqGwqNt1bvYImbkL-q3xjaCbRQECCXh8q4kc</msg>
<arg>${token}</arg>
<doc>Makes a variable available globally in all tests and suites.</doc>
<status status="PASS" start="2025-10-03T16:11:10.437633" elapsed="0.000441"/>
</kw>
<status status="PASS" start="2025-10-03T16:11:10.435678" elapsed="0.002494"/>
</kw>
<arg>${response.status_code} == 200</arg>
<arg>Extract JWT</arg>
<doc>Runs the given keyword with the given arguments, if ``condition`` is true.</doc>
<status status="PASS" start="2025-10-03T16:11:10.434940" elapsed="0.003290"/>
</kw>
<kw name="Log" owner="BuiltIn">
<msg time="2025-10-03T16:11:10.438968" level="INFO">{"success":true,"data":{"_id":"68dd5eeb21ab0711adb801cc","name":"Lex Luthor","email":"lex.luthor@lexcorp.com","role":"admin","token":"eyJhbGciOiJIUzI1NiIsInR5cCI6IkpXVCJ9.eyJpZCI6IjY4ZGQ1ZWViMjFhYjA3MTFhZGI4MDFjYyIsImlhdCI6MTc1OTUxODY3MCwiZXhwIjoxNzU5NjA1MDcwfQ.OS5_j4osqGwqNt1bvYImbkL-q3xjaCbRQECCXh8q4kc"}}</msg>
<arg>${response.content}</arg>
<doc>Logs the given message with the given level.</doc>
<status status="PASS" start="2025-10-03T16:11:10.438416" elapsed="0.000631"/>
</kw>
<arg>${admin_user}[email]</arg>
<arg>${admin_user}[password]</arg>
<status status="PASS" start="2025-10-03T16:11:10.319769" elapsed="0.119398"/>
</kw>
<kw name="Set Global Variable" owner="BuiltIn">
<msg time="2025-10-03T16:11:10.439773" level="INFO">${admin_user} = {'name': ' Lex Luthr', 'email': 'lex.luthor@lexcorp.com', 'password': 'pwd12345'}</msg>
<arg>${admin_user}</arg>
<doc>Makes a variable available globally in all tests and suites.</doc>
<status status="PASS" start="2025-10-03T16:11:10.439421" elapsed="0.000481"/>
</kw>
<status status="PASS" start="2025-10-03T16:11:10.309278" elapsed="0.130699"/>
</kw>
<kw name="POST Endpoint /movies" owner="createMovieKeywords">
<kw name="Create Dictionary" owner="BuiltIn">
<msg time="2025-10-03T16:11:10.441379" level="INFO">&amp;{header} = { Content-Type=application/json | Authorization=Bearer eyJhbGciOiJIUzI1NiIsInR5cCI6IkpXVCJ9.eyJpZCI6IjY4ZGQ1ZWViMjFhYjA3MTFhZGI4MDFjYyIsImlhdCI6MTc1OTUxODY3MCwiZXhwIjoxNzU5NjA1MDcwfQ.OS5_j4osqGwqNt1bv...</msg>
<var>&amp;{header}</var>
<arg>Content-Type=application/json</arg>
<arg>Authorization=Bearer ${token}</arg>
<doc>Creates and returns a dictionary based on the given ``items``.</doc>
<status status="PASS" start="2025-10-03T16:11:10.441020" elapsed="0.000393"/>
</kw>
<kw name="Create Dictionary" owner="BuiltIn">
<msg time="2025-10-03T16:11:10.442196" level="INFO">${payload} = {'title': 'Manchester à Beira-Mar', 'synopsis': 'Em Manchester à Beira-Mar, Lee Chandler é forçado a retornar para sua cidade natal com o objetivo de tomar conta de seu sobrinho adolescente, após o se...</msg>
<var>${payload}</var>
<arg>title=${title}</arg>
<arg>synopsis=${synopsis}</arg>
<arg>director=${director}</arg>
<arg>genres=${genres}</arg>
<arg>duration=${duration}</arg>
<arg>classification=${classification}</arg>
<arg>poster=${poster}</arg>
<arg>releaseDate=${releaseDate}</arg>
<doc>Creates and returns a dictionary based on the given ``items``.</doc>
<status status="PASS" start="2025-10-03T16:11:10.441571" elapsed="0.000660"/>
</kw>
<kw name="POST On Session" owner="RequestsLibrary">
<msg time="2025-10-03T16:11:10.451001" level="INFO">POST Request : url=http://localhost:3000/api/v1/movies 
 path_url=/api/v1/movies 
 headers={'User-Agent': 'python-requests/2.32.5', 'Accept-Encoding': 'gzip, deflate', 'Accept': '*/*', 'Connection': 'keep-alive', 'Content-Type': 'application/json', 'Authorization': 'Bearer eyJhbGciOiJIUzI1NiIsInR5cCI6IkpXVCJ9.eyJpZCI6IjY4ZGQ1ZWViMjFhYjA3MTFhZGI4MDFjYyIsImlhdCI6MTc1OTUxODY3MCwiZXhwIjoxNzU5NjA1MDcwfQ.OS5_j4osqGwqNt1bvYImbkL-q3xjaCbRQECCXh8q4kc', 'Content-Length': '591'} 
 body=b'{"title": "Manchester \\u00e0 Beira-Mar", "synopsis": "Em Manchester \\u00e0 Beira-Mar, Lee Chandler \\u00e9 for\\u00e7ado a retornar para sua cidade natal com o objetivo de tomar conta de seu sobrinho adolescente, ap\\u00f3s o seu irm\\u00e3o Kyle Chandler falecer precocemente. Este retorno ficar\\u00e1 ainda mais complicado quando Lee precisar enfrentar as raz\\u00f5es que o fizeram deixar sua fam\\u00edlia e ir embora, anos antes.", "director": "Kenneth Lonergan", "genres": ["Drama"], "duration": "137", "classification": "+14", "poster": "manchester_poster.jpg", "releaseDate": "2016-11-18"}' 
 </msg>
<msg time="2025-10-03T16:11:10.451182" level="INFO">POST Response : url=http://localhost:3000/api/v1/movies 
 status=201, reason=Created 
 headers={'X-Powered-By': 'Express', 'Access-Control-Allow-Origin': '*', 'Content-Type': 'application/json; charset=utf-8', 'Content-Length': '727', 'ETag': 'W/"2d7-z0IPBfbfLjq+Wg7DFp+YyDVkwzA"', 'Date': 'Fri, 03 Oct 2025 19:11:10 GMT', 'Connection': 'keep-alive', 'Keep-Alive': 'timeout=5'} 
 body={"success":true,"data":{"title":"Manchester à Beira-Mar","synopsis":"Em Manchester à Beira-Mar, Lee Chandler é forçado a retornar para sua cidade natal com o objetivo de tomar conta de seu sobrinho adolescente, após o seu irmão Kyle Chandler falecer precocemente. Este retorno ficará ainda mais complicado quando Lee precisar enfrentar as razões que o fizeram deixar sua família e ir embora, anos antes.","director":"Kenneth Lonergan","genres":["Drama"],"duration":137,"classification":"+14","poster":"manchester_poster.jpg","releaseDate":"2016-11-18T00:00:00.000Z","_id":"68e01fcec0b485c13e7b4d01","createdAt":"2025-10-03T19:11:10.447Z","updatedAt":"2025-10-03T19:11:10.447Z","__v":0,"id":"68e01fcec0b485c13e7b4d01"}} 
 </msg>
<msg time="2025-10-03T16:11:10.451425" level="INFO">${response} = &lt;Response [201]&gt;</msg>
<var>${response}</var>
<arg>alias=CinemaApp</arg>
<arg>url=/movies</arg>
<arg>json=${payload}</arg>
<arg>headers=${header}</arg>
<arg>expected_status=any</arg>
<doc>Sends a POST request on a previously created HTTP Session.</doc>
<status status="PASS" start="2025-10-03T16:11:10.442404" elapsed="0.009080"/>
</kw>
<kw name="Set Global Variable" owner="BuiltIn">
<msg time="2025-10-03T16:11:10.452377" level="INFO">${response} = &lt;Response [201]&gt;</msg>
<arg>${response}</arg>
<doc>Makes a variable available globally in all tests and suites.</doc>
<status status="PASS" start="2025-10-03T16:11:10.451853" elapsed="0.000613"/>
</kw>
<kw name="Log" owner="BuiltIn">
<msg time="2025-10-03T16:11:10.453652" level="INFO">{"success":true,"data":{"title":"Manchester Ã  Beira-Mar","synopsis":"Em Manchester Ã  Beira-Mar, Lee Chandler Ã© forÃ§ado a retornar para sua cidade natal com o objetivo de tomar conta de seu sobrinho adolescente, apÃ³s o seu irmÃ£o Kyle Chandler falecer precocemente. Este retorno ficarÃ¡ ainda mais complicado quando Lee precisar enfrentar as razÃµes que o fizeram deixar sua famÃ­lia e ir embora, anos antes.","director":"Kenneth Lonergan","genres":["Drama"],"duration":137,"classification":"+14","poster":"manchester_poster.jpg","releaseDate":"2016-11-18T00:00:00.000Z","_id":"68e01fcec0b485c13e7b4d01","createdAt":"2025-10-03T19:11:10.447Z","updatedAt":"2025-10-03T19:11:10.447Z","__v":0,"id":"68e01fcec0b485c13e7b4d01"}}</msg>
<arg>${response.content}</arg>
<doc>Logs the given message with the given level.</doc>
<status status="PASS" start="2025-10-03T16:11:10.452719" elapsed="0.001045"/>
</kw>
<arg>${movie}[title]</arg>
<arg>${movie}[synopsis]</arg>
<arg>${movie}[director]</arg>
<arg>${movie}[genres]</arg>
<arg>${movie}[duration]</arg>
<arg>${movie}[classification]</arg>
<arg>${movie}[poster]</arg>
<arg>${movie}[releaseDate]</arg>
<status status="PASS" start="2025-10-03T16:11:10.440240" elapsed="0.013648"/>
</kw>
<arg>${movie}</arg>
<status status="PASS" start="2025-10-03T16:11:10.308638" elapsed="0.145385"/>
</kw>
<kw name="Validar Status Code &quot;201&quot;" owner="common" source_name="Validar Status Code &quot;${statuscode}&quot;">
<kw name="Variable Should Exist" owner="BuiltIn">
<arg>${response}</arg>
<arg>response não foi definida. Verifique a requisição</arg>
<doc>Fails unless the given variable exists within the current scope.</doc>
<status status="PASS" start="2025-10-03T16:11:10.455866" elapsed="0.000623"/>
</kw>
<kw name="Should Be True" owner="BuiltIn">
<arg>${response.status_code} == ${statuscode}</arg>
<doc>Fails if the given condition is not true.</doc>
<status status="PASS" start="2025-10-03T16:11:10.456939" elapsed="0.001698"/>
</kw>
<status status="PASS" start="2025-10-03T16:11:10.454658" elapsed="0.004109"/>
</kw>
<kw name="Validar Success" owner="common">
<kw name="Variable Should Exist" owner="BuiltIn">
<arg>${response}</arg>
<arg>response não foi definida. Verifique a requisição</arg>
<doc>Fails unless the given variable exists within the current scope.</doc>
<status status="PASS" start="2025-10-03T16:11:10.460078" elapsed="0.000330"/>
</kw>
<kw name="Set Variable" owner="BuiltIn">
<msg time="2025-10-03T16:11:10.461432" level="INFO">${response_success} = True</msg>
<var>${response_success}</var>
<arg>${response.json()['success']}</arg>
<doc>Returns the given values which can then be assigned to a variables.</doc>
<status status="PASS" start="2025-10-03T16:11:10.460653" elapsed="0.000831"/>
</kw>
<kw name="Should Be Equal" owner="BuiltIn">
<arg>${response_success}</arg>
<arg>${expected_success}</arg>
<arg>msg=Campo success inesperado. Esperado: ${expected_success}, Obtido: ${response_success}</arg>
<doc>Fails if the given objects are unequal.</doc>
<status status="PASS" start="2025-10-03T16:11:10.461734" elapsed="0.000539"/>
</kw>
<arg>${True}</arg>
<status status="PASS" start="2025-10-03T16:11:10.459164" elapsed="0.003231"/>
</kw>
<tag>CT001</tag>
<status status="PASS" start="2025-10-03T16:11:10.303930" elapsed="0.158796"/>
</test>
<test id="s1-s2-t2" name="CT004.002 - Editar um Filme Cadastrado" line="30">
<kw name="Create List" owner="BuiltIn">
<msg time="2025-10-03T16:11:10.464765" level="INFO">${genres} = ['Drama', 'Esporitvo']</msg>
<var>${genres}</var>
<arg>Drama</arg>
<arg>Esporitvo</arg>
<doc>Returns a list containing given items.</doc>
<status status="PASS" start="2025-10-03T16:11:10.464129" elapsed="0.000731"/>
</kw>
<kw name="Create Dictionary" owner="BuiltIn">
<msg time="2025-10-03T16:11:10.466784" level="INFO">${movie_edited} = {'title': 'Rocky, um Lutador - EDITADO', 'synopsis': 'EDITADO', 'director': 'John G Avildsen', 'genres': ['Drama', 'Esporitvo'], 'duration': '130', 'classification': '+16', 'poster': 'rocky.jpg', 'rel...</msg>
<var>${movie_edited}</var>
<arg>title=Rocky, um Lutador - EDITADO</arg>
<arg>synopsis=EDITADO</arg>
<arg>director=John G Avildsen</arg>
<arg>genres=${genres}</arg>
<arg>duration=130</arg>
<arg>classification=+16</arg>
<arg>poster=rocky.jpg</arg>
<arg>releaseDate=1977-01-07</arg>
<doc>Creates and returns a dictionary based on the given ``items``.</doc>
<status status="PASS" start="2025-10-03T16:11:10.465618" elapsed="0.001266"/>
</kw>
<kw name="Clean Movie from Database" owner="database">
<msg time="2025-10-03T16:11:10.471117" level="INFO">Searching for movie with title: Rocky, um Lutador - EDITADO
Movie found: {'_id': ObjectId('68dfde208e953d7b9ccab117'), 'title': 'Rocky, um Lutador - EDITADO', 'synopsis': 'EDITADO', 'director': 'John G Avildsen', 'genres': ['Drama', 'Esporitvo'], 'duration': 130, 'classification': '+16', 'poster': 'rocky.jpg', 'releaseDate': datetime.datetime(1977, 1, 7, 0, 0), 'createdAt': datetime.datetime(2025, 10, 3, 14, 30, 56, 310000), 'updatedAt': datetime.datetime(2025, 10, 3, 14, 30, 56, 468000), '__v': 0}
Movies with title 'Rocky, um Lutador - EDITADO' deleted. Count: 1</msg>
<arg>${movie_edited}[title]</arg>
<status status="PASS" start="2025-10-03T16:11:10.467539" elapsed="0.003773"/>
</kw>
<kw name="Fill with movie" owner="common">
<kw name="Read JSON File" owner="common">
<kw name="Load Json From File" owner="JSONLibrary">
<msg time="2025-10-03T16:11:10.475008" level="INFO">${json} = {'movie1': {'title': 'Manchester à Beira-Mar', 'synopsis': 'Em Manchester à Beira-Mar, Lee Chandler é forçado a retornar para sua cidade natal com o objetivo de tomar conta de seu sobrinho adolescente...</msg>
<var>${json}</var>
<arg>${EXECDIR}/support/fixtures/${file}</arg>
<doc>Load JSON from file.</doc>
<status status="PASS" start="2025-10-03T16:11:10.473913" elapsed="0.001191"/>
</kw>
<return>
<value>${json}</value>
<status status="PASS" start="2025-10-03T16:11:10.475288" elapsed="0.000134"/>
</return>
<msg time="2025-10-03T16:11:10.475961" level="INFO">${movies_json} = {'movie1': {'title': 'Manchester à Beira-Mar', 'synopsis': 'Em Manchester à Beira-Mar, Lee Chandler é forçado a retornar para sua cidade natal com o objetivo de tomar conta de seu sobrinho adolescente...</msg>
<var>${movies_json}</var>
<arg>movies.json</arg>
<status status="PASS" start="2025-10-03T16:11:10.473055" elapsed="0.002990"/>
</kw>
<kw name="Set Variable" owner="BuiltIn">
<msg time="2025-10-03T16:11:10.477000" level="INFO">${movie} = {'title': 'Rocky, um Lutador', 'synopsis': 'Rocky Balboa, um pequeno boxeador da classe trabalhadora da Filadélfia, é arbitrariamente escolhido para lutar contra o campeão dos pesos pesados, Apollo Cr...</msg>
<var>${movie}</var>
<arg>${movies_json}[movie${index}]</arg>
<doc>Returns the given values which can then be assigned to a variables.</doc>
<status status="PASS" start="2025-10-03T16:11:10.476499" elapsed="0.000572"/>
</kw>
<kw name="Clean Movie from Database" owner="database">
<msg time="2025-10-03T16:11:10.480849" level="INFO">Searching for movie with title: Rocky, um Lutador
Movie found: None
No movie found with title: Rocky, um Lutador
Existing movies: [{'_id': ObjectId('68dab7c8732acebb54566cb3'), 'title': 'Inception'}, {'_id': ObjectId('68dab7c8732acebb54566cb4'), 'title': 'The Avengers'}, {'_id': ObjectId('68dab7c8732acebb54566cb5'), 'title': 'The Shawshank Redemption'}, {'_id': ObjectId('68deac968a278fec364b0b87'), 'title': ' Pânico'}, {'_id': ObjectId('68dfde228e953d7b9ccab157'), 'title': 'The Batman'}, {'_id': ObjectId('68e010a0c0b485c13e7b4aa9'), 'title': 'John Wick 4: Baba Yaga'}, {'_id': ObjectId('68e01d0bc0b485c13e7b4cd7'), 'title': 'O Poderoso Chefão'}, {'_id': ObjectId('68e01fcec0b485c13e7b4d01'), 'title': 'Manchester à Beira-Mar'}]</msg>
<arg>${movie}[title]</arg>
<status status="PASS" start="2025-10-03T16:11:10.477581" elapsed="0.003418"/>
</kw>
<kw name="Criar filme" owner="createMovieKeywords">
<kw name="Utilizar Token de Administrador" owner="common">
<kw name="Create Dictionary" owner="BuiltIn">
<msg time="2025-10-03T16:11:10.482848" level="INFO">${admin_user} = {'name': ' Lex Luthr', 'email': 'lex.luthor@lexcorp.com', 'password': 'pwd12345'}</msg>
<var>${admin_user}</var>
<arg>name= Lex Luthr</arg>
<arg>email=lex.luthor@lexcorp.com</arg>
<arg>password=pwd12345</arg>
<doc>Creates and returns a dictionary based on the given ``items``.</doc>
<status status="PASS" start="2025-10-03T16:11:10.482507" elapsed="0.000389"/>
</kw>
<kw name="POST Endpoint /auth/register" owner="cadastrar_usuario">
<kw name="Create Dictionary" owner="BuiltIn">
<msg time="2025-10-03T16:11:10.484305" level="INFO">&amp;{header} = { Content-Type=application/json }</msg>
<var>&amp;{header}</var>
<arg>Content-Type=application/json</arg>
<doc>Creates and returns a dictionary based on the given ``items``.</doc>
<status status="PASS" start="2025-10-03T16:11:10.483970" elapsed="0.000381"/>
</kw>
<kw name="Create Dictionary" owner="BuiltIn">
<msg time="2025-10-03T16:11:10.485101" level="INFO">${payload} = {'name': ' Lex Luthr', 'email': 'lex.luthor@lexcorp.com', 'password': 'pwd12345'}</msg>
<var>${payload}</var>
<arg>name=${name}</arg>
<arg>email=${email}</arg>
<arg>password=${password}</arg>
<doc>Creates and returns a dictionary based on the given ``items``.</doc>
<status status="PASS" start="2025-10-03T16:11:10.484590" elapsed="0.000570"/>
</kw>
<kw name="POST On Session" owner="RequestsLibrary">
<msg time="2025-10-03T16:11:10.490525" level="INFO">POST Request : url=http://localhost:3000/api/v1/auth/register 
 path_url=/api/v1/auth/register 
 headers={'User-Agent': 'python-requests/2.32.5', 'Accept-Encoding': 'gzip, deflate', 'Accept': '*/*', 'Connection': 'keep-alive', 'Content-Type': 'application/json', 'Content-Length': '81'} 
 body=b'{"name": " Lex Luthr", "email": "lex.luthor@lexcorp.com", "password": "pwd12345"}' 
 </msg>
<msg time="2025-10-03T16:11:10.490674" level="INFO">POST Response : url=http://localhost:3000/api/v1/auth/register 
 status=400, reason=Bad Request 
 headers={'X-Powered-By': 'Express', 'Access-Control-Allow-Origin': '*', 'Content-Type': 'application/json; charset=utf-8', 'Content-Length': '49', 'ETag': 'W/"31-WKEMg8zALB1Ko0WjUHi/6RBGHVc"', 'Date': 'Fri, 03 Oct 2025 19:11:10 GMT', 'Connection': 'keep-alive', 'Keep-Alive': 'timeout=5'} 
 body={"success":false,"message":"User already exists"} 
 </msg>
<msg time="2025-10-03T16:11:10.490914" level="INFO">${response} = &lt;Response [400]&gt;</msg>
<var>${response}</var>
<arg>CinemaApp</arg>
<arg>url=/auth/register</arg>
<arg>json=${payload}</arg>
<arg>headers=${header}</arg>
<arg>expected_status=any</arg>
<doc>Sends a POST request on a previously created HTTP Session.</doc>
<status status="PASS" start="2025-10-03T16:11:10.485455" elapsed="0.005513"/>
</kw>
<kw name="Set Global Variable" owner="BuiltIn">
<msg time="2025-10-03T16:11:10.491902" level="INFO">${response} = &lt;Response [400]&gt;</msg>
<arg>${response}</arg>
<doc>Makes a variable available globally in all tests and suites.</doc>
<status status="PASS" start="2025-10-03T16:11:10.491394" elapsed="0.000590"/>
</kw>
<kw name="Log" owner="BuiltIn">
<msg time="2025-10-03T16:11:10.492875" level="INFO">{"success":false,"message":"User already exists"}</msg>
<arg>${response.content}</arg>
<doc>Logs the given message with the given level.</doc>
<status status="PASS" start="2025-10-03T16:11:10.492239" elapsed="0.000692"/>
</kw>
<kw name="Log" owner="BuiltIn">
<msg time="2025-10-03T16:11:10.493757" level="INFO">400</msg>
<arg>${response.status_code}</arg>
<doc>Logs the given message with the given level.</doc>
<status status="PASS" start="2025-10-03T16:11:10.493265" elapsed="0.000548"/>
</kw>
<arg>${admin_user}[name]</arg>
<arg>${admin_user}[email]</arg>
<arg>${admin_user}[password]</arg>
<status status="PASS" start="2025-10-03T16:11:10.483260" elapsed="0.010630"/>
</kw>
<kw name="POST Endpoint /auth/login" owner="fazerLoginKeywords">
<kw name="Create Dictionary" owner="BuiltIn">
<msg time="2025-10-03T16:11:10.495023" level="INFO">${payload} = {'email': 'lex.luthor@lexcorp.com', 'password': 'pwd12345'}</msg>
<var>${payload}</var>
<arg>email=${email}</arg>
<arg>password=${password}</arg>
<doc>Creates and returns a dictionary based on the given ``items``.</doc>
<status status="PASS" start="2025-10-03T16:11:10.494705" elapsed="0.000351"/>
</kw>
<kw name="POST On Session" owner="RequestsLibrary">
<msg time="2025-10-03T16:11:10.607972" level="INFO">POST Request : url=http://localhost:3000/api/v1/auth/login 
 path_url=/api/v1/auth/login 
 headers={'User-Agent': 'python-requests/2.32.5', 'Accept-Encoding': 'gzip, deflate', 'Accept': '*/*', 'Connection': 'keep-alive', 'Content-Length': '59', 'Content-Type': 'application/json'} 
 body=b'{"email": "lex.luthor@lexcorp.com", "password": "pwd12345"}' 
 </msg>
<msg time="2025-10-03T16:11:10.608140" level="INFO">POST Response : url=http://localhost:3000/api/v1/auth/login 
 status=200, reason=OK 
 headers={'X-Powered-By': 'Express', 'Access-Control-Allow-Origin': '*', 'Content-Type': 'application/json; charset=utf-8', 'Content-Length': '308', 'ETag': 'W/"134-YVyfqXc0QTRelDzViFOLNomZmVs"', 'Date': 'Fri, 03 Oct 2025 19:11:10 GMT', 'Connection': 'keep-alive', 'Keep-Alive': 'timeout=5'} 
 body={"success":true,"data":{"_id":"68dd5eeb21ab0711adb801cc","name":"Lex Luthor","email":"lex.luthor@lexcorp.com","role":"admin","token":"eyJhbGciOiJIUzI1NiIsInR5cCI6IkpXVCJ9.eyJpZCI6IjY4ZGQ1ZWViMjFhYjA3MTFhZGI4MDFjYyIsImlhdCI6MTc1OTUxODY3MCwiZXhwIjoxNzU5NjA1MDcwfQ.OS5_j4osqGwqNt1bvYImbkL-q3xjaCbRQECCXh8q4kc"}} 
 </msg>
<msg time="2025-10-03T16:11:10.608385" level="INFO">${response} = &lt;Response [200]&gt;</msg>
<var>${response}</var>
<arg>alias=CinemaApp</arg>
<arg>url=/auth/login</arg>
<arg>json=${payload}</arg>
<arg>expected_status=any</arg>
<doc>Sends a POST request on a previously created HTTP Session.</doc>
<status status="PASS" start="2025-10-03T16:11:10.495246" elapsed="0.113195"/>
</kw>
<kw name="Set Global Variable" owner="BuiltIn">
<msg time="2025-10-03T16:11:10.609157" level="INFO">${response} = &lt;Response [200]&gt;</msg>
<arg>${response}</arg>
<doc>Makes a variable available globally in all tests and suites.</doc>
<status status="PASS" start="2025-10-03T16:11:10.608782" elapsed="0.000437"/>
</kw>
<kw name="Run Keyword If" owner="BuiltIn">
<kw name="Extract JWT" owner="fazerLoginKeywords">
<kw name="Set Variable" owner="BuiltIn">
<msg time="2025-10-03T16:11:10.610813" level="INFO">${token} = eyJhbGciOiJIUzI1NiIsInR5cCI6IkpXVCJ9.eyJpZCI6IjY4ZGQ1ZWViMjFhYjA3MTFhZGI4MDFjYyIsImlhdCI6MTc1OTUxODY3MCwiZXhwIjoxNzU5NjA1MDcwfQ.OS5_j4osqGwqNt1bvYImbkL-q3xjaCbRQECCXh8q4kc</msg>
<var>${token}</var>
<arg>${response.json()['data']['token']}</arg>
<doc>Returns the given values which can then be assigned to a variables.</doc>
<status status="PASS" start="2025-10-03T16:11:10.610343" elapsed="0.000503"/>
</kw>
<kw name="Log" owner="BuiltIn">
<msg time="2025-10-03T16:11:10.611151" level="INFO">Token obtido: eyJhbGciOiJIUzI1NiIsInR5cCI6IkpXVCJ9.eyJpZCI6IjY4ZGQ1ZWViMjFhYjA3MTFhZGI4MDFjYyIsImlhdCI6MTc1OTUxODY3MCwiZXhwIjoxNzU5NjA1MDcwfQ.OS5_j4osqGwqNt1bvYImbkL-q3xjaCbRQECCXh8q4kc</msg>
<arg>Token obtido: ${token}</arg>
<doc>Logs the given message with the given level.</doc>
<status status="PASS" start="2025-10-03T16:11:10.610997" elapsed="0.000206"/>
</kw>
<kw name="Set Global Variable" owner="BuiltIn">
<msg time="2025-10-03T16:11:10.611653" level="INFO">${token} = eyJhbGciOiJIUzI1NiIsInR5cCI6IkpXVCJ9.eyJpZCI6IjY4ZGQ1ZWViMjFhYjA3MTFhZGI4MDFjYyIsImlhdCI6MTc1OTUxODY3MCwiZXhwIjoxNzU5NjA1MDcwfQ.OS5_j4osqGwqNt1bvYImbkL-q3xjaCbRQECCXh8q4kc</msg>
<arg>${token}</arg>
<doc>Makes a variable available globally in all tests and suites.</doc>
<status status="PASS" start="2025-10-03T16:11:10.611378" elapsed="0.000323"/>
</kw>
<status status="PASS" start="2025-10-03T16:11:10.610034" elapsed="0.001732"/>
</kw>
<arg>${response.status_code} == 200</arg>
<arg>Extract JWT</arg>
<doc>Runs the given keyword with the given arguments, if ``condition`` is true.</doc>
<status status="PASS" start="2025-10-03T16:11:10.609377" elapsed="0.002437"/>
</kw>
<kw name="Log" owner="BuiltIn">
<msg time="2025-10-03T16:11:10.612411" level="INFO">{"success":true,"data":{"_id":"68dd5eeb21ab0711adb801cc","name":"Lex Luthor","email":"lex.luthor@lexcorp.com","role":"admin","token":"eyJhbGciOiJIUzI1NiIsInR5cCI6IkpXVCJ9.eyJpZCI6IjY4ZGQ1ZWViMjFhYjA3MTFhZGI4MDFjYyIsImlhdCI6MTc1OTUxODY3MCwiZXhwIjoxNzU5NjA1MDcwfQ.OS5_j4osqGwqNt1bvYImbkL-q3xjaCbRQECCXh8q4kc"}}</msg>
<arg>${response.content}</arg>
<doc>Logs the given message with the given level.</doc>
<status status="PASS" start="2025-10-03T16:11:10.611956" elapsed="0.000511"/>
</kw>
<arg>${admin_user}[email]</arg>
<arg>${admin_user}[password]</arg>
<status status="PASS" start="2025-10-03T16:11:10.494222" elapsed="0.118323"/>
</kw>
<kw name="Set Global Variable" owner="BuiltIn">
<msg time="2025-10-03T16:11:10.612976" level="INFO">${admin_user} = {'name': ' Lex Luthr', 'email': 'lex.luthor@lexcorp.com', 'password': 'pwd12345'}</msg>
<arg>${admin_user}</arg>
<doc>Makes a variable available globally in all tests and suites.</doc>
<status status="PASS" start="2025-10-03T16:11:10.612700" elapsed="0.000323"/>
</kw>
<status status="PASS" start="2025-10-03T16:11:10.482058" elapsed="0.131028"/>
</kw>
<kw name="POST Endpoint /movies" owner="createMovieKeywords">
<kw name="Create Dictionary" owner="BuiltIn">
<msg time="2025-10-03T16:11:10.614249" level="INFO">&amp;{header} = { Content-Type=application/json | Authorization=Bearer eyJhbGciOiJIUzI1NiIsInR5cCI6IkpXVCJ9.eyJpZCI6IjY4ZGQ1ZWViMjFhYjA3MTFhZGI4MDFjYyIsImlhdCI6MTc1OTUxODY3MCwiZXhwIjoxNzU5NjA1MDcwfQ.OS5_j4osqGwqNt1bv...</msg>
<var>&amp;{header}</var>
<arg>Content-Type=application/json</arg>
<arg>Authorization=Bearer ${token}</arg>
<doc>Creates and returns a dictionary based on the given ``items``.</doc>
<status status="PASS" start="2025-10-03T16:11:10.613965" elapsed="0.000318"/>
</kw>
<kw name="Create Dictionary" owner="BuiltIn">
<msg time="2025-10-03T16:11:10.615098" level="INFO">${payload} = {'title': 'Rocky, um Lutador', 'synopsis': 'Rocky Balboa, um pequeno boxeador da classe trabalhadora da Filadélfia, é arbitrariamente escolhido para lutar contra o campeão dos pesos pesados, Apollo Cr...</msg>
<var>${payload}</var>
<arg>title=${title}</arg>
<arg>synopsis=${synopsis}</arg>
<arg>director=${director}</arg>
<arg>genres=${genres}</arg>
<arg>duration=${duration}</arg>
<arg>classification=${classification}</arg>
<arg>poster=${poster}</arg>
<arg>releaseDate=${releaseDate}</arg>
<doc>Creates and returns a dictionary based on the given ``items``.</doc>
<status status="PASS" start="2025-10-03T16:11:10.614439" elapsed="0.000706"/>
</kw>
<kw name="POST On Session" owner="RequestsLibrary">
<msg time="2025-10-03T16:11:10.624557" level="INFO">POST Request : url=http://localhost:3000/api/v1/movies 
 path_url=/api/v1/movies 
 headers={'User-Agent': 'python-requests/2.32.5', 'Accept-Encoding': 'gzip, deflate', 'Accept': '*/*', 'Connection': 'keep-alive', 'Content-Type': 'application/json', 'Authorization': 'Bearer eyJhbGciOiJIUzI1NiIsInR5cCI6IkpXVCJ9.eyJpZCI6IjY4ZGQ1ZWViMjFhYjA3MTFhZGI4MDFjYyIsImlhdCI6MTc1OTUxODY3MCwiZXhwIjoxNzU5NjA1MDcwfQ.OS5_j4osqGwqNt1bvYImbkL-q3xjaCbRQECCXh8q4kc', 'Content-Length': '460'} 
 body=b'{"title": "Rocky, um Lutador", "synopsis": "Rocky Balboa, um pequeno boxeador da classe trabalhadora da Filad\\u00e9lfia, \\u00e9 arbitrariamente escolhido para lutar contra o campe\\u00e3o dos pesos pesados, Apollo Creed, quando o advers\\u00e1rio do invicto lutador agendado para a luta \\u00e9 ferido.", "director": "John G Avildsen", "genres": ["Drama", "Esportivo"], "duration": 119, "classification": "+14", "poster": "rocky.jpg", "releaseDate": "1977-01-07"}' 
 </msg>
<msg time="2025-10-03T16:11:10.624924" level="INFO">POST Response : url=http://localhost:3000/api/v1/movies 
 status=201, reason=Created 
 headers={'X-Powered-By': 'Express', 'Access-Control-Allow-Origin': '*', 'Content-Type': 'application/json; charset=utf-8', 'Content-Length': '613', 'ETag': 'W/"265-cT2OWITlhOQMFT6V+DjGU76P0lw"', 'Date': 'Fri, 03 Oct 2025 19:11:10 GMT', 'Connection': 'keep-alive', 'Keep-Alive': 'timeout=5'} 
 body={"success":true,"data":{"title":"Rocky, um Lutador","synopsis":"Rocky Balboa, um pequeno boxeador da classe trabalhadora da Filadélfia, é arbitrariamente escolhido para lutar contra o campeão dos pesos pesados, Apollo Creed, quando o adversário do invicto lutador agendado para a luta é ferido.","director":"John G Avildsen","genres":["Drama","Esportivo"],"duration":119,"classification":"+14","poster":"rocky.jpg","releaseDate":"1977-01-07T00:00:00.000Z","_id":"68e01fcec0b485c13e7b4d06","createdAt":"2025-10-03T19:11:10.620Z","updatedAt":"2025-10-03T19:11:10.620Z","__v":0,"id":"68e01fcec0b485c13e7b4d06"}} 
 </msg>
<msg time="2025-10-03T16:11:10.625093" level="INFO">${response} = &lt;Response [201]&gt;</msg>
<var>${response}</var>
<arg>alias=CinemaApp</arg>
<arg>url=/movies</arg>
<arg>json=${payload}</arg>
<arg>headers=${header}</arg>
<arg>expected_status=any</arg>
<doc>Sends a POST request on a previously created HTTP Session.</doc>
<status status="PASS" start="2025-10-03T16:11:10.615323" elapsed="0.009853"/>
</kw>
<kw name="Set Global Variable" owner="BuiltIn">
<msg time="2025-10-03T16:11:10.626098" level="INFO">${response} = &lt;Response [201]&gt;</msg>
<arg>${response}</arg>
<doc>Makes a variable available globally in all tests and suites.</doc>
<status status="PASS" start="2025-10-03T16:11:10.625572" elapsed="0.000642"/>
</kw>
<kw name="Log" owner="BuiltIn">
<msg time="2025-10-03T16:11:10.627435" level="INFO">{"success":true,"data":{"title":"Rocky, um Lutador","synopsis":"Rocky Balboa, um pequeno boxeador da classe trabalhadora da FiladÃ©lfia, Ã© arbitrariamente escolhido para lutar contra o campeÃ£o dos pesos pesados, Apollo Creed, quando o adversÃ¡rio do invicto lutador agendado para a luta Ã© ferido.","director":"John G Avildsen","genres":["Drama","Esportivo"],"duration":119,"classification":"+14","poster":"rocky.jpg","releaseDate":"1977-01-07T00:00:00.000Z","_id":"68e01fcec0b485c13e7b4d06","createdAt":"2025-10-03T19:11:10.620Z","updatedAt":"2025-10-03T19:11:10.620Z","__v":0,"id":"68e01fcec0b485c13e7b4d06"}}</msg>
<arg>${response.content}</arg>
<doc>Logs the given message with the given level.</doc>
<status status="PASS" start="2025-10-03T16:11:10.626484" elapsed="0.001058"/>
</kw>
<arg>${movie}[title]</arg>
<arg>${movie}[synopsis]</arg>
<arg>${movie}[director]</arg>
<arg>${movie}[genres]</arg>
<arg>${movie}[duration]</arg>
<arg>${movie}[classification]</arg>
<arg>${movie}[poster]</arg>
<arg>${movie}[releaseDate]</arg>
<status status="PASS" start="2025-10-03T16:11:10.613283" elapsed="0.014389"/>
</kw>
<arg>${movie}</arg>
<status status="PASS" start="2025-10-03T16:11:10.481425" elapsed="0.146394"/>
</kw>
<kw name="Pegar ID de um filme" owner="common">
<kw name="Get movie by title" owner="database">
<msg time="2025-10-03T16:11:10.630875" level="INFO">${movie_data} = {'_id': '68e01fcec0b485c13e7b4d06', 'title': 'Rocky, um Lutador', 'synopsis': 'Rocky Balboa, um pequeno boxeador da classe trabalhadora da Filadélfia, é arbitrariamente escolhido para lutar contra o c...</msg>
<var>${movie_data}</var>
<arg>${movie}[title]</arg>
<status status="PASS" start="2025-10-03T16:11:10.628848" elapsed="0.002093"/>
</kw>
<kw name="Set Variable" owner="BuiltIn">
<msg time="2025-10-03T16:11:10.631599" level="INFO">${movie_id} = 68e01fcec0b485c13e7b4d06</msg>
<var>${movie_id}</var>
<arg>${movie_data}[_id]</arg>
<doc>Returns the given values which can then be assigned to a variables.</doc>
<status status="PASS" start="2025-10-03T16:11:10.631261" elapsed="0.000392"/>
</kw>
<kw name="Set Global Variable" owner="BuiltIn">
<msg time="2025-10-03T16:11:10.632409" level="INFO">${movie_id} = 68e01fcec0b485c13e7b4d06</msg>
<arg>${movie_id}</arg>
<doc>Makes a variable available globally in all tests and suites.</doc>
<status status="PASS" start="2025-10-03T16:11:10.631936" elapsed="0.000558"/>
</kw>
<arg>${movie}</arg>
<status status="PASS" start="2025-10-03T16:11:10.628238" elapsed="0.004375"/>
</kw>
<kw name="Log" owner="BuiltIn">
<msg time="2025-10-03T16:11:10.633136" level="INFO">Movie ID: 68e01fcec0b485c13e7b4d06</msg>
<arg>Movie ID: ${movie_id}</arg>
<doc>Logs the given message with the given level.</doc>
<status status="PASS" start="2025-10-03T16:11:10.632866" elapsed="0.000362"/>
</kw>
<return>
<value>${movie}</value>
<status status="PASS" start="2025-10-03T16:11:10.633325" elapsed="0.000087"/>
</return>
<arg>2</arg>
<status status="PASS" start="2025-10-03T16:11:10.472056" elapsed="0.161566"/>
</kw>
<kw name="Editar um Filme" owner="upadteMovieskeywords">
<kw name="Utilizar Token de Administrador" owner="common">
<kw name="Create Dictionary" owner="BuiltIn">
<msg time="2025-10-03T16:11:10.637049" level="INFO">${admin_user} = {'name': ' Lex Luthr', 'email': 'lex.luthor@lexcorp.com', 'password': 'pwd12345'}</msg>
<var>${admin_user}</var>
<arg>name= Lex Luthr</arg>
<arg>email=lex.luthor@lexcorp.com</arg>
<arg>password=pwd12345</arg>
<doc>Creates and returns a dictionary based on the given ``items``.</doc>
<status status="PASS" start="2025-10-03T16:11:10.636497" elapsed="0.000626"/>
</kw>
<kw name="POST Endpoint /auth/register" owner="cadastrar_usuario">
<kw name="Create Dictionary" owner="BuiltIn">
<msg time="2025-10-03T16:11:10.639392" level="INFO">&amp;{header} = { Content-Type=application/json }</msg>
<var>&amp;{header}</var>
<arg>Content-Type=application/json</arg>
<doc>Creates and returns a dictionary based on the given ``items``.</doc>
<status status="PASS" start="2025-10-03T16:11:10.638791" elapsed="0.000684"/>
</kw>
<kw name="Create Dictionary" owner="BuiltIn">
<msg time="2025-10-03T16:11:10.640817" level="INFO">${payload} = {'name': ' Lex Luthr', 'email': 'lex.luthor@lexcorp.com', 'password': 'pwd12345'}</msg>
<var>${payload}</var>
<arg>name=${name}</arg>
<arg>email=${email}</arg>
<arg>password=${password}</arg>
<doc>Creates and returns a dictionary based on the given ``items``.</doc>
<status status="PASS" start="2025-10-03T16:11:10.639907" elapsed="0.000971"/>
</kw>
<kw name="POST On Session" owner="RequestsLibrary">
<msg time="2025-10-03T16:11:10.647642" level="INFO">POST Request : url=http://localhost:3000/api/v1/auth/register 
 path_url=/api/v1/auth/register 
 headers={'User-Agent': 'python-requests/2.32.5', 'Accept-Encoding': 'gzip, deflate', 'Accept': '*/*', 'Connection': 'keep-alive', 'Content-Type': 'application/json', 'Content-Length': '81'} 
 body=b'{"name": " Lex Luthr", "email": "lex.luthor@lexcorp.com", "password": "pwd12345"}' 
 </msg>
<msg time="2025-10-03T16:11:10.647741" level="INFO">POST Response : url=http://localhost:3000/api/v1/auth/register 
 status=400, reason=Bad Request 
 headers={'X-Powered-By': 'Express', 'Access-Control-Allow-Origin': '*', 'Content-Type': 'application/json; charset=utf-8', 'Content-Length': '49', 'ETag': 'W/"31-WKEMg8zALB1Ko0WjUHi/6RBGHVc"', 'Date': 'Fri, 03 Oct 2025 19:11:10 GMT', 'Connection': 'keep-alive', 'Keep-Alive': 'timeout=5'} 
 body={"success":false,"message":"User already exists"} 
 </msg>
<msg time="2025-10-03T16:11:10.648004" level="INFO">${response} = &lt;Response [400]&gt;</msg>
<var>${response}</var>
<arg>CinemaApp</arg>
<arg>url=/auth/register</arg>
<arg>json=${payload}</arg>
<arg>headers=${header}</arg>
<arg>expected_status=any</arg>
<doc>Sends a POST request on a previously created HTTP Session.</doc>
<status status="PASS" start="2025-10-03T16:11:10.641335" elapsed="0.006707"/>
</kw>
<kw name="Set Global Variable" owner="BuiltIn">
<msg time="2025-10-03T16:11:10.648659" level="INFO">${response} = &lt;Response [400]&gt;</msg>
<arg>${response}</arg>
<doc>Makes a variable available globally in all tests and suites.</doc>
<status status="PASS" start="2025-10-03T16:11:10.648348" elapsed="0.000360"/>
</kw>
<kw name="Log" owner="BuiltIn">
<msg time="2025-10-03T16:11:10.649496" level="INFO">{"success":false,"message":"User already exists"}</msg>
<arg>${response.content}</arg>
<doc>Logs the given message with the given level.</doc>
<status status="PASS" start="2025-10-03T16:11:10.648856" elapsed="0.000738"/>
</kw>
<kw name="Log" owner="BuiltIn">
<msg time="2025-10-03T16:11:10.650400" level="INFO">400</msg>
<arg>${response.status_code}</arg>
<doc>Logs the given message with the given level.</doc>
<status status="PASS" start="2025-10-03T16:11:10.649854" elapsed="0.000602"/>
</kw>
<arg>${admin_user}[name]</arg>
<arg>${admin_user}[email]</arg>
<arg>${admin_user}[password]</arg>
<status status="PASS" start="2025-10-03T16:11:10.637574" elapsed="0.012960"/>
</kw>
<kw name="POST Endpoint /auth/login" owner="fazerLoginKeywords">
<kw name="Create Dictionary" owner="BuiltIn">
<msg time="2025-10-03T16:11:10.651791" level="INFO">${payload} = {'email': 'lex.luthor@lexcorp.com', 'password': 'pwd12345'}</msg>
<var>${payload}</var>
<arg>email=${email}</arg>
<arg>password=${password}</arg>
<doc>Creates and returns a dictionary based on the given ``items``.</doc>
<status status="PASS" start="2025-10-03T16:11:10.651234" elapsed="0.000592"/>
</kw>
<kw name="POST On Session" owner="RequestsLibrary">
<msg time="2025-10-03T16:11:10.764971" level="INFO">POST Request : url=http://localhost:3000/api/v1/auth/login 
 path_url=/api/v1/auth/login 
 headers={'User-Agent': 'python-requests/2.32.5', 'Accept-Encoding': 'gzip, deflate', 'Accept': '*/*', 'Connection': 'keep-alive', 'Content-Length': '59', 'Content-Type': 'application/json'} 
 body=b'{"email": "lex.luthor@lexcorp.com", "password": "pwd12345"}' 
 </msg>
<msg time="2025-10-03T16:11:10.765173" level="INFO">POST Response : url=http://localhost:3000/api/v1/auth/login 
 status=200, reason=OK 
 headers={'X-Powered-By': 'Express', 'Access-Control-Allow-Origin': '*', 'Content-Type': 'application/json; charset=utf-8', 'Content-Length': '308', 'ETag': 'W/"134-YVyfqXc0QTRelDzViFOLNomZmVs"', 'Date': 'Fri, 03 Oct 2025 19:11:10 GMT', 'Connection': 'keep-alive', 'Keep-Alive': 'timeout=5'} 
 body={"success":true,"data":{"_id":"68dd5eeb21ab0711adb801cc","name":"Lex Luthor","email":"lex.luthor@lexcorp.com","role":"admin","token":"eyJhbGciOiJIUzI1NiIsInR5cCI6IkpXVCJ9.eyJpZCI6IjY4ZGQ1ZWViMjFhYjA3MTFhZGI4MDFjYyIsImlhdCI6MTc1OTUxODY3MCwiZXhwIjoxNzU5NjA1MDcwfQ.OS5_j4osqGwqNt1bvYImbkL-q3xjaCbRQECCXh8q4kc"}} 
 </msg>
<msg time="2025-10-03T16:11:10.765443" level="INFO">${response} = &lt;Response [200]&gt;</msg>
<var>${response}</var>
<arg>alias=CinemaApp</arg>
<arg>url=/auth/login</arg>
<arg>json=${payload}</arg>
<arg>expected_status=any</arg>
<doc>Sends a POST request on a previously created HTTP Session.</doc>
<status status="PASS" start="2025-10-03T16:11:10.651995" elapsed="0.113517"/>
</kw>
<kw name="Set Global Variable" owner="BuiltIn">
<msg time="2025-10-03T16:11:10.766597" level="INFO">${response} = &lt;Response [200]&gt;</msg>
<arg>${response}</arg>
<doc>Makes a variable available globally in all tests and suites.</doc>
<status status="PASS" start="2025-10-03T16:11:10.765945" elapsed="0.000758"/>
</kw>
<kw name="Run Keyword If" owner="BuiltIn">
<kw name="Extract JWT" owner="fazerLoginKeywords">
<kw name="Set Variable" owner="BuiltIn">
<msg time="2025-10-03T16:11:10.769942" level="INFO">${token} = eyJhbGciOiJIUzI1NiIsInR5cCI6IkpXVCJ9.eyJpZCI6IjY4ZGQ1ZWViMjFhYjA3MTFhZGI4MDFjYyIsImlhdCI6MTc1OTUxODY3MCwiZXhwIjoxNzU5NjA1MDcwfQ.OS5_j4osqGwqNt1bvYImbkL-q3xjaCbRQECCXh8q4kc</msg>
<var>${token}</var>
<arg>${response.json()['data']['token']}</arg>
<doc>Returns the given values which can then be assigned to a variables.</doc>
<status status="PASS" start="2025-10-03T16:11:10.768970" elapsed="0.001040"/>
</kw>
<kw name="Log" owner="BuiltIn">
<msg time="2025-10-03T16:11:10.770617" level="INFO">Token obtido: eyJhbGciOiJIUzI1NiIsInR5cCI6IkpXVCJ9.eyJpZCI6IjY4ZGQ1ZWViMjFhYjA3MTFhZGI4MDFjYyIsImlhdCI6MTc1OTUxODY3MCwiZXhwIjoxNzU5NjA1MDcwfQ.OS5_j4osqGwqNt1bvYImbkL-q3xjaCbRQECCXh8q4kc</msg>
<arg>Token obtido: ${token}</arg>
<doc>Logs the given message with the given level.</doc>
<status status="PASS" start="2025-10-03T16:11:10.770332" elapsed="0.000391"/>
</kw>
<kw name="Set Global Variable" owner="BuiltIn">
<msg time="2025-10-03T16:11:10.771638" level="INFO">${token} = eyJhbGciOiJIUzI1NiIsInR5cCI6IkpXVCJ9.eyJpZCI6IjY4ZGQ1ZWViMjFhYjA3MTFhZGI4MDFjYyIsImlhdCI6MTc1OTUxODY3MCwiZXhwIjoxNzU5NjA1MDcwfQ.OS5_j4osqGwqNt1bvYImbkL-q3xjaCbRQECCXh8q4kc</msg>
<arg>${token}</arg>
<doc>Makes a variable available globally in all tests and suites.</doc>
<status status="PASS" start="2025-10-03T16:11:10.771035" elapsed="0.000703"/>
</kw>
<status status="PASS" start="2025-10-03T16:11:10.768396" elapsed="0.003478"/>
</kw>
<arg>${response.status_code} == 200</arg>
<arg>Extract JWT</arg>
<doc>Runs the given keyword with the given arguments, if ``condition`` is true.</doc>
<status status="PASS" start="2025-10-03T16:11:10.767025" elapsed="0.004949"/>
</kw>
<kw name="Log" owner="BuiltIn">
<msg time="2025-10-03T16:11:10.773258" level="INFO">{"success":true,"data":{"_id":"68dd5eeb21ab0711adb801cc","name":"Lex Luthor","email":"lex.luthor@lexcorp.com","role":"admin","token":"eyJhbGciOiJIUzI1NiIsInR5cCI6IkpXVCJ9.eyJpZCI6IjY4ZGQ1ZWViMjFhYjA3MTFhZGI4MDFjYyIsImlhdCI6MTc1OTUxODY3MCwiZXhwIjoxNzU5NjA1MDcwfQ.OS5_j4osqGwqNt1bvYImbkL-q3xjaCbRQECCXh8q4kc"}}</msg>
<arg>${response.content}</arg>
<doc>Logs the given message with the given level.</doc>
<status status="PASS" start="2025-10-03T16:11:10.772303" elapsed="0.001109"/>
</kw>
<arg>${admin_user}[email]</arg>
<arg>${admin_user}[password]</arg>
<status status="PASS" start="2025-10-03T16:11:10.650771" elapsed="0.122822"/>
</kw>
<kw name="Set Global Variable" owner="BuiltIn">
<msg time="2025-10-03T16:11:10.774578" level="INFO">${admin_user} = {'name': ' Lex Luthr', 'email': 'lex.luthor@lexcorp.com', 'password': 'pwd12345'}</msg>
<arg>${admin_user}</arg>
<doc>Makes a variable available globally in all tests and suites.</doc>
<status status="PASS" start="2025-10-03T16:11:10.773766" elapsed="0.000986"/>
</kw>
<status status="PASS" start="2025-10-03T16:11:10.635581" elapsed="0.139406"/>
</kw>
<kw name="PUT Endpoint /movies/_id" owner="upadteMovieskeywords">
<kw name="Create Dictionary" owner="BuiltIn">
<msg time="2025-10-03T16:11:10.777731" level="INFO">&amp;{header} = { Content-Type=application/json | Authorization=Bearer eyJhbGciOiJIUzI1NiIsInR5cCI6IkpXVCJ9.eyJpZCI6IjY4ZGQ1ZWViMjFhYjA3MTFhZGI4MDFjYyIsImlhdCI6MTc1OTUxODY3MCwiZXhwIjoxNzU5NjA1MDcwfQ.OS5_j4osqGwqNt1bv...</msg>
<var>&amp;{header}</var>
<arg>Content-Type=application/json</arg>
<arg>Authorization=Bearer ${token}</arg>
<doc>Creates and returns a dictionary based on the given ``items``.</doc>
<status status="PASS" start="2025-10-03T16:11:10.776937" elapsed="0.000870"/>
</kw>
<kw name="Create Dictionary" owner="BuiltIn">
<msg time="2025-10-03T16:11:10.779645" level="INFO">${payload} = {'title': 'Rocky, um Lutador - EDITADO', 'synopsis': 'EDITADO', 'director': 'John G Avildsen', 'genres': ['Drama', 'Esporitvo'], 'duration': '130', 'classification': '+16', 'poster': 'rocky.jpg', 'rel...</msg>
<var>${payload}</var>
<arg>title=${title}</arg>
<arg>synopsis=${synopsis}</arg>
<arg>director=${director}</arg>
<arg>genres=${genres}</arg>
<arg>duration=${duration}</arg>
<arg>classification=${classification}</arg>
<arg>poster=${poster}</arg>
<arg>releaseDate=${releaseDate}</arg>
<doc>Creates and returns a dictionary based on the given ``items``.</doc>
<status status="PASS" start="2025-10-03T16:11:10.778195" elapsed="0.001649"/>
</kw>
<kw name="PUT On Session" owner="RequestsLibrary">
<msg time="2025-10-03T16:11:10.813851" level="INFO">PUT Request : url=http://localhost:3000/api/v1/movies/68e01fcec0b485c13e7b4d06 
 path_url=/api/v1/movies/68e01fcec0b485c13e7b4d06 
 headers={'User-Agent': 'python-requests/2.32.5', 'Accept-Encoding': 'gzip, deflate', 'Accept': '*/*', 'Connection': 'keep-alive', 'Content-Type': 'application/json', 'Authorization': 'Bearer eyJhbGciOiJIUzI1NiIsInR5cCI6IkpXVCJ9.eyJpZCI6IjY4ZGQ1ZWViMjFhYjA3MTFhZGI4MDFjYyIsImlhdCI6MTc1OTUxODY3MCwiZXhwIjoxNzU5NjA1MDcwfQ.OS5_j4osqGwqNt1bvYImbkL-q3xjaCbRQECCXh8q4kc', 'Content-Length': '224'} 
 body=b'{"title": "Rocky, um Lutador - EDITADO", "synopsis": "EDITADO", "director": "John G Avildsen", "genres": ["Drama", "Esporitvo"], "duration": "130", "classification": "+16", "poster": "rocky.jpg", "releaseDate": "1977-01-07"}' 
 </msg>
<msg time="2025-10-03T16:11:10.814032" level="INFO">PUT Response : url=http://localhost:3000/api/v1/movies/68e01fcec0b485c13e7b4d06 
 status=200, reason=OK 
 headers={'X-Powered-By': 'Express', 'Access-Control-Allow-Origin': '*', 'Content-Type': 'application/json; charset=utf-8', 'Content-Length': '395', 'ETag': 'W/"18b-zx8GYdKAtd7mc1npZkwbNFmG25U"', 'Date': 'Fri, 03 Oct 2025 19:11:10 GMT', 'Connection': 'keep-alive', 'Keep-Alive': 'timeout=5'} 
 body={"success":true,"data":{"_id":"68e01fcec0b485c13e7b4d06","title":"Rocky, um Lutador - EDITADO","synopsis":"EDITADO","director":"John G Avildsen","genres":["Drama","Esporitvo"],"duration":130,"classification":"+16","poster":"rocky.jpg","releaseDate":"1977-01-07T00:00:00.000Z","createdAt":"2025-10-03T19:11:10.620Z","updatedAt":"2025-10-03T19:11:10.792Z","__v":0,"id":"68e01fcec0b485c13e7b4d06"}} 
 </msg>
<msg time="2025-10-03T16:11:10.814348" level="INFO">${response} = &lt;Response [200]&gt;</msg>
<var>${response}</var>
<arg>alias=CinemaApp</arg>
<arg>url=/movies/${movie_id}</arg>
<arg>json=${payload}</arg>
<arg>headers=${header}</arg>
<arg>expected_status=any</arg>
<doc>Sends a PUT request on a previously created HTTP Session.</doc>
<status status="PASS" start="2025-10-03T16:11:10.780172" elapsed="0.034250"/>
</kw>
<kw name="Log" owner="BuiltIn">
<msg time="2025-10-03T16:11:10.815983" level="INFO">Response Status: 200</msg>
<arg>Response Status: ${response.status_code}</arg>
<doc>Logs the given message with the given level.</doc>
<status status="PASS" start="2025-10-03T16:11:10.814862" elapsed="0.001231"/>
</kw>
<kw name="Log" owner="BuiltIn">
<msg time="2025-10-03T16:11:10.817390" level="INFO">Response: {"success":true,"data":{"_id":"68e01fcec0b485c13e7b4d06","title":"Rocky, um Lutador - EDITADO","synopsis":"EDITADO","director":"John G Avildsen","genres":["Drama","Esporitvo"],"duration":130,"classification":"+16","poster":"rocky.jpg","releaseDate":"1977-01-07T00:00:00.000Z","createdAt":"2025-10-03T19:11:10.620Z","updatedAt":"2025-10-03T19:11:10.792Z","__v":0,"id":"68e01fcec0b485c13e7b4d06"}}</msg>
<arg>Response: ${response.content}</arg>
<doc>Logs the given message with the given level.</doc>
<status status="PASS" start="2025-10-03T16:11:10.816425" elapsed="0.001078"/>
</kw>
<kw name="Set Global Variable" owner="BuiltIn">
<msg time="2025-10-03T16:11:10.818369" level="INFO">${response} = &lt;Response [200]&gt;</msg>
<arg>${response}</arg>
<doc>Makes a variable available globally in all tests and suites.</doc>
<status status="PASS" start="2025-10-03T16:11:10.817827" elapsed="0.000644"/>
</kw>
<arg>${movie}[title]</arg>
<arg>${movie}[synopsis]</arg>
<arg>${movie}[director]</arg>
<arg>${movie}[genres]</arg>
<arg>${movie}[duration]</arg>
<arg>${movie}[classification]</arg>
<arg>${movie}[poster]</arg>
<arg>${movie}[releaseDate]</arg>
<status status="PASS" start="2025-10-03T16:11:10.775450" elapsed="0.043163"/>
</kw>
<arg>${movie_edited}</arg>
<status status="PASS" start="2025-10-03T16:11:10.634217" elapsed="0.184563"/>
</kw>
<kw name="Validar Status Code &quot;200&quot;" owner="common" source_name="Validar Status Code &quot;${statuscode}&quot;">
<kw name="Variable Should Exist" owner="BuiltIn">
<arg>${response}</arg>
<arg>response não foi definida. Verifique a requisição</arg>
<doc>Fails unless the given variable exists within the current scope.</doc>
<status status="PASS" start="2025-10-03T16:11:10.820128" elapsed="0.000356"/>
</kw>
<kw name="Should Be True" owner="BuiltIn">
<arg>${response.status_code} == ${statuscode}</arg>
<doc>Fails if the given condition is not true.</doc>
<status status="PASS" start="2025-10-03T16:11:10.820693" elapsed="0.001001"/>
</kw>
<status status="PASS" start="2025-10-03T16:11:10.819348" elapsed="0.002430"/>
</kw>
<kw name="Validar Success" owner="common">
<kw name="Variable Should Exist" owner="BuiltIn">
<arg>${response}</arg>
<arg>response não foi definida. Verifique a requisição</arg>
<doc>Fails unless the given variable exists within the current scope.</doc>
<status status="PASS" start="2025-10-03T16:11:10.822453" elapsed="0.000212"/>
</kw>
<kw name="Set Variable" owner="BuiltIn">
<msg time="2025-10-03T16:11:10.823495" level="INFO">${response_success} = True</msg>
<var>${response_success}</var>
<arg>${response.json()['success']}</arg>
<doc>Returns the given values which can then be assigned to a variables.</doc>
<status status="PASS" start="2025-10-03T16:11:10.822826" elapsed="0.000704"/>
</kw>
<kw name="Should Be Equal" owner="BuiltIn">
<arg>${response_success}</arg>
<arg>${expected_success}</arg>
<arg>msg=Campo success inesperado. Esperado: ${expected_success}, Obtido: ${response_success}</arg>
<doc>Fails if the given objects are unequal.</doc>
<status status="PASS" start="2025-10-03T16:11:10.823705" elapsed="0.000368"/>
</kw>
<arg>${True}</arg>
<status status="PASS" start="2025-10-03T16:11:10.822062" elapsed="0.002135"/>
</kw>
<tag>CT001</tag>
<status status="PASS" start="2025-10-03T16:11:10.463278" elapsed="0.361096"/>
</test>
<test id="s1-s2-t3" name="CT004.003 - Deletar um Filme Cadastrado" line="52">
<kw name="Fill with movie" owner="common">
<kw name="Read JSON File" owner="common">
<kw name="Load Json From File" owner="JSONLibrary">
<msg time="2025-10-03T16:11:10.827758" level="INFO">${json} = {'movie1': {'title': 'Manchester à Beira-Mar', 'synopsis': 'Em Manchester à Beira-Mar, Lee Chandler é forçado a retornar para sua cidade natal com o objetivo de tomar conta de seu sobrinho adolescente...</msg>
<var>${json}</var>
<arg>${EXECDIR}/support/fixtures/${file}</arg>
<doc>Load JSON from file.</doc>
<status status="PASS" start="2025-10-03T16:11:10.826982" elapsed="0.000829"/>
</kw>
<return>
<value>${json}</value>
<status status="PASS" start="2025-10-03T16:11:10.827893" elapsed="0.000052"/>
</return>
[...]
 body={"success":true,"data":{"_id":"68e01fcec0b485c13e7b4cfb","name":"Kurt Cobain","email":"kurt@nirvana.com","role":"user","token":"eyJhbGciOiJIUzI1NiIsInR5cCI6IkpXVCJ9.eyJpZCI6IjY4ZTAxZmNlYzBiNDg1YzEzZTdiNGNmYiIsImlhdCI6MTc1OTUxODY3NCwiZXhwIjoxNzU5NjA1MDc0fQ.NWVZh0cJPOpOzBuPfjDQvoVHHPktrXosfGp8TLo_H-o"}} 
 </msg>
<msg time="2025-10-03T16:11:14.760055" level="INFO">${response} = &lt;Response [200]&gt;</msg>
<var>${response}</var>
<arg>alias=CinemaApp</arg>
<arg>url=/auth/login</arg>
<arg>json=${payload}</arg>
<arg>expected_status=any</arg>
<doc>Sends a POST request on a previously created HTTP Session.</doc>
<status status="PASS" start="2025-10-03T16:11:14.642933" elapsed="0.117267"/>
</kw>
<kw name="Set Global Variable" owner="BuiltIn">
<msg time="2025-10-03T16:11:14.761060" level="INFO">${response} = &lt;Response [200]&gt;</msg>
<arg>${response}</arg>
<doc>Makes a variable available globally in all tests and suites.</doc>
<status status="PASS" start="2025-10-03T16:11:14.760584" elapsed="0.000585"/>
</kw>
<kw name="Run Keyword If" owner="BuiltIn">
<kw name="Extract JWT" owner="fazerLoginKeywords">
<kw name="Set Variable" owner="BuiltIn">
<msg time="2025-10-03T16:11:14.764238" level="INFO">${token} = eyJhbGciOiJIUzI1NiIsInR5cCI6IkpXVCJ9.eyJpZCI6IjY4ZTAxZmNlYzBiNDg1YzEzZTdiNGNmYiIsImlhdCI6MTc1OTUxODY3NCwiZXhwIjoxNzU5NjA1MDc0fQ.NWVZh0cJPOpOzBuPfjDQvoVHHPktrXosfGp8TLo_H-o</msg>
<var>${token}</var>
<arg>${response.json()['data']['token']}</arg>
<doc>Returns the given values which can then be assigned to a variables.</doc>
<status status="PASS" start="2025-10-03T16:11:14.763070" elapsed="0.001209"/>
</kw>
<kw name="Log" owner="BuiltIn">
<msg time="2025-10-03T16:11:14.764616" level="INFO">Token obtido: eyJhbGciOiJIUzI1NiIsInR5cCI6IkpXVCJ9.eyJpZCI6IjY4ZTAxZmNlYzBiNDg1YzEzZTdiNGNmYiIsImlhdCI6MTc1OTUxODY3NCwiZXhwIjoxNzU5NjA1MDc0fQ.NWVZh0cJPOpOzBuPfjDQvoVHHPktrXosfGp8TLo_H-o</msg>
<arg>Token obtido: ${token}</arg>
<doc>Logs the given message with the given level.</doc>
<status status="PASS" start="2025-10-03T16:11:14.764457" elapsed="0.000214"/>
</kw>
<kw name="Set Global Variable" owner="BuiltIn">
<msg time="2025-10-03T16:11:14.765198" level="INFO">${token} = eyJhbGciOiJIUzI1NiIsInR5cCI6IkpXVCJ9.eyJpZCI6IjY4ZTAxZmNlYzBiNDg1YzEzZTdiNGNmYiIsImlhdCI6MTc1OTUxODY3NCwiZXhwIjoxNzU5NjA1MDc0fQ.NWVZh0cJPOpOzBuPfjDQvoVHHPktrXosfGp8TLo_H-o</msg>
<arg>${token}</arg>
<doc>Makes a variable available globally in all tests and suites.</doc>
<status status="PASS" start="2025-10-03T16:11:14.764883" elapsed="0.000369"/>
</kw>
<status status="PASS" start="2025-10-03T16:11:14.762607" elapsed="0.002723"/>
</kw>
<arg>${response.status_code} == 200</arg>
<arg>Extract JWT</arg>
<doc>Runs the given keyword with the given arguments, if ``condition`` is true.</doc>
<status status="PASS" start="2025-10-03T16:11:14.761429" elapsed="0.003956"/>
</kw>
<kw name="Log" owner="BuiltIn">
<msg time="2025-10-03T16:11:14.766150" level="INFO">{"success":true,"data":{"_id":"68e01fcec0b485c13e7b4cfb","name":"Kurt Cobain","email":"kurt@nirvana.com","role":"user","token":"eyJhbGciOiJIUzI1NiIsInR5cCI6IkpXVCJ9.eyJpZCI6IjY4ZTAxZmNlYzBiNDg1YzEzZTdiNGNmYiIsImlhdCI6MTc1OTUxODY3NCwiZXhwIjoxNzU5NjA1MDc0fQ.NWVZh0cJPOpOzBuPfjDQvoVHHPktrXosfGp8TLo_H-o"}}</msg>
<arg>${response.content}</arg>
<doc>Logs the given message with the given level.</doc>
<status status="PASS" start="2025-10-03T16:11:14.765543" elapsed="0.000767"/>
</kw>
<arg>${user}[email]</arg>
<arg>${user}[password]</arg>
<status status="PASS" start="2025-10-03T16:11:14.642007" elapsed="0.124389"/>
</kw>
<arg>${user}</arg>
<status status="PASS" start="2025-10-03T16:11:14.641342" elapsed="0.125122"/>
</kw>
<kw name="Set Variable" owner="BuiltIn">
<msg time="2025-10-03T16:11:14.767588" level="INFO">${user_id} = 68e01fcec0b485c13e7b4cfb</msg>
<var>${user_id}</var>
<arg>${response.json()['data']['_id']}</arg>
<doc>Returns the given values which can then be assigned to a variables.</doc>
<status status="PASS" start="2025-10-03T16:11:14.766659" elapsed="0.000979"/>
</kw>
<kw name="Set Global Variable" owner="BuiltIn">
<msg time="2025-10-03T16:11:14.768140" level="INFO">${user_id} = 68e01fcec0b485c13e7b4cfb</msg>
<arg>${user_id}</arg>
<doc>Makes a variable available globally in all tests and suites.</doc>
<status status="PASS" start="2025-10-03T16:11:14.767857" elapsed="0.000337"/>
</kw>
<arg>${customer_user}</arg>
<status status="PASS" start="2025-10-03T16:11:14.640942" elapsed="0.127330"/>
</kw>
<kw name="Deletar usuário" owner="deleteUserKeywords">
<kw name="Utilizar Token de Administrador" owner="common">
<kw name="Create Dictionary" owner="BuiltIn">
<msg time="2025-10-03T16:11:14.769586" level="INFO">${admin_user} = {'name': ' Lex Luthr', 'email': 'lex.luthor@lexcorp.com', 'password': 'pwd12345'}</msg>
<var>${admin_user}</var>
<arg>name= Lex Luthr</arg>
<arg>email=lex.luthor@lexcorp.com</arg>
<arg>password=pwd12345</arg>
<doc>Creates and returns a dictionary based on the given ``items``.</doc>
<status status="PASS" start="2025-10-03T16:11:14.769327" elapsed="0.000300"/>
</kw>
<kw name="POST Endpoint /auth/register" owner="cadastrar_usuario">
<kw name="Create Dictionary" owner="BuiltIn">
<msg time="2025-10-03T16:11:14.770993" level="INFO">&amp;{header} = { Content-Type=application/json }</msg>
<var>&amp;{header}</var>
<arg>Content-Type=application/json</arg>
<doc>Creates and returns a dictionary based on the given ``items``.</doc>
<status status="PASS" start="2025-10-03T16:11:14.770750" elapsed="0.000281"/>
</kw>
<kw name="Create Dictionary" owner="BuiltIn">
<msg time="2025-10-03T16:11:14.771577" level="INFO">${payload} = {'name': ' Lex Luthr', 'email': 'lex.luthor@lexcorp.com', 'password': 'pwd12345'}</msg>
<var>${payload}</var>
<arg>name=${name}</arg>
<arg>email=${email}</arg>
<arg>password=${password}</arg>
<doc>Creates and returns a dictionary based on the given ``items``.</doc>
<status status="PASS" start="2025-10-03T16:11:14.771225" elapsed="0.000384"/>
</kw>
<kw name="POST On Session" owner="RequestsLibrary">
<msg time="2025-10-03T16:11:14.777283" level="INFO">POST Request : url=http://localhost:3000/api/v1/auth/register 
 path_url=/api/v1/auth/register 
 headers={'User-Agent': 'python-requests/2.32.5', 'Accept-Encoding': 'gzip, deflate', 'Accept': '*/*', 'Connection': 'keep-alive', 'Content-Type': 'application/json', 'Content-Length': '81'} 
 body=b'{"name": " Lex Luthr", "email": "lex.luthor@lexcorp.com", "password": "pwd12345"}' 
 </msg>
<msg time="2025-10-03T16:11:14.777421" level="INFO">POST Response : url=http://localhost:3000/api/v1/auth/register 
 status=400, reason=Bad Request 
 headers={'X-Powered-By': 'Express', 'Access-Control-Allow-Origin': '*', 'Content-Type': 'application/json; charset=utf-8', 'Content-Length': '49', 'ETag': 'W/"31-WKEMg8zALB1Ko0WjUHi/6RBGHVc"', 'Date': 'Fri, 03 Oct 2025 19:11:14 GMT', 'Connection': 'keep-alive', 'Keep-Alive': 'timeout=5'} 
 body={"success":false,"message":"User already exists"} 
 </msg>
<msg time="2025-10-03T16:11:14.777644" level="INFO">${response} = &lt;Response [400]&gt;</msg>
<var>${response}</var>
<arg>CinemaApp</arg>
<arg>url=/auth/register</arg>
<arg>json=${payload}</arg>
<arg>headers=${header}</arg>
<arg>expected_status=any</arg>
<doc>Sends a POST request on a previously created HTTP Session.</doc>
<status status="PASS" start="2025-10-03T16:11:14.771778" elapsed="0.005922"/>
</kw>
<kw name="Set Global Variable" owner="BuiltIn">
<msg time="2025-10-03T16:11:14.778737" level="INFO">${response} = &lt;Response [400]&gt;</msg>
<arg>${response}</arg>
<doc>Makes a variable available globally in all tests and suites.</doc>
<status status="PASS" start="2025-10-03T16:11:14.778086" elapsed="0.000783"/>
</kw>
<kw name="Log" owner="BuiltIn">
<msg time="2025-10-03T16:11:14.780274" level="INFO">{"success":false,"message":"User already exists"}</msg>
<arg>${response.content}</arg>
<doc>Logs the given message with the given level.</doc>
<status status="PASS" start="2025-10-03T16:11:14.779268" elapsed="0.001123"/>
</kw>
<kw name="Log" owner="BuiltIn">
<msg time="2025-10-03T16:11:14.781615" level="INFO">400</msg>
<arg>${response.status_code}</arg>
<doc>Logs the given message with the given level.</doc>
<status status="PASS" start="2025-10-03T16:11:14.780722" elapsed="0.000982"/>
</kw>
<arg>${admin_user}[name]</arg>
<arg>${admin_user}[email]</arg>
<arg>${admin_user}[password]</arg>
<status status="PASS" start="2025-10-03T16:11:14.770058" elapsed="0.011771"/>
</kw>
<kw name="POST Endpoint /auth/login" owner="fazerLoginKeywords">
<kw name="Create Dictionary" owner="BuiltIn">
<msg time="2025-10-03T16:11:14.783613" level="INFO">${payload} = {'email': 'lex.luthor@lexcorp.com', 'password': 'pwd12345'}</msg>
<var>${payload}</var>
<arg>email=${email}</arg>
<arg>password=${password}</arg>
<doc>Creates and returns a dictionary based on the given ``items``.</doc>
<status status="PASS" start="2025-10-03T16:11:14.783048" elapsed="0.000623"/>
</kw>
<kw name="POST On Session" owner="RequestsLibrary">
<msg time="2025-10-03T16:11:14.896678" level="INFO">POST Request : url=http://localhost:3000/api/v1/auth/login 
 path_url=/api/v1/auth/login 
 headers={'User-Agent': 'python-requests/2.32.5', 'Accept-Encoding': 'gzip, deflate', 'Accept': '*/*', 'Connection': 'keep-alive', 'Content-Length': '59', 'Content-Type': 'application/json'} 
 body=b'{"email": "lex.luthor@lexcorp.com", "password": "pwd12345"}' 
 </msg>
<msg time="2025-10-03T16:11:14.896777" level="INFO">POST Response : url=http://localhost:3000/api/v1/auth/login 
 status=200, reason=OK 
 headers={'X-Powered-By': 'Express', 'Access-Control-Allow-Origin': '*', 'Content-Type': 'application/json; charset=utf-8', 'Content-Length': '308', 'ETag': 'W/"134-zWqiVEO2gZrDu9hCpZ4wRyMmFt0"', 'Date': 'Fri, 03 Oct 2025 19:11:14 GMT', 'Connection': 'keep-alive', 'Keep-Alive': 'timeout=5'} 
 body={"success":true,"data":{"_id":"68dd5eeb21ab0711adb801cc","name":"Lex Luthor","email":"lex.luthor@lexcorp.com","role":"admin","token":"eyJhbGciOiJIUzI1NiIsInR5cCI6IkpXVCJ9.eyJpZCI6IjY4ZGQ1ZWViMjFhYjA3MTFhZGI4MDFjYyIsImlhdCI6MTc1OTUxODY3NCwiZXhwIjoxNzU5NjA1MDc0fQ.BEmDgN9rZAJP4OXEhKMgpP9QLCI29nZVfHUswzZTjWE"}} 
 </msg>
<msg time="2025-10-03T16:11:14.896925" level="INFO">${response} = &lt;Response [200]&gt;</msg>
<var>${response}</var>
<arg>alias=CinemaApp</arg>
<arg>url=/auth/login</arg>
<arg>json=${payload}</arg>
<arg>expected_status=any</arg>
<doc>Sends a POST request on a previously created HTTP Session.</doc>
<status status="PASS" start="2025-10-03T16:11:14.783971" elapsed="0.112990"/>
</kw>
<kw name="Set Global Variable" owner="BuiltIn">
<msg time="2025-10-03T16:11:14.897546" level="INFO">${response} = &lt;Response [200]&gt;</msg>
<arg>${response}</arg>
<doc>Makes a variable available globally in all tests and suites.</doc>
<status status="PASS" start="2025-10-03T16:11:14.897225" elapsed="0.000376"/>
</kw>
<kw name="Run Keyword If" owner="BuiltIn">
<kw name="Extract JWT" owner="fazerLoginKeywords">
<kw name="Set Variable" owner="BuiltIn">
<msg time="2025-10-03T16:11:14.899377" level="INFO">${token} = eyJhbGciOiJIUzI1NiIsInR5cCI6IkpXVCJ9.eyJpZCI6IjY4ZGQ1ZWViMjFhYjA3MTFhZGI4MDFjYyIsImlhdCI6MTc1OTUxODY3NCwiZXhwIjoxNzU5NjA1MDc0fQ.BEmDgN9rZAJP4OXEhKMgpP9QLCI29nZVfHUswzZTjWE</msg>
<var>${token}</var>
<arg>${response.json()['data']['token']}</arg>
<doc>Returns the given values which can then be assigned to a variables.</doc>
<status status="PASS" start="2025-10-03T16:11:14.898820" elapsed="0.000671"/>
</kw>
<kw name="Log" owner="BuiltIn">
<msg time="2025-10-03T16:11:14.900131" level="INFO">Token obtido: eyJhbGciOiJIUzI1NiIsInR5cCI6IkpXVCJ9.eyJpZCI6IjY4ZGQ1ZWViMjFhYjA3MTFhZGI4MDFjYyIsImlhdCI6MTc1OTUxODY3NCwiZXhwIjoxNzU5NjA1MDc0fQ.BEmDgN9rZAJP4OXEhKMgpP9QLCI29nZVfHUswzZTjWE</msg>
<arg>Token obtido: ${token}</arg>
<doc>Logs the given message with the given level.</doc>
<status status="PASS" start="2025-10-03T16:11:14.899656" elapsed="0.000538"/>
</kw>
<kw name="Set Global Variable" owner="BuiltIn">
<msg time="2025-10-03T16:11:14.900645" level="INFO">${token} = eyJhbGciOiJIUzI1NiIsInR5cCI6IkpXVCJ9.eyJpZCI6IjY4ZGQ1ZWViMjFhYjA3MTFhZGI4MDFjYyIsImlhdCI6MTc1OTUxODY3NCwiZXhwIjoxNzU5NjA1MDc0fQ.BEmDgN9rZAJP4OXEhKMgpP9QLCI29nZVfHUswzZTjWE</msg>
<arg>${token}</arg>
<doc>Makes a variable available globally in all tests and suites.</doc>
<status status="PASS" start="2025-10-03T16:11:14.900373" elapsed="0.000321"/>
</kw>
<status status="PASS" start="2025-10-03T16:11:14.898515" elapsed="0.002247"/>
</kw>
<arg>${response.status_code} == 200</arg>
<arg>Extract JWT</arg>
<doc>Runs the given keyword with the given arguments, if ``condition`` is true.</doc>
<status status="PASS" start="2025-10-03T16:11:14.897773" elapsed="0.003040"/>
</kw>
<kw name="Log" owner="BuiltIn">
<msg time="2025-10-03T16:11:14.901627" level="INFO">{"success":true,"data":{"_id":"68dd5eeb21ab0711adb801cc","name":"Lex Luthor","email":"lex.luthor@lexcorp.com","role":"admin","token":"eyJhbGciOiJIUzI1NiIsInR5cCI6IkpXVCJ9.eyJpZCI6IjY4ZGQ1ZWViMjFhYjA3MTFhZGI4MDFjYyIsImlhdCI6MTc1OTUxODY3NCwiZXhwIjoxNzU5NjA1MDc0fQ.BEmDgN9rZAJP4OXEhKMgpP9QLCI29nZVfHUswzZTjWE"}}</msg>
<arg>${response.content}</arg>
<doc>Logs the given message with the given level.</doc>
<status status="PASS" start="2025-10-03T16:11:14.900956" elapsed="0.000725"/>
</kw>
<arg>${admin_user}[email]</arg>
<arg>${admin_user}[password]</arg>
<status status="PASS" start="2025-10-03T16:11:14.782251" elapsed="0.119498"/>
</kw>
<kw name="Set Global Variable" owner="BuiltIn">
<msg time="2025-10-03T16:11:14.902203" level="INFO">${admin_user} = {'name': ' Lex Luthr', 'email': 'lex.luthor@lexcorp.com', 'password': 'pwd12345'}</msg>
<arg>${admin_user}</arg>
<doc>Makes a variable available globally in all tests and suites.</doc>
<status status="PASS" start="2025-10-03T16:11:14.901905" elapsed="0.000346"/>
</kw>
<status status="PASS" start="2025-10-03T16:11:14.768963" elapsed="0.133351"/>
</kw>
<kw name="DELETE Endpoint /users/_id" owner="deleteUserKeywords">
<kw name="Create Dictionary" owner="BuiltIn">
<msg time="2025-10-03T16:11:14.903147" level="INFO">&amp;{header} = { Content-Type=application/json | Authorization=Bearer eyJhbGciOiJIUzI1NiIsInR5cCI6IkpXVCJ9.eyJpZCI6IjY4ZGQ1ZWViMjFhYjA3MTFhZGI4MDFjYyIsImlhdCI6MTc1OTUxODY3NCwiZXhwIjoxNzU5NjA1MDc0fQ.BEmDgN9rZAJP4OXEh...</msg>
<var>&amp;{header}</var>
<arg>Content-Type=application/json</arg>
<arg>Authorization=Bearer ${token}</arg>
<doc>Creates and returns a dictionary based on the given ``items``.</doc>
<status status="PASS" start="2025-10-03T16:11:14.902832" elapsed="0.000351"/>
</kw>
<kw name="DELETE On Session" owner="RequestsLibrary">
<msg time="2025-10-03T16:11:14.912961" level="INFO">DELETE Request : url=http://localhost:3000/api/v1/users/68e01fcec0b485c13e7b4cfb 
 path_url=/api/v1/users/68e01fcec0b485c13e7b4cfb 
 headers={'User-Agent': 'python-requests/2.32.5', 'Accept-Encoding': 'gzip, deflate', 'Accept': '*/*', 'Connection': 'keep-alive', 'Content-Type': 'application/json', 'Authorization': 'Bearer eyJhbGciOiJIUzI1NiIsInR5cCI6IkpXVCJ9.eyJpZCI6IjY4ZGQ1ZWViMjFhYjA3MTFhZGI4MDFjYyIsImlhdCI6MTc1OTUxODY3NCwiZXhwIjoxNzU5NjA1MDc0fQ.BEmDgN9rZAJP4OXEhKMgpP9QLCI29nZVfHUswzZTjWE', 'Content-Length': '0'} 
 body=None 
 </msg>
<msg time="2025-10-03T16:11:14.913167" level="INFO">DELETE Response : url=http://localhost:3000/api/v1/users/68e01fcec0b485c13e7b4cfb 
 status=200, reason=OK 
 headers={'X-Powered-By': 'Express', 'Access-Control-Allow-Origin': '*', 'Content-Type': 'application/json; charset=utf-8', 'Content-Length': '41', 'ETag': 'W/"29-acm6zjlFy5zJu9kfItNOkEuApLY"', 'Date': 'Fri, 03 Oct 2025 19:11:14 GMT', 'Connection': 'keep-alive', 'Keep-Alive': 'timeout=5'} 
 body={"success":true,"message":"User removed"} 
 </msg>
<msg time="2025-10-03T16:11:14.913452" level="INFO">${response} = &lt;Response [200]&gt;</msg>
<var>${response}</var>
<arg>alias=CinemaApp</arg>
<arg>url=/users/${id}</arg>
<arg>headers=${header}</arg>
<arg>expected_status=any</arg>
<doc>Sends a DELETE request on a previously created HTTP Session.</doc>
<status status="PASS" start="2025-10-03T16:11:14.903356" elapsed="0.010170"/>
</kw>
<kw name="Log" owner="BuiltIn">
<msg time="2025-10-03T16:11:14.915129" level="INFO">{"success":true,"message":"User removed"}</msg>
<arg>${response.content}</arg>
<doc>Logs the given message with the given level.</doc>
<status status="PASS" start="2025-10-03T16:11:14.913964" elapsed="0.001294"/>
</kw>
<arg>${id}</arg>
<status status="PASS" start="2025-10-03T16:11:14.902501" elapsed="0.012916"/>
</kw>
<arg>${user_id}</arg>
<status status="PASS" start="2025-10-03T16:11:14.768554" elapsed="0.146998"/>
</kw>
<kw name="Validar Status Code &quot;200&quot;" owner="common" source_name="Validar Status Code &quot;${statuscode}&quot;">
<kw name="Variable Should Exist" owner="BuiltIn">
<arg>${response}</arg>
<arg>response não foi definida. Verifique a requisição</arg>
<doc>Fails unless the given variable exists within the current scope.</doc>
<status status="PASS" start="2025-10-03T16:11:14.916991" elapsed="0.000574"/>
</kw>
<kw name="Should Be True" owner="BuiltIn">
<arg>${response.status_code} == ${statuscode}</arg>
<doc>Fails if the given condition is not true.</doc>
<status status="PASS" start="2025-10-03T16:11:14.917937" elapsed="0.002262"/>
</kw>
<status status="PASS" start="2025-10-03T16:11:14.916184" elapsed="0.004228"/>
</kw>
<kw name="Validar Success" owner="common">
<kw name="Variable Should Exist" owner="BuiltIn">
<arg>${response}</arg>
<arg>response não foi definida. Verifique a requisição</arg>
<doc>Fails unless the given variable exists within the current scope.</doc>
<status status="PASS" start="2025-10-03T16:11:14.921746" elapsed="0.000592"/>
</kw>
<kw name="Set Variable" owner="BuiltIn">
<msg time="2025-10-03T16:11:14.924049" level="INFO">${response_success} = True</msg>
<var>${response_success}</var>
<arg>${response.json()['success']}</arg>
<doc>Returns the given values which can then be assigned to a variables.</doc>
<status status="PASS" start="2025-10-03T16:11:14.922850" elapsed="0.001295"/>
</kw>
<kw name="Should Be Equal" owner="BuiltIn">
<arg>${response_success}</arg>
<arg>${expected_success}</arg>
<arg>msg=Campo success inesperado. Esperado: ${expected_success}, Obtido: ${response_success}</arg>
<doc>Fails if the given objects are unequal.</doc>
<status status="PASS" start="2025-10-03T16:11:14.924481" elapsed="0.000717"/>
</kw>
<arg>${True}</arg>
<status status="PASS" start="2025-10-03T16:11:14.920939" elapsed="0.004466"/>
</kw>
<status status="PASS" start="2025-10-03T16:11:14.638163" elapsed="0.287782"/>
</test>
<doc>Testes para o endpoint /users</doc>
<status status="PASS" start="2025-10-03T16:11:14.625614" elapsed="0.301438"/>
</suite>
<status status="FAIL" start="2025-10-03T16:11:09.586282" elapsed="5.342468"/>
</suite>
<statistics>
<total>
<stat pass="10" fail="3" skip="0">All Tests</stat>
</total>
<tag>
<stat pass="1" fail="1" skip="0">admin</stat>
<stat pass="3" fail="0" skip="0">CT001</stat>
<stat pass="1" fail="0" skip="0">CT001-auth</stat>
<stat pass="1" fail="0" skip="0">CT002-auth</stat>
</tag>
<suite>
<stat name="Tests" id="s1" pass="10" fail="3" skip="0">Tests</stat>
<stat name="Auth Tests" id="s1-s1" pass="2" fail="0" skip="0">Tests.Auth Tests</stat>
<stat name="Movies Tests" id="s1-s2" pass="3" fail="0" skip="0">Tests.Movies Tests</stat>
<stat name="Reservations Tests" id="s1-s3" pass="1" fail="1" skip="0">Tests.Reservations Tests</stat>
<stat name="Sessions Tests" id="s1-s4" pass="2" fail="0" skip="0">Tests.Sessions Tests</stat>
<stat name="Setup Tests" id="s1-s5" pass="1" fail="1" skip="0">Tests.Setup Tests</stat>
<stat name="Theaters Tests" id="s1-s6" pass="0" fail="1" skip="0">Tests.Theaters Tests</stat>
<stat name="Users Tests" id="s1-s7" pass="1" fail="0" skip="0">Tests.Users Tests</stat>
</suite>
</statistics>
<errors>
</errors>
</robot>
