<?xml version="1.0" encoding="UTF-8"?>
<robot generator="Robot 7.3.2 (Python 3.12.3 on linux)" generated="2025-10-03T11:30:55.319435" rpa="false" schemaversion="5">
<suite id="s1" name="Tests" source="/home/rafael/Documentos/Compass/AtualizadoPC/PB-Quality-Engineering/Documentos/Semana 15 - Challenge Final/cinemaApp-tests/api/tests">
<suite id="s1-s1" name="Auth Tests" source="/home/rafael/Documentos/Compass/AtualizadoPC/PB-Quality-Engineering/Documentos/Semana 15 - Challenge Final/cinemaApp-tests/api/tests/auth_tests.robot">
<kw name="Criar Sessao" owner="base" type="SETUP">
<kw name="Create Session" owner="RequestsLibrary">
<msg time="2025-10-03T11:30:55.596741" level="INFO">Creating Session using : alias=CinemaApp, url=http://localhost:3000/api/v1, headers={},                     cookies={}, auth=None, timeout=None, proxies=None, verify=False,                     debug=0 </msg>
<arg>CinemaApp</arg>
<arg>url=${BASE_URL}</arg>
<doc>Create Session: create a HTTP session to a server</doc>
<status status="PASS" start="2025-10-03T11:30:55.596411" elapsed="0.000644"/>
</kw>
<status status="PASS" start="2025-10-03T11:30:55.595374" elapsed="0.001828"/>
</kw>
<test id="s1-s1-t1" name="CT001.001 - Cadastrar um Cliente Válido" line="9">
<kw name="Create Dictionary" owner="BuiltIn">
<msg time="2025-10-03T11:30:55.598426" level="INFO">${customer_user} = {'name': 'Kurt Cobain', 'email': 'kurt@nirvana.com', 'password': 'pwd12345'}</msg>
<var>${customer_user}</var>
<arg>name=Kurt Cobain</arg>
<arg>email=kurt@nirvana.com</arg>
<arg>password=pwd12345</arg>
<doc>Creates and returns a dictionary based on the given ``items``.</doc>
<status status="PASS" start="2025-10-03T11:30:55.597930" elapsed="0.000540"/>
</kw>
<kw name="Clean user from database" owner="database">
<msg time="2025-10-03T11:30:55.600899" level="INFO">Removed user with email: kurt@nirvana.com</msg>
<arg>${customer_user}[email]</arg>
<status status="PASS" start="2025-10-03T11:30:55.598725" elapsed="0.002287"/>
</kw>
<kw name="Criar Cliente Valido" owner="cadastrar_usuario">
<kw name="POST Endpoint /auth/register" owner="cadastrar_usuario">
<kw name="Create Dictionary" owner="BuiltIn">
<msg time="2025-10-03T11:30:55.603278" level="INFO">&amp;{header} = { Content-Type=application/json }</msg>
<var>&amp;{header}</var>
<arg>Content-Type=application/json</arg>
<doc>Creates and returns a dictionary based on the given ``items``.</doc>
<status status="PASS" start="2025-10-03T11:30:55.602892" elapsed="0.000433"/>
</kw>
<kw name="Create Dictionary" owner="BuiltIn">
<msg time="2025-10-03T11:30:55.604052" level="INFO">${payload} = {'name': 'Kurt Cobain', 'email': 'kurt@nirvana.com', 'password': 'pwd12345'}</msg>
<var>${payload}</var>
<arg>name=${name}</arg>
<arg>email=${email}</arg>
<arg>password=${password}</arg>
<doc>Creates and returns a dictionary based on the given ``items``.</doc>
<status status="PASS" start="2025-10-03T11:30:55.603558" elapsed="0.000557"/>
</kw>
<kw name="POST On Session" owner="RequestsLibrary">
<msg time="2025-10-03T11:30:55.723019" level="INFO">POST Request : url=http://localhost:3000/api/v1/auth/register 
 path_url=/api/v1/auth/register 
 headers={'User-Agent': 'python-requests/2.32.5', 'Accept-Encoding': 'gzip, deflate', 'Accept': '*/*', 'Connection': 'keep-alive', 'Content-Type': 'application/json', 'Content-Length': '76'} 
 body=b'{"name": "Kurt Cobain", "email": "kurt@nirvana.com", "password": "pwd12345"}' 
 </msg>
<msg time="2025-10-03T11:30:55.723196" level="INFO">POST Response : url=http://localhost:3000/api/v1/auth/register 
 status=201, reason=Created 
 headers={'X-Powered-By': 'Express', 'Access-Control-Allow-Origin': '*', 'Content-Type': 'application/json; charset=utf-8', 'Content-Length': '302', 'ETag': 'W/"12e-DDYW6V0DLSdsoq2keXyNB6wvNiU"', 'Date': 'Fri, 03 Oct 2025 14:30:55 GMT', 'Connection': 'keep-alive', 'Keep-Alive': 'timeout=5'} 
 body={"success":true,"data":{"_id":"68dfde1f8e953d7b9ccab109","name":"Kurt Cobain","email":"kurt@nirvana.com","role":"user","token":"eyJhbGciOiJIUzI1NiIsInR5cCI6IkpXVCJ9.eyJpZCI6IjY4ZGZkZTFmOGU5NTNkN2I5Y2NhYjEwOSIsImlhdCI6MTc1OTUwMTg1NSwiZXhwIjoxNzU5NTg4MjU1fQ.nJKa3SxoWofPK9tg2YqZIyBaetoeS3KBVZjne7j6zm4"}} 
 </msg>
<msg time="2025-10-03T11:30:55.723357" level="INFO">${response} = &lt;Response [201]&gt;</msg>
<var>${response}</var>
<arg>CinemaApp</arg>
<arg>url=/auth/register</arg>
<arg>json=${payload}</arg>
<arg>headers=${header}</arg>
<arg>expected_status=any</arg>
<doc>Sends a POST request on a previously created HTTP Session.</doc>
<status status="PASS" start="2025-10-03T11:30:55.604353" elapsed="0.119043"/>
</kw>
<kw name="Set Global Variable" owner="BuiltIn">
<msg time="2025-10-03T11:30:55.723981" level="INFO">${response} = &lt;Response [201]&gt;</msg>
<arg>${response}</arg>
<doc>Makes a variable available globally in all tests and suites.</doc>
<status status="PASS" start="2025-10-03T11:30:55.723649" elapsed="0.000384"/>
</kw>
<kw name="Log" owner="BuiltIn">
<msg time="2025-10-03T11:30:55.724768" level="INFO">{"success":true,"data":{"_id":"68dfde1f8e953d7b9ccab109","name":"Kurt Cobain","email":"kurt@nirvana.com","role":"user","token":"eyJhbGciOiJIUzI1NiIsInR5cCI6IkpXVCJ9.eyJpZCI6IjY4ZGZkZTFmOGU5NTNkN2I5Y2NhYjEwOSIsImlhdCI6MTc1OTUwMTg1NSwiZXhwIjoxNzU5NTg4MjU1fQ.nJKa3SxoWofPK9tg2YqZIyBaetoeS3KBVZjne7j6zm4"}}</msg>
<arg>${response.content}</arg>
<doc>Logs the given message with the given level.</doc>
<status status="PASS" start="2025-10-03T11:30:55.724229" elapsed="0.000596"/>
</kw>
<kw name="Log" owner="BuiltIn">
<msg time="2025-10-03T11:30:55.725429" level="INFO">201</msg>
<arg>${response.status_code}</arg>
<doc>Logs the given message with the given level.</doc>
<status status="PASS" start="2025-10-03T11:30:55.724971" elapsed="0.000517"/>
</kw>
<arg>${customer_user}[name]</arg>
<arg>${customer_user}[email]</arg>
<arg>${customer_user}[password]</arg>
<status status="PASS" start="2025-10-03T11:30:55.602191" elapsed="0.123376"/>
</kw>
<arg>${customer_user}</arg>
<status status="PASS" start="2025-10-03T11:30:55.601479" elapsed="0.124157"/>
</kw>
<kw name="Validar Status Code &quot;201&quot;" owner="common" source_name="Validar Status Code &quot;${statuscode}&quot;">
<kw name="Variable Should Exist" owner="BuiltIn">
<arg>${response}</arg>
<arg>response não foi definida. Verifique se a requisição</arg>
<doc>Fails unless the given variable exists within the current scope.</doc>
<status status="PASS" start="2025-10-03T11:30:55.726331" elapsed="0.000477"/>
</kw>
<kw name="Should Be True" owner="BuiltIn">
<arg>${response.status_code} == ${statuscode}</arg>
<doc>Fails if the given condition is not true.</doc>
<status status="PASS" start="2025-10-03T11:30:55.726996" elapsed="0.000971"/>
</kw>
<status status="PASS" start="2025-10-03T11:30:55.725932" elapsed="0.002115"/>
</kw>
<kw name="Validar Success" owner="common">
<kw name="Variable Should Exist" owner="BuiltIn">
<arg>${response}</arg>
<arg>response não foi definida. Verifique se a requisição</arg>
<doc>Fails unless the given variable exists within the current scope.</doc>
<status status="PASS" start="2025-10-03T11:30:55.728703" elapsed="0.000221"/>
</kw>
<kw name="Set Variable" owner="BuiltIn">
<msg time="2025-10-03T11:30:55.729611" level="INFO">${response_success} = True</msg>
<var>${response_success}</var>
<arg>${response.json()['success']}</arg>
<doc>Returns the given values which can then be assigned to a variables.</doc>
<status status="PASS" start="2025-10-03T11:30:55.729086" elapsed="0.000561"/>
</kw>
<kw name="Should Be Equal" owner="BuiltIn">
<arg>${response_success}</arg>
<arg>${expected_success}</arg>
<arg>msg=Campo success inesperado. Esperado: ${expected_success}, Obtido: ${response_success}</arg>
<doc>Fails if the given objects are unequal.</doc>
<status status="PASS" start="2025-10-03T11:30:55.729810" elapsed="0.000369"/>
</kw>
<arg>${True}</arg>
<status status="PASS" start="2025-10-03T11:30:55.728331" elapsed="0.001927"/>
</kw>
<tag>CT001-auth</tag>
<status status="PASS" start="2025-10-03T11:30:55.597316" elapsed="0.133118"/>
</test>
<test id="s1-s1-t2" name="CT002.001 - Fazer Login com dados válidos" line="22">
<kw name="Create Dictionary" owner="BuiltIn">
<msg time="2025-10-03T11:30:55.731612" level="INFO">${customer_user} = {'name': 'Kurt Cobain', 'email': 'kurt@nirvana.com', 'password': 'pwd12345'}</msg>
<var>${customer_user}</var>
<arg>name=Kurt Cobain</arg>
<arg>email=kurt@nirvana.com</arg>
<arg>password=pwd12345</arg>
<doc>Creates and returns a dictionary based on the given ``items``.</doc>
<status status="PASS" start="2025-10-03T11:30:55.731230" elapsed="0.000435"/>
</kw>
<kw name="Clean user from database" owner="database">
<msg time="2025-10-03T11:30:55.733963" level="INFO">Removed user with email: kurt@nirvana.com</msg>
<arg>${customer_user}[email]</arg>
<status status="PASS" start="2025-10-03T11:30:55.732082" elapsed="0.001982"/>
</kw>
<kw name="Criar Cliente Valido" owner="cadastrar_usuario">
<kw name="POST Endpoint /auth/register" owner="cadastrar_usuario">
<kw name="Create Dictionary" owner="BuiltIn">
<msg time="2025-10-03T11:30:55.735954" level="INFO">&amp;{header} = { Content-Type=application/json }</msg>
<var>&amp;{header}</var>
<arg>Content-Type=application/json</arg>
<doc>Creates and returns a dictionary based on the given ``items``.</doc>
<status status="PASS" start="2025-10-03T11:30:55.735705" elapsed="0.000289"/>
</kw>
<kw name="Create Dictionary" owner="BuiltIn">
<msg time="2025-10-03T11:30:55.736546" level="INFO">${payload} = {'name': 'Kurt Cobain', 'email': 'kurt@nirvana.com', 'password': 'pwd12345'}</msg>
<var>${payload}</var>
<arg>name=${name}</arg>
<arg>email=${email}</arg>
<arg>password=${password}</arg>
<doc>Creates and returns a dictionary based on the given ``items``.</doc>
<status status="PASS" start="2025-10-03T11:30:55.736191" elapsed="0.000388"/>
</kw>
<kw name="POST On Session" owner="RequestsLibrary">
<msg time="2025-10-03T11:30:55.849680" level="INFO">POST Request : url=http://localhost:3000/api/v1/auth/register 
 path_url=/api/v1/auth/register 
 headers={'User-Agent': 'python-requests/2.32.5', 'Accept-Encoding': 'gzip, deflate', 'Accept': '*/*', 'Connection': 'keep-alive', 'Content-Type': 'application/json', 'Content-Length': '76'} 
 body=b'{"name": "Kurt Cobain", "email": "kurt@nirvana.com", "password": "pwd12345"}' 
 </msg>
<msg time="2025-10-03T11:30:55.849796" level="INFO">POST Response : url=http://localhost:3000/api/v1/auth/register 
 status=201, reason=Created 
 headers={'X-Powered-By': 'Express', 'Access-Control-Allow-Origin': '*', 'Content-Type': 'application/json; charset=utf-8', 'Content-Length': '302', 'ETag': 'W/"12e-KvPPcB/ajK7MTiPsW6/DwJpPZE0"', 'Date': 'Fri, 03 Oct 2025 14:30:55 GMT', 'Connection': 'keep-alive', 'Keep-Alive': 'timeout=5'} 
 body={"success":true,"data":{"_id":"68dfde1f8e953d7b9ccab10c","name":"Kurt Cobain","email":"kurt@nirvana.com","role":"user","token":"eyJhbGciOiJIUzI1NiIsInR5cCI6IkpXVCJ9.eyJpZCI6IjY4ZGZkZTFmOGU5NTNkN2I5Y2NhYjEwYyIsImlhdCI6MTc1OTUwMTg1NSwiZXhwIjoxNzU5NTg4MjU1fQ.ohH5NqZlHrDo0to8IpNDiCpTltwy8dEyM8J_ML9eDv8"}} 
 </msg>
<msg time="2025-10-03T11:30:55.849997" level="INFO">${response} = &lt;Response [201]&gt;</msg>
<var>${response}</var>
<arg>CinemaApp</arg>
<arg>url=/auth/register</arg>
<arg>json=${payload}</arg>
<arg>headers=${header}</arg>
<arg>expected_status=any</arg>
<doc>Sends a POST request on a previously created HTTP Session.</doc>
<status status="PASS" start="2025-10-03T11:30:55.736744" elapsed="0.113318"/>
</kw>
<kw name="Set Global Variable" owner="BuiltIn">
<msg time="2025-10-03T11:30:55.850816" level="INFO">${response} = &lt;Response [201]&gt;</msg>
<arg>${response}</arg>
<doc>Makes a variable available globally in all tests and suites.</doc>
<status status="PASS" start="2025-10-03T11:30:55.850467" elapsed="0.000410"/>
</kw>
<kw name="Log" owner="BuiltIn">
<msg time="2025-10-03T11:30:55.851610" level="INFO">{"success":true,"data":{"_id":"68dfde1f8e953d7b9ccab10c","name":"Kurt Cobain","email":"kurt@nirvana.com","role":"user","token":"eyJhbGciOiJIUzI1NiIsInR5cCI6IkpXVCJ9.eyJpZCI6IjY4ZGZkZTFmOGU5NTNkN2I5Y2NhYjEwYyIsImlhdCI6MTc1OTUwMTg1NSwiZXhwIjoxNzU5NTg4MjU1fQ.ohH5NqZlHrDo0to8IpNDiCpTltwy8dEyM8J_ML9eDv8"}}</msg>
<arg>${response.content}</arg>
<doc>Logs the given message with the given level.</doc>
<status status="PASS" start="2025-10-03T11:30:55.851056" elapsed="0.000610"/>
</kw>
<kw name="Log" owner="BuiltIn">
<msg time="2025-10-03T11:30:55.852266" level="INFO">201</msg>
<arg>${response.status_code}</arg>
<doc>Logs the given message with the given level.</doc>
<status status="PASS" start="2025-10-03T11:30:55.851810" elapsed="0.000507"/>
</kw>
<arg>${customer_user}[name]</arg>
<arg>${customer_user}[email]</arg>
<arg>${customer_user}[password]</arg>
<status status="PASS" start="2025-10-03T11:30:55.735092" elapsed="0.117296"/>
</kw>
<arg>${customer_user}</arg>
<status status="PASS" start="2025-10-03T11:30:55.734439" elapsed="0.118016"/>
</kw>
<kw name="Fazer Login" owner="fazerLoginKeywords">
<kw name="POST Endpoint /auth/login" owner="fazerLoginKeywords">
<kw name="Create Dictionary" owner="BuiltIn">
<msg time="2025-10-03T11:30:55.854017" level="INFO">${payload} = {'email': 'kurt@nirvana.com', 'password': 'pwd12345'}</msg>
<var>${payload}</var>
<arg>email=${email}</arg>
<arg>password=${password}</arg>
<doc>Creates and returns a dictionary based on the given ``items``.</doc>
<status status="PASS" start="2025-10-03T11:30:55.853677" elapsed="0.000377"/>
</kw>
<kw name="POST On Session" owner="RequestsLibrary">
<msg time="2025-10-03T11:30:55.962886" level="INFO">POST Request : url=http://localhost:3000/api/v1/auth/login 
 path_url=/api/v1/auth/login 
 headers={'User-Agent': 'python-requests/2.32.5', 'Accept-Encoding': 'gzip, deflate', 'Accept': '*/*', 'Connection': 'keep-alive', 'Content-Length': '53', 'Content-Type': 'application/json'} 
 body=b'{"email": "kurt@nirvana.com", "password": "pwd12345"}' 
 </msg>
<msg time="2025-10-03T11:30:55.962980" level="INFO">POST Response : url=http://localhost:3000/api/v1/auth/login 
 status=200, reason=OK 
 headers={'X-Powered-By': 'Express', 'Access-Control-Allow-Origin': '*', 'Content-Type': 'application/json; charset=utf-8', 'Content-Length': '302', 'ETag': 'W/"12e-KvPPcB/ajK7MTiPsW6/DwJpPZE0"', 'Date': 'Fri, 03 Oct 2025 14:30:55 GMT', 'Connection': 'keep-alive', 'Keep-Alive': 'timeout=5'} 
 body={"success":true,"data":{"_id":"68dfde1f8e953d7b9ccab10c","name":"Kurt Cobain","email":"kurt@nirvana.com","role":"user","token":"eyJhbGciOiJIUzI1NiIsInR5cCI6IkpXVCJ9.eyJpZCI6IjY4ZGZkZTFmOGU5NTNkN2I5Y2NhYjEwYyIsImlhdCI6MTc1OTUwMTg1NSwiZXhwIjoxNzU5NTg4MjU1fQ.ohH5NqZlHrDo0to8IpNDiCpTltwy8dEyM8J_ML9eDv8"}} 
 </msg>
<msg time="2025-10-03T11:30:55.963148" level="INFO">${response} = &lt;Response [200]&gt;</msg>
<var>${response}</var>
<arg>alias=CinemaApp</arg>
<arg>url=/auth/login</arg>
<arg>json=${payload}</arg>
<arg>expected_status=any</arg>
<doc>Sends a POST request on a previously created HTTP Session.</doc>
<status status="PASS" start="2025-10-03T11:30:55.854245" elapsed="0.108950"/>
</kw>
<kw name="Set Global Variable" owner="BuiltIn">
<msg time="2025-10-03T11:30:55.963711" level="INFO">${response} = &lt;Response [200]&gt;</msg>
<arg>${response}</arg>
<doc>Makes a variable available globally in all tests and suites.</doc>
<status status="PASS" start="2025-10-03T11:30:55.963419" elapsed="0.000342"/>
</kw>
<kw name="Run Keyword If" owner="BuiltIn">
<kw name="Extract JWT" owner="fazerLoginKeywords">
<kw name="Set Variable" owner="BuiltIn">
<msg time="2025-10-03T11:30:55.965411" level="INFO">${token} = eyJhbGciOiJIUzI1NiIsInR5cCI6IkpXVCJ9.eyJpZCI6IjY4ZGZkZTFmOGU5NTNkN2I5Y2NhYjEwYyIsImlhdCI6MTc1OTUwMTg1NSwiZXhwIjoxNzU5NTg4MjU1fQ.ohH5NqZlHrDo0to8IpNDiCpTltwy8dEyM8J_ML9eDv8</msg>
<var>${token}</var>
<arg>${response.json()['data']['token']}</arg>
<doc>Returns the given values which can then be assigned to a variables.</doc>
<status status="PASS" start="2025-10-03T11:30:55.964905" elapsed="0.000538"/>
</kw>
<kw name="Log" owner="BuiltIn">
<msg time="2025-10-03T11:30:55.965732" level="INFO">Token obtido: eyJhbGciOiJIUzI1NiIsInR5cCI6IkpXVCJ9.eyJpZCI6IjY4ZGZkZTFmOGU5NTNkN2I5Y2NhYjEwYyIsImlhdCI6MTc1OTUwMTg1NSwiZXhwIjoxNzU5NTg4MjU1fQ.ohH5NqZlHrDo0to8IpNDiCpTltwy8dEyM8J_ML9eDv8</msg>
<arg>Token obtido: ${token}</arg>
<doc>Logs the given message with the given level.</doc>
<status status="PASS" start="2025-10-03T11:30:55.965594" elapsed="0.000189"/>
</kw>
<kw name="Set Global Variable" owner="BuiltIn">
<msg time="2025-10-03T11:30:55.966333" level="INFO">${token} = eyJhbGciOiJIUzI1NiIsInR5cCI6IkpXVCJ9.eyJpZCI6IjY4ZGZkZTFmOGU5NTNkN2I5Y2NhYjEwYyIsImlhdCI6MTc1OTUwMTg1NSwiZXhwIjoxNzU5NTg4MjU1fQ.ohH5NqZlHrDo0to8IpNDiCpTltwy8dEyM8J_ML9eDv8</msg>
<arg>${token}</arg>
<doc>Makes a variable available globally in all tests and suites.</doc>
<status status="PASS" start="2025-10-03T11:30:55.966044" elapsed="0.000337"/>
</kw>
<status status="PASS" start="2025-10-03T11:30:55.964605" elapsed="0.001844"/>
</kw>
<arg>${response.status_code} == 200</arg>
<arg>Extract JWT</arg>
<doc>Runs the given keyword with the given arguments, if ``condition`` is true.</doc>
<status status="PASS" start="2025-10-03T11:30:55.963914" elapsed="0.002584"/>
</kw>
<kw name="Log" owner="BuiltIn">
<msg time="2025-10-03T11:30:55.967049" level="INFO">{"success":true,"data":{"_id":"68dfde1f8e953d7b9ccab10c","name":"Kurt Cobain","email":"kurt@nirvana.com","role":"user","token":"eyJhbGciOiJIUzI1NiIsInR5cCI6IkpXVCJ9.eyJpZCI6IjY4ZGZkZTFmOGU5NTNkN2I5Y2NhYjEwYyIsImlhdCI6MTc1OTUwMTg1NSwiZXhwIjoxNzU5NTg4MjU1fQ.ohH5NqZlHrDo0to8IpNDiCpTltwy8dEyM8J_ML9eDv8"}}</msg>
<arg>${response.content}</arg>
<doc>Logs the given message with the given level.</doc>
<status status="PASS" start="2025-10-03T11:30:55.966637" elapsed="0.000463"/>
</kw>
<arg>${user}[email]</arg>
<arg>${user}[password]</arg>
<status status="PASS" start="2025-10-03T11:30:55.853196" elapsed="0.114000"/>
</kw>
<arg>${customer_user}</arg>
<status status="PASS" start="2025-10-03T11:30:55.852727" elapsed="0.114532"/>
</kw>
<kw name="Validar Status Code &quot;200&quot;" owner="common" source_name="Validar Status Code &quot;${statuscode}&quot;">
<kw name="Variable Should Exist" owner="BuiltIn">
<arg>${response}</arg>
<arg>response não foi definida. Verifique se a requisição</arg>
<doc>Fails unless the given variable exists within the current scope.</doc>
<status status="PASS" start="2025-10-03T11:30:55.968371" elapsed="0.000401"/>
</kw>
<kw name="Should Be True" owner="BuiltIn">
<arg>${response.status_code} == ${statuscode}</arg>
<doc>Fails if the given condition is not true.</doc>
<status status="PASS" start="2025-10-03T11:30:55.969063" elapsed="0.001638"/>
</kw>
<status status="PASS" start="2025-10-03T11:30:55.967596" elapsed="0.003225"/>
</kw>
<kw name="Validar Success" owner="common">
<kw name="Variable Should Exist" owner="BuiltIn">
<arg>${response}</arg>
<arg>response não foi definida. Verifique se a requisição</arg>
<doc>Fails unless the given variable exists within the current scope.</doc>
<status status="PASS" start="2025-10-03T11:30:55.972069" elapsed="0.000331"/>
</kw>
<kw name="Set Variable" owner="BuiltIn">
<msg time="2025-10-03T11:30:55.973356" level="INFO">${response_success} = True</msg>
<var>${response_success}</var>
<arg>${response.json()['success']}</arg>
<doc>Returns the given values which can then be assigned to a variables.</doc>
<status status="PASS" start="2025-10-03T11:30:55.972623" elapsed="0.000778"/>
</kw>
<kw name="Should Be Equal" owner="BuiltIn">
<arg>${response_success}</arg>
<arg>${expected_success}</arg>
<arg>msg=Campo success inesperado. Esperado: ${expected_success}, Obtido: ${response_success}</arg>
<doc>Fails if the given objects are unequal.</doc>
<status status="PASS" start="2025-10-03T11:30:55.973624" elapsed="0.000507"/>
</kw>
<arg>${True}</arg>
<status status="PASS" start="2025-10-03T11:30:55.971223" elapsed="0.003026"/>
</kw>
<tag>CT002-auth</tag>
<status status="PASS" start="2025-10-03T11:30:55.730756" elapsed="0.243726"/>
</test>
<doc>Testes para o endpoint /auth</doc>
<status status="PASS" start="2025-10-03T11:30:55.350562" elapsed="0.624630"/>
</suite>
<suite id="s1-s2" name="Movies Tests" source="/home/rafael/Documentos/Compass/AtualizadoPC/PB-Quality-Engineering/Documentos/Semana 15 - Challenge Final/cinemaApp-tests/api/tests/movies_tests.robot">
<kw name="Criar Sessao" owner="base" type="SETUP">
<kw name="Create Session" owner="RequestsLibrary">
<msg time="2025-10-03T11:30:55.983716" level="INFO">Creating Session using : alias=CinemaApp, url=http://localhost:3000/api/v1, headers={},                     cookies={}, auth=None, timeout=None, proxies=None, verify=False,                     debug=0 </msg>
<arg>CinemaApp</arg>
<arg>url=${BASE_URL}</arg>
<doc>Create Session: create a HTTP session to a server</doc>
<status status="PASS" start="2025-10-03T11:30:55.983412" elapsed="0.000651"/>
</kw>
<status status="PASS" start="2025-10-03T11:30:55.982970" elapsed="0.001243"/>
</kw>
<test id="s1-s2-t1" name="CT004.001 - Cadastrar um Filme" line="10">
<kw name="Create List" owner="BuiltIn">
<msg time="2025-10-03T11:30:55.985244" level="INFO">${genres} = ['Drama']</msg>
<var>${genres}</var>
<arg>Drama</arg>
<doc>Returns a list containing given items.</doc>
<status status="PASS" start="2025-10-03T11:30:55.984974" elapsed="0.000325"/>
</kw>
<kw name="Create Dictionary" owner="BuiltIn">
<msg time="2025-10-03T11:30:55.986225" level="INFO">${movie} = {'title': 'Manchester à Beira-Mar', 'synopsis': 'Em Manchester à Beira-Mar, Lee Chandler é forçado a retornar para sua cidade natal com o objetivo de tomar conta de seu sobrinho adolescente, após o se...</msg>
<var>${movie}</var>
<arg>title=Manchester à Beira-Mar</arg>
<arg>synopsis=Em Manchester à Beira-Mar, Lee Chandler é forçado a retornar para sua cidade natal com o objetivo de tomar conta de seu sobrinho adolescente, após o seu irmão Kyle Chandler falecer precocemente. Este retorno ficará ainda mais complicado quando Lee precisar enfrentar as razões que o fizeram deixar sua família e ir embora, anos antes.</arg>
<arg>director=Kenneth Lonergan</arg>
<arg>genres=${genres}</arg>
<arg>duration=137</arg>
<arg>classification=+14</arg>
<arg>poster=manchester_poster.jpg</arg>
<arg>releaseDate=2016-11-18</arg>
<doc>Creates and returns a dictionary based on the given ``items``.</doc>
<status status="PASS" start="2025-10-03T11:30:55.985661" elapsed="0.000610"/>
</kw>
<kw name="Clean Movie from Database" owner="database">
<msg time="2025-10-03T11:30:55.988721" level="INFO">Searching for movie with title: Manchester à Beira-Mar
Movie found: {'_id': ObjectId('68dfdb7a8e953d7b9ccab0a3'), 'title': 'Manchester à Beira-Mar', 'synopsis': 'Em Manchester à Beira-Mar, Lee Chandler é forçado a retornar para sua cidade natal com o objetivo de tomar conta de seu sobrinho adolescente, após o seu irmão Kyle Chandler falecer precocemente. Este retorno ficará ainda mais complicado quando Lee precisar enfrentar as razões que o fizeram deixar sua família e ir embora, anos antes.', 'director': 'Kenneth Lonergan', 'genres': ['Drama'], 'duration': 137, 'classification': '+14', 'poster': 'manchester_poster.jpg', 'releaseDate': datetime.datetime(2016, 11, 18, 0, 0), 'createdAt': datetime.datetime(2025, 10, 3, 14, 19, 38, 612000), 'updatedAt': datetime.datetime(2025, 10, 3, 14, 19, 38, 612000), '__v': 0}
Movies with title 'Manchester à Beira-Mar' deleted. Count: 1</msg>
<arg>${movie}[title]</arg>
<status status="PASS" start="2025-10-03T11:30:55.986581" elapsed="0.002252"/>
</kw>
<kw name="Criar filme" owner="createMovieKeywords">
<kw name="Utilizar Token de Administrador" owner="common">
<kw name="Create Dictionary" owner="BuiltIn">
<msg time="2025-10-03T11:30:55.990576" level="INFO">${admin_user} = {'name': ' Lex Luthr', 'email': 'lex.luthor@lexcorp.com', 'password': 'pwd12345'}</msg>
<var>${admin_user}</var>
<arg>name= Lex Luthr</arg>
<arg>email=lex.luthor@lexcorp.com</arg>
<arg>password=pwd12345</arg>
<doc>Creates and returns a dictionary based on the given ``items``.</doc>
<status status="PASS" start="2025-10-03T11:30:55.990273" elapsed="0.000346"/>
</kw>
<kw name="POST Endpoint /auth/register" owner="cadastrar_usuario">
<kw name="Create Dictionary" owner="BuiltIn">
<msg time="2025-10-03T11:30:55.991884" level="INFO">&amp;{header} = { Content-Type=application/json }</msg>
<var>&amp;{header}</var>
<arg>Content-Type=application/json</arg>
<doc>Creates and returns a dictionary based on the given ``items``.</doc>
<status status="PASS" start="2025-10-03T11:30:55.991601" elapsed="0.000327"/>
</kw>
<kw name="Create Dictionary" owner="BuiltIn">
<msg time="2025-10-03T11:30:55.992779" level="INFO">${payload} = {'name': ' Lex Luthr', 'email': 'lex.luthor@lexcorp.com', 'password': 'pwd12345'}</msg>
<var>${payload}</var>
<arg>name=${name}</arg>
<arg>email=${email}</arg>
<arg>password=${password}</arg>
<doc>Creates and returns a dictionary based on the given ``items``.</doc>
<status status="PASS" start="2025-10-03T11:30:55.992261" elapsed="0.000561"/>
</kw>
<kw name="POST On Session" owner="RequestsLibrary">
<msg time="2025-10-03T11:30:55.998860" level="INFO">POST Request : url=http://localhost:3000/api/v1/auth/register 
 path_url=/api/v1/auth/register 
 headers={'User-Agent': 'python-requests/2.32.5', 'Accept-Encoding': 'gzip, deflate', 'Accept': '*/*', 'Connection': 'keep-alive', 'Content-Type': 'application/json', 'Content-Length': '81'} 
 body=b'{"name": " Lex Luthr", "email": "lex.luthor@lexcorp.com", "password": "pwd12345"}' 
 </msg>
<msg time="2025-10-03T11:30:55.998956" level="INFO">POST Response : url=http://localhost:3000/api/v1/auth/register 
 status=400, reason=Bad Request 
 headers={'X-Powered-By': 'Express', 'Access-Control-Allow-Origin': '*', 'Content-Type': 'application/json; charset=utf-8', 'Content-Length': '49', 'ETag': 'W/"31-WKEMg8zALB1Ko0WjUHi/6RBGHVc"', 'Date': 'Fri, 03 Oct 2025 14:30:55 GMT', 'Connection': 'keep-alive', 'Keep-Alive': 'timeout=5'} 
 body={"success":false,"message":"User already exists"} 
 </msg>
<msg time="2025-10-03T11:30:55.999127" level="INFO">${response} = &lt;Response [400]&gt;</msg>
<var>${response}</var>
<arg>CinemaApp</arg>
<arg>url=/auth/register</arg>
<arg>json=${payload}</arg>
<arg>headers=${header}</arg>
<arg>expected_status=any</arg>
<doc>Sends a POST request on a previously created HTTP Session.</doc>
<status status="PASS" start="2025-10-03T11:30:55.993044" elapsed="0.006129"/>
</kw>
<kw name="Set Global Variable" owner="BuiltIn">
<msg time="2025-10-03T11:30:55.999721" level="INFO">${response} = &lt;Response [400]&gt;</msg>
<arg>${response}</arg>
<doc>Makes a variable available globally in all tests and suites.</doc>
<status status="PASS" start="2025-10-03T11:30:55.999413" elapsed="0.000357"/>
</kw>
<kw name="Log" owner="BuiltIn">
<msg time="2025-10-03T11:30:56.000710" level="INFO">{"success":false,"message":"User already exists"}</msg>
<arg>${response.content}</arg>
<doc>Logs the given message with the given level.</doc>
<status status="PASS" start="2025-10-03T11:30:55.999919" elapsed="0.000877"/>
</kw>
<kw name="Log" owner="BuiltIn">
<msg time="2025-10-03T11:30:56.001770" level="INFO">400</msg>
<arg>${response.status_code}</arg>
<doc>Logs the given message with the given level.</doc>
<status status="PASS" start="2025-10-03T11:30:56.001046" elapsed="0.000819"/>
</kw>
<arg>${admin_user}[name]</arg>
<arg>${admin_user}[email]</arg>
<arg>${admin_user}[password]</arg>
<status status="PASS" start="2025-10-03T11:30:55.990933" elapsed="0.011055"/>
</kw>
<kw name="POST Endpoint /auth/login" owner="fazerLoginKeywords">
<kw name="Create Dictionary" owner="BuiltIn">
<msg time="2025-10-03T11:30:56.003394" level="INFO">${payload} = {'email': 'lex.luthor@lexcorp.com', 'password': 'pwd12345'}</msg>
<var>${payload}</var>
<arg>email=${email}</arg>
<arg>password=${password}</arg>
<doc>Creates and returns a dictionary based on the given ``items``.</doc>
<status status="PASS" start="2025-10-03T11:30:56.003031" elapsed="0.000397"/>
</kw>
<kw name="POST On Session" owner="RequestsLibrary">
<msg time="2025-10-03T11:30:56.112781" level="INFO">POST Request : url=http://localhost:3000/api/v1/auth/login 
 path_url=/api/v1/auth/login 
 headers={'User-Agent': 'python-requests/2.32.5', 'Accept-Encoding': 'gzip, deflate', 'Accept': '*/*', 'Connection': 'keep-alive', 'Content-Length': '59', 'Content-Type': 'application/json'} 
 body=b'{"email": "lex.luthor@lexcorp.com", "password": "pwd12345"}' 
 </msg>
<msg time="2025-10-03T11:30:56.112874" level="INFO">POST Response : url=http://localhost:3000/api/v1/auth/login 
 status=200, reason=OK 
 headers={'X-Powered-By': 'Express', 'Access-Control-Allow-Origin': '*', 'Content-Type': 'application/json; charset=utf-8', 'Content-Length': '308', 'ETag': 'W/"134-HmVaZngfUJMeqv+Vrq6mhIqiSts"', 'Date': 'Fri, 03 Oct 2025 14:30:56 GMT', 'Connection': 'keep-alive', 'Keep-Alive': 'timeout=5'} 
 body={"success":true,"data":{"_id":"68dd5eeb21ab0711adb801cc","name":"Lex Luthor","email":"lex.luthor@lexcorp.com","role":"admin","token":"eyJhbGciOiJIUzI1NiIsInR5cCI6IkpXVCJ9.eyJpZCI6IjY4ZGQ1ZWViMjFhYjA3MTFhZGI4MDFjYyIsImlhdCI6MTc1OTUwMTg1NiwiZXhwIjoxNzU5NTg4MjU2fQ.o_hBscSogEqeNQ3EpzChD8oEooDTNnpCk34dbO-4KWw"}} 
 </msg>
<msg time="2025-10-03T11:30:56.113016" level="INFO">${response} = &lt;Response [200]&gt;</msg>
<var>${response}</var>
<arg>alias=CinemaApp</arg>
<arg>url=/auth/login</arg>
<arg>json=${payload}</arg>
<arg>expected_status=any</arg>
<doc>Sends a POST request on a previously created HTTP Session.</doc>
<status status="PASS" start="2025-10-03T11:30:56.003585" elapsed="0.109464"/>
</kw>
<kw name="Set Global Variable" owner="BuiltIn">
<msg time="2025-10-03T11:30:56.113623" level="INFO">${response} = &lt;Response [200]&gt;</msg>
<arg>${response}</arg>
<doc>Makes a variable available globally in all tests and suites.</doc>
<status status="PASS" start="2025-10-03T11:30:56.113323" elapsed="0.000350"/>
</kw>
<kw name="Run Keyword If" owner="BuiltIn">
<kw name="Extract JWT" owner="fazerLoginKeywords">
<kw name="Set Variable" owner="BuiltIn">
<msg time="2025-10-03T11:30:56.115332" level="INFO">${token} = eyJhbGciOiJIUzI1NiIsInR5cCI6IkpXVCJ9.eyJpZCI6IjY4ZGQ1ZWViMjFhYjA3MTFhZGI4MDFjYyIsImlhdCI6MTc1OTUwMTg1NiwiZXhwIjoxNzU5NTg4MjU2fQ.o_hBscSogEqeNQ3EpzChD8oEooDTNnpCk34dbO-4KWw</msg>
<var>${token}</var>
<arg>${response.json()['data']['token']}</arg>
<doc>Returns the given values which can then be assigned to a variables.</doc>
<status status="PASS" start="2025-10-03T11:30:56.114816" elapsed="0.000549"/>
</kw>
<kw name="Log" owner="BuiltIn">
<msg time="2025-10-03T11:30:56.115657" level="INFO">Token obtido: eyJhbGciOiJIUzI1NiIsInR5cCI6IkpXVCJ9.eyJpZCI6IjY4ZGQ1ZWViMjFhYjA3MTFhZGI4MDFjYyIsImlhdCI6MTc1OTUwMTg1NiwiZXhwIjoxNzU5NTg4MjU2fQ.o_hBscSogEqeNQ3EpzChD8oEooDTNnpCk34dbO-4KWw</msg>
<arg>Token obtido: ${token}</arg>
<doc>Logs the given message with the given level.</doc>
<status status="PASS" start="2025-10-03T11:30:56.115512" elapsed="0.000197"/>
</kw>
<kw name="Set Global Variable" owner="BuiltIn">
<msg time="2025-10-03T11:30:56.116120" level="INFO">${token} = eyJhbGciOiJIUzI1NiIsInR5cCI6IkpXVCJ9.eyJpZCI6IjY4ZGQ1ZWViMjFhYjA3MTFhZGI4MDFjYyIsImlhdCI6MTc1OTUwMTg1NiwiZXhwIjoxNzU5NTg4MjU2fQ.o_hBscSogEqeNQ3EpzChD8oEooDTNnpCk34dbO-4KWw</msg>
<arg>${token}</arg>
<doc>Makes a variable available globally in all tests and suites.</doc>
<status status="PASS" start="2025-10-03T11:30:56.115853" elapsed="0.000316"/>
</kw>
<status status="PASS" start="2025-10-03T11:30:56.114526" elapsed="0.001709"/>
</kw>
<arg>${response.status_code} == 200</arg>
<arg>Extract JWT</arg>
<doc>Runs the given keyword with the given arguments, if ``condition`` is true.</doc>
<status status="PASS" start="2025-10-03T11:30:56.113829" elapsed="0.002455"/>
</kw>
<kw name="Log" owner="BuiltIn">
<msg time="2025-10-03T11:30:56.116854" level="INFO">{"success":true,"data":{"_id":"68dd5eeb21ab0711adb801cc","name":"Lex Luthor","email":"lex.luthor@lexcorp.com","role":"admin","token":"eyJhbGciOiJIUzI1NiIsInR5cCI6IkpXVCJ9.eyJpZCI6IjY4ZGQ1ZWViMjFhYjA3MTFhZGI4MDFjYyIsImlhdCI6MTc1OTUwMTg1NiwiZXhwIjoxNzU5NTg4MjU2fQ.o_hBscSogEqeNQ3EpzChD8oEooDTNnpCk34dbO-4KWw"}}</msg>
<arg>${response.content}</arg>
<doc>Logs the given message with the given level.</doc>
<status status="PASS" start="2025-10-03T11:30:56.116425" elapsed="0.000482"/>
</kw>
<arg>${admin_user}[email]</arg>
<arg>${admin_user}[password]</arg>
<status status="PASS" start="2025-10-03T11:30:56.002414" elapsed="0.114560"/>
</kw>
<status status="PASS" start="2025-10-03T11:30:55.989820" elapsed="0.127218"/>
</kw>
<kw name="POST Endpoint /movies" owner="createMovieKeywords">
<kw name="Create Dictionary" owner="BuiltIn">
<msg time="2025-10-03T11:30:56.118529" level="INFO">&amp;{header} = { Content-Type=application/json | Authorization=Bearer eyJhbGciOiJIUzI1NiIsInR5cCI6IkpXVCJ9.eyJpZCI6IjY4ZGQ1ZWViMjFhYjA3MTFhZGI4MDFjYyIsImlhdCI6MTc1OTUwMTg1NiwiZXhwIjoxNzU5NTg4MjU2fQ.o_hBscSogEqeNQ3Ep...</msg>
<var>&amp;{header}</var>
<arg>Content-Type=application/json</arg>
<arg>Authorization=Bearer ${token}</arg>
<doc>Creates and returns a dictionary based on the given ``items``.</doc>
<status status="PASS" start="2025-10-03T11:30:56.117957" elapsed="0.000629"/>
</kw>
<kw name="Create Dictionary" owner="BuiltIn">
<msg time="2025-10-03T11:30:56.120064" level="INFO">${payload} = {'title': 'Manchester à Beira-Mar', 'synopsis': 'Em Manchester à Beira-Mar, Lee Chandler é forçado a retornar para sua cidade natal com o objetivo de tomar conta de seu sobrinho adolescente, após o se...</msg>
<var>${payload}</var>
<arg>title=${title}</arg>
<arg>synopsis=${synopsis}</arg>
<arg>director=${director}</arg>
<arg>genres=${genres}</arg>
<arg>duration=${duration}</arg>
<arg>classification=${classification}</arg>
<arg>poster=${poster}</arg>
<arg>releaseDate=${releaseDate}</arg>
<doc>Creates and returns a dictionary based on the given ``items``.</doc>
<status status="PASS" start="2025-10-03T11:30:56.118862" elapsed="0.001293"/>
</kw>
<kw name="POST On Session" owner="RequestsLibrary">
<msg time="2025-10-03T11:30:56.129448" level="INFO">POST Request : url=http://localhost:3000/api/v1/movies 
 path_url=/api/v1/movies 
 headers={'User-Agent': 'python-requests/2.32.5', 'Accept-Encoding': 'gzip, deflate', 'Accept': '*/*', 'Connection': 'keep-alive', 'Content-Type': 'application/json', 'Authorization': 'Bearer eyJhbGciOiJIUzI1NiIsInR5cCI6IkpXVCJ9.eyJpZCI6IjY4ZGQ1ZWViMjFhYjA3MTFhZGI4MDFjYyIsImlhdCI6MTc1OTUwMTg1NiwiZXhwIjoxNzU5NTg4MjU2fQ.o_hBscSogEqeNQ3EpzChD8oEooDTNnpCk34dbO-4KWw', 'Content-Length': '591'} 
 body=b'{"title": "Manchester \\u00e0 Beira-Mar", "synopsis": "Em Manchester \\u00e0 Beira-Mar, Lee Chandler \\u00e9 for\\u00e7ado a retornar para sua cidade natal com o objetivo de tomar conta de seu sobrinho adolescente, ap\\u00f3s o seu irm\\u00e3o Kyle Chandler falecer precocemente. Este retorno ficar\\u00e1 ainda mais complicado quando Lee precisar enfrentar as raz\\u00f5es que o fizeram deixar sua fam\\u00edlia e ir embora, anos antes.", "director": "Kenneth Lonergan", "genres": ["Drama"], "duration": "137", "classification": "+14", "poster": "manchester_poster.jpg", "releaseDate": "2016-11-18"}' 
 </msg>
<msg time="2025-10-03T11:30:56.129628" level="INFO">POST Response : url=http://localhost:3000/api/v1/movies 
 status=201, reason=Created 
 headers={'X-Powered-By': 'Express', 'Access-Control-Allow-Origin': '*', 'Content-Type': 'application/json; charset=utf-8', 'Content-Length': '727', 'ETag': 'W/"2d7-digZAKUlepTJdmlquUCCnixDiPw"', 'Date': 'Fri, 03 Oct 2025 14:30:56 GMT', 'Connection': 'keep-alive', 'Keep-Alive': 'timeout=5'} 
 body={"success":true,"data":{"title":"Manchester à Beira-Mar","synopsis":"Em Manchester à Beira-Mar, Lee Chandler é forçado a retornar para sua cidade natal com o objetivo de tomar conta de seu sobrinho adolescente, após o seu irmão Kyle Chandler falecer precocemente. Este retorno ficará ainda mais complicado quando Lee precisar enfrentar as razões que o fizeram deixar sua família e ir embora, anos antes.","director":"Kenneth Lonergan","genres":["Drama"],"duration":137,"classification":"+14","poster":"manchester_poster.jpg","releaseDate":"2016-11-18T00:00:00.000Z","_id":"68dfde208e953d7b9ccab112","createdAt":"2025-10-03T14:30:56.126Z","updatedAt":"2025-10-03T14:30:56.126Z","__v":0,"id":"68dfde208e953d7b9ccab112"}} 
 </msg>
<msg time="2025-10-03T11:30:56.129913" level="INFO">${response} = &lt;Response [201]&gt;</msg>
<var>${response}</var>
<arg>alias=CinemaApp</arg>
<arg>url=/movies</arg>
<arg>json=${payload}</arg>
<arg>headers=${header}</arg>
<arg>expected_status=any</arg>
<doc>Sends a POST request on a previously created HTTP Session.</doc>
<status status="PASS" start="2025-10-03T11:30:56.120543" elapsed="0.009439"/>
</kw>
<kw name="Set Global Variable" owner="BuiltIn">
<msg time="2025-10-03T11:30:56.131012" level="INFO">${response} = &lt;Response [201]&gt;</msg>
<arg>${response}</arg>
<doc>Makes a variable available globally in all tests and suites.</doc>
<status status="PASS" start="2025-10-03T11:30:56.130501" elapsed="0.000599"/>
</kw>
<kw name="Log" owner="BuiltIn">
<msg time="2025-10-03T11:30:56.132301" level="INFO">{"success":true,"data":{"title":"Manchester Ã  Beira-Mar","synopsis":"Em Manchester Ã  Beira-Mar, Lee Chandler Ã© forÃ§ado a retornar para sua cidade natal com o objetivo de tomar conta de seu sobrinho adolescente, apÃ³s o seu irmÃ£o Kyle Chandler falecer precocemente. Este retorno ficarÃ¡ ainda mais complicado quando Lee precisar enfrentar as razÃµes que o fizeram deixar sua famÃ­lia e ir embora, anos antes.","director":"Kenneth Lonergan","genres":["Drama"],"duration":137,"classification":"+14","poster":"manchester_poster.jpg","releaseDate":"2016-11-18T00:00:00.000Z","_id":"68dfde208e953d7b9ccab112","createdAt":"2025-10-03T14:30:56.126Z","updatedAt":"2025-10-03T14:30:56.126Z","__v":0,"id":"68dfde208e953d7b9ccab112"}}</msg>
<arg>${response.content}</arg>
<doc>Logs the given message with the given level.</doc>
<status status="PASS" start="2025-10-03T11:30:56.131405" elapsed="0.000995"/>
</kw>
<arg>${movie}[title]</arg>
<arg>${movie}[synopsis]</arg>
<arg>${movie}[director]</arg>
<arg>${movie}[genres]</arg>
<arg>${movie}[duration]</arg>
<arg>${movie}[classification]</arg>
<arg>${movie}[poster]</arg>
<arg>${movie}[releaseDate]</arg>
<status status="PASS" start="2025-10-03T11:30:56.117235" elapsed="0.015290"/>
</kw>
<arg>${movie}</arg>
<status status="PASS" start="2025-10-03T11:30:55.989266" elapsed="0.143396"/>
</kw>
<kw name="Validar Status Code &quot;201&quot;" owner="common" source_name="Validar Status Code &quot;${statuscode}&quot;">
<kw name="Variable Should Exist" owner="BuiltIn">
<arg>${response}</arg>
<arg>response não foi definida. Verifique se a requisição</arg>
<doc>Fails unless the given variable exists within the current scope.</doc>
<status status="PASS" start="2025-10-03T11:30:56.134437" elapsed="0.000592"/>
</kw>
<kw name="Should Be True" owner="BuiltIn">
<arg>${response.status_code} == ${statuscode}</arg>
<doc>Fails if the given condition is not true.</doc>
<status status="PASS" start="2025-10-03T11:30:56.135496" elapsed="0.002537"/>
</kw>
<status status="PASS" start="2025-10-03T11:30:56.133257" elapsed="0.005012"/>
</kw>
<kw name="Validar Success" owner="common">
<kw name="Variable Should Exist" owner="BuiltIn">
<arg>${response}</arg>
<arg>response não foi definida. Verifique se a requisição</arg>
<doc>Fails unless the given variable exists within the current scope.</doc>
<status status="PASS" start="2025-10-03T11:30:56.139855" elapsed="0.000514"/>
</kw>
<kw name="Set Variable" owner="BuiltIn">
<msg time="2025-10-03T11:30:56.142008" level="INFO">${response_success} = True</msg>
<var>${response_success}</var>
<arg>${response.json()['success']}</arg>
<doc>Returns the given values which can then be assigned to a variables.</doc>
<status status="PASS" start="2025-10-03T11:30:56.140749" elapsed="0.001335"/>
</kw>
<kw name="Should Be Equal" owner="BuiltIn">
<arg>${response_success}</arg>
<arg>${expected_success}</arg>
<arg>msg=Campo success inesperado. Esperado: ${expected_success}, Obtido: ${response_success}</arg>
<doc>Fails if the given objects are unequal.</doc>
<status status="PASS" start="2025-10-03T11:30:56.142498" elapsed="0.000835"/>
</kw>
<arg>${True}</arg>
<status status="PASS" start="2025-10-03T11:30:56.138874" elapsed="0.004633"/>
</kw>
<tag>CT001</tag>
<status status="PASS" start="2025-10-03T11:30:55.984309" elapsed="0.159565"/>
</test>
<test id="s1-s2-t2" name="CT004.002 - Editar um Filme Cadastrado" line="30">
<kw name="Create List" owner="BuiltIn">
<msg time="2025-10-03T11:30:56.145771" level="INFO">${genres} = ['Drama', 'Esporitvo']</msg>
<var>${genres}</var>
<arg>Drama</arg>
<arg>Esporitvo</arg>
<doc>Returns a list containing given items.</doc>
<status status="PASS" start="2025-10-03T11:30:56.145426" elapsed="0.000417"/>
</kw>
<kw name="Create Dictionary" owner="BuiltIn">
<msg time="2025-10-03T11:30:56.147162" level="INFO">${movie_edited} = {'title': 'Rocky, um Lutador - EDITADO', 'synopsis': 'EDITADO', 'director': 'John G Avildsen', 'genres': ['Drama', 'Esporitvo'], 'duration': '130', 'classification': '+16', 'poster': 'rocky.jpg', 'rel...</msg>
<var>${movie_edited}</var>
<arg>title=Rocky, um Lutador - EDITADO</arg>
<arg>synopsis=EDITADO</arg>
<arg>director=John G Avildsen</arg>
<arg>genres=${genres}</arg>
<arg>duration=130</arg>
<arg>classification=+16</arg>
<arg>poster=rocky.jpg</arg>
<arg>releaseDate=1977-01-07</arg>
<doc>Creates and returns a dictionary based on the given ``items``.</doc>
<status status="PASS" start="2025-10-03T11:30:56.146354" elapsed="0.000885"/>
</kw>
<kw name="Clean Movie from Database" owner="database">
<msg time="2025-10-03T11:30:56.151261" level="INFO">Searching for movie with title: Rocky, um Lutador - EDITADO
Movie found: {'_id': ObjectId('68dfdb7a8e953d7b9ccab0a8'), 'title': 'Rocky, um Lutador - EDITADO', 'synopsis': 'EDITADO', 'director': 'John G Avildsen', 'genres': ['Drama', 'Esporitvo'], 'duration': 130, 'classification': '+16', 'poster': 'rocky.jpg', 'releaseDate': datetime.datetime(1977, 1, 7, 0, 0), 'createdAt': datetime.datetime(2025, 10, 3, 14, 19, 38, 785000), 'updatedAt': datetime.datetime(2025, 10, 3, 14, 19, 38, 954000), '__v': 0}
Movies with title 'Rocky, um Lutador - EDITADO' deleted. Count: 1</msg>
<arg>${movie_edited}[title]</arg>
<status status="PASS" start="2025-10-03T11:30:56.147745" elapsed="0.003887"/>
</kw>
<kw name="Fill with movie" owner="common">
<kw name="Read JSON File" owner="common">
<kw name="Load Json From File" owner="JSONLibrary">
<msg time="2025-10-03T11:30:56.155251" level="INFO">${json} = {'movie1': {'title': 'Manchester à Beira-Mar', 'synopsis': 'Em Manchester à Beira-Mar, Lee Chandler é forçado a retornar para sua cidade natal com o objetivo de tomar conta de seu sobrinho adolescente...</msg>
<var>${json}</var>
<arg>${EXECDIR}/support/fixtures/${file}</arg>
<doc>Load JSON from file.</doc>
<status status="PASS" start="2025-10-03T11:30:56.154496" elapsed="0.000819"/>
</kw>
<return>
<value>${json}</value>
<status status="PASS" start="2025-10-03T11:30:56.155433" elapsed="0.000097"/>
</return>
<msg time="2025-10-03T11:30:56.155849" level="INFO">${movies_json} = {'movie1': {'title': 'Manchester à Beira-Mar', 'synopsis': 'Em Manchester à Beira-Mar, Lee Chandler é forçado a retornar para sua cidade natal com o objetivo de tomar conta de seu sobrinho adolescente...</msg>
<var>${movies_json}</var>
<arg>movies.json</arg>
<status status="PASS" start="2025-10-03T11:30:56.153926" elapsed="0.001978"/>
</kw>
<kw name="Set Variable" owner="BuiltIn">
<msg time="2025-10-03T11:30:56.156995" level="INFO">${movie} = {'title': 'Rocky, um Lutador', 'synopsis': 'Rocky Balboa, um pequeno boxeador da classe trabalhadora da Filadélfia, é arbitrariamente escolhido para lutar contra o campeão dos pesos pesados, Apollo Cr...</msg>
<var>${movie}</var>
<arg>${movies_json}[movie${index}]</arg>
<doc>Returns the given values which can then be assigned to a variables.</doc>
<status status="PASS" start="2025-10-03T11:30:56.156207" elapsed="0.000858"/>
</kw>
<kw name="Clean Movie from Database" owner="database">
<msg time="2025-10-03T11:30:56.159578" level="INFO">Searching for movie with title: Rocky, um Lutador
Movie found: None
No movie found with title: Rocky, um Lutador
Existing movies: [{'_id': ObjectId('68dab7c8732acebb54566cb3'), 'title': 'Inception'}, {'_id': ObjectId('68dab7c8732acebb54566cb4'), 'title': 'The Avengers'}, {'_id': ObjectId('68dab7c8732acebb54566cb5'), 'title': 'The Shawshank Redemption'}, {'_id': ObjectId('68deac968a278fec364b0b87'), 'title': ' Pânico'}, {'_id': ObjectId('68dfdb7b8e953d7b9ccab0bc'), 'title': 'John Wick 4: Baba Yaga'}, {'_id': ObjectId('68dfdb7c8e953d7b9ccab0e8'), 'title': 'The Batman'}, {'_id': ObjectId('68dfde208e953d7b9ccab112'), 'title': 'Manchester à Beira-Mar'}]</msg>
<arg>${movie}[title]</arg>
<status status="PASS" start="2025-10-03T11:30:56.157355" elapsed="0.002399"/>
</kw>
<kw name="Criar filme" owner="createMovieKeywords">
<kw name="Utilizar Token de Administrador" owner="common">
<kw name="Create Dictionary" owner="BuiltIn">
<msg time="2025-10-03T11:30:56.162644" level="INFO">${admin_user} = {'name': ' Lex Luthr', 'email': 'lex.luthor@lexcorp.com', 'password': 'pwd12345'}</msg>
<var>${admin_user}</var>
<arg>name= Lex Luthr</arg>
<arg>email=lex.luthor@lexcorp.com</arg>
<arg>password=pwd12345</arg>
<doc>Creates and returns a dictionary based on the given ``items``.</doc>
<status status="PASS" start="2025-10-03T11:30:56.162081" elapsed="0.000643"/>
</kw>
<kw name="POST Endpoint /auth/register" owner="cadastrar_usuario">
<kw name="Create Dictionary" owner="BuiltIn">
<msg time="2025-10-03T11:30:56.164994" level="INFO">&amp;{header} = { Content-Type=application/json }</msg>
<var>&amp;{header}</var>
<arg>Content-Type=application/json</arg>
<doc>Creates and returns a dictionary based on the given ``items``.</doc>
<status status="PASS" start="2025-10-03T11:30:56.164480" elapsed="0.000595"/>
</kw>
<kw name="Create Dictionary" owner="BuiltIn">
<msg time="2025-10-03T11:30:56.165981" level="INFO">${payload} = {'name': ' Lex Luthr', 'email': 'lex.luthor@lexcorp.com', 'password': 'pwd12345'}</msg>
<var>${payload}</var>
<arg>name=${name}</arg>
<arg>email=${email}</arg>
<arg>password=${password}</arg>
<doc>Creates and returns a dictionary based on the given ``items``.</doc>
<status status="PASS" start="2025-10-03T11:30:56.165420" elapsed="0.000615"/>
</kw>
<kw name="POST On Session" owner="RequestsLibrary">
<msg time="2025-10-03T11:30:56.170936" level="INFO">POST Request : url=http://localhost:3000/api/v1/auth/register 
 path_url=/api/v1/auth/register 
 headers={'User-Agent': 'python-requests/2.32.5', 'Accept-Encoding': 'gzip, deflate', 'Accept': '*/*', 'Connection': 'keep-alive', 'Content-Type': 'application/json', 'Content-Length': '81'} 
 body=b'{"name": " Lex Luthr", "email": "lex.luthor@lexcorp.com", "password": "pwd12345"}' 
 </msg>
<msg time="2025-10-03T11:30:56.171073" level="INFO">POST Response : url=http://localhost:3000/api/v1/auth/register 
 status=400, reason=Bad Request 
 headers={'X-Powered-By': 'Express', 'Access-Control-Allow-Origin': '*', 'Content-Type': 'application/json; charset=utf-8', 'Content-Length': '49', 'ETag': 'W/"31-WKEMg8zALB1Ko0WjUHi/6RBGHVc"', 'Date': 'Fri, 03 Oct 2025 14:30:56 GMT', 'Connection': 'keep-alive', 'Keep-Alive': 'timeout=5'} 
 body={"success":false,"message":"User already exists"} 
 </msg>
<msg time="2025-10-03T11:30:56.171332" level="INFO">${response} = &lt;Response [400]&gt;</msg>
<var>${response}</var>
<arg>CinemaApp</arg>
<arg>url=/auth/register</arg>
<arg>json=${payload}</arg>
<arg>headers=${header}</arg>
<arg>expected_status=any</arg>
<doc>Sends a POST request on a previously created HTTP Session.</doc>
<status status="PASS" start="2025-10-03T11:30:56.166283" elapsed="0.005110"/>
</kw>
<kw name="Set Global Variable" owner="BuiltIn">
<msg time="2025-10-03T11:30:56.172307" level="INFO">${response} = &lt;Response [400]&gt;</msg>
<arg>${response}</arg>
<doc>Makes a variable available globally in all tests and suites.</doc>
<status status="PASS" start="2025-10-03T11:30:56.171752" elapsed="0.000643"/>
</kw>
<kw name="Log" owner="BuiltIn">
<msg time="2025-10-03T11:30:56.173505" level="INFO">{"success":false,"message":"User already exists"}</msg>
<arg>${response.content}</arg>
<doc>Logs the given message with the given level.</doc>
<status status="PASS" start="2025-10-03T11:30:56.172658" elapsed="0.000936"/>
</kw>
<kw name="Log" owner="BuiltIn">
<msg time="2025-10-03T11:30:56.174619" level="INFO">400</msg>
<arg>${response.status_code}</arg>
<doc>Logs the given message with the given level.</doc>
<status status="PASS" start="2025-10-03T11:30:56.173838" elapsed="0.000872"/>
</kw>
<arg>${admin_user}[name]</arg>
<arg>${admin_user}[email]</arg>
<arg>${admin_user}[password]</arg>
<status status="PASS" start="2025-10-03T11:30:56.163284" elapsed="0.011544"/>
</kw>
<kw name="POST Endpoint /auth/login" owner="fazerLoginKeywords">
<kw name="Create Dictionary" owner="BuiltIn">
<msg time="2025-10-03T11:30:56.176695" level="INFO">${payload} = {'email': 'lex.luthor@lexcorp.com', 'password': 'pwd12345'}</msg>
<var>${payload}</var>
<arg>email=${email}</arg>
<arg>password=${password}</arg>
<doc>Creates and returns a dictionary based on the given ``items``.</doc>
<status status="PASS" start="2025-10-03T11:30:56.176152" elapsed="0.000595"/>
</kw>
<kw name="POST On Session" owner="RequestsLibrary">
<msg time="2025-10-03T11:30:56.293890" level="INFO">POST Request : url=http://localhost:3000/api/v1/auth/login 
 path_url=/api/v1/auth/login 
 headers={'User-Agent': 'python-requests/2.32.5', 'Accept-Encoding': 'gzip, deflate', 'Accept': '*/*', 'Connection': 'keep-alive', 'Content-Length': '59', 'Content-Type': 'application/json'} 
 body=b'{"email": "lex.luthor@lexcorp.com", "password": "pwd12345"}' 
 </msg>
<msg time="2025-10-03T11:30:56.294029" level="INFO">POST Response : url=http://localhost:3000/api/v1/auth/login 
 status=200, reason=OK 
 headers={'X-Powered-By': 'Express', 'Access-Control-Allow-Origin': '*', 'Content-Type': 'application/json; charset=utf-8', 'Content-Length': '308', 'ETag': 'W/"134-HmVaZngfUJMeqv+Vrq6mhIqiSts"', 'Date': 'Fri, 03 Oct 2025 14:30:56 GMT', 'Connection': 'keep-alive', 'Keep-Alive': 'timeout=5'} 
 body={"success":true,"data":{"_id":"68dd5eeb21ab0711adb801cc","name":"Lex Luthor","email":"lex.luthor@lexcorp.com","role":"admin","token":"eyJhbGciOiJIUzI1NiIsInR5cCI6IkpXVCJ9.eyJpZCI6IjY4ZGQ1ZWViMjFhYjA3MTFhZGI4MDFjYyIsImlhdCI6MTc1OTUwMTg1NiwiZXhwIjoxNzU5NTg4MjU2fQ.o_hBscSogEqeNQ3EpzChD8oEooDTNnpCk34dbO-4KWw"}} 
 </msg>
<msg time="2025-10-03T11:30:56.294264" level="INFO">${response} = &lt;Response [200]&gt;</msg>
<var>${response}</var>
<arg>alias=CinemaApp</arg>
<arg>url=/auth/login</arg>
<arg>json=${payload}</arg>
<arg>expected_status=any</arg>
<doc>Sends a POST request on a previously created HTTP Session.</doc>
<status status="PASS" start="2025-10-03T11:30:56.176997" elapsed="0.117325"/>
</kw>
<kw name="Set Global Variable" owner="BuiltIn">
<msg time="2025-10-03T11:30:56.295204" level="INFO">${response} = &lt;Response [200]&gt;</msg>
<arg>${response}</arg>
<doc>Makes a variable available globally in all tests and suites.</doc>
<status status="PASS" start="2025-10-03T11:30:56.294667" elapsed="0.000625"/>
</kw>
<kw name="Run Keyword If" owner="BuiltIn">
<kw name="Extract JWT" owner="fazerLoginKeywords">
<kw name="Set Variable" owner="BuiltIn">
<msg time="2025-10-03T11:30:56.297958" level="INFO">${token} = eyJhbGciOiJIUzI1NiIsInR5cCI6IkpXVCJ9.eyJpZCI6IjY4ZGQ1ZWViMjFhYjA3MTFhZGI4MDFjYyIsImlhdCI6MTc1OTUwMTg1NiwiZXhwIjoxNzU5NTg4MjU2fQ.o_hBscSogEqeNQ3EpzChD8oEooDTNnpCk34dbO-4KWw</msg>
<var>${token}</var>
<arg>${response.json()['data']['token']}</arg>
<doc>Returns the given values which can then be assigned to a variables.</doc>
<status status="PASS" start="2025-10-03T11:30:56.297150" elapsed="0.000865"/>
</kw>
<kw name="Log" owner="BuiltIn">
<msg time="2025-10-03T11:30:56.298525" level="INFO">Token obtido: eyJhbGciOiJIUzI1NiIsInR5cCI6IkpXVCJ9.eyJpZCI6IjY4ZGQ1ZWViMjFhYjA3MTFhZGI4MDFjYyIsImlhdCI6MTc1OTUwMTg1NiwiZXhwIjoxNzU5NTg4MjU2fQ.o_hBscSogEqeNQ3EpzChD8oEooDTNnpCk34dbO-4KWw</msg>
<arg>Token obtido: ${token}</arg>
<doc>Logs the given message with the given level.</doc>
<status status="PASS" start="2025-10-03T11:30:56.298289" elapsed="0.000325"/>
</kw>
<kw name="Set Global Variable" owner="BuiltIn">
<msg time="2025-10-03T11:30:56.299350" level="INFO">${token} = eyJhbGciOiJIUzI1NiIsInR5cCI6IkpXVCJ9.eyJpZCI6IjY4ZGQ1ZWViMjFhYjA3MTFhZGI4MDFjYyIsImlhdCI6MTc1OTUwMTg1NiwiZXhwIjoxNzU5NTg4MjU2fQ.o_hBscSogEqeNQ3EpzChD8oEooDTNnpCk34dbO-4KWw</msg>
<arg>${token}</arg>
<doc>Makes a variable available globally in all tests and suites.</doc>
<status status="PASS" start="2025-10-03T11:30:56.298866" elapsed="0.000566"/>
</kw>
<status status="PASS" start="2025-10-03T11:30:56.296632" elapsed="0.002911"/>
</kw>
<arg>${response.status_code} == 200</arg>
<arg>Extract JWT</arg>
<doc>Runs the given keyword with the given arguments, if ``condition`` is true.</doc>
<status status="PASS" start="2025-10-03T11:30:56.295556" elapsed="0.004071"/>
</kw>
<kw name="Log" owner="BuiltIn">
<msg time="2025-10-03T11:30:56.300594" level="INFO">{"success":true,"data":{"_id":"68dd5eeb21ab0711adb801cc","name":"Lex Luthor","email":"lex.luthor@lexcorp.com","role":"admin","token":"eyJhbGciOiJIUzI1NiIsInR5cCI6IkpXVCJ9.eyJpZCI6IjY4ZGQ1ZWViMjFhYjA3MTFhZGI4MDFjYyIsImlhdCI6MTc1OTUwMTg1NiwiZXhwIjoxNzU5NTg4MjU2fQ.o_hBscSogEqeNQ3EpzChD8oEooDTNnpCk34dbO-4KWw"}}</msg>
<arg>${response.content}</arg>
<doc>Logs the given message with the given level.</doc>
<status status="PASS" start="2025-10-03T11:30:56.299866" elapsed="0.000819"/>
</kw>
<arg>${admin_user}[email]</arg>
<arg>${admin_user}[password]</arg>
<status status="PASS" start="2025-10-03T11:30:56.175342" elapsed="0.125455"/>
</kw>
<status status="PASS" start="2025-10-03T11:30:56.161359" elapsed="0.139577"/>
</kw>
<kw name="POST Endpoint /movies" owner="createMovieKeywords">
<kw name="Create Dictionary" owner="BuiltIn">
<msg time="2025-10-03T11:30:56.304052" level="INFO">&amp;{header} = { Content-Type=application/json | Authorization=Bearer eyJhbGciOiJIUzI1NiIsInR5cCI6IkpXVCJ9.eyJpZCI6IjY4ZGQ1ZWViMjFhYjA3MTFhZGI4MDFjYyIsImlhdCI6MTc1OTUwMTg1NiwiZXhwIjoxNzU5NTg4MjU2fQ.o_hBscSogEqeNQ3Ep...</msg>
<var>&amp;{header}</var>
<arg>Content-Type=application/json</arg>
<arg>Authorization=Bearer ${token}</arg>
<doc>Creates and returns a dictionary based on the given ``items``.</doc>
<status status="PASS" start="2025-10-03T11:30:56.303512" elapsed="0.000587"/>
</kw>
<kw name="Create Dictionary" owner="BuiltIn">
<msg time="2025-10-03T11:30:56.305249" level="INFO">${payload} = {'title': 'Rocky, um Lutador', 'synopsis': 'Rocky Balboa, um pequeno boxeador da classe trabalhadora da Filadélfia, é arbitrariamente escolhido para lutar contra o campeão dos pesos pesados, Apollo Cr...</msg>
<var>${payload}</var>
<arg>title=${title}</arg>
<arg>synopsis=${synopsis}</arg>
<arg>director=${director}</arg>
<arg>genres=${genres}</arg>
<arg>duration=${duration}</arg>
<arg>classification=${classification}</arg>
<arg>poster=${poster}</arg>
<arg>releaseDate=${releaseDate}</arg>
<doc>Creates and returns a dictionary based on the given ``items``.</doc>
<status status="PASS" start="2025-10-03T11:30:56.304349" elapsed="0.000938"/>
</kw>
<kw name="POST On Session" owner="RequestsLibrary">
<msg time="2025-10-03T11:30:56.313668" level="INFO">POST Request : url=http://localhost:3000/api/v1/movies 
 path_url=/api/v1/movies 
 headers={'User-Agent': 'python-requests/2.32.5', 'Accept-Encoding': 'gzip, deflate', 'Accept': '*/*', 'Connection': 'keep-alive', 'Content-Type': 'application/json', 'Authorization': 'Bearer eyJhbGciOiJIUzI1NiIsInR5cCI6IkpXVCJ9.eyJpZCI6IjY4ZGQ1ZWViMjFhYjA3MTFhZGI4MDFjYyIsImlhdCI6MTc1OTUwMTg1NiwiZXhwIjoxNzU5NTg4MjU2fQ.o_hBscSogEqeNQ3EpzChD8oEooDTNnpCk34dbO-4KWw', 'Content-Length': '460'} 
 body=b'{"title": "Rocky, um Lutador", "synopsis": "Rocky Balboa, um pequeno boxeador da classe trabalhadora da Filad\\u00e9lfia, \\u00e9 arbitrariamente escolhido para lutar contra o campe\\u00e3o dos pesos pesados, Apollo Creed, quando o advers\\u00e1rio do invicto lutador agendado para a luta \\u00e9 ferido.", "director": "John G Avildsen", "genres": ["Drama", "Esportivo"], "duration": 119, "classification": "+14", "poster": "rocky.jpg", "releaseDate": "1977-01-07"}' 
 </msg>
<msg time="2025-10-03T11:30:56.313821" level="INFO">POST Response : url=http://localhost:3000/api/v1/movies 
 status=201, reason=Created 
 headers={'X-Powered-By': 'Express', 'Access-Control-Allow-Origin': '*', 'Content-Type': 'application/json; charset=utf-8', 'Content-Length': '613', 'ETag': 'W/"265-hQL37XB3ba5ifyC/EglFV3b0wco"', 'Date': 'Fri, 03 Oct 2025 14:30:56 GMT', 'Connection': 'keep-alive', 'Keep-Alive': 'timeout=5'} 
 body={"success":true,"data":{"title":"Rocky, um Lutador","synopsis":"Rocky Balboa, um pequeno boxeador da classe trabalhadora da Filadélfia, é arbitrariamente escolhido para lutar contra o campeão dos pesos pesados, Apollo Creed, quando o adversário do invicto lutador agendado para a luta é ferido.","director":"John G Avildsen","genres":["Drama","Esportivo"],"duration":119,"classification":"+14","poster":"rocky.jpg","releaseDate":"1977-01-07T00:00:00.000Z","_id":"68dfde208e953d7b9ccab117","createdAt":"2025-10-03T14:30:56.310Z","updatedAt":"2025-10-03T14:30:56.310Z","__v":0,"id":"68dfde208e953d7b9ccab117"}} 
 </msg>
<msg time="2025-10-03T11:30:56.314156" level="INFO">${response} = &lt;Response [201]&gt;</msg>
<var>${response}</var>
<arg>alias=CinemaApp</arg>
<arg>url=/movies</arg>
<arg>json=${payload}</arg>
<arg>headers=${header}</arg>
<arg>expected_status=any</arg>
<doc>Sends a POST request on a previously created HTTP Session.</doc>
<status status="PASS" start="2025-10-03T11:30:56.305477" elapsed="0.008716"/>
</kw>
<kw name="Set Global Variable" owner="BuiltIn">
<msg time="2025-10-03T11:30:56.315038" level="INFO">${response} = &lt;Response [201]&gt;</msg>
<arg>${response}</arg>
<doc>Makes a variable available globally in all tests and suites.</doc>
<status status="PASS" start="2025-10-03T11:30:56.314517" elapsed="0.000622"/>
</kw>
<kw name="Log" owner="BuiltIn">
<msg time="2025-10-03T11:30:56.316250" level="INFO">{"success":true,"data":{"title":"Rocky, um Lutador","synopsis":"Rocky Balboa, um pequeno boxeador da classe trabalhadora da FiladÃ©lfia, Ã© arbitrariamente escolhido para lutar contra o campeÃ£o dos pesos pesados, Apollo Creed, quando o adversÃ¡rio do invicto lutador agendado para a luta Ã© ferido.","director":"John G Avildsen","genres":["Drama","Esportivo"],"duration":119,"classification":"+14","poster":"rocky.jpg","releaseDate":"1977-01-07T00:00:00.000Z","_id":"68dfde208e953d7b9ccab117","createdAt":"2025-10-03T14:30:56.310Z","updatedAt":"2025-10-03T14:30:56.310Z","__v":0,"id":"68dfde208e953d7b9ccab117"}}</msg>
<arg>${response.content}</arg>
<doc>Logs the given message with the given level.</doc>
<status status="PASS" start="2025-10-03T11:30:56.315390" elapsed="0.000958"/>
</kw>
<arg>${movie}[title]</arg>
<arg>${movie}[synopsis]</arg>
<arg>${movie}[director]</arg>
<arg>${movie}[genres]</arg>
<arg>${movie}[duration]</arg>
<arg>${movie}[classification]</arg>
<arg>${movie}[poster]</arg>
<arg>${movie}[releaseDate]</arg>
<status status="PASS" start="2025-10-03T11:30:56.301287" elapsed="0.015181"/>
</kw>
<arg>${movie}</arg>
<status status="PASS" start="2025-10-03T11:30:56.160329" elapsed="0.156279"/>
</kw>
<kw name="Pegar ID de um filme" owner="common">
<kw name="Get movie by title" owner="database">
<msg time="2025-10-03T11:30:56.318936" level="INFO">${movie_data} = {'_id': '68dfde208e953d7b9ccab117', 'title': 'Rocky, um Lutador', 'synopsis': 'Rocky Balboa, um pequeno boxeador da classe trabalhadora da Filadélfia, é arbitrariamente escolhido para lutar contra o c...</msg>
<var>${movie_data}</var>
<arg>${movie}[title]</arg>
<status status="PASS" start="2025-10-03T11:30:56.317504" elapsed="0.001496"/>
</kw>
<kw name="Set Variable" owner="BuiltIn">
<msg time="2025-10-03T11:30:56.319648" level="INFO">${movie_id} = 68dfde208e953d7b9ccab117</msg>
<var>${movie_id}</var>
<arg>${movie_data}[_id]</arg>
<doc>Returns the given values which can then be assigned to a variables.</doc>
<status status="PASS" start="2025-10-03T11:30:56.319320" elapsed="0.000380"/>
</kw>
<kw name="Set Global Variable" owner="BuiltIn">
<msg time="2025-10-03T11:30:56.320407" level="INFO">${movie_id} = 68dfde208e953d7b9ccab117</msg>
<arg>${movie_id}</arg>
<doc>Makes a variable available globally in all tests and suites.</doc>
<status status="PASS" start="2025-10-03T11:30:56.319965" elapsed="0.000525"/>
</kw>
<arg>${movie}</arg>
<status status="PASS" start="2025-10-03T11:30:56.316922" elapsed="0.003682"/>
</kw>
<kw name="Log" owner="BuiltIn">
<msg time="2025-10-03T11:30:56.321089" level="INFO">Movie ID: 68dfde208e953d7b9ccab117</msg>
<arg>Movie ID: ${movie_id}</arg>
<doc>Logs the given message with the given level.</doc>
<status status="PASS" start="2025-10-03T11:30:56.320850" elapsed="0.000337"/>
</kw>
<return>
<value>${movie}</value>
<status status="PASS" start="2025-10-03T11:30:56.321280" elapsed="0.000081"/>
</return>
<arg>2</arg>
<status status="PASS" start="2025-10-03T11:30:56.152659" elapsed="0.168902"/>
</kw>
<kw name="Editar um Filme" owner="upadteMovieskeywords">
<kw name="Utilizar Token de Administrador" owner="common">
<kw name="Create Dictionary" owner="BuiltIn">
<msg time="2025-10-03T11:30:56.323490" level="INFO">${admin_user} = {'name': ' Lex Luthr', 'email': 'lex.luthor@lexcorp.com', 'password': 'pwd12345'}</msg>
<var>${admin_user}</var>
<arg>name= Lex Luthr</arg>
<arg>email=lex.luthor@lexcorp.com</arg>
<arg>password=pwd12345</arg>
<doc>Creates and returns a dictionary based on the given ``items``.</doc>
<status status="PASS" start="2025-10-03T11:30:56.323238" elapsed="0.000293"/>
</kw>
<kw name="POST Endpoint /auth/register" owner="cadastrar_usuario">
<kw name="Create Dictionary" owner="BuiltIn">
<msg time="2025-10-03T11:30:56.324998" level="INFO">&amp;{header} = { Content-Type=application/json }</msg>
<var>&amp;{header}</var>
<arg>Content-Type=application/json</arg>
<doc>Creates and returns a dictionary based on the given ``items``.</doc>
<status status="PASS" start="2025-10-03T11:30:56.324654" elapsed="0.000399"/>
</kw>
<kw name="Create Dictionary" owner="BuiltIn">
<msg time="2025-10-03T11:30:56.325881" level="INFO">${payload} = {'name': ' Lex Luthr', 'email': 'lex.luthor@lexcorp.com', 'password': 'pwd12345'}</msg>
<var>${payload}</var>
<arg>name=${name}</arg>
<arg>email=${email}</arg>
<arg>password=${password}</arg>
<doc>Creates and returns a dictionary based on the given ``items``.</doc>
<status status="PASS" start="2025-10-03T11:30:56.325326" elapsed="0.000606"/>
</kw>
<kw name="POST On Session" owner="RequestsLibrary">
<msg time="2025-10-03T11:30:56.332500" level="INFO">POST Request : url=http://localhost:3000/api/v1/auth/register 
 path_url=/api/v1/auth/register 
 headers={'User-Agent': 'python-requests/2.32.5', 'Accept-Encoding': 'gzip, deflate', 'Accept': '*/*', 'Connection': 'keep-alive', 'Content-Type': 'application/json', 'Content-Length': '81'} 
 body=b'{"name": " Lex Luthr", "email": "lex.luthor@lexcorp.com", "password": "pwd12345"}' 
 </msg>
<msg time="2025-10-03T11:30:56.332690" level="INFO">POST Response : url=http://localhost:3000/api/v1/auth/register 
 status=400, reason=Bad Request 
 headers={'X-Powered-By': 'Express', 'Access-Control-Allow-Origin': '*', 'Content-Type': 'application/json; charset=utf-8', 'Content-Length': '49', 'ETag': 'W/"31-WKEMg8zALB1Ko0WjUHi/6RBGHVc"', 'Date': 'Fri, 03 Oct 2025 14:30:56 GMT', 'Connection': 'keep-alive', 'Keep-Alive': 'timeout=5'} 
 body={"success":false,"message":"User already exists"} 
 </msg>
<msg time="2025-10-03T11:30:56.333025" level="INFO">${response} = &lt;Response [400]&gt;</msg>
<var>${response}</var>
<arg>CinemaApp</arg>
<arg>url=/auth/register</arg>
<arg>json=${payload}</arg>
<arg>headers=${header}</arg>
<arg>expected_status=any</arg>
<doc>Sends a POST request on a previously created HTTP Session.</doc>
<status status="PASS" start="2025-10-03T11:30:56.326209" elapsed="0.006914"/>
</kw>
<kw name="Set Global Variable" owner="BuiltIn">
<msg time="2025-10-03T11:30:56.334142" level="INFO">${response} = &lt;Response [400]&gt;</msg>
<arg>${response}</arg>
<doc>Makes a variable available globally in all tests and suites.</doc>
<status status="PASS" start="2025-10-03T11:30:56.333536" elapsed="0.000700"/>
</kw>
<kw name="Log" owner="BuiltIn">
<msg time="2025-10-03T11:30:56.335377" level="INFO">{"success":false,"message":"User already exists"}</msg>
<arg>${response.content}</arg>
<doc>Logs the given message with the given level.</doc>
<status status="PASS" start="2025-10-03T11:30:56.334492" elapsed="0.001077"/>
</kw>
<kw name="Log" owner="BuiltIn">
<msg time="2025-10-03T11:30:56.336574" level="INFO">400</msg>
<arg>${response.status_code}</arg>
<doc>Logs the given message with the given level.</doc>
<status status="PASS" start="2025-10-03T11:30:56.335822" elapsed="0.000842"/>
</kw>
<arg>${admin_user}[name]</arg>
<arg>${admin_user}[email]</arg>
<arg>${admin_user}[password]</arg>
<status status="PASS" start="2025-10-03T11:30:56.323868" elapsed="0.012916"/>
</kw>
<kw name="POST Endpoint /auth/login" owner="fazerLoginKeywords">
<kw name="Create Dictionary" owner="BuiltIn">
<msg time="2025-10-03T11:30:56.338395" level="INFO">${payload} = {'email': 'lex.luthor@lexcorp.com', 'password': 'pwd12345'}</msg>
<var>${payload}</var>
<arg>email=${email}</arg>
<arg>password=${password}</arg>
<doc>Creates and returns a dictionary based on the given ``items``.</doc>
<status status="PASS" start="2025-10-03T11:30:56.337860" elapsed="0.000588"/>
</kw>
<kw name="POST On Session" owner="RequestsLibrary">
<msg time="2025-10-03T11:30:56.448544" level="INFO">POST Request : url=http://localhost:3000/api/v1/auth/login 
 path_url=/api/v1/auth/login 
 headers={'User-Agent': 'python-requests/2.32.5', 'Accept-Encoding': 'gzip, deflate', 'Accept': '*/*', 'Connection': 'keep-alive', 'Content-Length': '59', 'Content-Type': 'application/json'} 
 body=b'{"email": "lex.luthor@lexcorp.com", "password": "pwd12345"}' 
 </msg>
<msg time="2025-10-03T11:30:56.448693" level="INFO">POST Response : url=http://localhost:3000/api/v1/auth/login 
 status=200, reason=OK 
 headers={'X-Powered-By': 'Express', 'Access-Control-Allow-Origin': '*', 'Content-Type': 'application/json; charset=utf-8', 'Content-Length': '308', 'ETag': 'W/"134-HmVaZngfUJMeqv+Vrq6mhIqiSts"', 'Date': 'Fri, 03 Oct 2025 14:30:56 GMT', 'Connection': 'keep-alive', 'Keep-Alive': 'timeout=5'} 
 body={"success":true,"data":{"_id":"68dd5eeb21ab0711adb801cc","name":"Lex Luthor","email":"lex.luthor@lexcorp.com","role":"admin","token":"eyJhbGciOiJIUzI1NiIsInR5cCI6IkpXVCJ9.eyJpZCI6IjY4ZGQ1ZWViMjFhYjA3MTFhZGI4MDFjYyIsImlhdCI6MTc1OTUwMTg1NiwiZXhwIjoxNzU5NTg4MjU2fQ.o_hBscSogEqeNQ3EpzChD8oEooDTNnpCk34dbO-4KWw"}} 
 </msg>
<msg time="2025-10-03T11:30:56.448923" level="INFO">${response} = &lt;Response [200]&gt;</msg>
<var>${response}</var>
<arg>alias=CinemaApp</arg>
<arg>url=/auth/login</arg>
<arg>json=${payload}</arg>
<arg>expected_status=any</arg>
<doc>Sends a POST request on a previously created HTTP Session.</doc>
<status status="PASS" start="2025-10-03T11:30:56.338708" elapsed="0.110274"/>
</kw>
<kw name="Set Global Variable" owner="BuiltIn">
<msg time="2025-10-03T11:30:56.450015" level="INFO">${response} = &lt;Response [200]&gt;</msg>
<arg>${response}</arg>
<doc>Makes a variable available globally in all tests and suites.</doc>
<status status="PASS" start="2025-10-03T11:30:56.449373" elapsed="0.000750"/>
</kw>
<kw name="Run Keyword If" owner="BuiltIn">
<kw name="Extract JWT" owner="fazerLoginKeywords">
<kw name="Set Variable" owner="BuiltIn">
<msg time="2025-10-03T11:30:56.452952" level="INFO">${token} = eyJhbGciOiJIUzI1NiIsInR5cCI6IkpXVCJ9.eyJpZCI6IjY4ZGQ1ZWViMjFhYjA3MTFhZGI4MDFjYyIsImlhdCI6MTc1OTUwMTg1NiwiZXhwIjoxNzU5NTg4MjU2fQ.o_hBscSogEqeNQ3EpzChD8oEooDTNnpCk34dbO-4KWw</msg>
<var>${token}</var>
<arg>${response.json()['data']['token']}</arg>
<doc>Returns the given values which can then be assigned to a variables.</doc>
<status status="PASS" start="2025-10-03T11:30:56.452073" elapsed="0.000937"/>
</kw>
<kw name="Log" owner="BuiltIn">
<msg time="2025-10-03T11:30:56.453549" level="INFO">Token obtido: eyJhbGciOiJIUzI1NiIsInR5cCI6IkpXVCJ9.eyJpZCI6IjY4ZGQ1ZWViMjFhYjA3MTFhZGI4MDFjYyIsImlhdCI6MTc1OTUwMTg1NiwiZXhwIjoxNzU5NTg4MjU2fQ.o_hBscSogEqeNQ3EpzChD8oEooDTNnpCk34dbO-4KWw</msg>
<arg>Token obtido: ${token}</arg>
<doc>Logs the given message with the given level.</doc>
<status status="PASS" start="2025-10-03T11:30:56.453301" elapsed="0.000340"/>
</kw>
<kw name="Set Global Variable" owner="BuiltIn">
<msg time="2025-10-03T11:30:56.454391" level="INFO">${token} = eyJhbGciOiJIUzI1NiIsInR5cCI6IkpXVCJ9.eyJpZCI6IjY4ZGQ1ZWViMjFhYjA3MTFhZGI4MDFjYyIsImlhdCI6MTc1OTUwMTg1NiwiZXhwIjoxNzU5NTg4MjU2fQ.o_hBscSogEqeNQ3EpzChD8oEooDTNnpCk34dbO-4KWw</msg>
<arg>${token}</arg>
<doc>Makes a variable available globally in all tests and suites.</doc>
<status status="PASS" start="2025-10-03T11:30:56.453907" elapsed="0.000569"/>
</kw>
<status status="PASS" start="2025-10-03T11:30:56.451571" elapsed="0.003024"/>
</kw>
<arg>${response.status_code} == 200</arg>
<arg>Extract JWT</arg>
<doc>Runs the given keyword with the given arguments, if ``condition`` is true.</doc>
<status status="PASS" start="2025-10-03T11:30:56.450411" elapsed="0.004275"/>
</kw>
<kw name="Log" owner="BuiltIn">
<msg time="2025-10-03T11:30:56.455723" level="INFO">{"success":true,"data":{"_id":"68dd5eeb21ab0711adb801cc","name":"Lex Luthor","email":"lex.luthor@lexcorp.com","role":"admin","token":"eyJhbGciOiJIUzI1NiIsInR5cCI6IkpXVCJ9.eyJpZCI6IjY4ZGQ1ZWViMjFhYjA3MTFhZGI4MDFjYyIsImlhdCI6MTc1OTUwMTg1NiwiZXhwIjoxNzU5NTg4MjU2fQ.o_hBscSogEqeNQ3EpzChD8oEooDTNnpCk34dbO-4KWw"}}</msg>
<arg>${response.content}</arg>
<doc>Logs the given message with the given level.</doc>
<status status="PASS" start="2025-10-03T11:30:56.454937" elapsed="0.000882"/>
</kw>
<arg>${admin_user}[email]</arg>
<arg>${admin_user}[password]</arg>
<status status="PASS" start="2025-10-03T11:30:56.337189" elapsed="0.118749"/>
</kw>
<status status="PASS" start="2025-10-03T11:30:56.322668" elapsed="0.133382"/>
</kw>
<kw name="PUT Endpoint /movies/_id" owner="upadteMovieskeywords">
<kw name="Create Dictionary" owner="BuiltIn">
<msg time="2025-10-03T11:30:56.458225" level="INFO">&amp;{header} = { Content-Type=application/json | Authorization=Bearer eyJhbGciOiJIUzI1NiIsInR5cCI6IkpXVCJ9.eyJpZCI6IjY4ZGQ1ZWViMjFhYjA3MTFhZGI4MDFjYyIsImlhdCI6MTc1OTUwMTg1NiwiZXhwIjoxNzU5NTg4MjU2fQ.o_hBscSogEqeNQ3Ep...</msg>
<var>&amp;{header}</var>
<arg>Content-Type=application/json</arg>
<arg>Authorization=Bearer ${token}</arg>
<doc>Creates and returns a dictionary based on the given ``items``.</doc>
<status status="PASS" start="2025-10-03T11:30:56.457744" elapsed="0.000571"/>
</kw>
<kw name="Create Dictionary" owner="BuiltIn">
<msg time="2025-10-03T11:30:56.460058" level="INFO">${payload} = {'title': 'Rocky, um Lutador - EDITADO', 'synopsis': 'EDITADO', 'director': 'John G Avildsen', 'genres': ['Drama', 'Esporitvo'], 'duration': '130', 'classification': '+16', 'poster': 'rocky.jpg', 'rel...</msg>
<var>${payload}</var>
<arg>title=${title}</arg>
<arg>synopsis=${synopsis}</arg>
<arg>director=${director}</arg>
<arg>genres=${genres}</arg>
<arg>duration=${duration}</arg>
<arg>classification=${classification}</arg>
<arg>poster=${poster}</arg>
<arg>releaseDate=${releaseDate}</arg>
<doc>Creates and returns a dictionary based on the given ``items``.</doc>
<status status="PASS" start="2025-10-03T11:30:56.458760" elapsed="0.001380"/>
</kw>
<kw name="PUT On Session" owner="RequestsLibrary">
<msg time="2025-10-03T11:30:56.472193" level="INFO">PUT Request : url=http://localhost:3000/api/v1/movies/68dfde208e953d7b9ccab117 
 path_url=/api/v1/movies/68dfde208e953d7b9ccab117 
 headers={'User-Agent': 'python-requests/2.32.5', 'Accept-Encoding': 'gzip, deflate', 'Accept': '*/*', 'Connection': 'keep-alive', 'Content-Type': 'application/json', 'Authorization': 'Bearer eyJhbGciOiJIUzI1NiIsInR5cCI6IkpXVCJ9.eyJpZCI6IjY4ZGQ1ZWViMjFhYjA3MTFhZGI4MDFjYyIsImlhdCI6MTc1OTUwMTg1NiwiZXhwIjoxNzU5NTg4MjU2fQ.o_hBscSogEqeNQ3EpzChD8oEooDTNnpCk34dbO-4KWw', 'Content-Length': '224'} 
 body=b'{"title": "Rocky, um Lutador - EDITADO", "synopsis": "EDITADO", "director": "John G Avildsen", "genres": ["Drama", "Esporitvo"], "duration": "130", "classification": "+16", "poster": "rocky.jpg", "releaseDate": "1977-01-07"}' 
 </msg>
<msg time="2025-10-03T11:30:56.472376" level="INFO">PUT Response : url=http://localhost:3000/api/v1/movies/68dfde208e953d7b9ccab117 
 status=200, reason=OK 
 headers={'X-Powered-By': 'Express', 'Access-Control-Allow-Origin': '*', 'Content-Type': 'application/json; charset=utf-8', 'Content-Length': '395', 'ETag': 'W/"18b-UcBbAjd2kvo3useIdrrN3mUq5vk"', 'Date': 'Fri, 03 Oct 2025 14:30:56 GMT', 'Connection': 'keep-alive', 'Keep-Alive': 'timeout=5'} 
 body={"success":true,"data":{"_id":"68dfde208e953d7b9ccab117","title":"Rocky, um Lutador - EDITADO","synopsis":"EDITADO","director":"John G Avildsen","genres":["Drama","Esporitvo"],"duration":130,"classification":"+16","poster":"rocky.jpg","releaseDate":"1977-01-07T00:00:00.000Z","createdAt":"2025-10-03T14:30:56.310Z","updatedAt":"2025-10-03T14:30:56.468Z","__v":0,"id":"68dfde208e953d7b9ccab117"}} 
 </msg>
<msg time="2025-10-03T11:30:56.472728" level="INFO">${response} = &lt;Response [200]&gt;</msg>
<var>${response}</var>
<arg>alias=CinemaApp</arg>
<arg>url=/movies/${movie_id}</arg>
<arg>json=${payload}</arg>
<arg>headers=${header}</arg>
<arg>expected_status=any</arg>
<doc>Sends a PUT request on a previously created HTTP Session.</doc>
<status status="PASS" start="2025-10-03T11:30:56.460447" elapsed="0.012320"/>
</kw>
<kw name="Log" owner="BuiltIn">
<msg time="2025-10-03T11:30:56.474239" level="INFO">Response Status: 200</msg>
<arg>Response Status: ${response.status_code}</arg>
<doc>Logs the given message with the given level.</doc>
<status status="PASS" start="2025-10-03T11:30:56.473150" elapsed="0.001199"/>
</kw>
<kw name="Log" owner="BuiltIn">
<msg time="2025-10-03T11:30:56.475859" level="INFO">Response: {"success":true,"data":{"_id":"68dfde208e953d7b9ccab117","title":"Rocky, um Lutador - EDITADO","synopsis":"EDITADO","director":"John G Avildsen","genres":["Drama","Esporitvo"],"duration":130,"classification":"+16","poster":"rocky.jpg","releaseDate":"1977-01-07T00:00:00.000Z","createdAt":"2025-10-03T14:30:56.310Z","updatedAt":"2025-10-03T14:30:56.468Z","__v":0,"id":"68dfde208e953d7b9ccab117"}}</msg>
<arg>Response: ${response.content}</arg>
<doc>Logs the given message with the given level.</doc>
<status status="PASS" start="2025-10-03T11:30:56.474642" elapsed="0.001396"/>
</kw>
<kw name="Set Global Variable" owner="BuiltIn">
<msg time="2025-10-03T11:30:56.477000" level="INFO">${response} = &lt;Response [200]&gt;</msg>
<arg>${response}</arg>
<doc>Makes a variable available globally in all tests and suites.</doc>
<status status="PASS" start="2025-10-03T11:30:56.476442" elapsed="0.000661"/>
</kw>
<arg>${movie}[title]</arg>
<arg>${movie}[synopsis]</arg>
<arg>${movie}[director]</arg>
<arg>${movie}[genres]</arg>
<arg>${movie}[duration]</arg>
<arg>${movie}[classification]</arg>
<arg>${movie}[poster]</arg>
<arg>${movie}[releaseDate]</arg>
<status status="PASS" start="2025-10-03T11:30:56.456444" elapsed="0.020841"/>
</kw>
<arg>${movie_edited}</arg>
<status status="PASS" start="2025-10-03T11:30:56.321991" elapsed="0.155462"/>
</kw>
<kw name="Validar Status Code &quot;200&quot;" owner="common" source_name="Validar Status Code &quot;${statuscode}&quot;">
<kw name="Variable Should Exist" owner="BuiltIn">
<arg>${response}</arg>
<arg>response não foi definida. Verifique se a requisição</arg>
<doc>Fails unless the given variable exists within the current scope.</doc>
<status status="PASS" start="2025-10-03T11:30:56.479410" elapsed="0.000730"/>
</kw>
<kw name="Should Be True" owner="BuiltIn">
<arg>${response.status_code} == ${statuscode}</arg>
<doc>Fails if the given condition is not true.</doc>
<status status="PASS" start="2025-10-03T11:30:56.480670" elapsed="0.003085"/>
</kw>
<status status="PASS" start="2025-10-03T11:30:56.478133" elapsed="0.005860"/>
</kw>
<kw name="Validar Success" owner="common">
<kw name="Variable Should Exist" owner="BuiltIn">
<arg>${response}</arg>
<arg>response não foi definida. Verifique se a requisição</arg>
<doc>Fails unless the given variable exists within the current scope.</doc>
<status status="PASS" start="2025-10-03T11:30:56.485864" elapsed="0.000626"/>
</kw>
<kw name="Set Variable" owner="BuiltIn">
<msg time="2025-10-03T11:30:56.488471" level="INFO">${response_success} = True</msg>
<var>${response_success}</var>
<arg>${response.json()['success']}</arg>
<doc>Returns the given values which can then be assigned to a variables.</doc>
<status status="PASS" start="2025-10-03T11:30:56.486946" elapsed="0.001616"/>
</kw>
<kw name="Should Be Equal" owner="BuiltIn">
<arg>${response_success}</arg>
<arg>${expected_success}</arg>
<arg>msg=Campo success inesperado. Esperado: ${expected_success}, Obtido: ${response_success}</arg>
<doc>Fails if the given objects are unequal.</doc>
<status status="PASS" start="2025-10-03T11:30:56.489073" elapsed="0.001014"/>
</kw>
<arg>${True}</arg>
<status status="PASS" start="2025-10-03T11:30:56.484704" elapsed="0.005616"/>
</kw>
<tag>CT001</tag>
<status status="PASS" start="2025-10-03T11:30:56.144466" elapsed="0.346265"/>
</test>
<test id="s1-s2-t3" name="CT004.003 - Deletar um Filme Cadastrado" line="52">
<kw name="Fill with movie" owner="common">
<kw name="Read JSON File" owner="common">
<kw name="Load Json From File" owner="JSONLibrary">
<msg time="2025-10-03T11:30:56.494474" level="INFO">${json} = {'movie1': {'title': 'Manchester à Beira-Mar', 'synopsis': 'Em Manchester à Beira-Mar, Lee Chandler é forçado a retornar para sua cidade natal com o objetivo de tomar conta de seu sobrinho adolescente...</msg>
<var>${json}</var>
<arg>${EXECDIR}/support/fixtures/${file}</arg>
<doc>Load JSON from file.</doc>
<status status="PASS" start="2025-10-03T11:30:56.493859" elapsed="0.000704"/>
</kw>
<return>
<value>${json}</value>
<status status="PASS" start="2025-10-03T11:30:56.494703" elapsed="0.000078"/>
</return>
<msg time="2025-10-03T11:30:56.495147" level="INFO">${movies_json} = {'movie1': {'title': 'Manchester à Beira-Mar', 'synopsis': 'Em Manchester à Beira-Mar, Lee Chandler é forçado a retornar para sua cidade natal com o objetivo de tomar conta de seu sobrinho adolescente...</msg>
<var>${movies_json}</var>
<arg>movies.json</arg>
<status status="PASS" start="2025-10-03T11:30:56.493523" elapsed="0.001681"/>
</kw>
<kw name="Set Variable" owner="BuiltIn">
<msg time="2025-10-03T11:30:56.495904" level="INFO">${movie} = {'title': 'Scream', 'synopsis': 'Na pequena cidade de Woodsboro, um grupo de jovens do ensino médio enfrenta um assassino mascarado que testa seus conhecimentos sobre filmes de terror. Sidney Prescott...</msg>
<var>${movie}</var>
<arg>${movies_json}[movie${index}]</arg>
<doc>Returns the given values which can then be assigned to a variables.</doc>
<status status="PASS" start="2025-10-03T11:30:56.495516" elapsed="0.000446"/>
</kw>
<kw name="Clean Movie from Database" owner="database">
<msg time="2025-10-03T11:30:56.499723" level="INFO">Searching for movie with title: Scream
Movie found: None
No movie found with title: Scream
[...]
 body=b'{"email": "kurt@nirvana.com", "password": "pwd12345"}' 
 </msg>
<msg time="2025-10-03T11:30:59.314396" level="INFO">POST Response : url=http://localhost:3000/api/v1/auth/login 
 status=200, reason=OK 
 headers={'X-Powered-By': 'Express', 'Access-Control-Allow-Origin': '*', 'Content-Type': 'application/json; charset=utf-8', 'Content-Length': '302', 'ETag': 'W/"12e-maDBYd4+rB3ViZBFBieEmeuP79M"', 'Date': 'Fri, 03 Oct 2025 14:30:59 GMT', 'Connection': 'keep-alive', 'Keep-Alive': 'timeout=5'} 
 body={"success":true,"data":{"_id":"68dfde1f8e953d7b9ccab10c","name":"Kurt Cobain","email":"kurt@nirvana.com","role":"user","token":"eyJhbGciOiJIUzI1NiIsInR5cCI6IkpXVCJ9.eyJpZCI6IjY4ZGZkZTFmOGU5NTNkN2I5Y2NhYjEwYyIsImlhdCI6MTc1OTUwMTg1OSwiZXhwIjoxNzU5NTg4MjU5fQ.GNKL5mxMv-Z0R1JOZ5E_kKA0WJ6JRySH1pu_Cz85DW8"}} 
 </msg>
<msg time="2025-10-03T11:30:59.314672" level="INFO">${response} = &lt;Response [200]&gt;</msg>
<var>${response}</var>
<arg>alias=CinemaApp</arg>
<arg>url=/auth/login</arg>
<arg>json=${payload}</arg>
<arg>expected_status=any</arg>
<doc>Sends a POST request on a previously created HTTP Session.</doc>
<status status="PASS" start="2025-10-03T11:30:59.197880" elapsed="0.116856"/>
</kw>
<kw name="Set Global Variable" owner="BuiltIn">
<msg time="2025-10-03T11:30:59.315728" level="INFO">${response} = &lt;Response [200]&gt;</msg>
<arg>${response}</arg>
<doc>Makes a variable available globally in all tests and suites.</doc>
<status status="PASS" start="2025-10-03T11:30:59.315171" elapsed="0.000653"/>
</kw>
<kw name="Run Keyword If" owner="BuiltIn">
<kw name="Extract JWT" owner="fazerLoginKeywords">
<kw name="Set Variable" owner="BuiltIn">
<msg time="2025-10-03T11:30:59.318859" level="INFO">${token} = eyJhbGciOiJIUzI1NiIsInR5cCI6IkpXVCJ9.eyJpZCI6IjY4ZGZkZTFmOGU5NTNkN2I5Y2NhYjEwYyIsImlhdCI6MTc1OTUwMTg1OSwiZXhwIjoxNzU5NTg4MjU5fQ.GNKL5mxMv-Z0R1JOZ5E_kKA0WJ6JRySH1pu_Cz85DW8</msg>
<var>${token}</var>
<arg>${response.json()['data']['token']}</arg>
<doc>Returns the given values which can then be assigned to a variables.</doc>
<status status="PASS" start="2025-10-03T11:30:59.317924" elapsed="0.001002"/>
</kw>
<kw name="Log" owner="BuiltIn">
<msg time="2025-10-03T11:30:59.319498" level="INFO">Token obtido: eyJhbGciOiJIUzI1NiIsInR5cCI6IkpXVCJ9.eyJpZCI6IjY4ZGZkZTFmOGU5NTNkN2I5Y2NhYjEwYyIsImlhdCI6MTc1OTUwMTg1OSwiZXhwIjoxNzU5NTg4MjU5fQ.GNKL5mxMv-Z0R1JOZ5E_kKA0WJ6JRySH1pu_Cz85DW8</msg>
<arg>Token obtido: ${token}</arg>
<doc>Logs the given message with the given level.</doc>
<status status="PASS" start="2025-10-03T11:30:59.319234" elapsed="0.000363"/>
</kw>
<kw name="Set Global Variable" owner="BuiltIn">
<msg time="2025-10-03T11:30:59.320407" level="INFO">${token} = eyJhbGciOiJIUzI1NiIsInR5cCI6IkpXVCJ9.eyJpZCI6IjY4ZGZkZTFmOGU5NTNkN2I5Y2NhYjEwYyIsImlhdCI6MTc1OTUwMTg1OSwiZXhwIjoxNzU5NTg4MjU5fQ.GNKL5mxMv-Z0R1JOZ5E_kKA0WJ6JRySH1pu_Cz85DW8</msg>
<arg>${token}</arg>
<doc>Makes a variable available globally in all tests and suites.</doc>
<status status="PASS" start="2025-10-03T11:30:59.319888" elapsed="0.000617"/>
</kw>
<status status="PASS" start="2025-10-03T11:30:59.317379" elapsed="0.003251"/>
</kw>
<arg>${response.status_code} == 200</arg>
<arg>Extract JWT</arg>
<doc>Runs the given keyword with the given arguments, if ``condition`` is true.</doc>
<status status="PASS" start="2025-10-03T11:30:59.316144" elapsed="0.004581"/>
</kw>
<kw name="Log" owner="BuiltIn">
<msg time="2025-10-03T11:30:59.321842" level="INFO">{"success":true,"data":{"_id":"68dfde1f8e953d7b9ccab10c","name":"Kurt Cobain","email":"kurt@nirvana.com","role":"user","token":"eyJhbGciOiJIUzI1NiIsInR5cCI6IkpXVCJ9.eyJpZCI6IjY4ZGZkZTFmOGU5NTNkN2I5Y2NhYjEwYyIsImlhdCI6MTc1OTUwMTg1OSwiZXhwIjoxNzU5NTg4MjU5fQ.GNKL5mxMv-Z0R1JOZ5E_kKA0WJ6JRySH1pu_Cz85DW8"}}</msg>
<arg>${response.content}</arg>
<doc>Logs the given message with the given level.</doc>
<status status="PASS" start="2025-10-03T11:30:59.321001" elapsed="0.000944"/>
</kw>
<arg>${user}[email]</arg>
<arg>${user}[password]</arg>
<status status="PASS" start="2025-10-03T11:30:59.196503" elapsed="0.125751"/>
</kw>
<arg>${user}</arg>
<status status="PASS" start="2025-10-03T11:30:59.195868" elapsed="0.126580"/>
</kw>
<kw name="Set Variable" owner="BuiltIn">
<msg time="2025-10-03T11:30:59.323791" level="INFO">${user_id} = 68dfde1f8e953d7b9ccab10c</msg>
<var>${user_id}</var>
<arg>${response.json()['data']['_id']}</arg>
<doc>Returns the given values which can then be assigned to a variables.</doc>
<status status="PASS" start="2025-10-03T11:30:59.322852" elapsed="0.001000"/>
</kw>
<kw name="Set Global Variable" owner="BuiltIn">
<msg time="2025-10-03T11:30:59.324604" level="INFO">${user_id} = 68dfde1f8e953d7b9ccab10c</msg>
<arg>${user_id}</arg>
<doc>Makes a variable available globally in all tests and suites.</doc>
<status status="PASS" start="2025-10-03T11:30:59.324172" elapsed="0.000524"/>
</kw>
<arg>${customer_user}</arg>
<status status="PASS" start="2025-10-03T11:30:59.195281" elapsed="0.129540"/>
</kw>
<kw name="Deletar usuário" owner="deleteUserKeywords">
<kw name="Utilizar Token de Administrador" owner="common">
<kw name="Create Dictionary" owner="BuiltIn">
<msg time="2025-10-03T11:30:59.327627" level="INFO">${admin_user} = {'name': ' Lex Luthr', 'email': 'lex.luthor@lexcorp.com', 'password': 'pwd12345'}</msg>
<var>${admin_user}</var>
<arg>name= Lex Luthr</arg>
<arg>email=lex.luthor@lexcorp.com</arg>
<arg>password=pwd12345</arg>
<doc>Creates and returns a dictionary based on the given ``items``.</doc>
<status status="PASS" start="2025-10-03T11:30:59.326744" elapsed="0.000952"/>
</kw>
<kw name="POST Endpoint /auth/register" owner="cadastrar_usuario">
<kw name="Create Dictionary" owner="BuiltIn">
<msg time="2025-10-03T11:30:59.329469" level="INFO">&amp;{header} = { Content-Type=application/json }</msg>
<var>&amp;{header}</var>
<arg>Content-Type=application/json</arg>
<doc>Creates and returns a dictionary based on the given ``items``.</doc>
<status status="PASS" start="2025-10-03T11:30:59.329043" elapsed="0.000488"/>
</kw>
<kw name="Create Dictionary" owner="BuiltIn">
<msg time="2025-10-03T11:30:59.330495" level="INFO">${payload} = {'name': ' Lex Luthr', 'email': 'lex.luthor@lexcorp.com', 'password': 'pwd12345'}</msg>
<var>${payload}</var>
<arg>name=${name}</arg>
<arg>email=${email}</arg>
<arg>password=${password}</arg>
<doc>Creates and returns a dictionary based on the given ``items``.</doc>
<status status="PASS" start="2025-10-03T11:30:59.329835" elapsed="0.000720"/>
</kw>
<kw name="POST On Session" owner="RequestsLibrary">
<msg time="2025-10-03T11:30:59.337844" level="INFO">POST Request : url=http://localhost:3000/api/v1/auth/register 
 path_url=/api/v1/auth/register 
 headers={'User-Agent': 'python-requests/2.32.5', 'Accept-Encoding': 'gzip, deflate', 'Accept': '*/*', 'Connection': 'keep-alive', 'Content-Type': 'application/json', 'Content-Length': '81'} 
 body=b'{"name": " Lex Luthr", "email": "lex.luthor@lexcorp.com", "password": "pwd12345"}' 
 </msg>
<msg time="2025-10-03T11:30:59.338028" level="INFO">POST Response : url=http://localhost:3000/api/v1/auth/register 
 status=400, reason=Bad Request 
 headers={'X-Powered-By': 'Express', 'Access-Control-Allow-Origin': '*', 'Content-Type': 'application/json; charset=utf-8', 'Content-Length': '49', 'ETag': 'W/"31-WKEMg8zALB1Ko0WjUHi/6RBGHVc"', 'Date': 'Fri, 03 Oct 2025 14:30:59 GMT', 'Connection': 'keep-alive', 'Keep-Alive': 'timeout=5'} 
 body={"success":false,"message":"User already exists"} 
 </msg>
<msg time="2025-10-03T11:30:59.338346" level="INFO">${response} = &lt;Response [400]&gt;</msg>
<var>${response}</var>
<arg>CinemaApp</arg>
<arg>url=/auth/register</arg>
<arg>json=${payload}</arg>
<arg>headers=${header}</arg>
<arg>expected_status=any</arg>
<doc>Sends a POST request on a previously created HTTP Session.</doc>
<status status="PASS" start="2025-10-03T11:30:59.330854" elapsed="0.007563"/>
</kw>
<kw name="Set Global Variable" owner="BuiltIn">
<msg time="2025-10-03T11:30:59.339512" level="INFO">${response} = &lt;Response [400]&gt;</msg>
<arg>${response}</arg>
<doc>Makes a variable available globally in all tests and suites.</doc>
<status status="PASS" start="2025-10-03T11:30:59.338859" elapsed="0.000760"/>
</kw>
<kw name="Log" owner="BuiltIn">
<msg time="2025-10-03T11:30:59.340942" level="INFO">{"success":false,"message":"User already exists"}</msg>
<arg>${response.content}</arg>
<doc>Logs the given message with the given level.</doc>
<status status="PASS" start="2025-10-03T11:30:59.339923" elapsed="0.001131"/>
</kw>
<kw name="Log" owner="BuiltIn">
<msg time="2025-10-03T11:30:59.342275" level="INFO">400</msg>
<arg>${response.status_code}</arg>
<doc>Logs the given message with the given level.</doc>
<status status="PASS" start="2025-10-03T11:30:59.341379" elapsed="0.001004"/>
</kw>
<arg>${admin_user}[name]</arg>
<arg>${admin_user}[email]</arg>
<arg>${admin_user}[password]</arg>
<status status="PASS" start="2025-10-03T11:30:59.328160" elapsed="0.014366"/>
</kw>
<kw name="POST Endpoint /auth/login" owner="fazerLoginKeywords">
<kw name="Create Dictionary" owner="BuiltIn">
<msg time="2025-10-03T11:30:59.344411" level="INFO">${payload} = {'email': 'lex.luthor@lexcorp.com', 'password': 'pwd12345'}</msg>
<var>${payload}</var>
<arg>email=${email}</arg>
<arg>password=${password}</arg>
<doc>Creates and returns a dictionary based on the given ``items``.</doc>
<status status="PASS" start="2025-10-03T11:30:59.343799" elapsed="0.000674"/>
</kw>
<kw name="POST On Session" owner="RequestsLibrary">
<msg time="2025-10-03T11:30:59.456878" level="INFO">POST Request : url=http://localhost:3000/api/v1/auth/login 
 path_url=/api/v1/auth/login 
 headers={'User-Agent': 'python-requests/2.32.5', 'Accept-Encoding': 'gzip, deflate', 'Accept': '*/*', 'Connection': 'keep-alive', 'Content-Length': '59', 'Content-Type': 'application/json'} 
 body=b'{"email": "lex.luthor@lexcorp.com", "password": "pwd12345"}' 
 </msg>
<msg time="2025-10-03T11:30:59.457071" level="INFO">POST Response : url=http://localhost:3000/api/v1/auth/login 
 status=200, reason=OK 
 headers={'X-Powered-By': 'Express', 'Access-Control-Allow-Origin': '*', 'Content-Type': 'application/json; charset=utf-8', 'Content-Length': '308', 'ETag': 'W/"134-qyaQdYUDRUhR2AwecSPn0FN8MA4"', 'Date': 'Fri, 03 Oct 2025 14:30:59 GMT', 'Connection': 'keep-alive', 'Keep-Alive': 'timeout=5'} 
 body={"success":true,"data":{"_id":"68dd5eeb21ab0711adb801cc","name":"Lex Luthor","email":"lex.luthor@lexcorp.com","role":"admin","token":"eyJhbGciOiJIUzI1NiIsInR5cCI6IkpXVCJ9.eyJpZCI6IjY4ZGQ1ZWViMjFhYjA3MTFhZGI4MDFjYyIsImlhdCI6MTc1OTUwMTg1OSwiZXhwIjoxNzU5NTg4MjU5fQ.NcswrclMj1p7DtETNZr6-qrH1hhxvPPjexcjL5q2vzs"}} 
 </msg>
<msg time="2025-10-03T11:30:59.457390" level="INFO">${response} = &lt;Response [200]&gt;</msg>
<var>${response}</var>
<arg>alias=CinemaApp</arg>
<arg>url=/auth/login</arg>
<arg>json=${payload}</arg>
<arg>expected_status=any</arg>
<doc>Sends a POST request on a previously created HTTP Session.</doc>
<status status="PASS" start="2025-10-03T11:30:59.344780" elapsed="0.112688"/>
</kw>
<kw name="Set Global Variable" owner="BuiltIn">
<msg time="2025-10-03T11:30:59.458638" level="INFO">${response} = &lt;Response [200]&gt;</msg>
<arg>${response}</arg>
<doc>Makes a variable available globally in all tests and suites.</doc>
<status status="PASS" start="2025-10-03T11:30:59.457944" elapsed="0.000810"/>
</kw>
<kw name="Run Keyword If" owner="BuiltIn">
<kw name="Extract JWT" owner="fazerLoginKeywords">
<kw name="Set Variable" owner="BuiltIn">
<msg time="2025-10-03T11:30:59.462689" level="INFO">${token} = eyJhbGciOiJIUzI1NiIsInR5cCI6IkpXVCJ9.eyJpZCI6IjY4ZGQ1ZWViMjFhYjA3MTFhZGI4MDFjYyIsImlhdCI6MTc1OTUwMTg1OSwiZXhwIjoxNzU5NTg4MjU5fQ.NcswrclMj1p7DtETNZr6-qrH1hhxvPPjexcjL5q2vzs</msg>
<var>${token}</var>
<arg>${response.json()['data']['token']}</arg>
<doc>Returns the given values which can then be assigned to a variables.</doc>
<status status="PASS" start="2025-10-03T11:30:59.461547" elapsed="0.001219"/>
</kw>
<kw name="Log" owner="BuiltIn">
<msg time="2025-10-03T11:30:59.463458" level="INFO">Token obtido: eyJhbGciOiJIUzI1NiIsInR5cCI6IkpXVCJ9.eyJpZCI6IjY4ZGQ1ZWViMjFhYjA3MTFhZGI4MDFjYyIsImlhdCI6MTc1OTUwMTg1OSwiZXhwIjoxNzU5NTg4MjU5fQ.NcswrclMj1p7DtETNZr6-qrH1hhxvPPjexcjL5q2vzs</msg>
<arg>Token obtido: ${token}</arg>
<doc>Logs the given message with the given level.</doc>
<status status="PASS" start="2025-10-03T11:30:59.463130" elapsed="0.000637"/>
</kw>
<kw name="Set Global Variable" owner="BuiltIn">
<msg time="2025-10-03T11:30:59.464986" level="INFO">${token} = eyJhbGciOiJIUzI1NiIsInR5cCI6IkpXVCJ9.eyJpZCI6IjY4ZGQ1ZWViMjFhYjA3MTFhZGI4MDFjYyIsImlhdCI6MTc1OTUwMTg1OSwiZXhwIjoxNzU5NTg4MjU5fQ.NcswrclMj1p7DtETNZr6-qrH1hhxvPPjexcjL5q2vzs</msg>
<arg>${token}</arg>
<doc>Makes a variable available globally in all tests and suites.</doc>
<status status="PASS" start="2025-10-03T11:30:59.464299" elapsed="0.000826"/>
</kw>
<status status="PASS" start="2025-10-03T11:30:59.460862" elapsed="0.004427"/>
</kw>
<arg>${response.status_code} == 200</arg>
<arg>Extract JWT</arg>
<doc>Runs the given keyword with the given arguments, if ``condition`` is true.</doc>
<status status="PASS" start="2025-10-03T11:30:59.459153" elapsed="0.006255"/>
</kw>
<kw name="Log" owner="BuiltIn">
<msg time="2025-10-03T11:30:59.466807" level="INFO">{"success":true,"data":{"_id":"68dd5eeb21ab0711adb801cc","name":"Lex Luthor","email":"lex.luthor@lexcorp.com","role":"admin","token":"eyJhbGciOiJIUzI1NiIsInR5cCI6IkpXVCJ9.eyJpZCI6IjY4ZGQ1ZWViMjFhYjA3MTFhZGI4MDFjYyIsImlhdCI6MTc1OTUwMTg1OSwiZXhwIjoxNzU5NTg4MjU5fQ.NcswrclMj1p7DtETNZr6-qrH1hhxvPPjexcjL5q2vzs"}}</msg>
<arg>${response.content}</arg>
<doc>Logs the given message with the given level.</doc>
<status status="PASS" start="2025-10-03T11:30:59.465752" elapsed="0.001179"/>
</kw>
<arg>${admin_user}[email]</arg>
<arg>${admin_user}[password]</arg>
<status status="PASS" start="2025-10-03T11:30:59.342953" elapsed="0.124134"/>
</kw>
<status status="PASS" start="2025-10-03T11:30:59.326099" elapsed="0.141160"/>
</kw>
<kw name="DELETE Endpoint /users/_id" owner="deleteUserKeywords">
<kw name="Create Dictionary" owner="BuiltIn">
<msg time="2025-10-03T11:30:59.469167" level="INFO">&amp;{header} = { Content-Type=application/json | Authorization=Bearer eyJhbGciOiJIUzI1NiIsInR5cCI6IkpXVCJ9.eyJpZCI6IjY4ZGQ1ZWViMjFhYjA3MTFhZGI4MDFjYyIsImlhdCI6MTc1OTUwMTg1OSwiZXhwIjoxNzU5NTg4MjU5fQ.NcswrclMj1p7DtETN...</msg>
<var>&amp;{header}</var>
<arg>Content-Type=application/json</arg>
<arg>Authorization=Bearer ${token}</arg>
<doc>Creates and returns a dictionary based on the given ``items``.</doc>
<status status="PASS" start="2025-10-03T11:30:59.468495" elapsed="0.000774"/>
</kw>
<kw name="DELETE On Session" owner="RequestsLibrary">
<msg time="2025-10-03T11:30:59.481130" level="INFO">DELETE Request : url=http://localhost:3000/api/v1/users/68dfde1f8e953d7b9ccab10c 
 path_url=/api/v1/users/68dfde1f8e953d7b9ccab10c 
 headers={'User-Agent': 'python-requests/2.32.5', 'Accept-Encoding': 'gzip, deflate', 'Accept': '*/*', 'Connection': 'keep-alive', 'Content-Type': 'application/json', 'Authorization': 'Bearer eyJhbGciOiJIUzI1NiIsInR5cCI6IkpXVCJ9.eyJpZCI6IjY4ZGQ1ZWViMjFhYjA3MTFhZGI4MDFjYyIsImlhdCI6MTc1OTUwMTg1OSwiZXhwIjoxNzU5NTg4MjU5fQ.NcswrclMj1p7DtETNZr6-qrH1hhxvPPjexcjL5q2vzs', 'Content-Length': '0'} 
 body=None 
 </msg>
<msg time="2025-10-03T11:30:59.481349" level="INFO">DELETE Response : url=http://localhost:3000/api/v1/users/68dfde1f8e953d7b9ccab10c 
 status=200, reason=OK 
 headers={'X-Powered-By': 'Express', 'Access-Control-Allow-Origin': '*', 'Content-Type': 'application/json; charset=utf-8', 'Content-Length': '41', 'ETag': 'W/"29-acm6zjlFy5zJu9kfItNOkEuApLY"', 'Date': 'Fri, 03 Oct 2025 14:30:59 GMT', 'Connection': 'keep-alive', 'Keep-Alive': 'timeout=5'} 
 body={"success":true,"message":"User removed"} 
 </msg>
<msg time="2025-10-03T11:30:59.481678" level="INFO">${response} = &lt;Response [200]&gt;</msg>
<var>${response}</var>
<arg>alias=CinemaApp</arg>
<arg>url=/users/${id}</arg>
<arg>headers=${header}</arg>
<arg>expected_status=any</arg>
<doc>Sends a DELETE request on a previously created HTTP Session.</doc>
<status status="PASS" start="2025-10-03T11:30:59.469845" elapsed="0.011923"/>
</kw>
<kw name="Log" owner="BuiltIn">
<msg time="2025-10-03T11:30:59.483565" level="INFO">{"success":true,"message":"User removed"}</msg>
<arg>${response.content}</arg>
<doc>Logs the given message with the given level.</doc>
<status status="PASS" start="2025-10-03T11:30:59.482290" elapsed="0.001413"/>
</kw>
<arg>${id}</arg>
<status status="PASS" start="2025-10-03T11:30:59.467688" elapsed="0.016202"/>
</kw>
<arg>${user_id}</arg>
<status status="PASS" start="2025-10-03T11:30:59.325361" elapsed="0.158690"/>
</kw>
<kw name="Validar Status Code &quot;200&quot;" owner="common" source_name="Validar Status Code &quot;${statuscode}&quot;">
<kw name="Variable Should Exist" owner="BuiltIn">
<arg>${response}</arg>
<arg>response não foi definida. Verifique se a requisição</arg>
<doc>Fails unless the given variable exists within the current scope.</doc>
<status status="PASS" start="2025-10-03T11:30:59.486656" elapsed="0.000922"/>
</kw>
<kw name="Should Be True" owner="BuiltIn">
<arg>${response.status_code} == ${statuscode}</arg>
<doc>Fails if the given condition is not true.</doc>
<status status="PASS" start="2025-10-03T11:30:59.488255" elapsed="0.003757"/>
</kw>
<status status="PASS" start="2025-10-03T11:30:59.484926" elapsed="0.007370"/>
</kw>
<kw name="Validar Success" owner="common">
<kw name="Variable Should Exist" owner="BuiltIn">
<arg>${response}</arg>
<arg>response não foi definida. Verifique se a requisição</arg>
<doc>Fails unless the given variable exists within the current scope.</doc>
<status status="PASS" start="2025-10-03T11:30:59.494422" elapsed="0.000736"/>
</kw>
<kw name="Set Variable" owner="BuiltIn">
<msg time="2025-10-03T11:30:59.497594" level="INFO">${response_success} = True</msg>
<var>${response_success}</var>
<arg>${response.json()['success']}</arg>
<doc>Returns the given values which can then be assigned to a variables.</doc>
<status status="PASS" start="2025-10-03T11:30:59.495724" elapsed="0.001954"/>
</kw>
<kw name="Should Be Equal" owner="BuiltIn">
<arg>${response_success}</arg>
<arg>${expected_success}</arg>
<arg>msg=Campo success inesperado. Esperado: ${expected_success}, Obtido: ${response_success}</arg>
<doc>Fails if the given objects are unequal.</doc>
<status status="PASS" start="2025-10-03T11:30:59.498079" elapsed="0.000894"/>
</kw>
<arg>${True}</arg>
<status status="PASS" start="2025-10-03T11:30:59.493090" elapsed="0.006113"/>
</kw>
<status status="PASS" start="2025-10-03T11:30:59.191999" elapsed="0.307571"/>
</test>
<doc>Testes para o endpoint /users</doc>
<status status="PASS" start="2025-10-03T11:30:59.178409" elapsed="0.322060"/>
</suite>
<status status="FAIL" start="2025-10-03T11:30:55.320934" elapsed="4.182479"/>
</suite>
<statistics>
<total>
<stat pass="10" fail="2" skip="0">All Tests</stat>
</total>
<tag>
<stat pass="1" fail="1" skip="0">admin</stat>
<stat pass="3" fail="0" skip="0">CT001</stat>
<stat pass="1" fail="0" skip="0">CT001-auth</stat>
<stat pass="1" fail="0" skip="0">CT002-auth</stat>
</tag>
<suite>
<stat name="Tests" id="s1" pass="10" fail="2" skip="0">Tests</stat>
<stat name="Auth Tests" id="s1-s1" pass="2" fail="0" skip="0">Tests.Auth Tests</stat>
<stat name="Movies Tests" id="s1-s2" pass="3" fail="0" skip="0">Tests.Movies Tests</stat>
<stat name="Reservations Tests" id="s1-s3" pass="1" fail="0" skip="0">Tests.Reservations Tests</stat>
<stat name="Sessions Tests" id="s1-s4" pass="2" fail="0" skip="0">Tests.Sessions Tests</stat>
<stat name="Setup Tests" id="s1-s5" pass="1" fail="1" skip="0">Tests.Setup Tests</stat>
<stat name="Theaters Tests" id="s1-s6" pass="0" fail="1" skip="0">Tests.Theaters Tests</stat>
<stat name="Users Tests" id="s1-s7" pass="1" fail="0" skip="0">Tests.Users Tests</stat>
</suite>
</statistics>
<errors>
</errors>
</robot>
